#
# There is insufficient memory for the Java Runtime Environment to continue.
# Native memory allocation (malloc) failed to allocate 193136 bytes for Chunk::new
# Possible reasons:
#   The system is out of physical RAM or swap space
#   The process is running with CompressedOops enabled, and the Java Heap may be blocking the growth of the native heap
# Possible solutions:
#   Reduce memory load on the system
#   Increase physical memory or swap space
#   Check if swap backing store is full
#   Decrease Java heap size (-Xmx/-Xms)
#   Decrease number of Java threads
#   Decrease Java thread stack sizes (-Xss)
#   Set larger code cache with -XX:ReservedCodeCacheSize=
#   JVM is running with Unscaled Compressed Oops mode in which the Java heap is
#     placed in the first 4GB address space. The Java Heap base address is the
#     maximum limit for the native heap growth. Please use -XX:HeapBaseMinAddress
#     to set the Java Heap base and to place the Java Heap above 4GB virtual address.
# This output file may be truncated or incomplete.
#
#  Out of Memory Error (./open/src/hotspot/share/memory/arena.cpp:197), pid=7340, tid=18060
#
# JRE version: Java(TM) SE Runtime Environment 18.9 (11.0.14+8) (build 11.0.14+8-LTS-263)
# Java VM: Java HotSpot(TM) 64-Bit Server VM 18.9 (11.0.14+8-LTS-263, mixed mode, tiered, compressed oops, g1 gc, windows-amd64)
# No core dump will be written. Minidumps are not enabled by default on client versions of Windows
#

---------------  S U M M A R Y ------------

Command Line: -ea -javaagent:C:\Users\amit\.m2\repository/org/aspectj/aspectjweaver/1.9.20.1/aspectjweaver-1.9.20.1.jar -Didea.test.cyclic.buffer.size=1048576 -javaagent:C:\Program Files\JetBrains\IntelliJ IDEA Community Edition 2023.1.5\lib\idea_rt.jar=60314:C:\Program Files\JetBrains\IntelliJ IDEA Community Edition 2023.1.5\bin -Dfile.encoding=UTF-8 com.intellij.rt.testng.RemoteTestNGStarter -usedefaultlisteners false -socket60313 @w@C:\Users\amit\AppData\Local\Temp\idea_working_dirs_testng.tmp -temp C:\Users\amit\AppData\Local\Temp\idea_testng.tmp

Host: Intel(R) Core(TM) i3-4005U CPU @ 1.70GHz, 4 cores, 7G,  Windows 10 , 64 bit Build 19041 (10.0.19041.4842)
Time: Wed Oct  9 11:27:28 2024 India Standard Time elapsed time: 48.621233 seconds (0d 0h 0m 48s)

---------------  T H R E A D  ---------------

Current thread (0x000001fec7d9a000):  JavaThread "C2 CompilerThread0" daemon [_thread_in_native, id=18060, stack(0x00000087e0f00000,0x00000087e1000000)]


Current CompileTask:
C2:  48621 3956   !   4       sun.net.www.ParseUtil::decode (317 bytes)

Stack: [0x00000087e0f00000,0x00000087e1000000]
Native frames: (J=compiled Java code, j=interpreted, Vv=VM code, C=native code)
V  [jvm.dll+0x6296da]
V  [jvm.dll+0x76323f]
V  [jvm.dll+0x7648e9]
V  [jvm.dll+0x764f73]
V  [jvm.dll+0x23d7c8]
V  [jvm.dll+0xb297c]
V  [jvm.dll+0xb2f3c]
V  [jvm.dll+0x340e97]
V  [jvm.dll+0x18cb61]
V  [jvm.dll+0x1f8472]
V  [jvm.dll+0x1f754d]
V  [jvm.dll+0x177b21]
V  [jvm.dll+0x206e26]
V  [jvm.dll+0x204fbb]
V  [jvm.dll+0x729170]
V  [jvm.dll+0x721d44]
V  [jvm.dll+0x6285d6]
C  [ucrtbase.dll+0x21bb2]
C  [KERNEL32.DLL+0x17374]
C  [ntdll.dll+0x4cc91]


---------------  P R O C E S S  ---------------

Threads class SMR info:
_java_thread_list=0x000001fecbc53bc0, length=25, elements={
0x000001fea96c1800, 0x000001fec7501800, 0x000001fec7503800, 0x000001fec7d3f000,
0x000001fec7d94800, 0x000001fec7d95800, 0x000001fec7d9a000, 0x000001fec7d9e000,
0x000001fec7e01800, 0x000001fec8029800, 0x000001fec8be0000, 0x000001fecb9d0800,
0x000001fecae93800, 0x000001fecdb2d800, 0x000001fec8995000, 0x000001fecc59e800,
0x000001fecbc61800, 0x000001fec9551000, 0x000001fecc337800, 0x000001fecbb03000,
0x000001fecbdee800, 0x000001fecbdef800, 0x000001fec9786800, 0x000001fecbdeb800,
0x000001fecbdf0000
}

Java Threads: ( => current thread )
  0x000001fea96c1800 JavaThread "main" [_thread_blocked, id=20332, stack(0x00000087e0300000,0x00000087e0400000)]
  0x000001fec7501800 JavaThread "Reference Handler" daemon [_thread_blocked, id=12356, stack(0x00000087e0a00000,0x00000087e0b00000)]
  0x000001fec7503800 JavaThread "Finalizer" daemon [_thread_blocked, id=12412, stack(0x00000087e0b00000,0x00000087e0c00000)]
  0x000001fec7d3f000 JavaThread "Signal Dispatcher" daemon [_thread_blocked, id=10856, stack(0x00000087e0c00000,0x00000087e0d00000)]
  0x000001fec7d94800 JavaThread "Attach Listener" daemon [_thread_blocked, id=5840, stack(0x00000087e0d00000,0x00000087e0e00000)]
  0x000001fec7d95800 JavaThread "Service Thread" daemon [_thread_blocked, id=7704, stack(0x00000087e0e00000,0x00000087e0f00000)]
=>0x000001fec7d9a000 JavaThread "C2 CompilerThread0" daemon [_thread_in_native, id=18060, stack(0x00000087e0f00000,0x00000087e1000000)]
  0x000001fec7d9e000 JavaThread "C1 CompilerThread0" daemon [_thread_blocked, id=17632, stack(0x00000087e1000000,0x00000087e1100000)]
  0x000001fec7e01800 JavaThread "Sweeper thread" daemon [_thread_blocked, id=16000, stack(0x00000087e1100000,0x00000087e1200000)]
  0x000001fec8029800 JavaThread "Common-Cleaner" daemon [_thread_blocked, id=15792, stack(0x00000087e1200000,0x00000087e1300000)]
  0x000001fec8be0000 JavaThread "Monitor Ctrl-Break" daemon [_thread_in_native, id=20384, stack(0x00000087e1600000,0x00000087e1700000)]
  0x000001fecb9d0800 JavaThread "ForkJoinPool.commonPool-worker-3" daemon [_thread_blocked, id=17432, stack(0x00000087e1800000,0x00000087e1900000)]
  0x000001fecae93800 JavaThread "ForkJoinPool.commonPool-worker-5" daemon [_thread_blocked, id=17296, stack(0x00000087e1900000,0x00000087e1a00000)]
  0x000001fecdb2d800 JavaThread "ForkJoinPool.commonPool-worker-7" daemon [_thread_blocked, id=20000, stack(0x00000087e1a00000,0x00000087e1b00000)]
  0x000001fec8995000 JavaThread "AsyncHttpClient-1-1" daemon [_thread_blocked, id=15900, stack(0x00000087e1b00000,0x00000087e1c00000)]
  0x000001fecc59e800 JavaThread "Exec Default Executor" daemon [_thread_in_native, id=5088, stack(0x00000087e1c00000,0x00000087e1d00000)]
  0x000001fecbc61800 JavaThread "Exec Stream Pumper" daemon [_thread_in_native, id=15820, stack(0x00000087e1d00000,0x00000087e1e00000)]
  0x000001fec9551000 JavaThread "Exec Stream Pumper" daemon [_thread_in_native, id=19048, stack(0x00000087e1e00000,0x00000087e1f00000)]
  0x000001fecc337800 JavaThread "Driver Service Executor" daemon [_thread_blocked, id=11300, stack(0x00000087e1f00000,0x00000087e2000000)]
  0x000001fecbb03000 JavaThread "Driver Service Executor" daemon [_thread_blocked, id=18680, stack(0x00000087e2000000,0x00000087e2100000)]
  0x000001fecbdee800 JavaThread "UrlChecker-2" daemon [_thread_blocked, id=17428, stack(0x00000087e2100000,0x00000087e2200000)]
  0x000001fecbdef800 JavaThread "AsyncHttpClient-1-2" daemon [_thread_in_native, id=14664, stack(0x00000087e1500000,0x00000087e1600000)]
  0x000001fec9786800 JavaThread "C2 CompilerThread1" daemon [_thread_in_native, id=19996, stack(0x00000087e2500000,0x00000087e2600000)]
  0x000001fecbdeb800 JavaThread "AsyncHttpClient-1-3" daemon [_thread_in_native, id=20112, stack(0x00000087e2600000,0x00000087e2700000)]
  0x000001fecbdf0000 JavaThread "AsyncHttpClient-1-4" daemon [_thread_in_vm, id=14652, stack(0x00000087e2700000,0x00000087e2800000)]

Other Threads:
  0x000001fec7529800 VMThread "VM Thread" [stack: 0x00000087e0900000,0x00000087e0a00000] [id=14748]
  0x000001fec91a4800 WatcherThread [stack: 0x00000087e1700000,0x00000087e1800000] [id=17536]
  0x000001fea96d7000 GCTaskThread "GC Thread#0" [stack: 0x00000087e0400000,0x00000087e0500000] [id=8024]
  0x000001fec8284800 GCTaskThread "GC Thread#1" [stack: 0x00000087e1300000,0x00000087e1400000] [id=17856]
  0x000001fec811f000 GCTaskThread "GC Thread#2" [stack: 0x00000087e1400000,0x00000087e1500000] [id=16248]
  0x000001fea9708000 ConcurrentGCThread "G1 Main Marker" [stack: 0x00000087e0500000,0x00000087e0600000] [id=18820]
  0x000001fea9709000 ConcurrentGCThread "G1 Conc#0" [stack: 0x00000087e0600000,0x00000087e0700000] [id=19772]
  0x000001fea975e000 ConcurrentGCThread "G1 Refine#0" [stack: 0x00000087e0700000,0x00000087e0800000] [id=18692]
  0x000001fec736c800 ConcurrentGCThread "G1 Young RemSet Sampling" [stack: 0x00000087e0800000,0x00000087e0900000] [id=19528]

Threads with active compile tasks:
C2 CompilerThread0  50191 3956   !   4       sun.net.www.ParseUtil::decode (317 bytes)
C2 CompilerThread1  50192 3992   !   4       java.net.URL::<init> (543 bytes)

VM state:not at safepoint (normal execution)

VM Mutex/Monitor currently owned by a thread: None

Heap address: 0x0000000081800000, size: 2024 MB, Compressed Oops mode: 32-bit
Narrow klass base: 0x0000000000000000, Narrow klass shift: 3
Compressed class space size: 1073741824 Address: 0x0000000100000000

Heap:
 garbage-first heap   total 131072K, used 98006K [0x0000000081800000, 0x0000000100000000)
  region size 1024K, 37 young (37888K), 5 survivors (5120K)
 Metaspace       used 41185K, capacity 42393K, committed 42540K, reserved 1087488K
  class space    used 4659K, capacity 5158K, committed 5248K, reserved 1048576K
Heap Regions: E=young(eden), S=young(survivor), O=old, HS=humongous(starts), HC=humongous(continues), CS=collection set, F=free, A=archive, TAMS=top-at-mark-start (previous, next)
|   0|0x0000000081800000, 0x0000000081900000, 0x0000000081900000|100%| O|  |TAMS 0x0000000081900000, 0x0000000081800000| Untracked 
|   1|0x0000000081900000, 0x0000000081a00000, 0x0000000081a00000|100%| O|  |TAMS 0x0000000081a00000, 0x0000000081900000| Untracked 
|   2|0x0000000081a00000, 0x0000000081b00000, 0x0000000081b00000|100%| O|  |TAMS 0x0000000081b00000, 0x0000000081a00000| Untracked 
|   3|0x0000000081b00000, 0x0000000081c00000, 0x0000000081c00000|100%| O|  |TAMS 0x0000000081c00000, 0x0000000081b00000| Untracked 
|   4|0x0000000081c00000, 0x0000000081d00000, 0x0000000081d00000|100%| O|  |TAMS 0x0000000081d00000, 0x0000000081c00000| Untracked 
|   5|0x0000000081d00000, 0x0000000081e00000, 0x0000000081e00000|100%| O|  |TAMS 0x0000000081e00000, 0x0000000081d00000| Untracked 
|   6|0x0000000081e00000, 0x0000000081f00000, 0x0000000081f00000|100%| O|  |TAMS 0x0000000081f00000, 0x0000000081e00000| Untracked 
|   7|0x0000000081f00000, 0x0000000082000000, 0x0000000082000000|100%| O|  |TAMS 0x0000000082000000, 0x0000000081f00000| Untracked 
|   8|0x0000000082000000, 0x0000000082100000, 0x0000000082100000|100%| O|  |TAMS 0x0000000082100000, 0x0000000082000000| Untracked 
|   9|0x0000000082100000, 0x0000000082200000, 0x0000000082200000|100%| O|  |TAMS 0x0000000082200000, 0x0000000082100000| Untracked 
|  10|0x0000000082200000, 0x0000000082300000, 0x0000000082300000|100%| O|  |TAMS 0x0000000082300000, 0x0000000082200000| Untracked 
|  11|0x0000000082300000, 0x0000000082400000, 0x0000000082400000|100%| O|  |TAMS 0x0000000082400000, 0x0000000082300000| Untracked 
|  12|0x0000000082400000, 0x0000000082500000, 0x0000000082500000|100%| O|  |TAMS 0x0000000082500000, 0x0000000082400000| Untracked 
|  13|0x0000000082500000, 0x0000000082600000, 0x0000000082600000|100%| O|  |TAMS 0x0000000082600000, 0x0000000082500000| Untracked 
|  14|0x0000000082600000, 0x0000000082700000, 0x0000000082700000|100%| O|  |TAMS 0x0000000082700000, 0x0000000082600000| Untracked 
|  15|0x0000000082700000, 0x0000000082800000, 0x0000000082800000|100%| O|  |TAMS 0x0000000082800000, 0x0000000082700000| Untracked 
|  16|0x0000000082800000, 0x0000000082900000, 0x0000000082900000|100%| O|  |TAMS 0x0000000082900000, 0x0000000082800000| Untracked 
|  17|0x0000000082900000, 0x0000000082a00000, 0x0000000082a00000|100%| O|  |TAMS 0x0000000082a00000, 0x0000000082900000| Untracked 
|  18|0x0000000082a00000, 0x0000000082b00000, 0x0000000082b00000|100%| O|  |TAMS 0x0000000082b00000, 0x0000000082a00000| Untracked 
|  19|0x0000000082b00000, 0x0000000082c00000, 0x0000000082c00000|100%| O|  |TAMS 0x0000000082c00000, 0x0000000082b00000| Untracked 
|  20|0x0000000082c00000, 0x0000000082d00000, 0x0000000082d00000|100%| O|  |TAMS 0x0000000082d00000, 0x0000000082c00000| Untracked 
|  21|0x0000000082d00000, 0x0000000082e00000, 0x0000000082e00000|100%| O|  |TAMS 0x0000000082e00000, 0x0000000082d00000| Untracked 
|  22|0x0000000082e00000, 0x0000000082f00000, 0x0000000082f00000|100%| O|  |TAMS 0x0000000082f00000, 0x0000000082e00000| Untracked 
|  23|0x0000000082f00000, 0x0000000083000000, 0x0000000083000000|100%| O|  |TAMS 0x0000000083000000, 0x0000000082f00000| Untracked 
|  24|0x0000000083000000, 0x0000000083100000, 0x0000000083100000|100%| O|  |TAMS 0x0000000083100000, 0x0000000083000000| Untracked 
|  25|0x0000000083100000, 0x0000000083200000, 0x0000000083200000|100%| O|  |TAMS 0x0000000083200000, 0x0000000083100000| Untracked 
|  26|0x0000000083200000, 0x0000000083300000, 0x0000000083300000|100%| O|  |TAMS 0x0000000083300000, 0x0000000083200000| Untracked 
|  27|0x0000000083300000, 0x0000000083400000, 0x0000000083400000|100%| O|  |TAMS 0x0000000083400000, 0x0000000083300000| Untracked 
|  28|0x0000000083400000, 0x0000000083500000, 0x0000000083500000|100%| O|  |TAMS 0x0000000083500000, 0x0000000083400000| Untracked 
|  29|0x0000000083500000, 0x0000000083600000, 0x0000000083600000|100%| O|  |TAMS 0x0000000083600000, 0x0000000083500000| Untracked 
|  30|0x0000000083600000, 0x0000000083700000, 0x0000000083700000|100%| O|  |TAMS 0x0000000083700000, 0x0000000083600000| Untracked 
|  31|0x0000000083700000, 0x0000000083800000, 0x0000000083800000|100%| O|  |TAMS 0x0000000083800000, 0x0000000083700000| Untracked 
|  32|0x0000000083800000, 0x0000000083900000, 0x0000000083900000|100%| O|  |TAMS 0x0000000083900000, 0x0000000083800000| Untracked 
|  33|0x0000000083900000, 0x0000000083a00000, 0x0000000083a00000|100%| O|  |TAMS 0x0000000083a00000, 0x0000000083900000| Untracked 
|  34|0x0000000083a00000, 0x0000000083b00000, 0x0000000083b00000|100%| O|  |TAMS 0x0000000083b00000, 0x0000000083a00000| Untracked 
|  35|0x0000000083b00000, 0x0000000083c00000, 0x0000000083c00000|100%| O|  |TAMS 0x0000000083c00000, 0x0000000083b00000| Untracked 
|  36|0x0000000083c00000, 0x0000000083d00000, 0x0000000083d00000|100%| O|  |TAMS 0x0000000083d00000, 0x0000000083c00000| Untracked 
|  37|0x0000000083d00000, 0x0000000083e00000, 0x0000000083e00000|100%| O|  |TAMS 0x0000000083e00000, 0x0000000083d00000| Untracked 
|  38|0x0000000083e00000, 0x0000000083f00000, 0x0000000083f00000|100%| O|  |TAMS 0x0000000083f00000, 0x0000000083e00000| Untracked 
|  39|0x0000000083f00000, 0x0000000084000000, 0x0000000084000000|100%| O|  |TAMS 0x0000000084000000, 0x0000000083f00000| Untracked 
|  40|0x0000000084000000, 0x0000000084100000, 0x0000000084100000|100%| O|  |TAMS 0x0000000084100000, 0x0000000084000000| Untracked 
|  41|0x0000000084100000, 0x0000000084200000, 0x0000000084200000|100%| O|  |TAMS 0x0000000084200000, 0x0000000084100000| Untracked 
|  42|0x0000000084200000, 0x0000000084300000, 0x0000000084300000|100%| O|  |TAMS 0x0000000084300000, 0x0000000084200000| Untracked 
|  43|0x0000000084300000, 0x0000000084400000, 0x0000000084400000|100%| O|  |TAMS 0x0000000084400000, 0x0000000084300000| Untracked 
|  44|0x0000000084400000, 0x0000000084500000, 0x0000000084500000|100%| O|  |TAMS 0x0000000084500000, 0x0000000084400000| Untracked 
|  45|0x0000000084500000, 0x0000000084600000, 0x0000000084600000|100%| O|  |TAMS 0x0000000084600000, 0x0000000084500000| Untracked 
|  46|0x0000000084600000, 0x0000000084700000, 0x0000000084700000|100%| O|  |TAMS 0x0000000084700000, 0x0000000084600000| Untracked 
|  47|0x0000000084700000, 0x0000000084800000, 0x0000000084800000|100%| O|  |TAMS 0x0000000084800000, 0x0000000084700000| Untracked 
|  48|0x0000000084800000, 0x0000000084900000, 0x0000000084900000|100%| O|  |TAMS 0x0000000084900000, 0x0000000084800000| Untracked 
|  49|0x0000000084900000, 0x0000000084a00000, 0x0000000084a00000|100%| O|  |TAMS 0x0000000084a00000, 0x0000000084900000| Untracked 
|  50|0x0000000084a00000, 0x0000000084b00000, 0x0000000084b00000|100%| O|  |TAMS 0x0000000084b00000, 0x0000000084a00000| Untracked 
|  51|0x0000000084b00000, 0x0000000084c00000, 0x0000000084c00000|100%| O|  |TAMS 0x0000000084c00000, 0x0000000084b00000| Untracked 
|  52|0x0000000084c00000, 0x0000000084d00000, 0x0000000084d00000|100%| O|  |TAMS 0x0000000084d00000, 0x0000000084c00000| Untracked 
|  53|0x0000000084d00000, 0x0000000084e00000, 0x0000000084e00000|100%| O|  |TAMS 0x0000000084e00000, 0x0000000084d00000| Untracked 
|  54|0x0000000084e00000, 0x0000000084eee200, 0x0000000084f00000| 93%| O|  |TAMS 0x0000000084eee200, 0x0000000084e00000| Untracked 
|  55|0x0000000084f00000, 0x0000000085000000, 0x0000000085000000|100%|HS|  |TAMS 0x0000000084f00000, 0x0000000084f00000| Complete 
|  56|0x0000000085000000, 0x0000000085100000, 0x0000000085100000|100%|HC|  |TAMS 0x0000000085000000, 0x0000000085000000| Complete 
|  57|0x0000000085100000, 0x0000000085200000, 0x0000000085200000|100%|HC|  |TAMS 0x0000000085100000, 0x0000000085100000| Complete 
|  58|0x0000000085200000, 0x0000000085300000, 0x0000000085300000|100%|HC|  |TAMS 0x0000000085200000, 0x0000000085200000| Complete 
|  59|0x0000000085300000, 0x0000000085400000, 0x0000000085400000|100%|HC|  |TAMS 0x0000000085300000, 0x0000000085300000| Complete 
|  60|0x0000000085400000, 0x0000000085400000, 0x0000000085500000|  0%| F|  |TAMS 0x0000000085400000, 0x0000000085400000| Untracked 
|  61|0x0000000085500000, 0x0000000085500000, 0x0000000085600000|  0%| F|  |TAMS 0x0000000085500000, 0x0000000085500000| Untracked 
|  62|0x0000000085600000, 0x0000000085600000, 0x0000000085700000|  0%| F|  |TAMS 0x0000000085600000, 0x0000000085600000| Untracked 
|  63|0x0000000085700000, 0x0000000085700000, 0x0000000085800000|  0%| F|  |TAMS 0x0000000085700000, 0x0000000085700000| Untracked 
|  64|0x0000000085800000, 0x0000000085800000, 0x0000000085900000|  0%| F|  |TAMS 0x0000000085800000, 0x0000000085800000| Untracked 
|  65|0x0000000085900000, 0x0000000085900000, 0x0000000085a00000|  0%| F|  |TAMS 0x0000000085900000, 0x0000000085900000| Untracked 
|  66|0x0000000085a00000, 0x0000000085a00000, 0x0000000085b00000|  0%| F|  |TAMS 0x0000000085a00000, 0x0000000085a00000| Untracked 
|  67|0x0000000085b00000, 0x0000000085b00000, 0x0000000085c00000|  0%| F|  |TAMS 0x0000000085b00000, 0x0000000085b00000| Untracked 
|  68|0x0000000085c00000, 0x0000000085c00000, 0x0000000085d00000|  0%| F|  |TAMS 0x0000000085c00000, 0x0000000085c00000| Untracked 
|  69|0x0000000085d00000, 0x0000000085d00000, 0x0000000085e00000|  0%| F|  |TAMS 0x0000000085d00000, 0x0000000085d00000| Untracked 
|  70|0x0000000085e00000, 0x0000000085e00000, 0x0000000085f00000|  0%| F|  |TAMS 0x0000000085e00000, 0x0000000085e00000| Untracked 
|  71|0x0000000085f00000, 0x0000000085f00000, 0x0000000086000000|  0%| F|  |TAMS 0x0000000085f00000, 0x0000000085f00000| Untracked 
|  72|0x0000000086000000, 0x0000000086000000, 0x0000000086100000|  0%| F|  |TAMS 0x0000000086000000, 0x0000000086000000| Untracked 
|  73|0x0000000086100000, 0x0000000086100000, 0x0000000086200000|  0%| F|  |TAMS 0x0000000086100000, 0x0000000086100000| Untracked 
|  74|0x0000000086200000, 0x0000000086200000, 0x0000000086300000|  0%| F|  |TAMS 0x0000000086200000, 0x0000000086200000| Untracked 
|  75|0x0000000086300000, 0x0000000086300000, 0x0000000086400000|  0%| F|  |TAMS 0x0000000086300000, 0x0000000086300000| Untracked 
|  76|0x0000000086400000, 0x0000000086400000, 0x0000000086500000|  0%| F|  |TAMS 0x0000000086400000, 0x0000000086400000| Untracked 
|  77|0x0000000086500000, 0x0000000086500000, 0x0000000086600000|  0%| F|  |TAMS 0x0000000086500000, 0x0000000086500000| Untracked 
|  78|0x0000000086600000, 0x0000000086600000, 0x0000000086700000|  0%| F|  |TAMS 0x0000000086600000, 0x0000000086600000| Untracked 
|  79|0x0000000086700000, 0x0000000086700000, 0x0000000086800000|  0%| F|  |TAMS 0x0000000086700000, 0x0000000086700000| Untracked 
|  80|0x0000000086800000, 0x0000000086800000, 0x0000000086900000|  0%| F|  |TAMS 0x0000000086800000, 0x0000000086800000| Untracked 
|  81|0x0000000086900000, 0x0000000086900000, 0x0000000086a00000|  0%| F|  |TAMS 0x0000000086900000, 0x0000000086900000| Untracked 
|  82|0x0000000086a00000, 0x0000000086a00000, 0x0000000086b00000|  0%| F|  |TAMS 0x0000000086a00000, 0x0000000086a00000| Untracked 
|  83|0x0000000086b00000, 0x0000000086b00000, 0x0000000086c00000|  0%| F|  |TAMS 0x0000000086b00000, 0x0000000086b00000| Untracked 
|  84|0x0000000086c00000, 0x0000000086c00000, 0x0000000086d00000|  0%| F|  |TAMS 0x0000000086c00000, 0x0000000086c00000| Untracked 
|  85|0x0000000086d00000, 0x0000000086d00000, 0x0000000086e00000|  0%| F|  |TAMS 0x0000000086d00000, 0x0000000086d00000| Untracked 
|  86|0x0000000086e00000, 0x0000000086e00000, 0x0000000086f00000|  0%| F|  |TAMS 0x0000000086e00000, 0x0000000086e00000| Untracked 
|  87|0x0000000086f00000, 0x0000000086f00000, 0x0000000087000000|  0%| F|  |TAMS 0x0000000086f00000, 0x0000000086f00000| Untracked 
|  88|0x0000000087000000, 0x0000000087000000, 0x0000000087100000|  0%| F|  |TAMS 0x0000000087000000, 0x0000000087000000| Untracked 
|  89|0x0000000087100000, 0x0000000087100000, 0x0000000087200000|  0%| F|  |TAMS 0x0000000087100000, 0x0000000087100000| Untracked 
|  90|0x0000000087200000, 0x0000000087200000, 0x0000000087300000|  0%| F|  |TAMS 0x0000000087200000, 0x0000000087200000| Untracked 
|  91|0x0000000087300000, 0x00000000873c83b8, 0x0000000087400000| 78%| E|  |TAMS 0x0000000087300000, 0x0000000087300000| Complete 
|  92|0x0000000087400000, 0x0000000087500000, 0x0000000087500000|100%| E|CS|TAMS 0x0000000087400000, 0x0000000087400000| Complete 
|  93|0x0000000087500000, 0x0000000087600000, 0x0000000087600000|100%| E|CS|TAMS 0x0000000087500000, 0x0000000087500000| Complete 
|  94|0x0000000087600000, 0x0000000087700000, 0x0000000087700000|100%| E|CS|TAMS 0x0000000087600000, 0x0000000087600000| Complete 
|  95|0x0000000087700000, 0x0000000087800000, 0x0000000087800000|100%| E|CS|TAMS 0x0000000087700000, 0x0000000087700000| Complete 
|  96|0x0000000087800000, 0x0000000087900000, 0x0000000087900000|100%| E|CS|TAMS 0x0000000087800000, 0x0000000087800000| Complete 
|  97|0x0000000087900000, 0x0000000087a00000, 0x0000000087a00000|100%| E|CS|TAMS 0x0000000087900000, 0x0000000087900000| Complete 
|  98|0x0000000087a00000, 0x0000000087b00000, 0x0000000087b00000|100%| E|CS|TAMS 0x0000000087a00000, 0x0000000087a00000| Complete 
|  99|0x0000000087b00000, 0x0000000087c00000, 0x0000000087c00000|100%| E|CS|TAMS 0x0000000087b00000, 0x0000000087b00000| Complete 
| 100|0x0000000087c00000, 0x0000000087d00000, 0x0000000087d00000|100%| E|CS|TAMS 0x0000000087c00000, 0x0000000087c00000| Complete 
| 101|0x0000000087d00000, 0x0000000087e00000, 0x0000000087e00000|100%| E|CS|TAMS 0x0000000087d00000, 0x0000000087d00000| Complete 
| 102|0x0000000087e00000, 0x0000000087f00000, 0x0000000087f00000|100%| E|CS|TAMS 0x0000000087e00000, 0x0000000087e00000| Complete 
| 103|0x0000000087f00000, 0x0000000088000000, 0x0000000088000000|100%| E|CS|TAMS 0x0000000087f00000, 0x0000000087f00000| Complete 
| 104|0x0000000088000000, 0x0000000088100000, 0x0000000088100000|100%| E|CS|TAMS 0x0000000088000000, 0x0000000088000000| Complete 
| 105|0x0000000088100000, 0x0000000088200000, 0x0000000088200000|100%| E|CS|TAMS 0x0000000088100000, 0x0000000088100000| Complete 
| 106|0x0000000088200000, 0x0000000088300000, 0x0000000088300000|100%| E|CS|TAMS 0x0000000088200000, 0x0000000088200000| Complete 
| 107|0x0000000088300000, 0x0000000088400000, 0x0000000088400000|100%| E|CS|TAMS 0x0000000088300000, 0x0000000088300000| Complete 
| 108|0x0000000088400000, 0x0000000088500000, 0x0000000088500000|100%| E|CS|TAMS 0x0000000088400000, 0x0000000088400000| Complete 
| 109|0x0000000088500000, 0x00000000885c7638, 0x0000000088600000| 77%| S|CS|TAMS 0x0000000088500000, 0x0000000088500000| Complete 
| 110|0x0000000088600000, 0x0000000088700000, 0x0000000088700000|100%| S|CS|TAMS 0x0000000088600000, 0x0000000088600000| Complete 
| 111|0x0000000088700000, 0x0000000088800000, 0x0000000088800000|100%| S|CS|TAMS 0x0000000088700000, 0x0000000088700000| Complete 
| 112|0x0000000088800000, 0x0000000088900000, 0x0000000088900000|100%| S|CS|TAMS 0x0000000088800000, 0x0000000088800000| Complete 
| 113|0x0000000088900000, 0x0000000088a00000, 0x0000000088a00000|100%| S|CS|TAMS 0x0000000088900000, 0x0000000088900000| Complete 
| 114|0x0000000088a00000, 0x0000000088b00000, 0x0000000088b00000|100%| E|CS|TAMS 0x0000000088a00000, 0x0000000088a00000| Complete 
| 115|0x0000000088b00000, 0x0000000088c00000, 0x0000000088c00000|100%| E|CS|TAMS 0x0000000088b00000, 0x0000000088b00000| Complete 
| 116|0x0000000088c00000, 0x0000000088d00000, 0x0000000088d00000|100%| E|CS|TAMS 0x0000000088c00000, 0x0000000088c00000| Complete 
| 117|0x0000000088d00000, 0x0000000088e00000, 0x0000000088e00000|100%| E|CS|TAMS 0x0000000088d00000, 0x0000000088d00000| Complete 
| 118|0x0000000088e00000, 0x0000000088f00000, 0x0000000088f00000|100%| E|CS|TAMS 0x0000000088e00000, 0x0000000088e00000| Complete 
| 119|0x0000000088f00000, 0x0000000089000000, 0x0000000089000000|100%| E|CS|TAMS 0x0000000088f00000, 0x0000000088f00000| Complete 
| 120|0x0000000089000000, 0x0000000089100000, 0x0000000089100000|100%| E|CS|TAMS 0x0000000089000000, 0x0000000089000000| Complete 
| 121|0x0000000089100000, 0x0000000089200000, 0x0000000089200000|100%| E|CS|TAMS 0x0000000089100000, 0x0000000089100000| Complete 
| 122|0x0000000089200000, 0x0000000089300000, 0x0000000089300000|100%| E|CS|TAMS 0x0000000089200000, 0x0000000089200000| Complete 
| 123|0x0000000089300000, 0x0000000089400000, 0x0000000089400000|100%| E|CS|TAMS 0x0000000089300000, 0x0000000089300000| Complete 
| 124|0x0000000089400000, 0x0000000089500000, 0x0000000089500000|100%| E|CS|TAMS 0x0000000089400000, 0x0000000089400000| Complete 
| 125|0x0000000089500000, 0x0000000089600000, 0x0000000089600000|100%| E|CS|TAMS 0x0000000089500000, 0x0000000089500000| Complete 
| 126|0x0000000089600000, 0x0000000089700000, 0x0000000089700000|100%| E|CS|TAMS 0x0000000089600000, 0x0000000089600000| Complete 
| 127|0x0000000089700000, 0x0000000089800000, 0x0000000089800000|100%| E|CS|TAMS 0x0000000089700000, 0x0000000089700000| Complete 

Card table byte_map: [0x000001fec0760000,0x000001fec0b60000] _byte_map_base: 0x000001fec0354000

Marking Bits (Prev, Next): (CMBitMap*) 0x000001fea96ff1c0, (CMBitMap*) 0x000001fea96ff188
 Prev Bits: [0x000001fec2f00000, 0x000001fec4ea0000)
 Next Bits: [0x000001fec0f60000, 0x000001fec2f00000)

Polling page: 0x000001fea7ea0000

Metaspace:

Usage:
  Non-class:     36.36 MB capacity,    35.68 MB ( 98%) used,   563.99 KB (  2%) free+waste,   137.38 KB ( <1%) overhead. 
      Class:      5.04 MB capacity,     4.55 MB ( 90%) used,   429.23 KB (  8%) free+waste,    69.06 KB (  1%) overhead. 
       Both:     41.40 MB capacity,    40.23 MB ( 97%) used,   993.22 KB (  2%) free+waste,   206.44 KB ( <1%) overhead. 

Virtual space:
  Non-class space:       38.00 MB reserved,      36.42 MB ( 96%) committed 
      Class space:        1.00 GB reserved,       5.13 MB ( <1%) committed 
             Both:        1.04 GB reserved,      41.54 MB (  4%) committed 

Chunk freelists:
   Non-Class:  7.13 KB
       Class:  3.25 KB
        Both:  10.38 KB

CodeHeap 'non-profiled nmethods': size=120064Kb used=3868Kb max_used=3868Kb free=116195Kb
 bounds [0x000001feb87f0000, 0x000001feb8bc0000, 0x000001febfd30000]
CodeHeap 'profiled nmethods': size=120000Kb used=10175Kb max_used=10175Kb free=109824Kb
 bounds [0x000001feb12c0000, 0x000001feb1cb0000, 0x000001feb87f0000]
CodeHeap 'non-nmethods': size=5696Kb used=1237Kb max_used=1267Kb free=4458Kb
 bounds [0x000001feb0d30000, 0x000001feb0fa0000, 0x000001feb12c0000]
 total_blobs=4581 nmethods=3968 adapters=524
 compilation: enabled
              stopped_count=0, restarted_count=0
 full_count=0

Compilation events (10 events):
Event: 47.865 Thread 0x000001fec7d9e000 3958       3       org.aspectj.weaver.AbstractReferenceTypeDelegate::getFormalTypeParametersFromOuterClass (271 bytes)
Event: 47.867 Thread 0x000001fec7d9a000 nmethod 3953 0x000001feb8bac790 code [0x000001feb8bac920, 0x000001feb8bacfd8]
Event: 47.867 Thread 0x000001fec7d9a000 3955   !   4       org.aspectj.weaver.ReferenceType::setDelegate (203 bytes)
Event: 47.872 Thread 0x000001fec7d9e000 nmethod 3958 0x000001feb1c92310 code [0x000001feb1c92960, 0x000001feb1c95a88]
Event: 48.095 Thread 0x000001fec7d9e000 3960       3       java.util.LinkedHashMap$LinkedEntrySet::iterator (12 bytes)
Event: 48.096 Thread 0x000001fec7d9e000 nmethod 3960 0x000001feb1c96a10 code [0x000001feb1c96bc0, 0x000001feb1c96f58]
Event: 48.096 Thread 0x000001fec7d9e000 3961       3       java.util.LinkedHashMap$LinkedEntryIterator::<init> (11 bytes)
Event: 48.097 Thread 0x000001fec7d9e000 nmethod 3961 0x000001feb1c97090 code [0x000001feb1c97240, 0x000001feb1c97558]
Event: 48.181 Thread 0x000001fec7d9a000 nmethod 3955 0x000001feb8bad190 code [0x000001feb8bad560, 0x000001feb8bb0b68]
Event: 48.181 Thread 0x000001fec7d9a000 3956   !   4       sun.net.www.ParseUtil::decode (317 bytes)

GC Heap History (10 events):
Event: 31.079 GC heap before
{Heap before GC invocations=11 (full 0):
 garbage-first heap   total 131072K, used 99328K [0x0000000081800000, 0x0000000100000000)
  region size 1024K, 61 young (62464K), 8 survivors (8192K)
 Metaspace       used 32054K, capacity 32970K, committed 33152K, reserved 1079296K
  class space    used 3477K, capacity 3884K, committed 3968K, reserved 1048576K
}
Event: 31.121 GC heap after
{Heap after GC invocations=12 (full 0):
 garbage-first heap   total 131072K, used 50588K [0x0000000081800000, 0x0000000100000000)
  region size 1024K, 6 young (6144K), 6 survivors (6144K)
 Metaspace       used 32054K, capacity 32970K, committed 33152K, reserved 1079296K
  class space    used 3477K, capacity 3884K, committed 3968K, reserved 1048576K
}
Event: 31.973 GC heap before
{Heap before GC invocations=12 (full 0):
 garbage-first heap   total 131072K, used 72092K [0x0000000081800000, 0x0000000100000000)
  region size 1024K, 28 young (28672K), 6 survivors (6144K)
 Metaspace       used 34580K, capacity 35537K, committed 35628K, reserved 1081344K
  class space    used 3754K, capacity 4179K, committed 4224K, reserved 1048576K
}
Event: 31.995 GC heap after
{Heap after GC invocations=13 (full 0):
 garbage-first heap   total 131072K, used 52349K [0x0000000081800000, 0x0000000100000000)
  region size 1024K, 3 young (3072K), 3 survivors (3072K)
 Metaspace       used 34580K, capacity 35537K, committed 35628K, reserved 1081344K
  class space    used 3754K, capacity 4179K, committed 4224K, reserved 1048576K
}
Event: 34.507 GC heap before
{Heap before GC invocations=14 (full 0):
 garbage-first heap   total 131072K, used 102525K [0x0000000081800000, 0x0000000100000000)
  region size 1024K, 52 young (53248K), 3 survivors (3072K)
 Metaspace       used 37373K, capacity 38457K, committed 38572K, reserved 1083392K
  class space    used 4127K, capacity 4565K, committed 4608K, reserved 1048576K
}
Event: 34.528 GC heap after
{Heap after GC invocations=15 (full 0):
 garbage-first heap   total 131072K, used 56515K [0x0000000081800000, 0x0000000100000000)
  region size 1024K, 7 young (7168K), 7 survivors (7168K)
 Metaspace       used 37373K, capacity 38457K, committed 38572K, reserved 1083392K
  class space    used 4127K, capacity 4565K, committed 4608K, reserved 1048576K
}
Event: 40.660 GC heap before
{Heap before GC invocations=15 (full 0):
 garbage-first heap   total 131072K, used 103619K [0x0000000081800000, 0x0000000100000000)
  region size 1024K, 53 young (54272K), 7 survivors (7168K)
 Metaspace       used 39211K, capacity 40365K, committed 40492K, reserved 1085440K
  class space    used 4367K, capacity 4865K, committed 4992K, reserved 1048576K
}
Event: 40.686 GC heap after
{Heap after GC invocations=16 (full 0):
 garbage-first heap   total 131072K, used 60344K [0x0000000081800000, 0x0000000100000000)
  region size 1024K, 4 young (4096K), 4 survivors (4096K)
 Metaspace       used 39211K, capacity 40365K, committed 40492K, reserved 1085440K
  class space    used 4367K, capacity 4865K, committed 4992K, reserved 1048576K
}
Event: 41.159 GC heap before
{Heap before GC invocations=16 (full 0):
 garbage-first heap   total 131072K, used 73656K [0x0000000081800000, 0x0000000100000000)
  region size 1024K, 18 young (18432K), 4 survivors (4096K)
 Metaspace       used 39898K, capacity 41040K, committed 41260K, reserved 1085440K
  class space    used 4468K, capacity 4962K, committed 4992K, reserved 1048576K
}
Event: 41.173 GC heap after
{Heap after GC invocations=17 (full 0):
 garbage-first heap   total 131072K, used 61142K [0x0000000081800000, 0x0000000100000000)
  region size 1024K, 5 young (5120K), 5 survivors (5120K)
 Metaspace       used 39898K, capacity 41040K, committed 41260K, reserved 1085440K
  class space    used 4468K, capacity 4962K, committed 4992K, reserved 1048576K
}

Deoptimization events (10 events):
Event: 40.070 Thread 0x000001fea96c1800 Uncommon trap: reason=bimorphic_or_optimized_type_check action=maybe_recompile pc=0x000001feb8a6f268 method=org.aspectj.weaver.ReferenceType.isAssignableFrom(Lorg/aspectj/weaver/ResolvedType;Z)Z @ 210 c2
Event: 40.553 Thread 0x000001fecbdef800 Uncommon trap: reason=unstable_if action=reinterpret pc=0x000001feb88041c4 method=java.lang.CharacterData.of(I)Ljava/lang/CharacterData; @ 4 c2
Event: 41.047 Thread 0x000001fecbdef800 Uncommon trap: reason=class_check action=maybe_recompile pc=0x000001feb89b4834 method=org.aspectj.weaver.World.resolve(Lorg/aspectj/weaver/UnresolvedType;Z)Lorg/aspectj/weaver/ResolvedType; @ 201 c2
Event: 41.048 Thread 0x000001fecbdef800 Uncommon trap: reason=class_check action=maybe_recompile pc=0x000001feb8a2c53c method=org.aspectj.weaver.bcel.BcelMethod.hasAnnotation(Lorg/aspectj/weaver/UnresolvedType;)Z @ 30 c2
Event: 41.048 Thread 0x000001fecbdef800 Uncommon trap: reason=class_check action=maybe_recompile pc=0x000001feb8a2c53c method=org.aspectj.weaver.bcel.BcelMethod.hasAnnotation(Lorg/aspectj/weaver/UnresolvedType;)Z @ 30 c2
Event: 41.048 Thread 0x000001fecbdef800 Uncommon trap: reason=class_check action=maybe_recompile pc=0x000001feb8a2c53c method=org.aspectj.weaver.bcel.BcelMethod.hasAnnotation(Lorg/aspectj/weaver/UnresolvedType;)Z @ 30 c2
Event: 41.048 Thread 0x000001fecbdef800 Uncommon trap: reason=class_check action=maybe_recompile pc=0x000001feb8a2c53c method=org.aspectj.weaver.bcel.BcelMethod.hasAnnotation(Lorg/aspectj/weaver/UnresolvedType;)Z @ 30 c2
Event: 41.182 Thread 0x000001fecbdef800 Uncommon trap: reason=class_check action=maybe_recompile pc=0x000001feb88d1ee4 method=java.nio.DirectByteBuffer.<init>(Lsun/nio/ch/DirectBuffer;IIIII)V @ 12 c2
Event: 41.182 Thread 0x000001fecbdef800 Uncommon trap: reason=class_check action=maybe_recompile pc=0x000001feb88d1ee4 method=java.nio.DirectByteBuffer.<init>(Lsun/nio/ch/DirectBuffer;IIIII)V @ 12 c2
Event: 47.709 Thread 0x000001fecbdef800 Uncommon trap: reason=class_check action=maybe_recompile pc=0x000001feb88d1ee4 method=java.nio.DirectByteBuffer.<init>(Lsun/nio/ch/DirectBuffer;IIIII)V @ 12 c2

Classes redefined (0 events):
No events

Internal exceptions (10 events):
Event: 33.506 Thread 0x000001fecc59e800 Exception <a 'java/lang/NoSuchMethodError'{0x0000000087352490}: java.lang.invoke.DirectMethodHandle$Holder.invokeSpecial(Ljava/lang/Object;Ljava/lang/Object;J)Ljava/lang/Object;> (0x0000000087352490) thrown at [./open/src/hotspot/share/interpreter/linkRes
Event: 33.509 Thread 0x000001fecc59e800 Exception <a 'java/lang/NoSuchMethodError'{0x0000000087361d98}: java.lang.invoke.DirectMethodHandle$Holder.invokeStaticInit(Ljava/lang/Object;Ljava/lang/Object;JLjava/lang/Object;)Ljava/lang/Object;> (0x0000000087361d98) thrown at [./open/src/hotspot/shar
Event: 34.096 Thread 0x000001fecbdee800 Exception <a 'java/net/SocketTimeoutException'{0x000000008727baa0}: connect timed out> (0x000000008727baa0) thrown at [./open/src/hotspot/share/prims/jni.cpp, line 632]
Event: 34.200 Thread 0x000001fea96c1800 Exception <a 'java/lang/NoSuchMethodError'{0x0000000086fd7098}: java.lang.invoke.DirectMethodHandle$Holder.invokeVirtual(Ljava/lang/Object;Ljava/lang/Object;)D> (0x0000000086fd7098) thrown at [./open/src/hotspot/share/interpreter/linkResolver.cpp, line 77
Event: 34.201 Thread 0x000001fea96c1800 Exception <a 'java/lang/NoSuchMethodError'{0x0000000086fdce50}: java.lang.invoke.DirectMethodHandle$Holder.invokeVirtual(Ljava/lang/Object;Ljava/lang/Object;)F> (0x0000000086fdce50) thrown at [./open/src/hotspot/share/interpreter/linkResolver.cpp, line 77
Event: 34.204 Thread 0x000001fea96c1800 Exception <a 'java/lang/NoSuchMethodError'{0x0000000086fe52e8}: java.lang.invoke.DirectMethodHandle$Holder.invokeVirtual(Ljava/lang/Object;Ljava/lang/Object;)J> (0x0000000086fe52e8) thrown at [./open/src/hotspot/share/interpreter/linkResolver.cpp, line 77
Event: 34.332 Thread 0x000001fea96c1800 Exception <a 'java/lang/NoSuchMethodError'{0x0000000086838f40}: java.lang.invoke.DirectMethodHandle$Holder.invokeSpecial(Ljava/lang/Object;Ljava/lang/Object;Ljava/lang/Object;Ljava/lang/Object;Ljava/lang/Object;)V> (0x0000000086838f40) thrown at [./open/s
Event: 34.336 Thread 0x000001fea96c1800 Exception <a 'java/lang/NoSuchMethodError'{0x0000000086847fe0}: java.lang.invoke.DirectMethodHandle$Holder.invokeStatic(Ljava/lang/Object;Ljava/lang/Object;I)V> (0x0000000086847fe0) thrown at [./open/src/hotspot/share/interpreter/linkResolver.cpp, line 77
Event: 34.948 Thread 0x000001fea96c1800 Exception <a 'java/lang/NoSuchMethodError'{0x0000000088fa5048}: java.lang.invoke.DirectMethodHandle$Holder.invokeSpecialIFC(Ljava/lang/Object;Ljava/lang/Object;Ljava/lang/Object;)I> (0x0000000088fa5048) thrown at [./open/src/hotspot/share/interpreter/link
Event: 35.399 Thread 0x000001fea96c1800 Exception <a 'java/lang/NoSuchMethodError'{0x0000000087c55230}: java.lang.invoke.DirectMethodHandle$Holder.invokeSpecial(Ljava/lang/Object;Ljava/lang/Object;Ljava/lang/Object;Ljava/lang/Object;Ljava/lang/Object;Ljava/lang/Object;)V> (0x0000000087c55230) t

Events (10 events):
Event: 48.250 loading class com/google/common/base/CharMatcher$And
Event: 48.250 loading class com/google/common/base/CharMatcher$And done
Event: 48.252 loading class com/google/common/base/CharMatcher$Negated
Event: 48.252 loading class com/google/common/base/CharMatcher$Negated done
Event: 48.254 loading class com/google/common/base/CharMatcher$InRange
Event: 48.254 loading class com/google/common/base/CharMatcher$InRange done
Event: 48.256 loading class com/google/common/base/CharMatcher$Any
Event: 48.256 loading class com/google/common/base/CharMatcher$Any done
Event: 48.258 loading class com/google/common/base/CharMatcher$IsNot
Event: 48.258 loading class com/google/common/base/CharMatcher$IsNot done


Dynamic libraries:
0x00007ff78bf50000 - 0x00007ff78bf5f000 	C:\Program Files\Java\jdk-11.0.14\bin\java.exe
0x00007ffced730000 - 0x00007ffced928000 	C:\WINDOWS\SYSTEM32\ntdll.dll
0x00007ffcec800000 - 0x00007ffcec8c1000 	C:\WINDOWS\System32\KERNEL32.DLL
0x00007ffceb1e0000 - 0x00007ffceb4dd000 	C:\WINDOWS\System32\KERNELBASE.dll
0x00007ffceb4e0000 - 0x00007ffceb5e0000 	C:\WINDOWS\System32\ucrtbase.dll
0x00007ffca8af0000 - 0x00007ffca8b08000 	C:\Program Files\Java\jdk-11.0.14\bin\jli.dll
0x00007ffc97820000 - 0x00007ffc97835000 	C:\Program Files\Java\jdk-11.0.14\bin\VCRUNTIME140.dll
0x00007ffcec140000 - 0x00007ffcec1f0000 	C:\WINDOWS\System32\ADVAPI32.dll
0x00007ffceb760000 - 0x00007ffceb7fe000 	C:\WINDOWS\System32\msvcrt.dll
0x00007ffced500000 - 0x00007ffced5a0000 	C:\WINDOWS\System32\sechost.dll
0x00007ffceb800000 - 0x00007ffceb923000 	C:\WINDOWS\System32\RPCRT4.dll
0x00007ffceae90000 - 0x00007ffceaeb7000 	C:\WINDOWS\System32\bcrypt.dll
0x00007ffcebfa0000 - 0x00007ffcec13d000 	C:\WINDOWS\System32\USER32.dll
0x00007ffceb730000 - 0x00007ffceb752000 	C:\WINDOWS\System32\win32u.dll
0x00007ffced270000 - 0x00007ffced29b000 	C:\WINDOWS\System32\GDI32.dll
0x00007ffceaf60000 - 0x00007ffceb077000 	C:\WINDOWS\System32\gdi32full.dll
0x00007ffceaec0000 - 0x00007ffceaf5d000 	C:\WINDOWS\System32\msvcp_win.dll
0x00007ffcdbd20000 - 0x00007ffcdbfba000 	C:\WINDOWS\WinSxS\amd64_microsoft.windows.common-controls_6595b64144ccf1df_6.0.19041.4355_none_60b8b9eb71f62e16\COMCTL32.dll
0x00007ffceaaf0000 - 0x00007ffceaafa000 	C:\WINDOWS\SYSTEM32\VERSION.dll
0x00007ffced630000 - 0x00007ffced65f000 	C:\WINDOWS\System32\IMM32.DLL
0x0000000050430000 - 0x000000005043c000 	C:\Program Files (x86)\360\Total Security\safemon\SafeWrapper.dll
0x00007ffc6e990000 - 0x00007ffc6ea3c000 	C:\Program Files (x86)\360\Total Security\safemon\libzdtp64.dll
0x00007ffcecb00000 - 0x00007ffced26f000 	C:\WINDOWS\System32\SHELL32.dll
0x00007ffcec7a0000 - 0x00007ffcec7f5000 	C:\WINDOWS\System32\SHLWAPI.dll
0x00007ffc8ba50000 - 0x00007ffc8baeb000 	C:\Program Files\Java\jdk-11.0.14\bin\msvcp140.dll
0x00007ffc69b00000 - 0x00007ffc6a616000 	C:\Program Files\Java\jdk-11.0.14\bin\server\jvm.dll
0x00007ffced5a0000 - 0x00007ffced5a8000 	C:\WINDOWS\System32\PSAPI.DLL
0x00007ffcd9a20000 - 0x00007ffcd9a29000 	C:\WINDOWS\SYSTEM32\WSOCK32.dll
0x00007ffcde180000 - 0x00007ffcde1a7000 	C:\WINDOWS\SYSTEM32\WINMM.dll
0x00007ffcec3d0000 - 0x00007ffcec43b000 	C:\WINDOWS\System32\WS2_32.dll
0x00007ffce8bb0000 - 0x00007ffce8bc2000 	C:\WINDOWS\SYSTEM32\kernel.appcore.dll
0x00007ffcca930000 - 0x00007ffcca940000 	C:\Program Files\Java\jdk-11.0.14\bin\verify.dll
0x00007ffccd820000 - 0x00007ffccda04000 	C:\WINDOWS\SYSTEM32\DBGHELP.DLL
0x00007ffce1c00000 - 0x00007ffce1c34000 	C:\WINDOWS\SYSTEM32\dbgcore.DLL
0x00007ffceb5e0000 - 0x00007ffceb662000 	C:\WINDOWS\System32\bcryptPrimitives.dll
0x00007ffc8b120000 - 0x00007ffc8b148000 	C:\Program Files\Java\jdk-11.0.14\bin\java.dll
0x00007ffcc74a0000 - 0x00007ffcc74aa000 	C:\Program Files\Java\jdk-11.0.14\bin\jimage.dll
0x00007ffce5700000 - 0x00007ffce570e000 	C:\Program Files\Java\jdk-11.0.14\bin\instrument.dll
0x00007ffc86690000 - 0x00007ffc866a6000 	C:\Program Files\Java\jdk-11.0.14\bin\zip.dll
0x00007ffce8db0000 - 0x00007ffce9553000 	C:\WINDOWS\SYSTEM32\windows.storage.dll
0x00007ffcec440000 - 0x00007ffcec793000 	C:\WINDOWS\System32\combase.dll
0x00007ffcea5f0000 - 0x00007ffcea61e000 	C:\WINDOWS\SYSTEM32\Wldp.dll
0x00007ffcec960000 - 0x00007ffceca2d000 	C:\WINDOWS\System32\OLEAUT32.dll
0x00007ffced2a0000 - 0x00007ffced34d000 	C:\WINDOWS\System32\SHCORE.dll
0x00007ffcead10000 - 0x00007ffcead34000 	C:\WINDOWS\SYSTEM32\profapi.dll
0x00007ffc8ba30000 - 0x00007ffc8ba49000 	C:\Program Files\Java\jdk-11.0.14\bin\net.dll
0x00007ffce33f0000 - 0x00007ffce34fd000 	C:\WINDOWS\SYSTEM32\WINHTTP.dll
0x00007ffcea3d0000 - 0x00007ffcea43a000 	C:\WINDOWS\system32\mswsock.dll
0x00007ffc8b100000 - 0x00007ffc8b112000 	C:\Program Files\Java\jdk-11.0.14\bin\nio.dll
0x00007ffccd0b0000 - 0x00007ffccd0ca000 	C:\Program Files\JetBrains\IntelliJ IDEA Community Edition 2023.1.5\bin\breakgen64.dll
0x00007ffceaa60000 - 0x00007ffceaa78000 	C:\WINDOWS\SYSTEM32\CRYPTSP.dll
0x00007ffce9d10000 - 0x00007ffce9d44000 	C:\WINDOWS\system32\rsaenh.dll
0x00007ffceacd0000 - 0x00007ffceacfe000 	C:\WINDOWS\SYSTEM32\USERENV.dll
0x00007ffcea560000 - 0x00007ffcea56c000 	C:\WINDOWS\SYSTEM32\CRYPTBASE.dll
0x00007ffcea0d0000 - 0x00007ffcea10b000 	C:\WINDOWS\SYSTEM32\IPHLPAPI.DLL
0x00007ffceca30000 - 0x00007ffceca38000 	C:\WINDOWS\System32\NSI.dll
0x00007ffce2a00000 - 0x00007ffce2a17000 	C:\WINDOWS\SYSTEM32\dhcpcsvc6.DLL
0x00007ffce29e0000 - 0x00007ffce29fd000 	C:\WINDOWS\SYSTEM32\dhcpcsvc.DLL
0x00007ffcea110000 - 0x00007ffcea1da000 	C:\WINDOWS\SYSTEM32\DNSAPI.dll
0x00007ffcd8060000 - 0x00007ffcd8077000 	C:\WINDOWS\system32\napinsp.dll
0x00007ffcccc70000 - 0x00007ffcccc8b000 	C:\WINDOWS\system32\pnrpnsp.dll
0x00007ffce3ef0000 - 0x00007ffce3f05000 	C:\WINDOWS\system32\wshbth.dll
0x00007ffce72c0000 - 0x00007ffce72dd000 	C:\WINDOWS\system32\NLAapi.dll
0x00007ffccc3f0000 - 0x00007ffccc402000 	C:\WINDOWS\System32\winrnr.dll
0x00007ffcd9850000 - 0x00007ffcd985a000 	C:\Windows\System32\rasadhlp.dll
0x00007ffce36c0000 - 0x00007ffce3740000 	C:\WINDOWS\System32\fwpuclnt.dll
0x00007ffce48d0000 - 0x00007ffce48d9000 	C:\Program Files\Java\jdk-11.0.14\bin\management.dll
0x00007ffce1cf0000 - 0x00007ffce1cfb000 	C:\Program Files\Java\jdk-11.0.14\bin\management_ext.dll
0x00007ffce71d0000 - 0x00007ffce71dd000 	C:\Program Files\Java\jdk-11.0.14\bin\sunmscapi.dll
0x00007ffceb080000 - 0x00007ffceb1dc000 	C:\WINDOWS\System32\CRYPT32.dll
0x00007ffcea660000 - 0x00007ffcea689000 	C:\WINDOWS\SYSTEM32\ncrypt.dll
0x00007ffcea620000 - 0x00007ffcea65b000 	C:\WINDOWS\SYSTEM32\NTASN1.dll
0x00007ffcda660000 - 0x00007ffcda685000 	C:\Program Files\Java\jdk-11.0.14\bin\sunec.dll

dbghelp: loaded successfully - version: 4.0.5 - missing functions: none
symbol engine: initialized successfully - sym options: 0x614 - pdb path: .;C:\Program Files\Java\jdk-11.0.14\bin;C:\WINDOWS\SYSTEM32;C:\WINDOWS\WinSxS\amd64_microsoft.windows.common-controls_6595b64144ccf1df_6.0.19041.4355_none_60b8b9eb71f62e16;C:\Program Files (x86)\360\Total Security\safemon;C:\Program Files\Java\jdk-11.0.14\bin\server;C:\Program Files\JetBrains\IntelliJ IDEA Community Edition 2023.1.5\bin

VM Arguments:
jvm_args: -ea -javaagent:C:\Users\amit\.m2\repository/org/aspectj/aspectjweaver/1.9.20.1/aspectjweaver-1.9.20.1.jar -Didea.test.cyclic.buffer.size=1048576 -javaagent:C:\Program Files\JetBrains\IntelliJ IDEA Community Edition 2023.1.5\lib\idea_rt.jar=60314:C:\Program Files\JetBrains\IntelliJ IDEA Community Edition 2023.1.5\bin -Dfile.encoding=UTF-8 
java_command: com.intellij.rt.testng.RemoteTestNGStarter -usedefaultlisteners false -socket60313 @w@C:\Users\amit\AppData\Local\Temp\idea_working_dirs_testng.tmp -temp C:\Users\amit\AppData\Local\Temp\idea_testng.tmp
java_class_path (initial): C:\Program Files\JetBrains\IntelliJ IDEA Community Edition 2023.1.5\lib\idea_rt.jar;C:\Program Files\JetBrains\IntelliJ IDEA Community Edition 2023.1.5\plugins\testng\lib\testng-rt.jar;J:\3. automation testing testing acadmey\day41--selenium -UI elements\AssignmentAnswers\Appolo-Tools\target\test-classes;J:\3. automation testing testing acadmey\day41--selenium -UI elements\AssignmentAnswers\Appolo-Tools\target\classes;C:\Users\amit\.m2\repository\org\seleniumhq\selenium\selenium-java\4.9.1\selenium-java-4.9.1.jar;C:\Users\amit\.m2\repository\org\seleniumhq\selenium\selenium-api\4.9.1\selenium-api-4.9.1.jar;C:\Users\amit\.m2\repository\org\seleniumhq\selenium\selenium-devtools-v111\4.9.1\selenium-devtools-v111-4.9.1.jar;C:\Users\amit\.m2\repository\org\seleniumhq\selenium\selenium-devtools-v112\4.9.1\selenium-devtools-v112-4.9.1.jar;C:\Users\amit\.m2\repository\org\seleniumhq\selenium\selenium-devtools-v113\4.9.1\selenium-devtools-v113-4.9.1.jar;C:\Users\amit\.m2\repository\org\seleniumhq\selenium\selenium-devtools-v85\4.9.1\selenium-devtools-v85-4.9.1.jar;C:\Users\amit\.m2\repository\org\seleniumhq\selenium\selenium-edge-driver\4.9.1\selenium-edge-driver-4.9.1.jar;C:\Users\amit\.m2\repository\org\seleniumhq\selenium\selenium-firefox-driver\4.9.1\selenium-firefox-driver-4.9.1.jar;C:\Users\amit\.m2\repository\org\seleniumhq\selenium\selenium-http\4.9.1\selenium-http-4.9.1.jar;C:\Users\amit\.m2\repository\dev\failsafe\failsafe\3.3.1\failsafe-3.3.1.jar;C:\Users\amit\.m2\repository\org\seleniumhq\selenium\selenium-ie-driver\4.9.1\selenium-ie-driver-4.9.1.jar;C:\Users\amit\.m2\repository\org\seleniumhq\selenium\selenium-remote-driver\4.9.1\selenium-remote-driver-4.9.1.jar;C:\Users\amit\.m2\repository\io\netty\netty-buffer\4.1.91.Final\netty-buffer-4.1.91.Final.jar;C:\Users\amit\.m2\repository\io\netty\netty-codec-http\4.1.91.Final\netty-codec-http-4.1.91.Final.jar;C:\Users\amit\.m2\repository\io\netty\netty-codec\4.1.91.Final\netty-codec-4.1.9
Launcher Type: SUN_STANDARD

[Global flags]
     intx CICompilerCount                          = 3                                         {product} {ergonomic}
     uint ConcGCThreads                            = 1                                         {product} {ergonomic}
     uint G1ConcRefinementThreads                  = 4                                         {product} {ergonomic}
   size_t G1HeapRegionSize                         = 1048576                                   {product} {ergonomic}
    uintx GCDrainStackTargetSize                   = 64                                        {product} {ergonomic}
   size_t InitialHeapSize                          = 134217728                                 {product} {ergonomic}
   size_t MarkStackSize                            = 4194304                                   {product} {ergonomic}
   size_t MaxHeapSize                              = 2122317824                                {product} {ergonomic}
   size_t MaxNewSize                               = 1272971264                                {product} {ergonomic}
   size_t MinHeapDeltaBytes                        = 1048576                                   {product} {ergonomic}
    uintx NonNMethodCodeHeapSize                   = 5830732                                {pd product} {ergonomic}
    uintx NonProfiledCodeHeapSize                  = 122913754                              {pd product} {ergonomic}
    uintx ProfiledCodeHeapSize                     = 122913754                              {pd product} {ergonomic}
    uintx ReservedCodeCacheSize                    = 251658240                              {pd product} {ergonomic}
     bool SegmentedCodeCache                       = true                                      {product} {ergonomic}
     bool UseCompressedClassPointers               = true                                 {lp64_product} {ergonomic}
     bool UseCompressedOops                        = true                                 {lp64_product} {ergonomic}
     bool UseG1GC                                  = true                                      {product} {ergonomic}
     bool UseLargePagesIndividualAllocation        = false                                  {pd product} {ergonomic}

Logging:
Log output configuration:
 #0: stdout all=warning uptime,level,tags
 #1: stderr all=off uptime,level,tags

Environment Variables:
JAVA_HOME=C:\Program Files\Java\jdk-11.0.14
CLASSPATH=E:\cdac pune\6.core java\day2\assignment 2\bin;E:\cdac pune\6.core java\day1\day1 (assignment)\q4\bin
PATH=C:\Program Files\Java\jdk-11.0.14\bin;C:\Users\amit\AppData\Local\Android\Sdk\platform-tools;C:\Users\amit\AppData\Local\Android\Sdk\tools;C:\TDM-GCC-64\bin;C:\Program Files\Common Files\Oracle\Java\javapath;C:\Program Files (x86)\Common Files\Oracle\Java\javapath;C:\PROGRAMDATA\ORACLE\JAVA\JAVAPATH;C:\PROGRAM FILES (X86)\INTEL\ICLS CLIENT\;C:\PROGRAM FILES\INTEL\ICLS CLIENT\;C:\WINDOWS\SYSTEM32;C:\WINDOWS;C:\WINDOWS\SYSTEM32\WBEM;C:\WINDOWS\SYSTEM32\WINDOWSPOWERSHELL\V1.0\;C:\PROGRAM FILES\INTEL\INTEL(R) MANAGEMENT ENGINE COMPONENTS\DAL;C:\PROGRAM FILES\INTEL\INTEL(R) MANAGEMENT ENGINE COMPONENTS\IPT;C:\PROGRAM FILES (X86)\INTEL\INTEL(R) MANAGEMENT ENGINE COMPONENTS\DAL;C:\PROGRAM FILES (X86)\INTEL\INTEL(R) MANAGEMENT ENGINE COMPONENTS\IPT;C:\PROGRAM FILES (X86)\COMMON FILES\LENOVO\EASYPLUSSDK\BIN;C:\Program Files\WIDCOMM\Bluetooth Software\;C:\Program Files\WIDCOMM\Bluetooth Software\syswow64;C:\WINDOWS\system32;C:\WINDOWS\System32\Wbem;C:\WINDOWS\System32\WindowsPowerShell\v1.0\;C:\Program Files (x86)\NVIDIA Corporation\PhysX\Common;C:\Users\amit\AppData\Local\Microsoft\WindowsApps;C:\Users\amit\AppData\Roaming\Dashl;C:\WINDOWS\System32\OpenSSH\;C:\Program Files (x86)\Microsoft VS Code\bin;C:\Program Files\MySQL\MySQL Server 8.0\bin;C:\Program Files\dotnet\;C:\Program Files\Microsoft SQL Server\130\Tools\Binn\;C:\Program Files\Microsoft SQL Server\Client SDK\ODBC\170\Tools\Binn\;C:\Program Files\nodejs\;C:\Users\amit\Desktop\curl-8.0.1_7-win64-mingw;C:\apache-maven-3.9.3\bin;C:\allure-2.10.0\bin;C:\Windows\System32\wsl.exe;C:\Program Files\Go\bin;C:\sqlite-tools-win32-x86-3430100;C:\Program Files\PuTTY\;C:\Program Files\Amazon\AWSCLIV2\;C:\Program Files\Git\cmd;C:\Program Files\Git LFS;C:\Users\amit\AppData\Local\Android\Sdk\tools\bin;C:\Users\amit\AppData\Local\Android\Sdk\build-tools\35.0.0-rc4;C:\WINDOWS\system32;C:\WINDOWS;C:\WINDOWS\System32\Wbem;C:\WINDOWS\System32\WindowsPowerShell\v1.0\;C:\WINDOWS\System32\OpenSSH\;C:\Program Files\Docker\Docker\resourc
USERNAME=sumit
OS=Windows_NT
PROCESSOR_IDENTIFIER=Intel64 Family 6 Model 69 Stepping 1, GenuineIntel



---------------  S Y S T E M  ---------------

OS: Windows 10 , 64 bit Build 19041 (10.0.19041.4842)
Hyper-V role detected

CPU:total 4 (initial active 4) (2 cores per cpu, 2 threads per core) family 6 model 69 stepping 1 microcode 0x25, cmov, cx8, fxsr, mmx, sse, sse2, sse3, ssse3, sse4.1, sse4.2, popcnt, avx, avx2, aes, clmul, erms, lzcnt, ht, tsc, tscinvbit, bmi1, bmi2, fma

Memory: 4k page, system-wide physical 8095M (509M free)
TotalPageFile size 11538M (AvailPageFile size 4M)
current process WorkingSet (physical memory assigned to process): 274M, peak: 294M
current process commit charge ("private bytes"): 304M, peak: 325M

vm_info: Java HotSpot(TM) 64-Bit Server VM (11.0.14+8-LTS-263) for windows-amd64 JRE (11.0.14+8-LTS-263), built on Dec  7 2021 21:53:57 by "mach5one" with MS VC++ 15.9 (VS2017)

END.
