#
# There is insufficient memory for the Java Runtime Environment to continue.
# Native memory allocation (malloc) failed to allocate 399216 bytes for Chunk::new
# Possible reasons:
#   The system is out of physical RAM or swap space
#   The process is running with CompressedOops enabled, and the Java Heap may be blocking the growth of the native heap
# Possible solutions:
#   Reduce memory load on the system
#   Increase physical memory or swap space
#   Check if swap backing store is full
#   Decrease Java heap size (-Xmx/-Xms)
#   Decrease number of Java threads
#   Decrease Java thread stack sizes (-Xss)
#   Set larger code cache with -XX:ReservedCodeCacheSize=
#   JVM is running with Unscaled Compressed Oops mode in which the Java heap is
#     placed in the first 4GB address space. The Java Heap base address is the
#     maximum limit for the native heap growth. Please use -XX:HeapBaseMinAddress
#     to set the Java Heap base and to place the Java Heap above 4GB virtual address.
# This output file may be truncated or incomplete.
#
#  Out of Memory Error (./open/src/hotspot/share/memory/arena.cpp:197), pid=11336, tid=37392
#
# JRE version: Java(TM) SE Runtime Environment 18.9 (11.0.14+8) (build 11.0.14+8-LTS-263)
# Java VM: Java HotSpot(TM) 64-Bit Server VM 18.9 (11.0.14+8-LTS-263, mixed mode, tiered, compressed oops, g1 gc, windows-amd64)
# No core dump will be written. Minidumps are not enabled by default on client versions of Windows
#

---------------  S U M M A R Y ------------

Command Line: -ea -javaagent:C:\Users\amit\.m2\repository/org/aspectj/aspectjweaver/1.9.20.1/aspectjweaver-1.9.20.1.jar -Didea.test.cyclic.buffer.size=1048576 -javaagent:C:\Program Files\JetBrains\IntelliJ IDEA Community Edition 2024.3.1.1\lib\idea_rt.jar=46046:C:\Program Files\JetBrains\IntelliJ IDEA Community Edition 2024.3.1.1\bin -javaagent:C:\Users\amit\AppData\Local\JetBrains\IdeaIC2024.3\captureAgent\debugger-agent.jar -Dkotlinx.coroutines.debug.enable.creation.stack.trace=false -Ddebugger.agent.enable.coroutines=true -Dkotlinx.coroutines.debug.enable.flows.stack.trace=true -Dkotlinx.coroutines.debug.enable.mutable.state.flows.stack.trace=true -Dfile.encoding=UTF-8 com.intellij.rt.testng.RemoteTestNGStarter -usedefaultlisteners false -socket46045 @w@C:\Users\amit\AppData\Local\Temp\idea_working_dirs_testng1.tmp -temp C:\Users\amit\AppData\Local\Temp\idea_testng1.tmp

Host: Intel(R) Core(TM) i3-4005U CPU @ 1.70GHz, 4 cores, 7G,  Windows 10 , 64 bit Build 19041 (10.0.19041.5198)
Time: Wed Feb 12 03:18:21 2025 India Standard Time elapsed time: 15.067076 seconds (0d 0h 0m 15s)

---------------  T H R E A D  ---------------

Current thread (0x0000020fca6e1800):  JavaThread "C2 CompilerThread0" daemon [_thread_in_native, id=37392, stack(0x0000002d9dc00000,0x0000002d9dd00000)]


Current CompileTask:
C2:  15067 2075       4       java.io.WinNTFileSystem::normalize (224 bytes)

Stack: [0x0000002d9dc00000,0x0000002d9dd00000]
Native frames: (J=compiled Java code, j=interpreted, Vv=VM code, C=native code)
V  [jvm.dll+0x6296da]
V  [jvm.dll+0x76323f]
V  [jvm.dll+0x7648e9]
V  [jvm.dll+0x764f73]
V  [jvm.dll+0x23d7c8]
V  [jvm.dll+0xb297c]
V  [jvm.dll+0xb2f3c]
V  [jvm.dll+0x340e52]
V  [jvm.dll+0x18cb61]
V  [jvm.dll+0x1f8472]
V  [jvm.dll+0x1f754d]
V  [jvm.dll+0x177b21]
V  [jvm.dll+0x206e26]
V  [jvm.dll+0x204fbb]
V  [jvm.dll+0x729170]
V  [jvm.dll+0x721d44]
V  [jvm.dll+0x6285d6]
C  [ucrtbase.dll+0x21bb2]
C  [KERNEL32.DLL+0x17374]
C  [ntdll.dll+0x4cc91]


---------------  P R O C E S S  ---------------

Threads class SMR info:
_java_thread_list=0x0000020fcc27ad20, length=11, elements={
0x0000020fabff4000, 0x0000020fca670800, 0x0000020fca67a000, 0x0000020fca6d9800,
0x0000020fca6dc800, 0x0000020fca6de000, 0x0000020fca6e1800, 0x0000020fca6e9800,
0x0000020fca6f1000, 0x0000020fc9e01000, 0x0000020fcb4b3000
}

Java Threads: ( => current thread )
  0x0000020fabff4000 JavaThread "main" [_thread_in_Java, id=31388, stack(0x0000002d9d000000,0x0000002d9d100000)]
  0x0000020fca670800 JavaThread "Reference Handler" daemon [_thread_blocked, id=40120, stack(0x0000002d9d700000,0x0000002d9d800000)]
  0x0000020fca67a000 JavaThread "Finalizer" daemon [_thread_blocked, id=24640, stack(0x0000002d9d800000,0x0000002d9d900000)]
  0x0000020fca6d9800 JavaThread "Signal Dispatcher" daemon [_thread_blocked, id=30136, stack(0x0000002d9d900000,0x0000002d9da00000)]
  0x0000020fca6dc800 JavaThread "Attach Listener" daemon [_thread_blocked, id=26372, stack(0x0000002d9da00000,0x0000002d9db00000)]
  0x0000020fca6de000 JavaThread "Service Thread" daemon [_thread_blocked, id=42644, stack(0x0000002d9db00000,0x0000002d9dc00000)]
=>0x0000020fca6e1800 JavaThread "C2 CompilerThread0" daemon [_thread_in_native, id=37392, stack(0x0000002d9dc00000,0x0000002d9dd00000)]
  0x0000020fca6e9800 JavaThread "C1 CompilerThread0" daemon [_thread_in_native, id=24756, stack(0x0000002d9dd00000,0x0000002d9de00000)]
  0x0000020fca6f1000 JavaThread "Sweeper thread" daemon [_thread_blocked, id=40804, stack(0x0000002d9de00000,0x0000002d9df00000)]
  0x0000020fc9e01000 JavaThread "Common-Cleaner" daemon [_thread_blocked, id=41468, stack(0x0000002d9df00000,0x0000002d9e000000)]
  0x0000020fcb4b3000 JavaThread "Monitor Ctrl-Break" daemon [_thread_in_native, id=25888, stack(0x0000002d9e200000,0x0000002d9e300000)]

Other Threads:
  0x0000020fc9e6b800 VMThread "VM Thread" [stack: 0x0000002d9d600000,0x0000002d9d700000] [id=19592]
  0x0000020fcb9f7800 WatcherThread [stack: 0x0000002d9e300000,0x0000002d9e400000] [id=19564]
  0x0000020fac00a800 GCTaskThread "GC Thread#0" [stack: 0x0000002d9d100000,0x0000002d9d200000] [id=14304]
  0x0000020fcaf25800 GCTaskThread "GC Thread#1" [stack: 0x0000002d9e000000,0x0000002d9e100000] [id=41452]
  0x0000020fcaf26000 GCTaskThread "GC Thread#2" [stack: 0x0000002d9e100000,0x0000002d9e200000] [id=36028]
  0x0000020fac03b800 ConcurrentGCThread "G1 Main Marker" [stack: 0x0000002d9d200000,0x0000002d9d300000] [id=13244]
  0x0000020fac03d000 ConcurrentGCThread "G1 Conc#0" [stack: 0x0000002d9d300000,0x0000002d9d400000] [id=42964]
  0x0000020fc9cb2800 ConcurrentGCThread "G1 Refine#0" [stack: 0x0000002d9d400000,0x0000002d9d500000] [id=22804]
  0x0000020fcbde0000 ConcurrentGCThread "G1 Refine#1" [stack: 0x0000002d9e400000,0x0000002d9e500000] [id=39220]
  0x0000020fc9cb3000 ConcurrentGCThread "G1 Young RemSet Sampling" [stack: 0x0000002d9d500000,0x0000002d9d600000] [id=31316]

Threads with active compile tasks:
C2 CompilerThread0  15656 2075       4       java.io.WinNTFileSystem::normalize (224 bytes)
C1 CompilerThread0  15657 2140       3       org.aspectj.weaver.bcel.BcelClassWeaver::weaveDeclareAtMethodCtor (1334 bytes)

VM state:not at safepoint (normal execution)

VM Mutex/Monitor currently owned by a thread: None

Heap address: 0x0000000081800000, size: 2024 MB, Compressed Oops mode: 32-bit
Narrow klass base: 0x0000000000000000, Narrow klass shift: 3
Compressed class space size: 1073741824 Address: 0x0000000100000000

Heap:
 garbage-first heap   total 131072K, used 36864K [0x0000000081800000, 0x0000000100000000)
  region size 1024K, 13 young (13312K), 3 survivors (3072K)
 Metaspace       used 18618K, capacity 18912K, committed 19072K, reserved 1067008K
  class space    used 1693K, capacity 1794K, committed 1920K, reserved 1048576K
Heap Regions: E=young(eden), S=young(survivor), O=old, HS=humongous(starts), HC=humongous(continues), CS=collection set, F=free, A=archive, TAMS=top-at-mark-start (previous, next)
|   0|0x0000000081800000, 0x0000000081900000, 0x0000000081900000|100%|HS|  |TAMS 0x0000000081800000, 0x0000000081800000| Complete 
|   1|0x0000000081900000, 0x0000000081a00000, 0x0000000081a00000|100%| O|  |TAMS 0x0000000081900000, 0x0000000081900000| Untracked 
|   2|0x0000000081a00000, 0x0000000081b00000, 0x0000000081b00000|100%| O|  |TAMS 0x0000000081a00000, 0x0000000081a00000| Untracked 
|   3|0x0000000081b00000, 0x0000000081c00000, 0x0000000081c00000|100%| O|  |TAMS 0x0000000081b00000, 0x0000000081b00000| Untracked 
|   4|0x0000000081c00000, 0x0000000081d00000, 0x0000000081d00000|100%| O|  |TAMS 0x0000000081c00000, 0x0000000081c00000| Untracked 
|   5|0x0000000081d00000, 0x0000000081e00000, 0x0000000081e00000|100%| O|  |TAMS 0x0000000081d00000, 0x0000000081d00000| Untracked 
|   6|0x0000000081e00000, 0x0000000081f00000, 0x0000000081f00000|100%| O|  |TAMS 0x0000000081e00000, 0x0000000081e00000| Untracked 
|   7|0x0000000081f00000, 0x0000000082000000, 0x0000000082000000|100%| O|  |TAMS 0x0000000081f00000, 0x0000000081f00000| Untracked 
|   8|0x0000000082000000, 0x0000000082100000, 0x0000000082100000|100%| O|  |TAMS 0x0000000082000000, 0x0000000082000000| Untracked 
|   9|0x0000000082100000, 0x0000000082200000, 0x0000000082200000|100%| O|  |TAMS 0x0000000082100000, 0x0000000082100000| Untracked 
|  10|0x0000000082200000, 0x0000000082300000, 0x0000000082300000|100%| O|  |TAMS 0x0000000082200000, 0x0000000082200000| Untracked 
|  11|0x0000000082300000, 0x0000000082400000, 0x0000000082400000|100%| O|  |TAMS 0x0000000082300000, 0x0000000082300000| Untracked 
|  12|0x0000000082400000, 0x0000000082500000, 0x0000000082500000|100%| O|  |TAMS 0x0000000082400000, 0x0000000082400000| Untracked 
|  13|0x0000000082500000, 0x0000000082600000, 0x0000000082600000|100%| O|  |TAMS 0x0000000082500000, 0x0000000082500000| Untracked 
|  14|0x0000000082600000, 0x0000000082700000, 0x0000000082700000|100%| O|  |TAMS 0x0000000082600000, 0x0000000082600000| Untracked 
|  15|0x0000000082700000, 0x0000000082800000, 0x0000000082800000|100%| O|  |TAMS 0x0000000082700000, 0x0000000082700000| Untracked 
|  16|0x0000000082800000, 0x0000000082900000, 0x0000000082900000|100%| O|  |TAMS 0x0000000082800000, 0x0000000082800000| Untracked 
|  17|0x0000000082900000, 0x0000000082a00000, 0x0000000082a00000|100%| O|  |TAMS 0x0000000082900000, 0x0000000082900000| Untracked 
|  18|0x0000000082a00000, 0x0000000082b00000, 0x0000000082b00000|100%| O|  |TAMS 0x0000000082a00000, 0x0000000082a00000| Untracked 
|  19|0x0000000082b00000, 0x0000000082c00000, 0x0000000082c00000|100%| O|  |TAMS 0x0000000082b00000, 0x0000000082b00000| Untracked 
|  20|0x0000000082c00000, 0x0000000082d00000, 0x0000000082d00000|100%| O|  |TAMS 0x0000000082c00000, 0x0000000082c00000| Untracked 
|  21|0x0000000082d00000, 0x0000000082e00000, 0x0000000082e00000|100%| O|  |TAMS 0x0000000082d00000, 0x0000000082d00000| Untracked 
|  22|0x0000000082e00000, 0x0000000082f00000, 0x0000000082f00000|100%| O|  |TAMS 0x0000000082e00000, 0x0000000082e00000| Untracked 
|  23|0x0000000082f00000, 0x0000000083000000, 0x0000000083000000|100%| O|  |TAMS 0x0000000082f00000, 0x0000000082f00000| Untracked 
|  24|0x0000000083000000, 0x0000000083000000, 0x0000000083100000|  0%| F|  |TAMS 0x0000000083000000, 0x0000000083000000| Untracked 
|  25|0x0000000083100000, 0x0000000083100000, 0x0000000083200000|  0%| F|  |TAMS 0x0000000083100000, 0x0000000083100000| Untracked 
|  26|0x0000000083200000, 0x0000000083200000, 0x0000000083300000|  0%| F|  |TAMS 0x0000000083200000, 0x0000000083200000| Untracked 
|  27|0x0000000083300000, 0x0000000083300000, 0x0000000083400000|  0%| F|  |TAMS 0x0000000083300000, 0x0000000083300000| Untracked 
|  28|0x0000000083400000, 0x0000000083400000, 0x0000000083500000|  0%| F|  |TAMS 0x0000000083400000, 0x0000000083400000| Untracked 
|  29|0x0000000083500000, 0x0000000083500000, 0x0000000083600000|  0%| F|  |TAMS 0x0000000083500000, 0x0000000083500000| Untracked 
|  30|0x0000000083600000, 0x0000000083600000, 0x0000000083700000|  0%| F|  |TAMS 0x0000000083600000, 0x0000000083600000| Untracked 
|  31|0x0000000083700000, 0x0000000083700000, 0x0000000083800000|  0%| F|  |TAMS 0x0000000083700000, 0x0000000083700000| Untracked 
|  32|0x0000000083800000, 0x0000000083800000, 0x0000000083900000|  0%| F|  |TAMS 0x0000000083800000, 0x0000000083800000| Untracked 
|  33|0x0000000083900000, 0x0000000083900000, 0x0000000083a00000|  0%| F|  |TAMS 0x0000000083900000, 0x0000000083900000| Untracked 
|  34|0x0000000083a00000, 0x0000000083a00000, 0x0000000083b00000|  0%| F|  |TAMS 0x0000000083a00000, 0x0000000083a00000| Untracked 
|  35|0x0000000083b00000, 0x0000000083b00000, 0x0000000083c00000|  0%| F|  |TAMS 0x0000000083b00000, 0x0000000083b00000| Untracked 
|  36|0x0000000083c00000, 0x0000000083c00000, 0x0000000083d00000|  0%| F|  |TAMS 0x0000000083c00000, 0x0000000083c00000| Untracked 
|  37|0x0000000083d00000, 0x0000000083d00000, 0x0000000083e00000|  0%| F|  |TAMS 0x0000000083d00000, 0x0000000083d00000| Untracked 
|  38|0x0000000083e00000, 0x0000000083e00000, 0x0000000083f00000|  0%| F|  |TAMS 0x0000000083e00000, 0x0000000083e00000| Untracked 
|  39|0x0000000083f00000, 0x0000000083f00000, 0x0000000084000000|  0%| F|  |TAMS 0x0000000083f00000, 0x0000000083f00000| Untracked 
|  40|0x0000000084000000, 0x0000000084000000, 0x0000000084100000|  0%| F|  |TAMS 0x0000000084000000, 0x0000000084000000| Untracked 
|  41|0x0000000084100000, 0x0000000084100000, 0x0000000084200000|  0%| F|  |TAMS 0x0000000084100000, 0x0000000084100000| Untracked 
|  42|0x0000000084200000, 0x0000000084200000, 0x0000000084300000|  0%| F|  |TAMS 0x0000000084200000, 0x0000000084200000| Untracked 
|  43|0x0000000084300000, 0x0000000084300000, 0x0000000084400000|  0%| F|  |TAMS 0x0000000084300000, 0x0000000084300000| Untracked 
|  44|0x0000000084400000, 0x0000000084400000, 0x0000000084500000|  0%| F|  |TAMS 0x0000000084400000, 0x0000000084400000| Untracked 
|  45|0x0000000084500000, 0x0000000084500000, 0x0000000084600000|  0%| F|  |TAMS 0x0000000084500000, 0x0000000084500000| Untracked 
|  46|0x0000000084600000, 0x0000000084600000, 0x0000000084700000|  0%| F|  |TAMS 0x0000000084600000, 0x0000000084600000| Untracked 
|  47|0x0000000084700000, 0x0000000084700000, 0x0000000084800000|  0%| F|  |TAMS 0x0000000084700000, 0x0000000084700000| Untracked 
|  48|0x0000000084800000, 0x0000000084800000, 0x0000000084900000|  0%| F|  |TAMS 0x0000000084800000, 0x0000000084800000| Untracked 
|  49|0x0000000084900000, 0x0000000084900000, 0x0000000084a00000|  0%| F|  |TAMS 0x0000000084900000, 0x0000000084900000| Untracked 
|  50|0x0000000084a00000, 0x0000000084a00000, 0x0000000084b00000|  0%| F|  |TAMS 0x0000000084a00000, 0x0000000084a00000| Untracked 
|  51|0x0000000084b00000, 0x0000000084b00000, 0x0000000084c00000|  0%| F|  |TAMS 0x0000000084b00000, 0x0000000084b00000| Untracked 
|  52|0x0000000084c00000, 0x0000000084c00000, 0x0000000084d00000|  0%| F|  |TAMS 0x0000000084c00000, 0x0000000084c00000| Untracked 
|  53|0x0000000084d00000, 0x0000000084d00000, 0x0000000084e00000|  0%| F|  |TAMS 0x0000000084d00000, 0x0000000084d00000| Untracked 
|  54|0x0000000084e00000, 0x0000000084e00000, 0x0000000084f00000|  0%| F|  |TAMS 0x0000000084e00000, 0x0000000084e00000| Untracked 
|  55|0x0000000084f00000, 0x0000000084f00000, 0x0000000085000000|  0%| F|  |TAMS 0x0000000084f00000, 0x0000000084f00000| Untracked 
|  56|0x0000000085000000, 0x0000000085000000, 0x0000000085100000|  0%| F|  |TAMS 0x0000000085000000, 0x0000000085000000| Untracked 
|  57|0x0000000085100000, 0x0000000085100000, 0x0000000085200000|  0%| F|  |TAMS 0x0000000085100000, 0x0000000085100000| Untracked 
|  58|0x0000000085200000, 0x0000000085200000, 0x0000000085300000|  0%| F|  |TAMS 0x0000000085200000, 0x0000000085200000| Untracked 
|  59|0x0000000085300000, 0x0000000085300000, 0x0000000085400000|  0%| F|  |TAMS 0x0000000085300000, 0x0000000085300000| Untracked 
|  60|0x0000000085400000, 0x0000000085400000, 0x0000000085500000|  0%| F|  |TAMS 0x0000000085400000, 0x0000000085400000| Untracked 
|  61|0x0000000085500000, 0x0000000085500000, 0x0000000085600000|  0%| F|  |TAMS 0x0000000085500000, 0x0000000085500000| Untracked 
|  62|0x0000000085600000, 0x0000000085600000, 0x0000000085700000|  0%| F|  |TAMS 0x0000000085600000, 0x0000000085600000| Untracked 
|  63|0x0000000085700000, 0x0000000085700000, 0x0000000085800000|  0%| F|  |TAMS 0x0000000085700000, 0x0000000085700000| Untracked 
|  64|0x0000000085800000, 0x0000000085800000, 0x0000000085900000|  0%| F|  |TAMS 0x0000000085800000, 0x0000000085800000| Untracked 
|  65|0x0000000085900000, 0x0000000085900000, 0x0000000085a00000|  0%| F|  |TAMS 0x0000000085900000, 0x0000000085900000| Untracked 
|  66|0x0000000085a00000, 0x0000000085a00000, 0x0000000085b00000|  0%| F|  |TAMS 0x0000000085a00000, 0x0000000085a00000| Untracked 
|  67|0x0000000085b00000, 0x0000000085b00000, 0x0000000085c00000|  0%| F|  |TAMS 0x0000000085b00000, 0x0000000085b00000| Untracked 
|  68|0x0000000085c00000, 0x0000000085c00000, 0x0000000085d00000|  0%| F|  |TAMS 0x0000000085c00000, 0x0000000085c00000| Untracked 
|  69|0x0000000085d00000, 0x0000000085d00000, 0x0000000085e00000|  0%| F|  |TAMS 0x0000000085d00000, 0x0000000085d00000| Untracked 
|  70|0x0000000085e00000, 0x0000000085e00000, 0x0000000085f00000|  0%| F|  |TAMS 0x0000000085e00000, 0x0000000085e00000| Untracked 
|  71|0x0000000085f00000, 0x0000000085f00000, 0x0000000086000000|  0%| F|  |TAMS 0x0000000085f00000, 0x0000000085f00000| Untracked 
|  72|0x0000000086000000, 0x0000000086000000, 0x0000000086100000|  0%| F|  |TAMS 0x0000000086000000, 0x0000000086000000| Untracked 
|  73|0x0000000086100000, 0x0000000086100000, 0x0000000086200000|  0%| F|  |TAMS 0x0000000086100000, 0x0000000086100000| Untracked 
|  74|0x0000000086200000, 0x0000000086200000, 0x0000000086300000|  0%| F|  |TAMS 0x0000000086200000, 0x0000000086200000| Untracked 
|  75|0x0000000086300000, 0x0000000086300000, 0x0000000086400000|  0%| F|  |TAMS 0x0000000086300000, 0x0000000086300000| Untracked 
|  76|0x0000000086400000, 0x0000000086400000, 0x0000000086500000|  0%| F|  |TAMS 0x0000000086400000, 0x0000000086400000| Untracked 
|  77|0x0000000086500000, 0x0000000086500000, 0x0000000086600000|  0%| F|  |TAMS 0x0000000086500000, 0x0000000086500000| Untracked 
|  78|0x0000000086600000, 0x0000000086600000, 0x0000000086700000|  0%| F|  |TAMS 0x0000000086600000, 0x0000000086600000| Untracked 
|  79|0x0000000086700000, 0x0000000086700000, 0x0000000086800000|  0%| F|  |TAMS 0x0000000086700000, 0x0000000086700000| Untracked 
|  80|0x0000000086800000, 0x0000000086800000, 0x0000000086900000|  0%| F|  |TAMS 0x0000000086800000, 0x0000000086800000| Untracked 
|  81|0x0000000086900000, 0x0000000086900000, 0x0000000086a00000|  0%| F|  |TAMS 0x0000000086900000, 0x0000000086900000| Untracked 
|  82|0x0000000086a00000, 0x0000000086a00000, 0x0000000086b00000|  0%| F|  |TAMS 0x0000000086a00000, 0x0000000086a00000| Untracked 
|  83|0x0000000086b00000, 0x0000000086b00000, 0x0000000086c00000|  0%| F|  |TAMS 0x0000000086b00000, 0x0000000086b00000| Untracked 
|  84|0x0000000086c00000, 0x0000000086c00000, 0x0000000086d00000|  0%| F|  |TAMS 0x0000000086c00000, 0x0000000086c00000| Untracked 
|  85|0x0000000086d00000, 0x0000000086d00000, 0x0000000086e00000|  0%| F|  |TAMS 0x0000000086d00000, 0x0000000086d00000| Untracked 
|  86|0x0000000086e00000, 0x0000000086e00000, 0x0000000086f00000|  0%| F|  |TAMS 0x0000000086e00000, 0x0000000086e00000| Untracked 
|  87|0x0000000086f00000, 0x0000000086f00000, 0x0000000087000000|  0%| F|  |TAMS 0x0000000086f00000, 0x0000000086f00000| Untracked 
|  88|0x0000000087000000, 0x0000000087000000, 0x0000000087100000|  0%| F|  |TAMS 0x0000000087000000, 0x0000000087000000| Untracked 
|  89|0x0000000087100000, 0x0000000087100000, 0x0000000087200000|  0%| F|  |TAMS 0x0000000087100000, 0x0000000087100000| Untracked 
|  90|0x0000000087200000, 0x0000000087200000, 0x0000000087300000|  0%| F|  |TAMS 0x0000000087200000, 0x0000000087200000| Untracked 
|  91|0x0000000087300000, 0x0000000087300000, 0x0000000087400000|  0%| F|  |TAMS 0x0000000087300000, 0x0000000087300000| Untracked 
|  92|0x0000000087400000, 0x0000000087400000, 0x0000000087500000|  0%| F|  |TAMS 0x0000000087400000, 0x0000000087400000| Untracked 
|  93|0x0000000087500000, 0x0000000087500000, 0x0000000087600000|  0%| F|  |TAMS 0x0000000087500000, 0x0000000087500000| Untracked 
|  94|0x0000000087600000, 0x0000000087600000, 0x0000000087700000|  0%| F|  |TAMS 0x0000000087600000, 0x0000000087600000| Untracked 
|  95|0x0000000087700000, 0x0000000087700000, 0x0000000087800000|  0%| F|  |TAMS 0x0000000087700000, 0x0000000087700000| Untracked 
|  96|0x0000000087800000, 0x0000000087800000, 0x0000000087900000|  0%| F|  |TAMS 0x0000000087800000, 0x0000000087800000| Untracked 
|  97|0x0000000087900000, 0x0000000087900000, 0x0000000087a00000|  0%| F|  |TAMS 0x0000000087900000, 0x0000000087900000| Untracked 
|  98|0x0000000087a00000, 0x0000000087a00000, 0x0000000087b00000|  0%| F|  |TAMS 0x0000000087a00000, 0x0000000087a00000| Untracked 
|  99|0x0000000087b00000, 0x0000000087b00000, 0x0000000087c00000|  0%| F|  |TAMS 0x0000000087b00000, 0x0000000087b00000| Untracked 
| 100|0x0000000087c00000, 0x0000000087c00000, 0x0000000087d00000|  0%| F|  |TAMS 0x0000000087c00000, 0x0000000087c00000| Untracked 
| 101|0x0000000087d00000, 0x0000000087d00000, 0x0000000087e00000|  0%| F|  |TAMS 0x0000000087d00000, 0x0000000087d00000| Untracked 
| 102|0x0000000087e00000, 0x0000000087e00000, 0x0000000087f00000|  0%| F|  |TAMS 0x0000000087e00000, 0x0000000087e00000| Untracked 
| 103|0x0000000087f00000, 0x0000000087f00000, 0x0000000088000000|  0%| F|  |TAMS 0x0000000087f00000, 0x0000000087f00000| Untracked 
| 104|0x0000000088000000, 0x0000000088000000, 0x0000000088100000|  0%| F|  |TAMS 0x0000000088000000, 0x0000000088000000| Untracked 
| 105|0x0000000088100000, 0x0000000088100000, 0x0000000088200000|  0%| F|  |TAMS 0x0000000088100000, 0x0000000088100000| Untracked 
| 106|0x0000000088200000, 0x0000000088200000, 0x0000000088300000|  0%| F|  |TAMS 0x0000000088200000, 0x0000000088200000| Untracked 
| 107|0x0000000088300000, 0x0000000088300000, 0x0000000088400000|  0%| F|  |TAMS 0x0000000088300000, 0x0000000088300000| Untracked 
| 108|0x0000000088400000, 0x0000000088400000, 0x0000000088500000|  0%| F|  |TAMS 0x0000000088400000, 0x0000000088400000| Untracked 
| 109|0x0000000088500000, 0x0000000088500000, 0x0000000088600000|  0%| F|  |TAMS 0x0000000088500000, 0x0000000088500000| Untracked 
| 110|0x0000000088600000, 0x0000000088600000, 0x0000000088700000|  0%| F|  |TAMS 0x0000000088600000, 0x0000000088600000| Untracked 
| 111|0x0000000088700000, 0x0000000088700000, 0x0000000088800000|  0%| F|  |TAMS 0x0000000088700000, 0x0000000088700000| Untracked 
| 112|0x0000000088800000, 0x0000000088900000, 0x0000000088900000|100%| S|CS|TAMS 0x0000000088800000, 0x0000000088800000| Complete 
| 113|0x0000000088900000, 0x0000000088a00000, 0x0000000088a00000|100%| S|CS|TAMS 0x0000000088900000, 0x0000000088900000| Complete 
| 114|0x0000000088a00000, 0x0000000088b00000, 0x0000000088b00000|100%| S|CS|TAMS 0x0000000088a00000, 0x0000000088a00000| Complete 
| 115|0x0000000088b00000, 0x0000000088b00000, 0x0000000088c00000|  0%| F|  |TAMS 0x0000000088b00000, 0x0000000088b00000| Untracked 
| 116|0x0000000088c00000, 0x0000000088c00000, 0x0000000088d00000|  0%| F|  |TAMS 0x0000000088c00000, 0x0000000088c00000| Untracked 
| 117|0x0000000088d00000, 0x0000000088d00d28, 0x0000000088e00000|  0%| E|  |TAMS 0x0000000088d00000, 0x0000000088d00000| Complete 
| 118|0x0000000088e00000, 0x0000000088f00000, 0x0000000088f00000|100%| E|CS|TAMS 0x0000000088e00000, 0x0000000088e00000| Complete 
| 119|0x0000000088f00000, 0x0000000089000000, 0x0000000089000000|100%| E|CS|TAMS 0x0000000088f00000, 0x0000000088f00000| Complete 
| 120|0x0000000089000000, 0x0000000089100000, 0x0000000089100000|100%| E|CS|TAMS 0x0000000089000000, 0x0000000089000000| Complete 
| 121|0x0000000089100000, 0x0000000089200000, 0x0000000089200000|100%| E|CS|TAMS 0x0000000089100000, 0x0000000089100000| Complete 
| 122|0x0000000089200000, 0x0000000089300000, 0x0000000089300000|100%| E|CS|TAMS 0x0000000089200000, 0x0000000089200000| Complete 
| 123|0x0000000089300000, 0x0000000089400000, 0x0000000089400000|100%| E|CS|TAMS 0x0000000089300000, 0x0000000089300000| Complete 
| 124|0x0000000089400000, 0x0000000089500000, 0x0000000089500000|100%| E|CS|TAMS 0x0000000089400000, 0x0000000089400000| Complete 
| 125|0x0000000089500000, 0x0000000089600000, 0x0000000089600000|100%| E|CS|TAMS 0x0000000089500000, 0x0000000089500000| Complete 
| 126|0x0000000089600000, 0x0000000089700000, 0x0000000089700000|100%| E|CS|TAMS 0x0000000089600000, 0x0000000089600000| Complete 
| 127|0x0000000089700000, 0x0000000089800000, 0x0000000089800000|100%| E|CS|TAMS 0x0000000089700000, 0x0000000089700000| Complete 

Card table byte_map: [0x0000020fc30a0000,0x0000020fc34a0000] _byte_map_base: 0x0000020fc2c94000

Marking Bits (Prev, Next): (CMBitMap*) 0x0000020fac032ff8, (CMBitMap*) 0x0000020fac033030
 Prev Bits: [0x0000020fc38a0000, 0x0000020fc5840000)
 Next Bits: [0x0000020fc5840000, 0x0000020fc77e0000)

Polling page: 0x0000020fac090000

Metaspace:

Usage:
  Non-class:     16.72 MB capacity,    16.54 MB ( 99%) used,   149.16 KB ( <1%) free+waste,    28.13 KB ( <1%) overhead. 
      Class:      1.75 MB capacity,     1.65 MB ( 94%) used,    88.92 KB (  5%) free+waste,    12.06 KB ( <1%) overhead. 
       Both:     18.47 MB capacity,    18.20 MB ( 99%) used,   238.08 KB (  1%) free+waste,    40.19 KB ( <1%) overhead. 

Virtual space:
  Non-class space:       18.00 MB reserved,      16.75 MB ( 93%) committed 
      Class space:        1.00 GB reserved,       1.88 MB ( <1%) committed 
             Both:        1.02 GB reserved,      18.63 MB (  2%) committed 

Chunk freelists:
   Non-Class:  4.25 KB
       Class:  3.75 KB
        Both:  8.00 KB

CodeHeap 'non-profiled nmethods': size=120064Kb used=1064Kb max_used=1064Kb free=118999Kb
 bounds [0x0000020fbb130000, 0x0000020fbb3a0000, 0x0000020fc2670000]
CodeHeap 'profiled nmethods': size=120000Kb used=5310Kb max_used=5310Kb free=114689Kb
 bounds [0x0000020fb3c00000, 0x0000020fb4130000, 0x0000020fbb130000]
CodeHeap 'non-nmethods': size=5696Kb used=1109Kb max_used=1156Kb free=4586Kb
 bounds [0x0000020fb3670000, 0x0000020fb38e0000, 0x0000020fb3c00000]
 total_blobs=2565 nmethods=2136 adapters=340
 compilation: enabled
              stopped_count=0, restarted_count=0
 full_count=0

Compilation events (10 events):
Event: 15.023 Thread 0x0000020fca6e9800 nmethod 2100 0x0000020fb40e8310 code [0x0000020fb40e84e0, 0x0000020fb40e8978]
Event: 15.023 Thread 0x0000020fca6e9800 2102       3       java.util.regex.Pattern$GroupHead::match (47 bytes)
Event: 15.023 Thread 0x0000020fca6e9800 nmethod 2102 0x0000020fb40e8b90 code [0x0000020fb40e8d40, 0x0000020fb40e8f88]
Event: 15.041 Thread 0x0000020fca6e9800 2104       3       java.util.regex.Pattern::append (39 bytes)
Event: 15.042 Thread 0x0000020fca6e9800 nmethod 2104 0x0000020fb40e9110 code [0x0000020fb40e92c0, 0x0000020fb40e9608]
Event: 15.042 Thread 0x0000020fca6e9800 2105       3       java.util.regex.Pattern::single (82 bytes)
Event: 15.045 Thread 0x0000020fca6e9800 nmethod 2105 0x0000020fb40e9790 code [0x0000020fb40e9aa0, 0x0000020fb40eb048]
Event: 15.045 Thread 0x0000020fca6e9800 2106       3       java.lang.invoke.DirectMethodHandle$Holder::invokeStatic (14 bytes)
Event: 15.045 Thread 0x0000020fca6e9800 nmethod 2106 0x0000020fb40eb610 code [0x0000020fb40eb7e0, 0x0000020fb40ebc18]
Event: 15.049 Thread 0x0000020fca6e9800 2108       3       java.util.regex.Matcher::appendExpandedReplacement (510 bytes)

GC Heap History (8 events):
Event: 2.841 GC heap before
{Heap before GC invocations=0 (full 0):
 garbage-first heap   total 131072K, used 15360K [0x0000000081800000, 0x0000000100000000)
  region size 1024K, 14 young (14336K), 0 survivors (0K)
 Metaspace       used 7221K, capacity 7372K, committed 7680K, reserved 1056768K
  class space    used 645K, capacity 691K, committed 768K, reserved 1048576K
}
Event: 2.852 GC heap after
{Heap after GC invocations=1 (full 0):
 garbage-first heap   total 131072K, used 10281K [0x0000000081800000, 0x0000000100000000)
  region size 1024K, 2 young (2048K), 2 survivors (2048K)
 Metaspace       used 7221K, capacity 7372K, committed 7680K, reserved 1056768K
  class space    used 645K, capacity 691K, committed 768K, reserved 1048576K
}
Event: 3.363 GC heap before
{Heap before GC invocations=1 (full 0):
 garbage-first heap   total 131072K, used 16425K [0x0000000081800000, 0x0000000100000000)
  region size 1024K, 8 young (8192K), 2 survivors (2048K)
 Metaspace       used 7984K, capacity 8157K, committed 8192K, reserved 1056768K
  class space    used 711K, capacity 760K, committed 768K, reserved 1048576K
}
Event: 3.367 GC heap after
{Heap after GC invocations=2 (full 0):
 garbage-first heap   total 131072K, used 10112K [0x0000000081800000, 0x0000000100000000)
  region size 1024K, 1 young (1024K), 1 survivors (1024K)
 Metaspace       used 7984K, capacity 8157K, committed 8192K, reserved 1056768K
  class space    used 711K, capacity 760K, committed 768K, reserved 1048576K
}
Event: 5.638 GC heap before
{Heap before GC invocations=2 (full 0):
 garbage-first heap   total 131072K, used 40832K [0x0000000081800000, 0x0000000100000000)
  region size 1024K, 31 young (31744K), 1 survivors (1024K)
 Metaspace       used 12016K, capacity 12203K, committed 12288K, reserved 1060864K
  class space    used 1138K, capacity 1217K, committed 1280K, reserved 1048576K
}
Event: 5.641 GC heap after
{Heap after GC invocations=3 (full 0):
 garbage-first heap   total 131072K, used 10747K [0x0000000081800000, 0x0000000100000000)
  region size 1024K, 1 young (1024K), 1 survivors (1024K)
 Metaspace       used 12016K, capacity 12203K, committed 12288K, reserved 1060864K
  class space    used 1138K, capacity 1217K, committed 1280K, reserved 1048576K
}
Event: 14.871 GC heap before
{Heap before GC invocations=3 (full 0):
 garbage-first heap   total 131072K, used 83451K [0x0000000081800000, 0x0000000100000000)
  region size 1024K, 72 young (73728K), 1 survivors (1024K)
 Metaspace       used 18030K, capacity 18239K, committed 18432K, reserved 1067008K
  class space    used 1662K, capacity 1762K, committed 1792K, reserved 1048576K
}
Event: 14.934 GC heap after
{Heap after GC invocations=4 (full 0):
 garbage-first heap   total 131072K, used 24668K [0x0000000081800000, 0x0000000100000000)
  region size 1024K, 9 young (9216K), 9 survivors (9216K)
 Metaspace       used 18030K, capacity 18239K, committed 18432K, reserved 1067008K
  class space    used 1662K, capacity 1762K, committed 1792K, reserved 1048576K
}

Deoptimization events (10 events):
Event: 13.508 Thread 0x0000020fabff4000 Uncommon trap: reason=unloaded action=reinterpret pc=0x0000020fbb194c58 method=jdk.internal.loader.URLClassPath$FileLoader.getResource(Ljava/lang/String;Z)Ljdk/internal/loader/Resource; @ 142 c2
Event: 13.844 Thread 0x0000020fabff4000 Uncommon trap: reason=unstable_if action=reinterpret pc=0x0000020fbb1460cc method=java.lang.StringLatin1.canEncode(I)Z @ 4 c2
Event: 13.844 Thread 0x0000020fabff4000 Uncommon trap: reason=unstable_if action=reinterpret pc=0x0000020fbb146c2c method=java.lang.AbstractStringBuilder.isLatin1()Z @ 10 c2
Event: 13.853 Thread 0x0000020fabff4000 Uncommon trap: reason=unstable_if action=reinterpret pc=0x0000020fbb1424b4 method=java.lang.StringLatin1.canEncode(I)Z @ 4 c2
Event: 14.150 Thread 0x0000020fabff4000 Uncommon trap: reason=unstable_if action=reinterpret pc=0x0000020fbb1ce09c method=jdk.internal.jimage.ImageLocation.verify(Ljava/lang/String;Ljava/lang/String;[JLjdk/internal/jimage/ImageStrings;)Z @ 18 c2
Event: 14.171 Thread 0x0000020fabff4000 Uncommon trap: reason=unstable_if action=reinterpret pc=0x0000020fbb223764 method=org.aspectj.weaver.TypeFactory.createTypeFromSignature(Ljava/lang/String;)Lorg/aspectj/weaver/UnresolvedType; @ 527 c2
Event: 14.175 Thread 0x0000020fabff4000 Uncommon trap: reason=unstable_if action=reinterpret pc=0x0000020fbb21a2d0 method=org.aspectj.weaver.UnresolvedType.forSignature(Ljava/lang/String;)Lorg/aspectj/weaver/UnresolvedType; @ 37 c2
Event: 14.247 Thread 0x0000020fabff4000 Uncommon trap: reason=class_check action=maybe_recompile pc=0x0000020fbb1e9e8c method=org.aspectj.weaver.World$TypeMap.get(Ljava/lang/String;)Lorg/aspectj/weaver/ResolvedType; @ 52 c2
Event: 14.674 Thread 0x0000020fabff4000 Uncommon trap: reason=class_check action=maybe_recompile pc=0x0000020fbb1e9e8c method=org.aspectj.weaver.World$TypeMap.get(Ljava/lang/String;)Lorg/aspectj/weaver/ResolvedType; @ 52 c2
Event: 14.689 Thread 0x0000020fabff4000 Uncommon trap: reason=intrinsic_or_type_checked_inlining action=make_not_entrant pc=0x0000020fbb2343d8 method=java.util.Arrays.copyOf([Ljava/lang/Object;ILjava/lang/Class;)[Ljava/lang/Object; @ 35 c2

Classes redefined (1 events):
Event: 6.099 Thread 0x0000020fc9e6b800 redefined class name=java.lang.Throwable, count=1

Internal exceptions (10 events):
Event: 5.583 Thread 0x0000020fabff4000 Exception <a 'java/lang/ArrayIndexOutOfBoundsException'{0x0000000087964808}: Index 9 out of bounds for length 9> (0x0000000087964808) thrown at [./open/src/hotspot/share/interpreter/interpreterRuntime.cpp, line 444]
Event: 5.583 Thread 0x0000020fabff4000 Exception <a 'java/lang/ArrayIndexOutOfBoundsException'{0x0000000087964dd0}: Index 9 out of bounds for length 9> (0x0000000087964dd0) thrown at [./open/src/hotspot/share/interpreter/interpreterRuntime.cpp, line 444]
Event: 5.585 Thread 0x0000020fabff4000 Exception <a 'java/lang/ArrayIndexOutOfBoundsException'{0x000000008796b3d8}: Index 7 out of bounds for length 7> (0x000000008796b3d8) thrown at [./open/src/hotspot/share/interpreter/interpreterRuntime.cpp, line 444]
Event: 5.585 Thread 0x0000020fabff4000 Exception <a 'java/lang/ArrayIndexOutOfBoundsException'{0x000000008796b9a0}: Index 7 out of bounds for length 7> (0x000000008796b9a0) thrown at [./open/src/hotspot/share/interpreter/interpreterRuntime.cpp, line 444]
Event: 5.585 Thread 0x0000020fabff4000 Exception <a 'java/lang/ArrayIndexOutOfBoundsException'{0x000000008796bf68}: Index 7 out of bounds for length 7> (0x000000008796bf68) thrown at [./open/src/hotspot/share/interpreter/interpreterRuntime.cpp, line 444]
Event: 7.317 Thread 0x0000020fabff4000 Exception <a 'java/lang/NoSuchMethodError'{0x0000000087fcd1b8}: java.lang.invoke.DirectMethodHandle$Holder.invokeStaticInit(Ljava/lang/Object;Ljava/lang/Object;)I> (0x0000000087fcd1b8) thrown at [./open/src/hotspot/share/interpreter/linkResolver.cpp, line
Event: 8.614 Thread 0x0000020fabff4000 Exception <a 'java/lang/NoSuchMethodError'{0x00000000870f7230}: java.lang.invoke.DirectMethodHandle$Holder.invokeVirtual(Ljava/lang/Object;Ljava/lang/Object;I)V> (0x00000000870f7230) thrown at [./open/src/hotspot/share/interpreter/linkResolver.cpp, line 7
Event: 8.912 Thread 0x0000020fabff4000 Exception <a 'java/lang/ClassNotFoundException'{0x0000000086d0ea60}: com/sun/org/apache/xerces/internal/impl/msg/spi/SAXMessagesProvider> (0x0000000086d0ea60) thrown at [./open/src/hotspot/share/classfile/systemDictionary.cpp, line 226]
Event: 9.240 Thread 0x0000020fabff4000 Exception <a 'java/lang/NoSuchMethodError'{0x0000000086b01ec8}: java.lang.invoke.DirectMethodHandle$Holder.invokeStaticInit(Ljava/lang/Object;IIII)Ljava/lang/Object;> (0x0000000086b01ec8) thrown at [./open/src/hotspot/share/interpreter/linkResolver.cpp, l
Event: 13.441 Thread 0x0000020fabff4000 Exception <a 'java/lang/NoSuchMethodError'{0x0000000086b643d0}: java.lang.invoke.DirectMethodHandle$Holder.invokeStaticInit(Ljava/lang/Object;Ljava/lang/Object;IIII)Ljava/lang/Object;> (0x0000000086b643d0) thrown at [./open/src/hotspot/share/interpreter/l

Events (10 events):
Event: 15.033 loading class org/aspectj/asm/AsmManager
Event: 15.033 loading class org/aspectj/asm/AsmManager done
Event: 15.035 loading class org/aspectj/util/IStructureModel
Event: 15.035 loading class org/aspectj/util/IStructureModel done
Event: 15.039 loading class io/qameta/allure/internal/shadowed/jackson/databind/jsontype/impl/StdSubtypeResolver
Event: 15.039 loading class io/qameta/allure/internal/shadowed/jackson/databind/jsontype/impl/StdSubtypeResolver done
Event: 15.044 loading class io/qameta/allure/internal/shadowed/jackson/databind/ser/DefaultSerializerProvider
Event: 15.044 loading class io/qameta/allure/internal/shadowed/jackson/databind/ser/DefaultSerializerProvider done
Event: 15.051 Thread 0x0000020fabff4000 DEOPT PACKING pc=0x0000020fb3c7757b sp=0x0000002d9d0f8580
Event: 15.051 Thread 0x0000020fabff4000 DEOPT UNPACKING pc=0x0000020fb3696dde sp=0x0000002d9d0f7ac0 mode 0


Dynamic libraries:
0x00007ff760190000 - 0x00007ff76019f000 	C:\Program Files\Java\jdk-11.0.14\bin\java.exe
0x00007ffae6990000 - 0x00007ffae6b88000 	C:\WINDOWS\SYSTEM32\ntdll.dll
0x00007ffae5c70000 - 0x00007ffae5d32000 	C:\WINDOWS\System32\KERNEL32.DLL
0x00007ffae42f0000 - 0x00007ffae45ef000 	C:\WINDOWS\System32\KERNELBASE.dll
0x00007ffae45f0000 - 0x00007ffae46f0000 	C:\WINDOWS\System32\ucrtbase.dll
0x00007ffad2c10000 - 0x00007ffad2c28000 	C:\Program Files\Java\jdk-11.0.14\bin\jli.dll
0x00007ffad38d0000 - 0x00007ffad38e5000 	C:\Program Files\Java\jdk-11.0.14\bin\VCRUNTIME140.dll
0x00007ffae4b50000 - 0x00007ffae4c01000 	C:\WINDOWS\System32\ADVAPI32.dll
0x00007ffae5410000 - 0x00007ffae54ae000 	C:\WINDOWS\System32\msvcrt.dll
0x00007ffae6420000 - 0x00007ffae64bf000 	C:\WINDOWS\System32\sechost.dll
0x00007ffae55a0000 - 0x00007ffae56c3000 	C:\WINDOWS\System32\RPCRT4.dll
0x00007ffae4970000 - 0x00007ffae4997000 	C:\WINDOWS\System32\bcrypt.dll
0x00007ffae64d0000 - 0x00007ffae666d000 	C:\WINDOWS\System32\USER32.dll
0x00007ffae42c0000 - 0x00007ffae42e2000 	C:\WINDOWS\System32\win32u.dll
0x00007ffae53e0000 - 0x00007ffae540b000 	C:\WINDOWS\System32\GDI32.dll
0x00007ffae46f0000 - 0x00007ffae4807000 	C:\WINDOWS\System32\gdi32full.dll
0x00007ffae4120000 - 0x00007ffae41bd000 	C:\WINDOWS\System32\msvcp_win.dll
0x00007ffad9e60000 - 0x00007ffada0fa000 	C:\WINDOWS\WinSxS\amd64_microsoft.windows.common-controls_6595b64144ccf1df_6.0.19041.4355_none_60b8b9eb71f62e16\COMCTL32.dll
0x00007ffae3aa0000 - 0x00007ffae3aaa000 	C:\WINDOWS\SYSTEM32\VERSION.dll
0x00007ffae5540000 - 0x00007ffae556f000 	C:\WINDOWS\System32\IMM32.DLL
0x0000000058180000 - 0x000000005818c000 	C:\Program Files (x86)\360\Total Security\safemon\SafeWrapper.dll
0x00007ffac5120000 - 0x00007ffac51cc000 	C:\Program Files (x86)\360\Total Security\safemon\libzdtp64.dll
0x00007ffae4c10000 - 0x00007ffae537e000 	C:\WINDOWS\System32\SHELL32.dll
0x00007ffae5380000 - 0x00007ffae53d5000 	C:\WINDOWS\System32\SHLWAPI.dll
0x00007ffac4f70000 - 0x00007ffac500b000 	C:\Program Files\Java\jdk-11.0.14\bin\msvcp140.dll
0x00007ffaa74a0000 - 0x00007ffaa7fb6000 	C:\Program Files\Java\jdk-11.0.14\bin\server\jvm.dll
0x00007ffae64c0000 - 0x00007ffae64c8000 	C:\WINDOWS\System32\PSAPI.DLL
0x00007ffad8600000 - 0x00007ffad8609000 	C:\WINDOWS\SYSTEM32\WSOCK32.dll
0x00007ffad9b80000 - 0x00007ffad9ba7000 	C:\WINDOWS\SYSTEM32\WINMM.dll
0x00007ffae66f0000 - 0x00007ffae675b000 	C:\WINDOWS\System32\WS2_32.dll
0x00007ffae1df0000 - 0x00007ffae1e02000 	C:\WINDOWS\SYSTEM32\kernel.appcore.dll
0x00007ffad2c00000 - 0x00007ffad2c10000 	C:\Program Files\Java\jdk-11.0.14\bin\verify.dll
0x00007ffac64b0000 - 0x00007ffac6694000 	C:\WINDOWS\SYSTEM32\DBGHELP.DLL
0x00007ffac6470000 - 0x00007ffac64a4000 	C:\WINDOWS\SYSTEM32\dbgcore.DLL
0x00007ffae4020000 - 0x00007ffae40a2000 	C:\WINDOWS\System32\bcryptPrimitives.dll
0x00007ffad0f90000 - 0x00007ffad0fb8000 	C:\Program Files\Java\jdk-11.0.14\bin\java.dll
0x00007ffad2bf0000 - 0x00007ffad2bfa000 	C:\Program Files\Java\jdk-11.0.14\bin\jimage.dll
0x00007ffad0f70000 - 0x00007ffad0f7e000 	C:\Program Files\Java\jdk-11.0.14\bin\instrument.dll
0x00007ffad28f0000 - 0x00007ffad2906000 	C:\Program Files\Java\jdk-11.0.14\bin\zip.dll
0x00007ffae1ff0000 - 0x00007ffae2794000 	C:\WINDOWS\SYSTEM32\windows.storage.dll
0x00007ffae56d0000 - 0x00007ffae5a25000 	C:\WINDOWS\System32\combase.dll
0x00007ffae3900000 - 0x00007ffae392f000 	C:\WINDOWS\SYSTEM32\Wldp.dll
0x00007ffae6350000 - 0x00007ffae641d000 	C:\WINDOWS\System32\OLEAUT32.dll
0x00007ffae5bc0000 - 0x00007ffae5c6d000 	C:\WINDOWS\System32\SHCORE.dll
0x00007ffae3f50000 - 0x00007ffae3f74000 	C:\WINDOWS\SYSTEM32\profapi.dll
0x00007ffad2700000 - 0x00007ffad2719000 	C:\Program Files\Java\jdk-11.0.14\bin\net.dll
0x00007ffadc4c0000 - 0x00007ffadc5cd000 	C:\WINDOWS\SYSTEM32\WINHTTP.dll
0x00007ffae36e0000 - 0x00007ffae374a000 	C:\WINDOWS\system32\mswsock.dll
0x00007ffad1b40000 - 0x00007ffad1b52000 	C:\Program Files\Java\jdk-11.0.14\bin\nio.dll
0x00007ffade310000 - 0x00007ffade32a000 	C:\Program Files\JetBrains\IntelliJ IDEA Community Edition 2024.3.1.1\bin\breakgen64.dll
0x00007ffae3d00000 - 0x00007ffae3d18000 	C:\WINDOWS\SYSTEM32\CRYPTSP.dll
0x00007ffae2fb0000 - 0x00007ffae2fe4000 	C:\WINDOWS\system32\rsaenh.dll
0x00007ffae3f10000 - 0x00007ffae3f3e000 	C:\WINDOWS\SYSTEM32\USERENV.dll
0x00007ffae3870000 - 0x00007ffae387c000 	C:\WINDOWS\SYSTEM32\CRYPTBASE.dll
0x00007ffae3390000 - 0x00007ffae33cb000 	C:\WINDOWS\SYSTEM32\IPHLPAPI.DLL
0x00007ffae6760000 - 0x00007ffae6768000 	C:\WINDOWS\System32\NSI.dll
0x00007ffadc4a0000 - 0x00007ffadc4b7000 	C:\WINDOWS\SYSTEM32\dhcpcsvc6.DLL
0x00007ffadc480000 - 0x00007ffadc49d000 	C:\WINDOWS\SYSTEM32\dhcpcsvc.DLL
0x00007ffae3420000 - 0x00007ffae34ea000 	C:\WINDOWS\SYSTEM32\DNSAPI.dll

dbghelp: loaded successfully - version: 4.0.5 - missing functions: none
symbol engine: initialized successfully - sym options: 0x614 - pdb path: .;C:\Program Files\Java\jdk-11.0.14\bin;C:\WINDOWS\SYSTEM32;C:\WINDOWS\WinSxS\amd64_microsoft.windows.common-controls_6595b64144ccf1df_6.0.19041.4355_none_60b8b9eb71f62e16;C:\Program Files (x86)\360\Total Security\safemon;C:\Program Files\Java\jdk-11.0.14\bin\server;C:\Program Files\JetBrains\IntelliJ IDEA Community Edition 2024.3.1.1\bin

VM Arguments:
jvm_args: -ea -javaagent:C:\Users\amit\.m2\repository/org/aspectj/aspectjweaver/1.9.20.1/aspectjweaver-1.9.20.1.jar -Didea.test.cyclic.buffer.size=1048576 -javaagent:C:\Program Files\JetBrains\IntelliJ IDEA Community Edition 2024.3.1.1\lib\idea_rt.jar=46046:C:\Program Files\JetBrains\IntelliJ IDEA Community Edition 2024.3.1.1\bin -javaagent:C:\Users\amit\AppData\Local\JetBrains\IdeaIC2024.3\captureAgent\debugger-agent.jar -Dkotlinx.coroutines.debug.enable.creation.stack.trace=false -Ddebugger.agent.enable.coroutines=true -Dkotlinx.coroutines.debug.enable.flows.stack.trace=true -Dkotlinx.coroutines.debug.enable.mutable.state.flows.stack.trace=true -Dfile.encoding=UTF-8 
java_command: com.intellij.rt.testng.RemoteTestNGStarter -usedefaultlisteners false -socket46045 @w@C:\Users\amit\AppData\Local\Temp\idea_working_dirs_testng1.tmp -temp C:\Users\amit\AppData\Local\Temp\idea_testng1.tmp
java_class_path (initial): C:\Program Files\JetBrains\IntelliJ IDEA Community Edition 2024.3.1.1\lib\idea_rt.jar;C:\Program Files\JetBrains\IntelliJ IDEA Community Edition 2024.3.1.1\plugins\testng\lib\testng-rt.jar;J:\3. automation testing testing acadmey\day41--selenium -UI elements\AssignmentAnswers\Appolo-Tools\target\test-classes;J:\3. automation testing testing acadmey\day41--selenium -UI elements\AssignmentAnswers\Appolo-Tools\target\classes;C:\Users\amit\.m2\repository\org\seleniumhq\selenium\selenium-java\4.9.1\selenium-java-4.9.1.jar;C:\Users\amit\.m2\repository\org\seleniumhq\selenium\selenium-api\4.9.1\selenium-api-4.9.1.jar;C:\Users\amit\.m2\repository\org\seleniumhq\selenium\selenium-devtools-v111\4.9.1\selenium-devtools-v111-4.9.1.jar;C:\Users\amit\.m2\repository\org\seleniumhq\selenium\selenium-devtools-v112\4.9.1\selenium-devtools-v112-4.9.1.jar;C:\Users\amit\.m2\repository\org\seleniumhq\selenium\selenium-devtools-v113\4.9.1\selenium-devtools-v113-4.9.1.jar;C:\Users\amit\.m2\repository\org\seleniumhq\selenium\selenium-devtools-v85\4.9.1\selenium-devtools-v85-4.9.1.jar;C:\Users\amit\.m2\repository\org\seleniumhq\selenium\selenium-edge-driver\4.9.1\selenium-edge-driver-4.9.1.jar;C:\Users\amit\.m2\repository\org\seleniumhq\selenium\selenium-firefox-driver\4.9.1\selenium-firefox-driver-4.9.1.jar;C:\Users\amit\.m2\repository\org\seleniumhq\selenium\selenium-http\4.9.1\selenium-http-4.9.1.jar;C:\Users\amit\.m2\repository\dev\failsafe\failsafe\3.3.1\failsafe-3.3.1.jar;C:\Users\amit\.m2\repository\org\seleniumhq\selenium\selenium-ie-driver\4.9.1\selenium-ie-driver-4.9.1.jar;C:\Users\amit\.m2\repository\org\seleniumhq\selenium\selenium-remote-driver\4.9.1\selenium-remote-driver-4.9.1.jar;C:\Users\amit\.m2\repository\io\netty\netty-buffer\4.1.91.Final\netty-buffer-4.1.91.Final.jar;C:\Users\amit\.m2\repository\io\netty\netty-codec-http\4.1.91.Final\netty-codec-http-4.1.91.Final.jar;C:\Users\amit\.m2\repository\io\netty\netty-codec\4.1.91.Final\netty-codec-4
Launcher Type: SUN_STANDARD

[Global flags]
     intx CICompilerCount                          = 3                                         {product} {ergonomic}
     uint ConcGCThreads                            = 1                                         {product} {ergonomic}
     uint G1ConcRefinementThreads                  = 4                                         {product} {ergonomic}
   size_t G1HeapRegionSize                         = 1048576                                   {product} {ergonomic}
    uintx GCDrainStackTargetSize                   = 64                                        {product} {ergonomic}
   size_t InitialHeapSize                          = 134217728                                 {product} {ergonomic}
   size_t MarkStackSize                            = 4194304                                   {product} {ergonomic}
   size_t MaxHeapSize                              = 2122317824                                {product} {ergonomic}
   size_t MaxNewSize                               = 1272971264                                {product} {ergonomic}
   size_t MinHeapDeltaBytes                        = 1048576                                   {product} {ergonomic}
    uintx NonNMethodCodeHeapSize                   = 5830732                                {pd product} {ergonomic}
    uintx NonProfiledCodeHeapSize                  = 122913754                              {pd product} {ergonomic}
    uintx ProfiledCodeHeapSize                     = 122913754                              {pd product} {ergonomic}
    uintx ReservedCodeCacheSize                    = 251658240                              {pd product} {ergonomic}
     bool SegmentedCodeCache                       = true                                      {product} {ergonomic}
     bool UseCompressedClassPointers               = true                                 {lp64_product} {ergonomic}
     bool UseCompressedOops                        = true                                 {lp64_product} {ergonomic}
     bool UseG1GC                                  = true                                      {product} {ergonomic}
     bool UseLargePagesIndividualAllocation        = false                                  {pd product} {ergonomic}

Logging:
Log output configuration:
 #0: stdout all=warning uptime,level,tags
 #1: stderr all=off uptime,level,tags

Environment Variables:
JAVA_HOME=C:\Program Files\Java\jdk-11.0.14
CLASSPATH=E:\cdac pune\6.core java\day2\assignment 2\bin;E:\cdac pune\6.core java\day1\day1 (assignment)\q4\bin
PATH=C:\Program Files\Java\jdk-11.0.14\bin;C:\Users\amit\AppData\Local\Android\Sdk\platform-tools;C:\Users\amit\AppData\Local\Android\Sdk\tools;C:\TDM-GCC-64\bin;C:\Program Files\Common Files\Oracle\Java\javapath;C:\Program Files (x86)\Common Files\Oracle\Java\javapath;C:\PROGRAMDATA\ORACLE\JAVA\JAVAPATH;C:\PROGRAM FILES (X86)\INTEL\ICLS CLIENT\;C:\PROGRAM FILES\INTEL\ICLS CLIENT\;C:\WINDOWS\SYSTEM32;C:\WINDOWS;C:\WINDOWS\SYSTEM32\WBEM;C:\WINDOWS\SYSTEM32\WINDOWSPOWERSHELL\V1.0\;C:\PROGRAM FILES\INTEL\INTEL(R) MANAGEMENT ENGINE COMPONENTS\DAL;C:\PROGRAM FILES\INTEL\INTEL(R) MANAGEMENT ENGINE COMPONENTS\IPT;C:\PROGRAM FILES (X86)\INTEL\INTEL(R) MANAGEMENT ENGINE COMPONENTS\DAL;C:\PROGRAM FILES (X86)\INTEL\INTEL(R) MANAGEMENT ENGINE COMPONENTS\IPT;C:\PROGRAM FILES (X86)\COMMON FILES\LENOVO\EASYPLUSSDK\BIN;C:\Program Files\WIDCOMM\Bluetooth Software\;C:\Program Files\WIDCOMM\Bluetooth Software\syswow64;C:\WINDOWS\system32;C:\WINDOWS\System32\Wbem;C:\WINDOWS\System32\WindowsPowerShell\v1.0\;C:\Program Files (x86)\NVIDIA Corporation\PhysX\Common;C:\Users\amit\AppData\Local\Microsoft\WindowsApps;C:\Users\amit\AppData\Roaming\Dashl;C:\WINDOWS\System32\OpenSSH\;C:\Program Files (x86)\Microsoft VS Code\bin;C:\Program Files\MySQL\MySQL Server 8.0\bin;C:\Program Files\Microsoft SQL Server\130\Tools\Binn\;C:\Program Files\nodejs\;C:\Users\amit\Desktop\curl-8.0.1_7-win64-mingw;C:\apache-maven-3.9.3\bin;C:\allure-2.10.0\bin;C:\Windows\System32\wsl.exe;C:\Program Files\Go\bin;C:\sqlite-tools-win32-x86-3430100;C:\Program Files\PuTTY\;C:\Program Files\Amazon\AWSCLIV2\;C:\Program Files\Git\cmd;C:\Program Files\Git LFS;C:\Users\amit\AppData\Local\Android\Sdk\tools\bin;C:\Users\amit\AppData\Local\Android\Sdk\build-tools\35.0.0-rc4;C:\WINDOWS\system32;C:\WINDOWS;C:\WINDOWS\System32\Wbem;C:\WINDOWS\System32\WindowsPowerShell\v1.0\;C:\WINDOWS\System32\OpenSSH\;C:\ngrok;;C:\Program Files\Docker\Docker\resources\bin;C:\Users\amit\AppData\Local\Programs\Python\Python311\Scripts\;C:\Users\amit\A
USERNAME=sumit
OS=Windows_NT
PROCESSOR_IDENTIFIER=Intel64 Family 6 Model 69 Stepping 1, GenuineIntel



---------------  S Y S T E M  ---------------

OS: Windows 10 , 64 bit Build 19041 (10.0.19041.5198)
Hyper-V role detected

CPU:total 4 (initial active 4) (2 cores per cpu, 2 threads per core) family 6 model 69 stepping 1 microcode 0x25, cmov, cx8, fxsr, mmx, sse, sse2, sse3, ssse3, sse4.1, sse4.2, popcnt, avx, avx2, aes, clmul, erms, lzcnt, ht, tsc, tscinvbit, bmi1, bmi2, fma

Memory: 4k page, system-wide physical 8095M (342M free)
TotalPageFile size 11538M (AvailPageFile size 1M)
current process WorkingSet (physical memory assigned to process): 185M, peak: 185M
current process commit charge ("private bytes"): 241M, peak: 260M

vm_info: Java HotSpot(TM) 64-Bit Server VM (11.0.14+8-LTS-263) for windows-amd64 JRE (11.0.14+8-LTS-263), built on Dec  7 2021 21:53:57 by "mach5one" with MS VC++ 15.9 (VS2017)

END.
