#
# There is insufficient memory for the Java Runtime Environment to continue.
# Native memory allocation (malloc) failed to allocate 32744 bytes for ChunkPool::allocate
# Possible reasons:
#   The system is out of physical RAM or swap space
#   The process is running with CompressedOops enabled, and the Java Heap may be blocking the growth of the native heap
# Possible solutions:
#   Reduce memory load on the system
#   Increase physical memory or swap space
#   Check if swap backing store is full
#   Decrease Java heap size (-Xmx/-Xms)
#   Decrease number of Java threads
#   Decrease Java thread stack sizes (-Xss)
#   Set larger code cache with -XX:ReservedCodeCacheSize=
#   JVM is running with Unscaled Compressed Oops mode in which the Java heap is
#     placed in the first 4GB address space. The Java Heap base address is the
#     maximum limit for the native heap growth. Please use -XX:HeapBaseMinAddress
#     to set the Java Heap base and to place the Java Heap above 4GB virtual address.
# This output file may be truncated or incomplete.
#
#  Out of Memory Error (./open/src/hotspot/share/memory/arena.cpp:81), pid=2204, tid=2108
#
# JRE version: Java(TM) SE Runtime Environment 18.9 (11.0.14+8) (build 11.0.14+8-LTS-263)
# Java VM: Java HotSpot(TM) 64-Bit Server VM 18.9 (11.0.14+8-LTS-263, mixed mode, tiered, compressed oops, g1 gc, windows-amd64)
# No core dump will be written. Minidumps are not enabled by default on client versions of Windows
#

---------------  S U M M A R Y ------------

Command Line: -ea -javaagent:C:\Users\amit\.m2\repository/org/aspectj/aspectjweaver/1.9.20.1/aspectjweaver-1.9.20.1.jar -Didea.test.cyclic.buffer.size=1048576 -javaagent:C:\Program Files\JetBrains\IntelliJ IDEA Community Edition 2023.1.5\lib\idea_rt.jar=61439:C:\Program Files\JetBrains\IntelliJ IDEA Community Edition 2023.1.5\bin -Dfile.encoding=UTF-8 com.intellij.rt.testng.RemoteTestNGStarter -usedefaultlisteners false -socket61438 @w@C:\Users\amit\AppData\Local\Temp\idea_working_dirs_testng.tmp -temp C:\Users\amit\AppData\Local\Temp\idea_testng.tmp

Host: Intel(R) Core(TM) i3-4005U CPU @ 1.70GHz, 4 cores, 7G,  Windows 10 , 64 bit Build 19041 (10.0.19041.4717)
Time: Sun Sep  1 18:18:39 2024 India Standard Time elapsed time: 101.228216 seconds (0d 0h 1m 41s)

---------------  T H R E A D  ---------------

Current thread (0x000001d5361a3800):  JavaThread "C2 CompilerThread1" daemon [_thread_in_native, id=2108, stack(0x0000007d13700000,0x0000007d13800000)]


Current CompileTask:
C2: 101228 4072   !   4       java.util.concurrent.ConcurrentHashMap::putVal (432 bytes)

Stack: [0x0000007d13700000,0x0000007d13800000]
Native frames: (J=compiled Java code, j=interpreted, Vv=VM code, C=native code)
V  [jvm.dll+0x6296da]
V  [jvm.dll+0x76323f]
V  [jvm.dll+0x7648e9]
V  [jvm.dll+0x764f73]
V  [jvm.dll+0x23d7c8]
V  [jvm.dll+0xb2bdb]
V  [jvm.dll+0xb2f3c]
V  [jvm.dll+0x60abad]
V  [jvm.dll+0x827db]
V  [jvm.dll+0x60822e]
V  [jvm.dll+0x641fc0]
V  [jvm.dll+0x645de1]
V  [jvm.dll+0x63dbbf]
V  [jvm.dll+0x63d24b]
V  [jvm.dll+0x63b105]
V  [jvm.dll+0x17a41c]
V  [jvm.dll+0x17afa9]
V  [jvm.dll+0x17aeee]
V  [jvm.dll+0x2ad5b6]
V  [jvm.dll+0x645e08]
V  [jvm.dll+0x63dbbf]
V  [jvm.dll+0x63d24b]
V  [jvm.dll+0x63b105]
V  [jvm.dll+0x17a41c]
V  [jvm.dll+0x1f71d3]
V  [jvm.dll+0x177b21]
V  [jvm.dll+0x206e26]
V  [jvm.dll+0x204fbb]
V  [jvm.dll+0x729170]
V  [jvm.dll+0x721d44]
V  [jvm.dll+0x6285d6]
C  [ucrtbase.dll+0x21bb2]
C  [KERNEL32.DLL+0x17374]
C  [ntdll.dll+0x4cc91]


---------------  P R O C E S S  ---------------

Threads class SMR info:
_java_thread_list=0x000001d5340ccaa0, length=22, elements={
0x000001d513220800, 0x000001d5308bb800, 0x000001d5308c4800, 0x000001d5308d4000,
0x000001d5308d5800, 0x000001d5308d6800, 0x000001d53115a800, 0x000001d531166800,
0x000001d5311c8800, 0x000001d530876000, 0x000001d532090800, 0x000001d534ef6000,
0x000001d5360b0800, 0x000001d533612800, 0x000001d531e23000, 0x000001d53420e000,
0x000001d5344dc800, 0x000001d5320e3800, 0x000001d533b66000, 0x000001d533b67800,
0x000001d533b66800, 0x000001d5361a3800
}

Java Threads: ( => current thread )
  0x000001d513220800 JavaThread "main" [_thread_blocked, id=10848, stack(0x0000007d13a00000,0x0000007d13b00000)]
  0x000001d5308bb800 JavaThread "Reference Handler" daemon [_thread_blocked, id=6932, stack(0x0000007d14100000,0x0000007d14200000)]
  0x000001d5308c4800 JavaThread "Finalizer" daemon [_thread_blocked, id=21356, stack(0x0000007d14200000,0x0000007d14300000)]
  0x000001d5308d4000 JavaThread "Signal Dispatcher" daemon [_thread_blocked, id=17444, stack(0x0000007d14300000,0x0000007d14400000)]
  0x000001d5308d5800 JavaThread "Attach Listener" daemon [_thread_blocked, id=7964, stack(0x0000007d14400000,0x0000007d14500000)]
  0x000001d5308d6800 JavaThread "Service Thread" daemon [_thread_blocked, id=1264, stack(0x0000007d14500000,0x0000007d14600000)]
  0x000001d53115a800 JavaThread "C2 CompilerThread0" daemon [_thread_blocked, id=1392, stack(0x0000007d14600000,0x0000007d14700000)]
  0x000001d531166800 JavaThread "C1 CompilerThread0" daemon [_thread_blocked, id=20424, stack(0x0000007d14700000,0x0000007d14800000)]
  0x000001d5311c8800 JavaThread "Sweeper thread" daemon [_thread_blocked, id=1716, stack(0x0000007d14800000,0x0000007d14900000)]
  0x000001d530876000 JavaThread "Common-Cleaner" daemon [_thread_blocked, id=21076, stack(0x0000007d14900000,0x0000007d14a00000)]
  0x000001d532090800 JavaThread "Monitor Ctrl-Break" daemon [_thread_in_native, id=10624, stack(0x0000007d14d00000,0x0000007d14e00000)]
  0x000001d534ef6000 JavaThread "ForkJoinPool.commonPool-worker-3" daemon [_thread_blocked, id=17232, stack(0x0000007d14f00000,0x0000007d15000000)]
  0x000001d5360b0800 JavaThread "AsyncHttpClient-1-1" daemon [_thread_blocked, id=2500, stack(0x0000007d15000000,0x0000007d15100000)]
  0x000001d533612800 JavaThread "Exec Default Executor" daemon [_thread_in_native, id=19340, stack(0x0000007d15100000,0x0000007d15200000)]
  0x000001d531e23000 JavaThread "Exec Stream Pumper" daemon [_thread_in_native, id=10556, stack(0x0000007d14c00000,0x0000007d14d00000)]
  0x000001d53420e000 JavaThread "Exec Stream Pumper" daemon [_thread_in_native, id=9400, stack(0x0000007d15200000,0x0000007d15300000)]
  0x000001d5344dc800 JavaThread "Driver Service Executor" daemon [_thread_blocked, id=5640, stack(0x0000007d15300000,0x0000007d15400000)]
  0x000001d5320e3800 JavaThread "Driver Service Executor" daemon [_thread_blocked, id=20720, stack(0x0000007d15400000,0x0000007d15500000)]
  0x000001d533b66000 JavaThread "AsyncHttpClient-1-2" daemon [_thread_in_native, id=6820, stack(0x0000007d15700000,0x0000007d15800000)]
  0x000001d533b67800 JavaThread "AsyncHttpClient-1-3" daemon [_thread_in_native, id=18836, stack(0x0000007d15b00000,0x0000007d15c00000)]
  0x000001d533b66800 JavaThread "AsyncHttpClient-1-4" daemon [_thread_in_native, id=10952, stack(0x0000007d15c00000,0x0000007d15d00000)]
=>0x000001d5361a3800 JavaThread "C2 CompilerThread1" daemon [_thread_in_native, id=2108, stack(0x0000007d13700000,0x0000007d13800000)]

Other Threads:
  0x000001d531101800 VMThread "VM Thread" [stack: 0x0000007d14000000,0x0000007d14100000] [id=14720]
  0x000001d531c93000 WatcherThread [stack: 0x0000007d14e00000,0x0000007d14f00000] [id=5168]
  0x000001d513238000 GCTaskThread "GC Thread#0" [stack: 0x0000007d13b00000,0x0000007d13c00000] [id=10584]
  0x000001d531cdd800 GCTaskThread "GC Thread#1" [stack: 0x0000007d14a00000,0x0000007d14b00000] [id=5644]
  0x000001d531c94000 GCTaskThread "GC Thread#2" [stack: 0x0000007d14b00000,0x0000007d14c00000] [id=17512]
  0x000001d513268800 ConcurrentGCThread "G1 Main Marker" [stack: 0x0000007d13c00000,0x0000007d13d00000] [id=20712]
  0x000001d51326a000 ConcurrentGCThread "G1 Conc#0" [stack: 0x0000007d13d00000,0x0000007d13e00000] [id=9600]
  0x000001d5132bd800 ConcurrentGCThread "G1 Refine#0" [stack: 0x0000007d13e00000,0x0000007d13f00000] [id=11768]
  0x000001d5132be800 ConcurrentGCThread "G1 Young RemSet Sampling" [stack: 0x0000007d13f00000,0x0000007d14000000] [id=12944]

Threads with active compile tasks:
C2 CompilerThread1 102158 4072   !   4       java.util.concurrent.ConcurrentHashMap::putVal (432 bytes)

VM state:not at safepoint (normal execution)

VM Mutex/Monitor currently owned by a thread: None

OutOfMemory and StackOverflow Exception counts:
OutOfMemoryError java_heap_errors=1
LinkageErrors=80

Heap address: 0x0000000081800000, size: 2024 MB, Compressed Oops mode: 32-bit
Narrow klass base: 0x0000000000000000, Narrow klass shift: 3
Compressed class space size: 1073741824 Address: 0x0000000100000000

Heap:
 garbage-first heap   total 157696K, used 78119K [0x0000000081800000, 0x0000000100000000)
  region size 1024K, 24 young (24576K), 9 survivors (9216K)
 Metaspace       used 40608K, capacity 41793K, committed 41976K, reserved 1085440K
  class space    used 4553K, capacity 5069K, committed 5196K, reserved 1048576K
Heap Regions: E=young(eden), S=young(survivor), O=old, HS=humongous(starts), HC=humongous(continues), CS=collection set, F=free, A=archive, TAMS=top-at-mark-start (previous, next)
|   0|0x0000000081800000, 0x0000000081900000, 0x0000000081900000|100%| O|  |TAMS 0x0000000081900000, 0x0000000081800000| Untracked 
|   1|0x0000000081900000, 0x0000000081a00000, 0x0000000081a00000|100%| O|  |TAMS 0x0000000081a00000, 0x0000000081900000| Untracked 
|   2|0x0000000081a00000, 0x0000000081b00000, 0x0000000081b00000|100%| O|  |TAMS 0x0000000081b00000, 0x0000000081a00000| Untracked 
|   3|0x0000000081b00000, 0x0000000081c00000, 0x0000000081c00000|100%| O|  |TAMS 0x0000000081c00000, 0x0000000081b00000| Untracked 
|   4|0x0000000081c00000, 0x0000000081d00000, 0x0000000081d00000|100%| O|  |TAMS 0x0000000081d00000, 0x0000000081c00000| Untracked 
|   5|0x0000000081d00000, 0x0000000081e00000, 0x0000000081e00000|100%| O|  |TAMS 0x0000000081e00000, 0x0000000081d00000| Untracked 
|   6|0x0000000081e00000, 0x0000000081f00000, 0x0000000081f00000|100%| O|  |TAMS 0x0000000081f00000, 0x0000000081e00000| Untracked 
|   7|0x0000000081f00000, 0x0000000082000000, 0x0000000082000000|100%| O|  |TAMS 0x0000000082000000, 0x0000000081f00000| Untracked 
|   8|0x0000000082000000, 0x0000000082100000, 0x0000000082100000|100%| O|  |TAMS 0x0000000082100000, 0x0000000082000000| Untracked 
|   9|0x0000000082100000, 0x0000000082200000, 0x0000000082200000|100%| O|  |TAMS 0x0000000082200000, 0x0000000082100000| Untracked 
|  10|0x0000000082200000, 0x0000000082300000, 0x0000000082300000|100%| O|  |TAMS 0x0000000082300000, 0x0000000082200000| Untracked 
|  11|0x0000000082300000, 0x0000000082400000, 0x0000000082400000|100%| O|  |TAMS 0x0000000082400000, 0x0000000082300000| Untracked 
|  12|0x0000000082400000, 0x0000000082500000, 0x0000000082500000|100%| O|  |TAMS 0x0000000082500000, 0x0000000082400000| Untracked 
|  13|0x0000000082500000, 0x0000000082600000, 0x0000000082600000|100%| O|  |TAMS 0x0000000082600000, 0x0000000082500000| Untracked 
|  14|0x0000000082600000, 0x0000000082700000, 0x0000000082700000|100%| O|  |TAMS 0x0000000082700000, 0x0000000082600000| Untracked 
|  15|0x0000000082700000, 0x0000000082800000, 0x0000000082800000|100%| O|  |TAMS 0x0000000082800000, 0x0000000082700000| Untracked 
|  16|0x0000000082800000, 0x0000000082900000, 0x0000000082900000|100%| O|  |TAMS 0x0000000082900000, 0x0000000082800000| Untracked 
|  17|0x0000000082900000, 0x0000000082a00000, 0x0000000082a00000|100%| O|  |TAMS 0x0000000082a00000, 0x0000000082900000| Untracked 
|  18|0x0000000082a00000, 0x0000000082b00000, 0x0000000082b00000|100%| O|  |TAMS 0x0000000082b00000, 0x0000000082a00000| Untracked 
|  19|0x0000000082b00000, 0x0000000082c00000, 0x0000000082c00000|100%| O|  |TAMS 0x0000000082c00000, 0x0000000082b00000| Untracked 
|  20|0x0000000082c00000, 0x0000000082d00000, 0x0000000082d00000|100%| O|  |TAMS 0x0000000082d00000, 0x0000000082c00000| Untracked 
|  21|0x0000000082d00000, 0x0000000082e00000, 0x0000000082e00000|100%| O|  |TAMS 0x0000000082e00000, 0x0000000082d00000| Untracked 
|  22|0x0000000082e00000, 0x0000000082f00000, 0x0000000082f00000|100%| O|  |TAMS 0x0000000082f00000, 0x0000000082e00000| Untracked 
|  23|0x0000000082f00000, 0x0000000083000000, 0x0000000083000000|100%| O|  |TAMS 0x0000000083000000, 0x0000000082f00000| Untracked 
|  24|0x0000000083000000, 0x0000000083100000, 0x0000000083100000|100%| O|  |TAMS 0x0000000083100000, 0x0000000083000000| Untracked 
|  25|0x0000000083100000, 0x0000000083200000, 0x0000000083200000|100%| O|  |TAMS 0x0000000083200000, 0x0000000083100000| Untracked 
|  26|0x0000000083200000, 0x0000000083300000, 0x0000000083300000|100%| O|  |TAMS 0x0000000083300000, 0x0000000083200000| Untracked 
|  27|0x0000000083300000, 0x0000000083400000, 0x0000000083400000|100%| O|  |TAMS 0x0000000083400000, 0x0000000083300000| Untracked 
|  28|0x0000000083400000, 0x0000000083500000, 0x0000000083500000|100%| O|  |TAMS 0x0000000083500000, 0x0000000083400000| Untracked 
|  29|0x0000000083500000, 0x0000000083600000, 0x0000000083600000|100%| O|  |TAMS 0x0000000083600000, 0x0000000083500000| Untracked 
|  30|0x0000000083600000, 0x0000000083700000, 0x0000000083700000|100%| O|  |TAMS 0x0000000083700000, 0x0000000083600000| Untracked 
|  31|0x0000000083700000, 0x0000000083800000, 0x0000000083800000|100%| O|  |TAMS 0x0000000083800000, 0x0000000083700000| Untracked 
|  32|0x0000000083800000, 0x0000000083900000, 0x0000000083900000|100%| O|  |TAMS 0x0000000083900000, 0x0000000083800000| Untracked 
|  33|0x0000000083900000, 0x0000000083a00000, 0x0000000083a00000|100%| O|  |TAMS 0x0000000083a00000, 0x0000000083900000| Untracked 
|  34|0x0000000083a00000, 0x0000000083b00000, 0x0000000083b00000|100%| O|  |TAMS 0x0000000083b00000, 0x0000000083a00000| Untracked 
|  35|0x0000000083b00000, 0x0000000083c00000, 0x0000000083c00000|100%| O|  |TAMS 0x0000000083c00000, 0x0000000083b00000| Untracked 
|  36|0x0000000083c00000, 0x0000000083d00000, 0x0000000083d00000|100%| O|  |TAMS 0x0000000083d00000, 0x0000000083c00000| Untracked 
|  37|0x0000000083d00000, 0x0000000083e00000, 0x0000000083e00000|100%| O|  |TAMS 0x0000000083e00000, 0x0000000083d00000| Untracked 
|  38|0x0000000083e00000, 0x0000000083f00000, 0x0000000083f00000|100%| O|  |TAMS 0x0000000083f00000, 0x0000000083e00000| Untracked 
|  39|0x0000000083f00000, 0x0000000084000000, 0x0000000084000000|100%| O|  |TAMS 0x0000000084000000, 0x0000000083f00000| Untracked 
|  40|0x0000000084000000, 0x0000000084100000, 0x0000000084100000|100%| O|  |TAMS 0x0000000084100000, 0x0000000084000000| Untracked 
|  41|0x0000000084100000, 0x0000000084200000, 0x0000000084200000|100%| O|  |TAMS 0x0000000084200000, 0x0000000084100000| Untracked 
|  42|0x0000000084200000, 0x0000000084300000, 0x0000000084300000|100%| O|  |TAMS 0x0000000084300000, 0x0000000084200000| Untracked 
|  43|0x0000000084300000, 0x0000000084400000, 0x0000000084400000|100%|HS|  |TAMS 0x0000000084400000, 0x0000000084300000| Complete 
|  44|0x0000000084400000, 0x0000000084500000, 0x0000000084500000|100%|HC|  |TAMS 0x0000000084500000, 0x0000000084400000| Complete 
|  45|0x0000000084500000, 0x0000000084600000, 0x0000000084600000|100%|HC|  |TAMS 0x0000000084600000, 0x0000000084500000| Complete 
|  46|0x0000000084600000, 0x0000000084700000, 0x0000000084700000|100%|HC|  |TAMS 0x0000000084700000, 0x0000000084600000| Complete 
|  47|0x0000000084700000, 0x0000000084800000, 0x0000000084800000|100%|HC|  |TAMS 0x0000000084800000, 0x0000000084700000| Complete 
|  48|0x0000000084800000, 0x0000000084900000, 0x0000000084900000|100%| O|  |TAMS 0x0000000084900000, 0x0000000084800000| Untracked 
|  49|0x0000000084900000, 0x0000000084a00000, 0x0000000084a00000|100%| O|  |TAMS 0x0000000084a00000, 0x0000000084900000| Untracked 
|  50|0x0000000084a00000, 0x0000000084b00000, 0x0000000084b00000|100%| O|  |TAMS 0x0000000084b00000, 0x0000000084a00000| Untracked 
|  51|0x0000000084b00000, 0x0000000084c00000, 0x0000000084c00000|100%| O|  |TAMS 0x0000000084c00000, 0x0000000084b00000| Untracked 
|  52|0x0000000084c00000, 0x0000000084d00000, 0x0000000084d00000|100%| O|  |TAMS 0x0000000084d00000, 0x0000000084c00000| Untracked 
|  53|0x0000000084d00000, 0x0000000084d61800, 0x0000000084e00000| 38%| O|  |TAMS 0x0000000084d61800, 0x0000000084d00000| Untracked 
|  54|0x0000000084e00000, 0x0000000084e00000, 0x0000000084f00000|  0%| F|  |TAMS 0x0000000084e00000, 0x0000000084e00000| Untracked 
|  55|0x0000000084f00000, 0x0000000084f00000, 0x0000000085000000|  0%| F|  |TAMS 0x0000000084f00000, 0x0000000084f00000| Untracked 
|  56|0x0000000085000000, 0x0000000085000000, 0x0000000085100000|  0%| F|  |TAMS 0x0000000085000000, 0x0000000085000000| Untracked 
|  57|0x0000000085100000, 0x0000000085100000, 0x0000000085200000|  0%| F|  |TAMS 0x0000000085100000, 0x0000000085100000| Untracked 
|  58|0x0000000085200000, 0x0000000085200000, 0x0000000085300000|  0%| F|  |TAMS 0x0000000085200000, 0x0000000085200000| Untracked 
|  59|0x0000000085300000, 0x0000000085300000, 0x0000000085400000|  0%| F|  |TAMS 0x0000000085300000, 0x0000000085300000| Untracked 
|  60|0x0000000085400000, 0x0000000085400000, 0x0000000085500000|  0%| F|  |TAMS 0x0000000085400000, 0x0000000085400000| Untracked 
|  61|0x0000000085500000, 0x0000000085500000, 0x0000000085600000|  0%| F|  |TAMS 0x0000000085500000, 0x0000000085500000| Untracked 
|  62|0x0000000085600000, 0x0000000085600000, 0x0000000085700000|  0%| F|  |TAMS 0x0000000085600000, 0x0000000085600000| Untracked 
|  63|0x0000000085700000, 0x0000000085700000, 0x0000000085800000|  0%| F|  |TAMS 0x0000000085700000, 0x0000000085700000| Untracked 
|  64|0x0000000085800000, 0x0000000085800000, 0x0000000085900000|  0%| F|  |TAMS 0x0000000085800000, 0x0000000085800000| Untracked 
|  65|0x0000000085900000, 0x0000000085900000, 0x0000000085a00000|  0%| F|  |TAMS 0x0000000085900000, 0x0000000085900000| Untracked 
|  66|0x0000000085a00000, 0x0000000085a00000, 0x0000000085b00000|  0%| F|  |TAMS 0x0000000085a00000, 0x0000000085a00000| Untracked 
|  67|0x0000000085b00000, 0x0000000085b00000, 0x0000000085c00000|  0%| F|  |TAMS 0x0000000085b00000, 0x0000000085b00000| Untracked 
|  68|0x0000000085c00000, 0x0000000085c00000, 0x0000000085d00000|  0%| F|  |TAMS 0x0000000085c00000, 0x0000000085c00000| Untracked 
|  69|0x0000000085d00000, 0x0000000085d00000, 0x0000000085e00000|  0%| F|  |TAMS 0x0000000085d00000, 0x0000000085d00000| Untracked 
|  70|0x0000000085e00000, 0x0000000085e00000, 0x0000000085f00000|  0%| F|  |TAMS 0x0000000085e00000, 0x0000000085e00000| Untracked 
|  71|0x0000000085f00000, 0x0000000085f00000, 0x0000000086000000|  0%| F|  |TAMS 0x0000000085f00000, 0x0000000085f00000| Untracked 
|  72|0x0000000086000000, 0x0000000086000000, 0x0000000086100000|  0%| F|  |TAMS 0x0000000086000000, 0x0000000086000000| Untracked 
|  73|0x0000000086100000, 0x0000000086100000, 0x0000000086200000|  0%| F|  |TAMS 0x0000000086100000, 0x0000000086100000| Untracked 
|  74|0x0000000086200000, 0x0000000086200000, 0x0000000086300000|  0%| F|  |TAMS 0x0000000086200000, 0x0000000086200000| Untracked 
|  75|0x0000000086300000, 0x0000000086300000, 0x0000000086400000|  0%| F|  |TAMS 0x0000000086300000, 0x0000000086300000| Untracked 
|  76|0x0000000086400000, 0x0000000086400000, 0x0000000086500000|  0%| F|  |TAMS 0x0000000086400000, 0x0000000086400000| Untracked 
|  77|0x0000000086500000, 0x0000000086500000, 0x0000000086600000|  0%| F|  |TAMS 0x0000000086500000, 0x0000000086500000| Untracked 
|  78|0x0000000086600000, 0x0000000086600000, 0x0000000086700000|  0%| F|  |TAMS 0x0000000086600000, 0x0000000086600000| Untracked 
|  79|0x0000000086700000, 0x0000000086700000, 0x0000000086800000|  0%| F|  |TAMS 0x0000000086700000, 0x0000000086700000| Untracked 
|  80|0x0000000086800000, 0x0000000086800000, 0x0000000086900000|  0%| F|  |TAMS 0x0000000086800000, 0x0000000086800000| Untracked 
|  81|0x0000000086900000, 0x0000000086900000, 0x0000000086a00000|  0%| F|  |TAMS 0x0000000086900000, 0x0000000086900000| Untracked 
|  82|0x0000000086a00000, 0x0000000086a00000, 0x0000000086b00000|  0%| F|  |TAMS 0x0000000086a00000, 0x0000000086a00000| Untracked 
|  83|0x0000000086b00000, 0x0000000086b00000, 0x0000000086c00000|  0%| F|  |TAMS 0x0000000086b00000, 0x0000000086b00000| Untracked 
|  84|0x0000000086c00000, 0x0000000086c00000, 0x0000000086d00000|  0%| F|  |TAMS 0x0000000086c00000, 0x0000000086c00000| Untracked 
|  85|0x0000000086d00000, 0x0000000086de86f8, 0x0000000086e00000| 90%| S|CS|TAMS 0x0000000086d00000, 0x0000000086d00000| Complete 
|  86|0x0000000086e00000, 0x0000000086f00000, 0x0000000086f00000|100%| S|CS|TAMS 0x0000000086e00000, 0x0000000086e00000| Complete 
|  87|0x0000000086f00000, 0x0000000087000000, 0x0000000087000000|100%| S|CS|TAMS 0x0000000086f00000, 0x0000000086f00000| Complete 
|  88|0x0000000087000000, 0x0000000087100000, 0x0000000087100000|100%| S|CS|TAMS 0x0000000087000000, 0x0000000087000000| Complete 
|  89|0x0000000087100000, 0x0000000087200000, 0x0000000087200000|100%| S|CS|TAMS 0x0000000087100000, 0x0000000087100000| Complete 
|  90|0x0000000087200000, 0x0000000087300000, 0x0000000087300000|100%| S|CS|TAMS 0x0000000087200000, 0x0000000087200000| Complete 
|  91|0x0000000087300000, 0x0000000087400000, 0x0000000087400000|100%| S|CS|TAMS 0x0000000087300000, 0x0000000087300000| Complete 
|  92|0x0000000087400000, 0x0000000087500000, 0x0000000087500000|100%| S|CS|TAMS 0x0000000087400000, 0x0000000087400000| Complete 
|  93|0x0000000087500000, 0x0000000087600000, 0x0000000087600000|100%| S|CS|TAMS 0x0000000087500000, 0x0000000087500000| Complete 
|  94|0x0000000087600000, 0x0000000087600000, 0x0000000087700000|  0%| F|  |TAMS 0x0000000087600000, 0x0000000087600000| Untracked 
|  95|0x0000000087700000, 0x0000000087700000, 0x0000000087800000|  0%| F|  |TAMS 0x0000000087700000, 0x0000000087700000| Untracked 
|  96|0x0000000087800000, 0x0000000087800000, 0x0000000087900000|  0%| F|  |TAMS 0x0000000087800000, 0x0000000087800000| Untracked 
|  97|0x0000000087900000, 0x0000000087900000, 0x0000000087a00000|  0%| F|  |TAMS 0x0000000087900000, 0x0000000087900000| Untracked 
|  98|0x0000000087a00000, 0x0000000087a00000, 0x0000000087b00000|  0%| F|  |TAMS 0x0000000087a00000, 0x0000000087a00000| Untracked 
|  99|0x0000000087b00000, 0x0000000087b00000, 0x0000000087c00000|  0%| F|  |TAMS 0x0000000087b00000, 0x0000000087b00000| Untracked 
| 100|0x0000000087c00000, 0x0000000087c00000, 0x0000000087d00000|  0%| F|  |TAMS 0x0000000087c00000, 0x0000000087c00000| Untracked 
| 101|0x0000000087d00000, 0x0000000087d00000, 0x0000000087e00000|  0%| F|  |TAMS 0x0000000087d00000, 0x0000000087d00000| Untracked 
| 102|0x0000000087e00000, 0x0000000087e00000, 0x0000000087f00000|  0%| F|  |TAMS 0x0000000087e00000, 0x0000000087e00000| Untracked 
| 103|0x0000000087f00000, 0x0000000087f00000, 0x0000000088000000|  0%| F|  |TAMS 0x0000000087f00000, 0x0000000087f00000| Untracked 
| 104|0x0000000088000000, 0x0000000088000000, 0x0000000088100000|  0%| F|  |TAMS 0x0000000088000000, 0x0000000088000000| Untracked 
| 105|0x0000000088100000, 0x0000000088100000, 0x0000000088200000|  0%| F|  |TAMS 0x0000000088100000, 0x0000000088100000| Untracked 
| 106|0x0000000088200000, 0x0000000088200000, 0x0000000088300000|  0%| F|  |TAMS 0x0000000088200000, 0x0000000088200000| Untracked 
| 107|0x0000000088300000, 0x0000000088300000, 0x0000000088400000|  0%| F|  |TAMS 0x0000000088300000, 0x0000000088300000| Untracked 
| 108|0x0000000088400000, 0x0000000088400000, 0x0000000088500000|  0%| F|  |TAMS 0x0000000088400000, 0x0000000088400000| Untracked 
| 109|0x0000000088500000, 0x0000000088500000, 0x0000000088600000|  0%| F|  |TAMS 0x0000000088500000, 0x0000000088500000| Untracked 
| 110|0x0000000088600000, 0x0000000088600000, 0x0000000088700000|  0%| F|  |TAMS 0x0000000088600000, 0x0000000088600000| Untracked 
| 111|0x0000000088700000, 0x0000000088700000, 0x0000000088800000|  0%| F|  |TAMS 0x0000000088700000, 0x0000000088700000| Untracked 
| 112|0x0000000088800000, 0x0000000088800000, 0x0000000088900000|  0%| F|  |TAMS 0x0000000088800000, 0x0000000088800000| Untracked 
| 113|0x0000000088900000, 0x0000000088900000, 0x0000000088a00000|  0%| F|  |TAMS 0x0000000088900000, 0x0000000088900000| Untracked 
| 114|0x0000000088a00000, 0x0000000088a00000, 0x0000000088b00000|  0%| F|  |TAMS 0x0000000088a00000, 0x0000000088a00000| Untracked 
| 115|0x0000000088b00000, 0x0000000088b00000, 0x0000000088c00000|  0%| F|  |TAMS 0x0000000088b00000, 0x0000000088b00000| Untracked 
| 116|0x0000000088c00000, 0x0000000088c00000, 0x0000000088d00000|  0%| F|  |TAMS 0x0000000088c00000, 0x0000000088c00000| Untracked 
| 117|0x0000000088d00000, 0x0000000088d00000, 0x0000000088e00000|  0%| F|  |TAMS 0x0000000088d00000, 0x0000000088d00000| Untracked 
| 118|0x0000000088e00000, 0x0000000088e00000, 0x0000000088f00000|  0%| F|  |TAMS 0x0000000088e00000, 0x0000000088e00000| Untracked 
| 119|0x0000000088f00000, 0x0000000088f00000, 0x0000000089000000|  0%| F|  |TAMS 0x0000000088f00000, 0x0000000088f00000| Untracked 
| 120|0x0000000089000000, 0x0000000089000000, 0x0000000089100000|  0%| F|  |TAMS 0x0000000089000000, 0x0000000089000000| Untracked 
| 121|0x0000000089100000, 0x0000000089100000, 0x0000000089200000|  0%| F|  |TAMS 0x0000000089100000, 0x0000000089100000| Untracked 
| 122|0x0000000089200000, 0x0000000089200000, 0x0000000089300000|  0%| F|  |TAMS 0x0000000089200000, 0x0000000089200000| Untracked 
| 123|0x0000000089300000, 0x0000000089300000, 0x0000000089400000|  0%| F|  |TAMS 0x0000000089300000, 0x0000000089300000| Untracked 
| 124|0x0000000089400000, 0x0000000089400000, 0x0000000089500000|  0%| F|  |TAMS 0x0000000089400000, 0x0000000089400000| Untracked 
| 125|0x0000000089500000, 0x0000000089500000, 0x0000000089600000|  0%| F|  |TAMS 0x0000000089500000, 0x0000000089500000| Untracked 
| 126|0x0000000089600000, 0x0000000089600000, 0x0000000089700000|  0%| F|  |TAMS 0x0000000089600000, 0x0000000089600000| Untracked 
| 127|0x0000000089700000, 0x0000000089700000, 0x0000000089800000|  0%| F|  |TAMS 0x0000000089700000, 0x0000000089700000| Untracked 
| 128|0x0000000089800000, 0x0000000089800000, 0x0000000089900000|  0%| F|  |TAMS 0x0000000089800000, 0x0000000089800000| Untracked 
| 129|0x0000000089900000, 0x0000000089900000, 0x0000000089a00000|  0%| F|  |TAMS 0x0000000089900000, 0x0000000089900000| Untracked 
| 130|0x0000000089a00000, 0x0000000089a00000, 0x0000000089b00000|  0%| F|  |TAMS 0x0000000089a00000, 0x0000000089a00000| Untracked 
| 131|0x0000000089b00000, 0x0000000089b00000, 0x0000000089c00000|  0%| F|  |TAMS 0x0000000089b00000, 0x0000000089b00000| Untracked 
| 132|0x0000000089c00000, 0x0000000089c00000, 0x0000000089d00000|  0%| F|  |TAMS 0x0000000089c00000, 0x0000000089c00000| Untracked 
| 133|0x0000000089d00000, 0x0000000089d00000, 0x0000000089e00000|  0%| F|  |TAMS 0x0000000089d00000, 0x0000000089d00000| Untracked 
| 134|0x0000000089e00000, 0x0000000089e00000, 0x0000000089f00000|  0%| F|  |TAMS 0x0000000089e00000, 0x0000000089e00000| Untracked 
| 135|0x0000000089f00000, 0x0000000089f00000, 0x000000008a000000|  0%| F|  |TAMS 0x0000000089f00000, 0x0000000089f00000| Untracked 
| 136|0x000000008a000000, 0x000000008a000000, 0x000000008a100000|  0%| F|  |TAMS 0x000000008a000000, 0x000000008a000000| Untracked 
| 137|0x000000008a100000, 0x000000008a100000, 0x000000008a200000|  0%| F|  |TAMS 0x000000008a100000, 0x000000008a100000| Untracked 
| 138|0x000000008a200000, 0x000000008a200000, 0x000000008a300000|  0%| F|  |TAMS 0x000000008a200000, 0x000000008a200000| Untracked 
| 139|0x000000008a300000, 0x000000008a3b2018, 0x000000008a400000| 69%| E|  |TAMS 0x000000008a300000, 0x000000008a300000| Complete 
| 140|0x000000008a400000, 0x000000008a500000, 0x000000008a500000|100%| E|CS|TAMS 0x000000008a400000, 0x000000008a400000| Complete 
| 141|0x000000008a500000, 0x000000008a600000, 0x000000008a600000|100%| E|CS|TAMS 0x000000008a500000, 0x000000008a500000| Complete 
| 142|0x000000008a600000, 0x000000008a700000, 0x000000008a700000|100%| E|CS|TAMS 0x000000008a600000, 0x000000008a600000| Complete 
| 143|0x000000008a700000, 0x000000008a800000, 0x000000008a800000|100%| E|CS|TAMS 0x000000008a700000, 0x000000008a700000| Complete 
| 144|0x000000008a800000, 0x000000008a900000, 0x000000008a900000|100%| E|CS|TAMS 0x000000008a800000, 0x000000008a800000| Complete 
| 145|0x000000008a900000, 0x000000008aa00000, 0x000000008aa00000|100%| E|CS|TAMS 0x000000008a900000, 0x000000008a900000| Complete 
| 146|0x000000008aa00000, 0x000000008ab00000, 0x000000008ab00000|100%| E|CS|TAMS 0x000000008aa00000, 0x000000008aa00000| Complete 
| 147|0x000000008ab00000, 0x000000008ac00000, 0x000000008ac00000|100%| E|CS|TAMS 0x000000008ab00000, 0x000000008ab00000| Complete 
| 148|0x000000008ac00000, 0x000000008ad00000, 0x000000008ad00000|100%| E|CS|TAMS 0x000000008ac00000, 0x000000008ac00000| Complete 
| 149|0x000000008ad00000, 0x000000008ae00000, 0x000000008ae00000|100%| E|CS|TAMS 0x000000008ad00000, 0x000000008ad00000| Complete 
| 150|0x000000008ae00000, 0x000000008af00000, 0x000000008af00000|100%| E|CS|TAMS 0x000000008ae00000, 0x000000008ae00000| Complete 
| 151|0x000000008af00000, 0x000000008b000000, 0x000000008b000000|100%| E|CS|TAMS 0x000000008af00000, 0x000000008af00000| Complete 
| 152|0x000000008b000000, 0x000000008b100000, 0x000000008b100000|100%| E|CS|TAMS 0x000000008b000000, 0x000000008b000000| Complete 
| 153|0x000000008b100000, 0x000000008b200000, 0x000000008b200000|100%| E|CS|TAMS 0x000000008b100000, 0x000000008b100000| Complete 

Card table byte_map: [0x000001d529c60000,0x000001d52a060000] _byte_map_base: 0x000001d529854000

Marking Bits (Prev, Next): (CMBitMap*) 0x000001d51325fad0, (CMBitMap*) 0x000001d51325fa98
 Prev Bits: [0x000001d52c400000, 0x000001d52e3a0000)
 Next Bits: [0x000001d52a460000, 0x000001d52c400000)

Polling page: 0x000001d511000000

Metaspace:

Usage:
  Non-class:     35.86 MB capacity,    35.21 MB ( 98%) used,   532.20 KB (  1%) free+waste,   137.13 KB ( <1%) overhead. 
      Class:      4.95 MB capacity,     4.45 MB ( 90%) used,   445.77 KB (  9%) free+waste,    69.31 KB (  1%) overhead. 
       Both:     40.81 MB capacity,    39.66 MB ( 97%) used,   977.96 KB (  2%) free+waste,   206.44 KB ( <1%) overhead. 

Virtual space:
  Non-class space:       36.00 MB reserved,      35.92 MB (>99%) committed 
      Class space:        1.00 GB reserved,       5.07 MB ( <1%) committed 
             Both:        1.04 GB reserved,      40.99 MB (  4%) committed 

Chunk freelists:
   Non-Class:  7.00 KB
       Class:  0 bytes
        Both:  7.00 KB

CodeHeap 'non-profiled nmethods': size=120064Kb used=4013Kb max_used=4013Kb free=116050Kb
 bounds [0x000001d522320000, 0x000001d522710000, 0x000001d529860000]
CodeHeap 'profiled nmethods': size=120000Kb used=10125Kb max_used=10125Kb free=109874Kb
 bounds [0x000001d51adf0000, 0x000001d51b7e0000, 0x000001d522320000]
CodeHeap 'non-nmethods': size=5696Kb used=1229Kb max_used=1279Kb free=4466Kb
 bounds [0x000001d51a860000, 0x000001d51aad0000, 0x000001d51adf0000]
 total_blobs=4673 nmethods=4067 adapters=516
 compilation: enabled
              stopped_count=0, restarted_count=0
 full_count=0

Compilation events (10 events):
Event: 100.620 Thread 0x000001d531166800 nmethod 4104 0x000001d5226fa990 code [0x000001d5226fab20, 0x000001d5226fabd8]
Event: 100.620 Thread 0x000001d531166800 4106       1       io.qameta.allure.internal.shadowed.jackson.databind.SerializerProvider::getConfig (5 bytes)
Event: 100.620 Thread 0x000001d531166800 nmethod 4106 0x000001d5226fac90 code [0x000001d5226fae20, 0x000001d5226faed8]
Event: 101.125 Thread 0x000001d531166800 4108       3       java.lang.invoke.MethodHandles::identity (87 bytes)
Event: 101.131 Thread 0x000001d531166800 nmethod 4108 0x000001d51b7ca390 code [0x000001d51b7ca780, 0x000001d51b7cc508]
Event: 101.131 Thread 0x000001d531166800 4110       3       org.aspectj.weaver.tools.WeavingAdaptor$WeavingClassFileProvider$1::weaveCompleted (27 bytes)
Event: 101.132 Thread 0x000001d531166800 nmethod 4110 0x000001d51b7ccf90 code [0x000001d51b7cd140, 0x000001d51b7cd2c8]
Event: 101.132 Thread 0x000001d531166800 4109       3       com.intellij.rt.execution.junit.MapSerializerUtil$1::escape (124 bytes)
Event: 101.132 Thread 0x000001d531166800 nmethod 4109 0x000001d51b7cd410 code [0x000001d51b7cd5c0, 0x000001d51b7cd918]
Event: 101.133 Thread 0x000001d5361a3800 4072   !   4       java.util.concurrent.ConcurrentHashMap::putVal (432 bytes)

GC Heap History (10 events):
Event: 23.906 GC heap before
{Heap before GC invocations=8 (full 0):
 garbage-first heap   total 131072K, used 92466K [0x0000000081800000, 0x0000000100000000)
  region size 1024K, 65 young (66560K), 7 survivors (7168K)
 Metaspace       used 26646K, capacity 27382K, committed 27520K, reserved 1073152K
  class space    used 2770K, capacity 3102K, committed 3200K, reserved 1048576K
}
Event: 23.936 GC heap after
{Heap after GC invocations=9 (full 0):
 garbage-first heap   total 131072K, used 38156K [0x0000000081800000, 0x0000000100000000)
  region size 1024K, 9 young (9216K), 9 survivors (9216K)
 Metaspace       used 26646K, capacity 27382K, committed 27520K, reserved 1073152K
  class space    used 2770K, capacity 3102K, committed 3200K, reserved 1048576K
}
Event: 32.738 GC heap before
{Heap before GC invocations=9 (full 0):
 garbage-first heap   total 131072K, used 95500K [0x0000000081800000, 0x0000000100000000)
  region size 1024K, 65 young (66560K), 9 survivors (9216K)
 Metaspace       used 31270K, capacity 32128K, committed 32384K, reserved 1077248K
  class space    used 3321K, capacity 3705K, committed 3712K, reserved 1048576K
}
Event: 32.777 GC heap after
{Heap after GC invocations=10 (full 0):
 garbage-first heap   total 157696K, used 44210K [0x0000000081800000, 0x0000000100000000)
  region size 1024K, 6 young (6144K), 6 survivors (6144K)
 Metaspace       used 31270K, capacity 32128K, committed 32384K, reserved 1077248K
  class space    used 3321K, capacity 3705K, committed 3712K, reserved 1048576K
}
Event: 36.333 GC heap before
{Heap before GC invocations=10 (full 0):
 garbage-first heap   total 157696K, used 101554K [0x0000000081800000, 0x0000000100000000)
  region size 1024K, 63 young (64512K), 6 survivors (6144K)
 Metaspace       used 34518K, capacity 35470K, committed 35628K, reserved 1081344K
  class space    used 3747K, capacity 4165K, committed 4224K, reserved 1048576K
}
Event: 36.364 GC heap after
{Heap after GC invocations=11 (full 0):
 garbage-first heap   total 157696K, used 49561K [0x0000000081800000, 0x0000000100000000)
  region size 1024K, 6 young (6144K), 6 survivors (6144K)
 Metaspace       used 34518K, capacity 35470K, committed 35628K, reserved 1081344K
  class space    used 3747K, capacity 4165K, committed 4224K, reserved 1048576K
}
Event: 47.944 GC heap before
{Heap before GC invocations=12 (full 0):
 garbage-first heap   total 157696K, used 120217K [0x0000000081800000, 0x0000000100000000)
  region size 1024K, 70 young (71680K), 6 survivors (6144K)
 Metaspace       used 37316K, capacity 38313K, committed 38648K, reserved 1083392K
  class space    used 4139K, capacity 4585K, committed 4684K, reserved 1048576K
}
Event: 47.975 GC heap after
{Heap after GC invocations=13 (full 0):
 garbage-first heap   total 157696K, used 59782K [0x0000000081800000, 0x0000000100000000)
  region size 1024K, 5 young (5120K), 5 survivors (5120K)
 Metaspace       used 37316K, capacity 38313K, committed 38648K, reserved 1083392K
  class space    used 4139K, capacity 4585K, committed 4684K, reserved 1048576K
}
Event: 99.628 GC heap before
{Heap before GC invocations=14 (full 0):
 garbage-first heap   total 157696K, used 121222K [0x0000000081800000, 0x0000000100000000)
  region size 1024K, 65 young (66560K), 5 survivors (5120K)
 Metaspace       used 40040K, capacity 41166K, committed 41336K, reserved 1085440K
  class space    used 4485K, capacity 4986K, committed 5068K, reserved 1048576K
}
Event: 99.657 GC heap after
{Heap after GC invocations=15 (full 0):
 garbage-first heap   total 157696K, used 63783K [0x0000000081800000, 0x0000000100000000)
  region size 1024K, 9 young (9216K), 9 survivors (9216K)
 Metaspace       used 40040K, capacity 41166K, committed 41336K, reserved 1085440K
  class space    used 4485K, capacity 4986K, committed 5068K, reserved 1048576K
}

Deoptimization events (10 events):
Event: 43.457 Thread 0x000001d533b66000 Uncommon trap: reason=unstable_if action=reinterpret pc=0x000001d522479898 method=java.lang.ThreadLocal$ThreadLocalMap.getEntry(Ljava/lang/ThreadLocal;)Ljava/lang/ThreadLocal$ThreadLocalMap$Entry; @ 29 c2
Event: 48.060 Thread 0x000001d533b66000 Uncommon trap: reason=class_check action=maybe_recompile pc=0x000001d5223b476c method=java.nio.DirectByteBuffer.<init>(Lsun/nio/ch/DirectBuffer;IIIII)V @ 12 c2
Event: 48.333 Thread 0x000001d513220800 Uncommon trap: reason=unstable_if action=reinterpret pc=0x000001d5223dc7ac method=java.io.DataInputStream.readUTF(Ljava/io/DataInput;)Ljava/lang/String; @ 154 c2
Event: 49.405 Thread 0x000001d533b67800 Uncommon trap: reason=class_check action=maybe_recompile pc=0x000001d5223b476c method=java.nio.DirectByteBuffer.<init>(Lsun/nio/ch/DirectBuffer;IIIII)V @ 12 c2
Event: 49.913 Thread 0x000001d533b66000 Uncommon trap: reason=unstable_if action=reinterpret pc=0x000001d522394954 method=java.io.ByteArrayInputStream.read()I @ 8 c2
Event: 100.143 Thread 0x000001d513220800 Uncommon trap: reason=class_check action=maybe_recompile pc=0x000001d522576d10 method=java.util.concurrent.ConcurrentHashMap.putVal(Ljava/lang/Object;Ljava/lang/Object;Z)Ljava/lang/Object; @ 242 c2
Event: 100.143 Thread 0x000001d513220800 Uncommon trap: reason=class_check action=maybe_recompile pc=0x000001d522576d10 method=java.util.concurrent.ConcurrentHashMap.putVal(Ljava/lang/Object;Ljava/lang/Object;Z)Ljava/lang/Object; @ 242 c2
Event: 100.143 Thread 0x000001d513220800 Uncommon trap: reason=class_check action=maybe_recompile pc=0x000001d522576bd8 method=java.util.concurrent.ConcurrentHashMap.putVal(Ljava/lang/Object;Ljava/lang/Object;Z)Ljava/lang/Object; @ 159 c2
Event: 100.149 Thread 0x000001d513220800 Uncommon trap: reason=class_check action=maybe_recompile pc=0x000001d522576bd8 method=java.util.concurrent.ConcurrentHashMap.putVal(Ljava/lang/Object;Ljava/lang/Object;Z)Ljava/lang/Object; @ 159 c2
Event: 100.465 Thread 0x000001d513220800 Uncommon trap: reason=unstable_if action=reinterpret pc=0x000001d522478efc method=java.util.concurrent.ConcurrentHashMap.get(Ljava/lang/Object;)Ljava/lang/Object; @ 152 c2

Classes redefined (0 events):
No events

Internal exceptions (10 events):
Event: 99.430 Thread 0x000001d513220800 Exception <a 'java/lang/IncompatibleClassChangeError'{0x0000000087d26710}: Found class java.lang.Object, but interface was expected> (0x0000000087d26710) thrown at [./open/src/hotspot/share/interpreter/linkResolver.cpp, line 838]
Event: 99.436 Thread 0x000001d513220800 Exception <a 'sun/nio/fs/WindowsException'{0x0000000087d29958}> (0x0000000087d29958) thrown at [./open/src/hotspot/share/prims/jni.cpp, line 611]
Event: 100.578 Thread 0x000001d513220800 Exception <a 'java/lang/IncompatibleClassChangeError'{0x000000008a59a5f8}: Found class java.lang.Object, but interface was expected> (0x000000008a59a5f8) thrown at [./open/src/hotspot/share/interpreter/linkResolver.cpp, line 838]
Event: 100.587 Thread 0x000001d513220800 Exception <a 'java/lang/IncompatibleClassChangeError'{0x000000008a5cd3b8}: Found class java.lang.Object, but interface was expected> (0x000000008a5cd3b8) thrown at [./open/src/hotspot/share/interpreter/linkResolver.cpp, line 838]
Event: 100.587 Thread 0x000001d513220800 Exception <a 'java/lang/IncompatibleClassChangeError'{0x000000008a5d01a8}: Found class java.lang.Object, but interface was expected> (0x000000008a5d01a8) thrown at [./open/src/hotspot/share/interpreter/linkResolver.cpp, line 838]
Event: 100.590 Thread 0x000001d513220800 Exception <a 'sun/nio/fs/WindowsException'{0x000000008a5d2ca8}> (0x000000008a5d2ca8) thrown at [./open/src/hotspot/share/prims/jni.cpp, line 611]
Event: 100.988 Thread 0x000001d513220800 Exception <a 'java/lang/IncompatibleClassChangeError'{0x000000008a489d40}: Found class java.lang.Object, but interface was expected> (0x000000008a489d40) thrown at [./open/src/hotspot/share/interpreter/linkResolver.cpp, line 838]
Event: 100.992 Thread 0x000001d513220800 Exception <a 'sun/nio/fs/WindowsException'{0x000000008a494360}> (0x000000008a494360) thrown at [./open/src/hotspot/share/prims/jni.cpp, line 611]
Event: 101.070 Thread 0x000001d513220800 Exception <a 'sun/nio/fs/WindowsException'{0x000000008a4d81f0}> (0x000000008a4d81f0) thrown at [./open/src/hotspot/share/prims/jni.cpp, line 611]
Event: 101.142 Thread 0x000001d513220800 Exception <a 'java/lang/OutOfMemoryError'{0x000000008a32ec78}> (0x000000008a32ec78) thrown at [./open/src/hotspot/share/prims/jni.cpp, line 632]

Events (10 events):
Event: 101.126 loading class org/testng/ITestResult
Event: 101.126 loading class org/testng/ITestResult done
Event: 101.126 loading class org/testng/ITestResult
Event: 101.126 loading class org/testng/ITestResult done
Event: 101.128 loading class org/testng/SuiteResultCounts
Event: 101.128 loading class org/testng/SuiteResultCounts done
Event: 101.131 Thread 0x000001d5361a3800 Thread added: 0x000001d5361a3800
Event: 101.140 loading class freemarker/template/Configuration
Event: 101.140 loading class freemarker/template/Configuration done
Event: 101.142 loading class java/util/zip/DataFormatException


Dynamic libraries:
0x00007ff705d20000 - 0x00007ff705d2f000 	C:\Program Files\Java\jdk-11.0.14\bin\java.exe
0x00007ffdd8950000 - 0x00007ffdd8b48000 	C:\WINDOWS\SYSTEM32\ntdll.dll
0x00007ffdd7170000 - 0x00007ffdd7231000 	C:\WINDOWS\System32\KERNEL32.DLL
0x00007ffdd6000000 - 0x00007ffdd62fd000 	C:\WINDOWS\System32\KERNELBASE.dll
0x00007ffdd6490000 - 0x00007ffdd6590000 	C:\WINDOWS\System32\ucrtbase.dll
0x00007ffdcb6d0000 - 0x00007ffdcb6e8000 	C:\Program Files\Java\jdk-11.0.14\bin\jli.dll
0x00007ffdd8680000 - 0x00007ffdd8730000 	C:\WINDOWS\System32\ADVAPI32.dll
0x00007ffdd7070000 - 0x00007ffdd710e000 	C:\WINDOWS\System32\msvcrt.dll
0x00007ffdd6980000 - 0x00007ffdd6a20000 	C:\WINDOWS\System32\sechost.dll
0x00007ffdd8290000 - 0x00007ffdd83b3000 	C:\WINDOWS\System32\RPCRT4.dll
0x00007ffdd6590000 - 0x00007ffdd65b7000 	C:\WINDOWS\System32\bcrypt.dll
0x00007ffdd7be0000 - 0x00007ffdd7d7d000 	C:\WINDOWS\System32\USER32.dll
0x00007ffdd6460000 - 0x00007ffdd6482000 	C:\WINDOWS\System32\win32u.dll
0x00007ffdd8570000 - 0x00007ffdd859b000 	C:\WINDOWS\System32\GDI32.dll
0x00007ffdd65c0000 - 0x00007ffdd66d7000 	C:\WINDOWS\System32\gdi32full.dll
0x00007ffdd6350000 - 0x00007ffdd63ed000 	C:\WINDOWS\System32\msvcp_win.dll
0x00007ffdcb660000 - 0x00007ffdcb675000 	C:\Program Files\Java\jdk-11.0.14\bin\VCRUNTIME140.dll
0x00007ffdc8970000 - 0x00007ffdc8c0a000 	C:\WINDOWS\WinSxS\amd64_microsoft.windows.common-controls_6595b64144ccf1df_6.0.19041.4355_none_60b8b9eb71f62e16\COMCTL32.dll
0x00007ffdd5c40000 - 0x00007ffdd5c4a000 	C:\WINDOWS\SYSTEM32\VERSION.dll
0x00007ffdd8490000 - 0x00007ffdd84bf000 	C:\WINDOWS\System32\IMM32.DLL
0x0000000051910000 - 0x000000005191c000 	C:\Program Files (x86)\360\Total Security\safemon\SafeWrapper.dll
0x00007ffdb53c0000 - 0x00007ffdb546c000 	C:\Program Files (x86)\360\Total Security\safemon\libzdtp64.dll
0x00007ffdd73c0000 - 0x00007ffdd7b2f000 	C:\WINDOWS\System32\SHELL32.dll
0x00007ffdd7360000 - 0x00007ffdd73b5000 	C:\WINDOWS\System32\SHLWAPI.dll
0x00007ffdc0cb0000 - 0x00007ffdc0d4b000 	C:\Program Files\Java\jdk-11.0.14\bin\msvcp140.dll
0x00007ffd68660000 - 0x00007ffd69176000 	C:\Program Files\Java\jdk-11.0.14\bin\server\jvm.dll
0x00007ffdd7060000 - 0x00007ffdd7068000 	C:\WINDOWS\System32\PSAPI.DLL
0x00007ffdbf7f0000 - 0x00007ffdbf7f9000 	C:\WINDOWS\SYSTEM32\WSOCK32.dll
0x00007ffdd7e60000 - 0x00007ffdd7ecb000 	C:\WINDOWS\System32\WS2_32.dll
0x00007ffdca220000 - 0x00007ffdca247000 	C:\WINDOWS\SYSTEM32\WINMM.dll
0x00007ffdd3dd0000 - 0x00007ffdd3de2000 	C:\WINDOWS\SYSTEM32\kernel.appcore.dll
0x00007ffdccca0000 - 0x00007ffdcccb0000 	C:\Program Files\Java\jdk-11.0.14\bin\verify.dll
0x00007ffdb8620000 - 0x00007ffdb8804000 	C:\WINDOWS\SYSTEM32\DBGHELP.DLL
0x00007ffdbc7e0000 - 0x00007ffdbc814000 	C:\WINDOWS\SYSTEM32\dbgcore.DLL
0x00007ffdd6840000 - 0x00007ffdd68c2000 	C:\WINDOWS\System32\bcryptPrimitives.dll
0x00007ffdc1bf0000 - 0x00007ffdc1c18000 	C:\Program Files\Java\jdk-11.0.14\bin\java.dll
0x00007ffdcb590000 - 0x00007ffdcb59a000 	C:\Program Files\Java\jdk-11.0.14\bin\jimage.dll
0x00007ffdd0e00000 - 0x00007ffdd0e0e000 	C:\Program Files\Java\jdk-11.0.14\bin\instrument.dll
0x00007ffdc88f0000 - 0x00007ffdc8906000 	C:\Program Files\Java\jdk-11.0.14\bin\zip.dll
0x00007ffdd3fd0000 - 0x00007ffdd476f000 	C:\WINDOWS\SYSTEM32\windows.storage.dll
0x00007ffdd7f30000 - 0x00007ffdd8283000 	C:\WINDOWS\System32\combase.dll
0x00007ffdd58d0000 - 0x00007ffdd58fe000 	C:\WINDOWS\SYSTEM32\Wldp.dll
0x00007ffdd83c0000 - 0x00007ffdd848d000 	C:\WINDOWS\System32\OLEAUT32.dll
0x00007ffdd7b30000 - 0x00007ffdd7bdd000 	C:\WINDOWS\System32\SHCORE.dll
0x00007ffdd5f30000 - 0x00007ffdd5f54000 	C:\WINDOWS\SYSTEM32\profapi.dll
0x00007ffdc3ef0000 - 0x00007ffdc3f09000 	C:\Program Files\Java\jdk-11.0.14\bin\net.dll
0x00007ffdce730000 - 0x00007ffdce83d000 	C:\WINDOWS\SYSTEM32\WINHTTP.dll
0x00007ffdd55e0000 - 0x00007ffdd564a000 	C:\WINDOWS\system32\mswsock.dll
0x00007ffdc0f10000 - 0x00007ffdc0f22000 	C:\Program Files\Java\jdk-11.0.14\bin\nio.dll
0x00007ffdccc60000 - 0x00007ffdccc7a000 	C:\Program Files\JetBrains\IntelliJ IDEA Community Edition 2023.1.5\bin\breakgen64.dll
0x00007ffdd5c10000 - 0x00007ffdd5c28000 	C:\WINDOWS\SYSTEM32\CRYPTSP.dll
0x00007ffdd4f20000 - 0x00007ffdd4f54000 	C:\WINDOWS\system32\rsaenh.dll
0x00007ffdd5ee0000 - 0x00007ffdd5f0e000 	C:\WINDOWS\SYSTEM32\USERENV.dll
0x00007ffdd57d0000 - 0x00007ffdd57dc000 	C:\WINDOWS\SYSTEM32\CRYPTBASE.dll
0x00007ffdd52e0000 - 0x00007ffdd531b000 	C:\WINDOWS\SYSTEM32\IPHLPAPI.DLL
0x00007ffdd8900000 - 0x00007ffdd8908000 	C:\WINDOWS\System32\NSI.dll
0x00007ffdce4c0000 - 0x00007ffdce4d7000 	C:\WINDOWS\SYSTEM32\dhcpcsvc6.DLL
0x00007ffdce090000 - 0x00007ffdce0ad000 	C:\WINDOWS\SYSTEM32\dhcpcsvc.DLL
0x00007ffdd5330000 - 0x00007ffdd53fa000 	C:\WINDOWS\SYSTEM32\DNSAPI.dll
0x00007ffdbfc60000 - 0x00007ffdbfc77000 	C:\WINDOWS\system32\napinsp.dll
0x00007ffdb5850000 - 0x00007ffdb586b000 	C:\WINDOWS\system32\pnrpnsp.dll
0x00007ffdcdcb0000 - 0x00007ffdcdcc5000 	C:\WINDOWS\system32\wshbth.dll
0x00007ffdd2060000 - 0x00007ffdd207d000 	C:\WINDOWS\system32\NLAapi.dll
0x00007ffdb56f0000 - 0x00007ffdb5702000 	C:\WINDOWS\System32\winrnr.dll
0x00007ffdc7760000 - 0x00007ffdc776a000 	C:\Windows\System32\rasadhlp.dll
0x00007ffdce0b0000 - 0x00007ffdce130000 	C:\WINDOWS\System32\fwpuclnt.dll
0x00007ffdcddf0000 - 0x00007ffdcddf9000 	C:\Program Files\Java\jdk-11.0.14\bin\management.dll
0x00007ffdccc90000 - 0x00007ffdccc9b000 	C:\Program Files\Java\jdk-11.0.14\bin\management_ext.dll
0x00007ffdc0ee0000 - 0x00007ffdc0f05000 	C:\Program Files\Java\jdk-11.0.14\bin\sunec.dll

dbghelp: loaded successfully - version: 4.0.5 - missing functions: none
symbol engine: initialized successfully - sym options: 0x614 - pdb path: .;C:\Program Files\Java\jdk-11.0.14\bin;C:\WINDOWS\SYSTEM32;C:\WINDOWS\WinSxS\amd64_microsoft.windows.common-controls_6595b64144ccf1df_6.0.19041.4355_none_60b8b9eb71f62e16;C:\Program Files (x86)\360\Total Security\safemon;C:\Program Files\Java\jdk-11.0.14\bin\server;C:\Program Files\JetBrains\IntelliJ IDEA Community Edition 2023.1.5\bin

VM Arguments:
jvm_args: -ea -javaagent:C:\Users\amit\.m2\repository/org/aspectj/aspectjweaver/1.9.20.1/aspectjweaver-1.9.20.1.jar -Didea.test.cyclic.buffer.size=1048576 -javaagent:C:\Program Files\JetBrains\IntelliJ IDEA Community Edition 2023.1.5\lib\idea_rt.jar=61439:C:\Program Files\JetBrains\IntelliJ IDEA Community Edition 2023.1.5\bin -Dfile.encoding=UTF-8 
java_command: com.intellij.rt.testng.RemoteTestNGStarter -usedefaultlisteners false -socket61438 @w@C:\Users\amit\AppData\Local\Temp\idea_working_dirs_testng.tmp -temp C:\Users\amit\AppData\Local\Temp\idea_testng.tmp
java_class_path (initial): C:\Program Files\JetBrains\IntelliJ IDEA Community Edition 2023.1.5\lib\idea_rt.jar;C:\Program Files\JetBrains\IntelliJ IDEA Community Edition 2023.1.5\plugins\testng\lib\testng-rt.jar;J:\3. automation testing testing acadmey\day41--selenium -UI elements\AssignmentAnswers\Appolo-Tools\target\test-classes;J:\3. automation testing testing acadmey\day41--selenium -UI elements\AssignmentAnswers\Appolo-Tools\target\classes;C:\Users\amit\.m2\repository\org\seleniumhq\selenium\selenium-java\4.9.1\selenium-java-4.9.1.jar;C:\Users\amit\.m2\repository\org\seleniumhq\selenium\selenium-api\4.9.1\selenium-api-4.9.1.jar;C:\Users\amit\.m2\repository\org\seleniumhq\selenium\selenium-devtools-v111\4.9.1\selenium-devtools-v111-4.9.1.jar;C:\Users\amit\.m2\repository\org\seleniumhq\selenium\selenium-devtools-v112\4.9.1\selenium-devtools-v112-4.9.1.jar;C:\Users\amit\.m2\repository\org\seleniumhq\selenium\selenium-devtools-v113\4.9.1\selenium-devtools-v113-4.9.1.jar;C:\Users\amit\.m2\repository\org\seleniumhq\selenium\selenium-devtools-v85\4.9.1\selenium-devtools-v85-4.9.1.jar;C:\Users\amit\.m2\repository\org\seleniumhq\selenium\selenium-edge-driver\4.9.1\selenium-edge-driver-4.9.1.jar;C:\Users\amit\.m2\repository\org\seleniumhq\selenium\selenium-firefox-driver\4.9.1\selenium-firefox-driver-4.9.1.jar;C:\Users\amit\.m2\repository\org\seleniumhq\selenium\selenium-http\4.9.1\selenium-http-4.9.1.jar;C:\Users\amit\.m2\repository\dev\failsafe\failsafe\3.3.1\failsafe-3.3.1.jar;C:\Users\amit\.m2\repository\org\seleniumhq\selenium\selenium-ie-driver\4.9.1\selenium-ie-driver-4.9.1.jar;C:\Users\amit\.m2\repository\org\seleniumhq\selenium\selenium-remote-driver\4.9.1\selenium-remote-driver-4.9.1.jar;C:\Users\amit\.m2\repository\io\netty\netty-buffer\4.1.91.Final\netty-buffer-4.1.91.Final.jar;C:\Users\amit\.m2\repository\io\netty\netty-codec-http\4.1.91.Final\netty-codec-http-4.1.91.Final.jar;C:\Users\amit\.m2\repository\io\netty\netty-codec\4.1.91.Final\netty-codec-4.1.9
Launcher Type: SUN_STANDARD

[Global flags]
     intx CICompilerCount                          = 3                                         {product} {ergonomic}
     uint ConcGCThreads                            = 1                                         {product} {ergonomic}
     uint G1ConcRefinementThreads                  = 4                                         {product} {ergonomic}
   size_t G1HeapRegionSize                         = 1048576                                   {product} {ergonomic}
    uintx GCDrainStackTargetSize                   = 64                                        {product} {ergonomic}
   size_t InitialHeapSize                          = 134217728                                 {product} {ergonomic}
   size_t MarkStackSize                            = 4194304                                   {product} {ergonomic}
   size_t MaxHeapSize                              = 2122317824                                {product} {ergonomic}
   size_t MaxNewSize                               = 1272971264                                {product} {ergonomic}
   size_t MinHeapDeltaBytes                        = 1048576                                   {product} {ergonomic}
    uintx NonNMethodCodeHeapSize                   = 5830732                                {pd product} {ergonomic}
    uintx NonProfiledCodeHeapSize                  = 122913754                              {pd product} {ergonomic}
    uintx ProfiledCodeHeapSize                     = 122913754                              {pd product} {ergonomic}
    uintx ReservedCodeCacheSize                    = 251658240                              {pd product} {ergonomic}
     bool SegmentedCodeCache                       = true                                      {product} {ergonomic}
     bool UseCompressedClassPointers               = true                                 {lp64_product} {ergonomic}
     bool UseCompressedOops                        = true                                 {lp64_product} {ergonomic}
     bool UseG1GC                                  = true                                      {product} {ergonomic}
     bool UseLargePagesIndividualAllocation        = false                                  {pd product} {ergonomic}

Logging:
Log output configuration:
 #0: stdout all=warning uptime,level,tags
 #1: stderr all=off uptime,level,tags

Environment Variables:
JAVA_HOME=C:\Program Files\Java\jdk-11.0.14
CLASSPATH=E:\cdac pune\6.core java\day2\assignment 2\bin;E:\cdac pune\6.core java\day1\day1 (assignment)\q4\bin
PATH=C:\Program Files\Java\jdk-11.0.14\bin;C:\Users\amit\AppData\Local\Android\Sdk\platform-tools;C:\Users\amit\AppData\Local\Android\Sdk\tools;C:\TDM-GCC-64\bin;C:\Program Files\Common Files\Oracle\Java\javapath;C:\Program Files (x86)\Common Files\Oracle\Java\javapath;C:\PROGRAMDATA\ORACLE\JAVA\JAVAPATH;C:\PROGRAM FILES (X86)\INTEL\ICLS CLIENT\;C:\PROGRAM FILES\INTEL\ICLS CLIENT\;C:\WINDOWS\SYSTEM32;C:\WINDOWS;C:\WINDOWS\SYSTEM32\WBEM;C:\WINDOWS\SYSTEM32\WINDOWSPOWERSHELL\V1.0\;C:\PROGRAM FILES\INTEL\INTEL(R) MANAGEMENT ENGINE COMPONENTS\DAL;C:\PROGRAM FILES\INTEL\INTEL(R) MANAGEMENT ENGINE COMPONENTS\IPT;C:\PROGRAM FILES (X86)\INTEL\INTEL(R) MANAGEMENT ENGINE COMPONENTS\DAL;C:\PROGRAM FILES (X86)\INTEL\INTEL(R) MANAGEMENT ENGINE COMPONENTS\IPT;C:\PROGRAM FILES (X86)\COMMON FILES\LENOVO\EASYPLUSSDK\BIN;C:\Program Files\WIDCOMM\Bluetooth Software\;C:\Program Files\WIDCOMM\Bluetooth Software\syswow64;C:\WINDOWS\system32;C:\WINDOWS\System32\Wbem;C:\WINDOWS\System32\WindowsPowerShell\v1.0\;C:\Program Files (x86)\NVIDIA Corporation\PhysX\Common;C:\Users\amit\AppData\Local\Microsoft\WindowsApps;C:\Users\amit\AppData\Roaming\Dashl;C:\WINDOWS\System32\OpenSSH\;C:\Program Files (x86)\Microsoft VS Code\bin;C:\Program Files\MySQL\MySQL Server 8.0\bin;C:\Program Files\dotnet\;C:\Program Files\Microsoft SQL Server\130\Tools\Binn\;C:\Program Files\Microsoft SQL Server\Client SDK\ODBC\170\Tools\Binn\;C:\Program Files\nodejs\;C:\Users\amit\Desktop\curl-8.0.1_7-win64-mingw;C:\apache-maven-3.9.3\bin;C:\allure-2.10.0\bin;C:\Windows\System32\wsl.exe;C:\Program Files\Go\bin;C:\sqlite-tools-win32-x86-3430100;C:\Program Files\PuTTY\;C:\Program Files\Amazon\AWSCLIV2\;C:\Program Files\Git\cmd;C:\Program Files\Git LFS;C:\Users\amit\AppData\Local\Android\Sdk\tools\bin;C:\Users\amit\AppData\Local\Android\Sdk\build-tools\35.0.0-rc4;C:\WINDOWS\system32;C:\WINDOWS;C:\WINDOWS\System32\Wbem;C:\WINDOWS\System32\WindowsPowerShell\v1.0\;C:\WINDOWS\System32\OpenSSH\;C:\Program Files\Docker\Docker\resourc
USERNAME=sumit
OS=Windows_NT
PROCESSOR_IDENTIFIER=Intel64 Family 6 Model 69 Stepping 1, GenuineIntel



---------------  S Y S T E M  ---------------

OS: Windows 10 , 64 bit Build 19041 (10.0.19041.4717)
Hyper-V role detected

CPU:total 4 (initial active 4) (2 cores per cpu, 2 threads per core) family 6 model 69 stepping 1 microcode 0x25, cmov, cx8, fxsr, mmx, sse, sse2, sse3, ssse3, sse4.1, sse4.2, popcnt, avx, avx2, aes, clmul, erms, lzcnt, ht, tsc, tscinvbit, bmi1, bmi2, fma

Memory: 4k page, system-wide physical 8095M (963M free)
TotalPageFile size 11538M (AvailPageFile size 77M)
current process WorkingSet (physical memory assigned to process): 313M, peak: 316M
current process commit charge ("private bytes"): 346M, peak: 352M

vm_info: Java HotSpot(TM) 64-Bit Server VM (11.0.14+8-LTS-263) for windows-amd64 JRE (11.0.14+8-LTS-263), built on Dec  7 2021 21:53:57 by "mach5one" with MS VC++ 15.9 (VS2017)

END.
