#
# There is insufficient memory for the Java Runtime Environment to continue.
# Native memory allocation (malloc) failed to allocate 1955216 bytes for Chunk::new
# Possible reasons:
#   The system is out of physical RAM or swap space
#   The process is running with CompressedOops enabled, and the Java Heap may be blocking the growth of the native heap
# Possible solutions:
#   Reduce memory load on the system
#   Increase physical memory or swap space
#   Check if swap backing store is full
#   Decrease Java heap size (-Xmx/-Xms)
#   Decrease number of Java threads
#   Decrease Java thread stack sizes (-Xss)
#   Set larger code cache with -XX:ReservedCodeCacheSize=
#   JVM is running with Unscaled Compressed Oops mode in which the Java heap is
#     placed in the first 4GB address space. The Java Heap base address is the
#     maximum limit for the native heap growth. Please use -XX:HeapBaseMinAddress
#     to set the Java Heap base and to place the Java Heap above 4GB virtual address.
# This output file may be truncated or incomplete.
#
#  Out of Memory Error (./open/src/hotspot/share/memory/arena.cpp:197), pid=3772, tid=8336
#
# JRE version: Java(TM) SE Runtime Environment 18.9 (11.0.14+8) (build 11.0.14+8-LTS-263)
# Java VM: Java HotSpot(TM) 64-Bit Server VM 18.9 (11.0.14+8-LTS-263, mixed mode, tiered, compressed oops, g1 gc, windows-amd64)
# No core dump will be written. Minidumps are not enabled by default on client versions of Windows
#

---------------  S U M M A R Y ------------

Command Line: -ea -javaagent:C:\Users\amit\.m2\repository/org/aspectj/aspectjweaver/1.9.20.1/aspectjweaver-1.9.20.1.jar -Didea.test.cyclic.buffer.size=1048576 -javaagent:C:\Program Files\JetBrains\IntelliJ IDEA Community Edition 2023.1.5\lib\idea_rt.jar=11157:C:\Program Files\JetBrains\IntelliJ IDEA Community Edition 2023.1.5\bin -Dfile.encoding=UTF-8 com.intellij.rt.testng.RemoteTestNGStarter -usedefaultlisteners false -socket11156 @w@C:\Users\amit\AppData\Local\Temp\idea_working_dirs_testng.tmp -temp C:\Users\amit\AppData\Local\Temp\idea_testng.tmp

Host: Intel(R) Core(TM) i3-4005U CPU @ 1.70GHz, 4 cores, 7G,  Windows 10 , 64 bit Build 19041 (10.0.19041.4842)
Time: Sun Oct  6 17:52:46 2024 India Standard Time elapsed time: 104.139661 seconds (0d 0h 1m 44s)

---------------  T H R E A D  ---------------

Current thread (0x00000170fc1de000):  JavaThread "C2 CompilerThread0" daemon [_thread_in_native, id=8336, stack(0x0000001372c00000,0x0000001372d00000)]


Current CompileTask:
C2: 104140 4552 %     4       org.aspectj.apache.bcel.generic.MethodGen::<init> @ 376 (998 bytes)

Stack: [0x0000001372c00000,0x0000001372d00000]
Native frames: (J=compiled Java code, j=interpreted, Vv=VM code, C=native code)
V  [jvm.dll+0x6296da]
V  [jvm.dll+0x76323f]
V  [jvm.dll+0x7648e9]
V  [jvm.dll+0x764f73]
V  [jvm.dll+0x23d7c8]
V  [jvm.dll+0xb297c]
V  [jvm.dll+0xb2f3c]
V  [jvm.dll+0x340e52]
V  [jvm.dll+0x30e803]
V  [jvm.dll+0x30db4a]
V  [jvm.dll+0x1f8365]
V  [jvm.dll+0x1f754d]
V  [jvm.dll+0x177b21]
V  [jvm.dll+0x206e26]
V  [jvm.dll+0x204fbb]
V  [jvm.dll+0x729170]
V  [jvm.dll+0x721d44]
V  [jvm.dll+0x6285d6]
C  [ucrtbase.dll+0x21bb2]
C  [KERNEL32.DLL+0x17374]
C  [ntdll.dll+0x4cc91]


---------------  P R O C E S S  ---------------

Threads class SMR info:
_java_thread_list=0x00000170fead7fc0, length=22, elements={
0x00000170dc35f800, 0x00000170fb943000, 0x00000170fb945000, 0x00000170fc1d3800,
0x00000170fc1d4800, 0x00000170fc1d6800, 0x00000170fc1de000, 0x00000170fc1e9000,
0x00000170fc1ef000, 0x00000170fb900800, 0x00000170fcdc9800, 0x0000017081607800,
0x00000170800fa000, 0x00000170ff19b800, 0x00000170ff3f2800, 0x00000170fcc66800,
0x00000170fea16000, 0x000001708189d800, 0x000001708189d000, 0x000001708189b000,
0x000001708189c000, 0x00000170fd4bf000
}

Java Threads: ( => current thread )
  0x00000170dc35f800 JavaThread "main" [_thread_in_Java, id=9548, stack(0x0000001372000000,0x0000001372100000)]
  0x00000170fb943000 JavaThread "Reference Handler" daemon [_thread_blocked, id=13616, stack(0x0000001372700000,0x0000001372800000)]
  0x00000170fb945000 JavaThread "Finalizer" daemon [_thread_blocked, id=15020, stack(0x0000001372800000,0x0000001372900000)]
  0x00000170fc1d3800 JavaThread "Signal Dispatcher" daemon [_thread_blocked, id=3296, stack(0x0000001372900000,0x0000001372a00000)]
  0x00000170fc1d4800 JavaThread "Attach Listener" daemon [_thread_blocked, id=12580, stack(0x0000001372a00000,0x0000001372b00000)]
  0x00000170fc1d6800 JavaThread "Service Thread" daemon [_thread_blocked, id=23872, stack(0x0000001372b00000,0x0000001372c00000)]
=>0x00000170fc1de000 JavaThread "C2 CompilerThread0" daemon [_thread_in_native, id=8336, stack(0x0000001372c00000,0x0000001372d00000)]
  0x00000170fc1e9000 JavaThread "C1 CompilerThread0" daemon [_thread_blocked, id=31200, stack(0x0000001372d00000,0x0000001372e00000)]
  0x00000170fc1ef000 JavaThread "Sweeper thread" daemon [_thread_blocked, id=888, stack(0x0000001372e00000,0x0000001372f00000)]
  0x00000170fb900800 JavaThread "Common-Cleaner" daemon [_thread_blocked, id=20452, stack(0x0000001372f00000,0x0000001373000000)]
  0x00000170fcdc9800 JavaThread "Monitor Ctrl-Break" daemon [_thread_in_native, id=30256, stack(0x0000001373200000,0x0000001373300000)]
  0x0000017081607800 JavaThread "ForkJoinPool.commonPool-worker-3" daemon [_thread_blocked, id=16104, stack(0x0000001373500000,0x0000001373600000)]
  0x00000170800fa000 JavaThread "AsyncHttpClient-1-1" daemon [_thread_blocked, id=30496, stack(0x0000001373900000,0x0000001373a00000)]
  0x00000170ff19b800 JavaThread "Exec Default Executor" daemon [_thread_in_native, id=25988, stack(0x0000001373a00000,0x0000001373b00000)]
  0x00000170ff3f2800 JavaThread "Exec Stream Pumper" daemon [_thread_in_native, id=6148, stack(0x0000001373800000,0x0000001373900000)]
  0x00000170fcc66800 JavaThread "Exec Stream Pumper" daemon [_thread_in_native, id=7496, stack(0x0000001373b00000,0x0000001373c00000)]
  0x00000170fea16000 JavaThread "Driver Service Executor" daemon [_thread_blocked, id=30336, stack(0x0000001373c00000,0x0000001373d00000)]
  0x000001708189d800 JavaThread "Driver Service Executor" daemon [_thread_blocked, id=33272, stack(0x0000001373d00000,0x0000001373e00000)]
  0x000001708189d000 JavaThread "UrlChecker-2" daemon [_thread_blocked, id=23696, stack(0x0000001373e00000,0x0000001373f00000)]
  0x000001708189b000 JavaThread "AsyncHttpClient-1-2" daemon [_thread_in_native, id=19376, stack(0x0000001374000000,0x0000001374100000)]
  0x000001708189c000 JavaThread "AsyncHttpClient-1-3" daemon [_thread_in_native, id=28176, stack(0x0000001371d00000,0x0000001371e00000)]
  0x00000170fd4bf000 JavaThread "AsyncHttpClient-1-4" daemon [_thread_in_native, id=24912, stack(0x0000001371e00000,0x0000001371f00000)]

Other Threads:
  0x00000170fb96a800 VMThread "VM Thread" [stack: 0x0000001372600000,0x0000001372700000] [id=22788]
  0x00000170fd44e000 WatcherThread [stack: 0x0000001373300000,0x0000001373400000] [id=32540]
  0x00000170dc377000 GCTaskThread "GC Thread#0" [stack: 0x0000001372100000,0x0000001372200000] [id=12284]
  0x00000170fcd59800 GCTaskThread "GC Thread#1" [stack: 0x0000001373000000,0x0000001373100000] [id=17608]
  0x00000170fca8b800 GCTaskThread "GC Thread#2" [stack: 0x0000001373100000,0x0000001373200000] [id=15060]
  0x00000170dc3a8800 ConcurrentGCThread "G1 Main Marker" [stack: 0x0000001372200000,0x0000001372300000] [id=26936]
  0x00000170dc3aa000 ConcurrentGCThread "G1 Conc#0" [stack: 0x0000001372300000,0x0000001372400000] [id=27308]
  0x00000170fb7ad800 ConcurrentGCThread "G1 Refine#0" [stack: 0x0000001372400000,0x0000001372500000] [id=12836]
  0x00000170fd80c800 ConcurrentGCThread "G1 Refine#1" [stack: 0x0000001373400000,0x0000001373500000] [id=12700]
  0x00000170fb7ae800 ConcurrentGCThread "G1 Young RemSet Sampling" [stack: 0x0000001372500000,0x0000001372600000] [id=11716]

Threads with active compile tasks:
C2 CompilerThread0 104658 4552 %     4       org.aspectj.apache.bcel.generic.MethodGen::<init> @ 376 (998 bytes)

VM state:not at safepoint (normal execution)

VM Mutex/Monitor currently owned by a thread: None

Heap address: 0x0000000081800000, size: 2024 MB, Compressed Oops mode: 32-bit
Narrow klass base: 0x0000000000000000, Narrow klass shift: 3
Compressed class space size: 1073741824 Address: 0x0000000100000000

Heap:
 garbage-first heap   total 131072K, used 92029K [0x0000000081800000, 0x0000000100000000)
  region size 1024K, 9 young (9216K), 2 survivors (2048K)
 Metaspace       used 48018K, capacity 49382K, committed 49656K, reserved 1093632K
  class space    used 5544K, capacity 6142K, committed 6220K, reserved 1048576K
Heap Regions: E=young(eden), S=young(survivor), O=old, HS=humongous(starts), HC=humongous(continues), CS=collection set, F=free, A=archive, TAMS=top-at-mark-start (previous, next)
|   0|0x0000000081800000, 0x0000000081900000, 0x0000000081900000|100%| O|  |TAMS 0x0000000081900000, 0x0000000081800000| Untracked 
|   1|0x0000000081900000, 0x0000000081a00000, 0x0000000081a00000|100%| O|  |TAMS 0x0000000081a00000, 0x0000000081900000| Untracked 
|   2|0x0000000081a00000, 0x0000000081b00000, 0x0000000081b00000|100%| O|  |TAMS 0x0000000081b00000, 0x0000000081a00000| Untracked 
|   3|0x0000000081b00000, 0x0000000081c00000, 0x0000000081c00000|100%| O|  |TAMS 0x0000000081c00000, 0x0000000081b00000| Untracked 
|   4|0x0000000081c00000, 0x0000000081d00000, 0x0000000081d00000|100%| O|  |TAMS 0x0000000081d00000, 0x0000000081c00000| Untracked 
|   5|0x0000000081d00000, 0x0000000081e00000, 0x0000000081e00000|100%| O|  |TAMS 0x0000000081e00000, 0x0000000081d00000| Untracked 
|   6|0x0000000081e00000, 0x0000000081f00000, 0x0000000081f00000|100%| O|  |TAMS 0x0000000081f00000, 0x0000000081e00000| Untracked 
|   7|0x0000000081f00000, 0x0000000082000000, 0x0000000082000000|100%| O|  |TAMS 0x0000000082000000, 0x0000000081f00000| Untracked 
|   8|0x0000000082000000, 0x0000000082100000, 0x0000000082100000|100%| O|  |TAMS 0x0000000082100000, 0x0000000082000000| Untracked 
|   9|0x0000000082100000, 0x0000000082200000, 0x0000000082200000|100%| O|  |TAMS 0x0000000082200000, 0x0000000082100000| Untracked 
|  10|0x0000000082200000, 0x0000000082300000, 0x0000000082300000|100%| O|  |TAMS 0x0000000082300000, 0x0000000082200000| Untracked 
|  11|0x0000000082300000, 0x0000000082400000, 0x0000000082400000|100%| O|  |TAMS 0x0000000082400000, 0x0000000082300000| Untracked 
|  12|0x0000000082400000, 0x00000000824ffff8, 0x0000000082500000| 99%| O|  |TAMS 0x00000000824ffff8, 0x0000000082400000| Untracked 
|  13|0x0000000082500000, 0x0000000082600000, 0x0000000082600000|100%| O|  |TAMS 0x0000000082600000, 0x0000000082500000| Untracked 
|  14|0x0000000082600000, 0x0000000082700000, 0x0000000082700000|100%| O|  |TAMS 0x0000000082700000, 0x0000000082600000| Untracked 
|  15|0x0000000082700000, 0x0000000082800000, 0x0000000082800000|100%| O|  |TAMS 0x0000000082800000, 0x0000000082700000| Untracked 
|  16|0x0000000082800000, 0x0000000082900000, 0x0000000082900000|100%| O|  |TAMS 0x0000000082900000, 0x0000000082800000| Untracked 
|  17|0x0000000082900000, 0x0000000082a00000, 0x0000000082a00000|100%| O|  |TAMS 0x0000000082a00000, 0x0000000082900000| Untracked 
|  18|0x0000000082a00000, 0x0000000082b00000, 0x0000000082b00000|100%| O|  |TAMS 0x0000000082b00000, 0x0000000082a00000| Untracked 
|  19|0x0000000082b00000, 0x0000000082c00000, 0x0000000082c00000|100%| O|  |TAMS 0x0000000082c00000, 0x0000000082b00000| Untracked 
|  20|0x0000000082c00000, 0x0000000082d00000, 0x0000000082d00000|100%| O|  |TAMS 0x0000000082d00000, 0x0000000082c00000| Untracked 
|  21|0x0000000082d00000, 0x0000000082d00000, 0x0000000082e00000|  0%| F|  |TAMS 0x0000000082d00000, 0x0000000082d00000| Untracked 
|  22|0x0000000082e00000, 0x0000000082f00000, 0x0000000082f00000|100%| O|  |TAMS 0x0000000082f00000, 0x0000000082e00000| Untracked 
|  23|0x0000000082f00000, 0x0000000083000000, 0x0000000083000000|100%| O|  |TAMS 0x0000000083000000, 0x0000000082f00000| Untracked 
|  24|0x0000000083000000, 0x0000000083100000, 0x0000000083100000|100%| O|  |TAMS 0x0000000083100000, 0x0000000083000000| Untracked 
|  25|0x0000000083100000, 0x0000000083200000, 0x0000000083200000|100%| O|  |TAMS 0x0000000083200000, 0x0000000083100000| Untracked 
|  26|0x0000000083200000, 0x0000000083300000, 0x0000000083300000|100%| O|  |TAMS 0x0000000083300000, 0x0000000083200000| Untracked 
|  27|0x0000000083300000, 0x0000000083400000, 0x0000000083400000|100%| O|  |TAMS 0x0000000083400000, 0x0000000083300000| Untracked 
|  28|0x0000000083400000, 0x0000000083500000, 0x0000000083500000|100%| O|  |TAMS 0x0000000083500000, 0x0000000083400000| Untracked 
|  29|0x0000000083500000, 0x0000000083600000, 0x0000000083600000|100%| O|  |TAMS 0x0000000083600000, 0x0000000083500000| Untracked 
|  30|0x0000000083600000, 0x0000000083700000, 0x0000000083700000|100%| O|  |TAMS 0x0000000083700000, 0x0000000083600000| Untracked 
|  31|0x0000000083700000, 0x0000000083800000, 0x0000000083800000|100%| O|  |TAMS 0x0000000083800000, 0x0000000083700000| Untracked 
|  32|0x0000000083800000, 0x0000000083900000, 0x0000000083900000|100%| O|  |TAMS 0x0000000083900000, 0x0000000083800000| Untracked 
|  33|0x0000000083900000, 0x0000000083a00000, 0x0000000083a00000|100%| O|  |TAMS 0x0000000083a00000, 0x0000000083900000| Untracked 
|  34|0x0000000083a00000, 0x0000000083b00000, 0x0000000083b00000|100%| O|  |TAMS 0x0000000083b00000, 0x0000000083a00000| Untracked 
|  35|0x0000000083b00000, 0x0000000083c00000, 0x0000000083c00000|100%| O|  |TAMS 0x0000000083c00000, 0x0000000083b00000| Untracked 
|  36|0x0000000083c00000, 0x0000000083d00000, 0x0000000083d00000|100%| O|  |TAMS 0x0000000083d00000, 0x0000000083c00000| Untracked 
|  37|0x0000000083d00000, 0x0000000083e00000, 0x0000000083e00000|100%| O|  |TAMS 0x0000000083e00000, 0x0000000083d00000| Untracked 
|  38|0x0000000083e00000, 0x0000000083f00000, 0x0000000083f00000|100%| O|  |TAMS 0x0000000083f00000, 0x0000000083e00000| Untracked 
|  39|0x0000000083f00000, 0x0000000084000000, 0x0000000084000000|100%| O|  |TAMS 0x0000000084000000, 0x0000000083f00000| Untracked 
|  40|0x0000000084000000, 0x0000000084100000, 0x0000000084100000|100%| O|  |TAMS 0x0000000084100000, 0x0000000084000000| Untracked 
|  41|0x0000000084100000, 0x0000000084200000, 0x0000000084200000|100%| O|  |TAMS 0x0000000084200000, 0x0000000084100000| Untracked 
|  42|0x0000000084200000, 0x0000000084300000, 0x0000000084300000|100%| O|  |TAMS 0x0000000084300000, 0x0000000084200000| Untracked 
|  43|0x0000000084300000, 0x0000000084400000, 0x0000000084400000|100%| O|  |TAMS 0x0000000084400000, 0x0000000084300000| Untracked 
|  44|0x0000000084400000, 0x0000000084500000, 0x0000000084500000|100%| O|  |TAMS 0x0000000084500000, 0x0000000084400000| Untracked 
|  45|0x0000000084500000, 0x0000000084600000, 0x0000000084600000|100%| O|  |TAMS 0x0000000084600000, 0x0000000084500000| Untracked 
|  46|0x0000000084600000, 0x0000000084700000, 0x0000000084700000|100%| O|  |TAMS 0x0000000084700000, 0x0000000084600000| Untracked 
|  47|0x0000000084700000, 0x0000000084800000, 0x0000000084800000|100%| O|  |TAMS 0x0000000084800000, 0x0000000084700000| Untracked 
|  48|0x0000000084800000, 0x0000000084900000, 0x0000000084900000|100%| O|  |TAMS 0x0000000084900000, 0x0000000084800000| Untracked 
|  49|0x0000000084900000, 0x0000000084a00000, 0x0000000084a00000|100%| O|  |TAMS 0x0000000084a00000, 0x0000000084900000| Untracked 
|  50|0x0000000084a00000, 0x0000000084b00000, 0x0000000084b00000|100%| O|  |TAMS 0x0000000084b00000, 0x0000000084a00000| Untracked 
|  51|0x0000000084b00000, 0x0000000084c00000, 0x0000000084c00000|100%| O|  |TAMS 0x0000000084c00000, 0x0000000084b00000| Untracked 
|  52|0x0000000084c00000, 0x0000000084d00000, 0x0000000084d00000|100%| O|  |TAMS 0x0000000084d00000, 0x0000000084c00000| Untracked 
|  53|0x0000000084d00000, 0x0000000084e00000, 0x0000000084e00000|100%| O|  |TAMS 0x0000000084e00000, 0x0000000084d00000| Untracked 
|  54|0x0000000084e00000, 0x0000000084f00000, 0x0000000084f00000|100%| O|  |TAMS 0x0000000084f00000, 0x0000000084e00000| Untracked 
|  55|0x0000000084f00000, 0x0000000085000000, 0x0000000085000000|100%| O|  |TAMS 0x0000000085000000, 0x0000000084f00000| Untracked 
|  56|0x0000000085000000, 0x0000000085100000, 0x0000000085100000|100%| O|  |TAMS 0x0000000085100000, 0x0000000085000000| Untracked 
|  57|0x0000000085100000, 0x0000000085200000, 0x0000000085200000|100%| O|  |TAMS 0x0000000085200000, 0x0000000085100000| Untracked 
|  58|0x0000000085200000, 0x0000000085300000, 0x0000000085300000|100%| O|  |TAMS 0x0000000085300000, 0x0000000085200000| Untracked 
|  59|0x0000000085300000, 0x0000000085400000, 0x0000000085400000|100%| O|  |TAMS 0x0000000085400000, 0x0000000085300000| Untracked 
|  60|0x0000000085400000, 0x0000000085500000, 0x0000000085500000|100%| O|  |TAMS 0x0000000085500000, 0x0000000085400000| Untracked 
|  61|0x0000000085500000, 0x0000000085600000, 0x0000000085600000|100%| O|  |TAMS 0x0000000085600000, 0x0000000085500000| Untracked 
|  62|0x0000000085600000, 0x0000000085700000, 0x0000000085700000|100%| O|  |TAMS 0x0000000085700000, 0x0000000085600000| Untracked 
|  63|0x0000000085700000, 0x0000000085800000, 0x0000000085800000|100%| O|  |TAMS 0x0000000085800000, 0x0000000085700000| Untracked 
|  64|0x0000000085800000, 0x0000000085900000, 0x0000000085900000|100%| O|  |TAMS 0x0000000085900000, 0x0000000085800000| Untracked 
|  65|0x0000000085900000, 0x0000000085a00000, 0x0000000085a00000|100%| O|  |TAMS 0x0000000085a00000, 0x0000000085900000| Untracked 
|  66|0x0000000085a00000, 0x0000000085b00000, 0x0000000085b00000|100%| O|  |TAMS 0x0000000085b00000, 0x0000000085a00000| Untracked 
|  67|0x0000000085b00000, 0x0000000085c00000, 0x0000000085c00000|100%| O|  |TAMS 0x0000000085c00000, 0x0000000085b00000| Untracked 
|  68|0x0000000085c00000, 0x0000000085d00000, 0x0000000085d00000|100%| O|  |TAMS 0x0000000085d00000, 0x0000000085c00000| Untracked 
|  69|0x0000000085d00000, 0x0000000085e00000, 0x0000000085e00000|100%|HS|  |TAMS 0x0000000085e00000, 0x0000000085d00000| Complete 
|  70|0x0000000085e00000, 0x0000000085f00000, 0x0000000085f00000|100%|HC|  |TAMS 0x0000000085f00000, 0x0000000085e00000| Complete 
|  71|0x0000000085f00000, 0x0000000086000000, 0x0000000086000000|100%|HC|  |TAMS 0x0000000086000000, 0x0000000085f00000| Complete 
|  72|0x0000000086000000, 0x0000000086100000, 0x0000000086100000|100%|HC|  |TAMS 0x0000000086100000, 0x0000000086000000| Complete 
|  73|0x0000000086100000, 0x0000000086200000, 0x0000000086200000|100%|HC|  |TAMS 0x0000000086200000, 0x0000000086100000| Complete 
|  74|0x0000000086200000, 0x0000000086300000, 0x0000000086300000|100%| O|  |TAMS 0x0000000086300000, 0x0000000086200000| Untracked 
|  75|0x0000000086300000, 0x0000000086400000, 0x0000000086400000|100%| O|  |TAMS 0x0000000086400000, 0x0000000086300000| Untracked 
|  76|0x0000000086400000, 0x0000000086500000, 0x0000000086500000|100%| O|  |TAMS 0x0000000086500000, 0x0000000086400000| Untracked 
|  77|0x0000000086500000, 0x0000000086600000, 0x0000000086600000|100%| O|  |TAMS 0x0000000086600000, 0x0000000086500000| Untracked 
|  78|0x0000000086600000, 0x0000000086700000, 0x0000000086700000|100%| O|  |TAMS 0x0000000086700000, 0x0000000086600000| Untracked 
|  79|0x0000000086700000, 0x0000000086800000, 0x0000000086800000|100%| O|  |TAMS 0x0000000086800000, 0x0000000086700000| Untracked 
|  80|0x0000000086800000, 0x0000000086900000, 0x0000000086900000|100%| O|  |TAMS 0x0000000086900000, 0x0000000086800000| Untracked 
|  81|0x0000000086900000, 0x0000000086a00000, 0x0000000086a00000|100%| O|  |TAMS 0x0000000086a00000, 0x0000000086900000| Untracked 
|  82|0x0000000086a00000, 0x0000000086b00000, 0x0000000086b00000|100%| O|  |TAMS 0x0000000086b00000, 0x0000000086a00000| Untracked 
|  83|0x0000000086b00000, 0x0000000086bc0a00, 0x0000000086c00000| 75%| O|  |TAMS 0x0000000086bc0a00, 0x0000000086b00000| Untracked 
|  84|0x0000000086c00000, 0x0000000086c00000, 0x0000000086d00000|  0%| F|  |TAMS 0x0000000086c00000, 0x0000000086c00000| Untracked 
|  85|0x0000000086d00000, 0x0000000086d00000, 0x0000000086e00000|  0%| F|  |TAMS 0x0000000086d00000, 0x0000000086d00000| Untracked 
|  86|0x0000000086e00000, 0x0000000086e00000, 0x0000000086f00000|  0%| F|  |TAMS 0x0000000086e00000, 0x0000000086e00000| Untracked 
|  87|0x0000000086f00000, 0x0000000086f00000, 0x0000000087000000|  0%| F|  |TAMS 0x0000000086f00000, 0x0000000086f00000| Untracked 
|  88|0x0000000087000000, 0x0000000087000000, 0x0000000087100000|  0%| F|  |TAMS 0x0000000087000000, 0x0000000087000000| Untracked 
|  89|0x0000000087100000, 0x0000000087100000, 0x0000000087200000|  0%| F|  |TAMS 0x0000000087100000, 0x0000000087100000| Untracked 
|  90|0x0000000087200000, 0x0000000087200000, 0x0000000087300000|  0%| F|  |TAMS 0x0000000087200000, 0x0000000087200000| Untracked 
|  91|0x0000000087300000, 0x0000000087300000, 0x0000000087400000|  0%| F|  |TAMS 0x0000000087300000, 0x0000000087300000| Untracked 
|  92|0x0000000087400000, 0x0000000087400000, 0x0000000087500000|  0%| F|  |TAMS 0x0000000087400000, 0x0000000087400000| Untracked 
|  93|0x0000000087500000, 0x0000000087500000, 0x0000000087600000|  0%| F|  |TAMS 0x0000000087500000, 0x0000000087500000| Untracked 
|  94|0x0000000087600000, 0x0000000087600000, 0x0000000087700000|  0%| F|  |TAMS 0x0000000087600000, 0x0000000087600000| Untracked 
|  95|0x0000000087700000, 0x0000000087700000, 0x0000000087800000|  0%| F|  |TAMS 0x0000000087700000, 0x0000000087700000| Untracked 
|  96|0x0000000087800000, 0x0000000087800000, 0x0000000087900000|  0%| F|  |TAMS 0x0000000087800000, 0x0000000087800000| Untracked 
|  97|0x0000000087900000, 0x0000000087900000, 0x0000000087a00000|  0%| F|  |TAMS 0x0000000087900000, 0x0000000087900000| Untracked 
|  98|0x0000000087a00000, 0x0000000087a00000, 0x0000000087b00000|  0%| F|  |TAMS 0x0000000087a00000, 0x0000000087a00000| Untracked 
|  99|0x0000000087b00000, 0x0000000087b00000, 0x0000000087c00000|  0%| F|  |TAMS 0x0000000087b00000, 0x0000000087b00000| Untracked 
| 100|0x0000000087c00000, 0x0000000087c00000, 0x0000000087d00000|  0%| F|  |TAMS 0x0000000087c00000, 0x0000000087c00000| Untracked 
| 101|0x0000000087d00000, 0x0000000087d00000, 0x0000000087e00000|  0%| F|  |TAMS 0x0000000087d00000, 0x0000000087d00000| Untracked 
| 102|0x0000000087e00000, 0x0000000087e00000, 0x0000000087f00000|  0%| F|  |TAMS 0x0000000087e00000, 0x0000000087e00000| Untracked 
| 103|0x0000000087f00000, 0x0000000087f00000, 0x0000000088000000|  0%| F|  |TAMS 0x0000000087f00000, 0x0000000087f00000| Untracked 
| 104|0x0000000088000000, 0x000000008801eb40, 0x0000000088100000| 11%| S|CS|TAMS 0x0000000088000000, 0x0000000088000000| Complete 
| 105|0x0000000088100000, 0x0000000088200000, 0x0000000088200000|100%| S|CS|TAMS 0x0000000088100000, 0x0000000088100000| Complete 
| 106|0x0000000088200000, 0x0000000088200000, 0x0000000088300000|  0%| F|  |TAMS 0x0000000088200000, 0x0000000088200000| Untracked 
| 107|0x0000000088300000, 0x0000000088300000, 0x0000000088400000|  0%| F|  |TAMS 0x0000000088300000, 0x0000000088300000| Untracked 
| 108|0x0000000088400000, 0x0000000088400000, 0x0000000088500000|  0%| F|  |TAMS 0x0000000088400000, 0x0000000088400000| Untracked 
| 109|0x0000000088500000, 0x0000000088500000, 0x0000000088600000|  0%| F|  |TAMS 0x0000000088500000, 0x0000000088500000| Untracked 
| 110|0x0000000088600000, 0x0000000088600000, 0x0000000088700000|  0%| F|  |TAMS 0x0000000088600000, 0x0000000088600000| Untracked 
| 111|0x0000000088700000, 0x0000000088700000, 0x0000000088800000|  0%| F|  |TAMS 0x0000000088700000, 0x0000000088700000| Untracked 
| 112|0x0000000088800000, 0x0000000088800000, 0x0000000088900000|  0%| F|  |TAMS 0x0000000088800000, 0x0000000088800000| Untracked 
| 113|0x0000000088900000, 0x0000000088900000, 0x0000000088a00000|  0%| F|  |TAMS 0x0000000088900000, 0x0000000088900000| Untracked 
| 114|0x0000000088a00000, 0x0000000088a00000, 0x0000000088b00000|  0%| F|  |TAMS 0x0000000088a00000, 0x0000000088a00000| Untracked 
| 115|0x0000000088b00000, 0x0000000088b00000, 0x0000000088c00000|  0%| F|  |TAMS 0x0000000088b00000, 0x0000000088b00000| Untracked 
| 116|0x0000000088c00000, 0x0000000088c00000, 0x0000000088d00000|  0%| F|  |TAMS 0x0000000088c00000, 0x0000000088c00000| Untracked 
| 117|0x0000000088d00000, 0x0000000088d00000, 0x0000000088e00000|  0%| F|  |TAMS 0x0000000088d00000, 0x0000000088d00000| Untracked 
| 118|0x0000000088e00000, 0x0000000088e00000, 0x0000000088f00000|  0%| F|  |TAMS 0x0000000088e00000, 0x0000000088e00000| Untracked 
| 119|0x0000000088f00000, 0x0000000088f00000, 0x0000000089000000|  0%| F|  |TAMS 0x0000000088f00000, 0x0000000088f00000| Untracked 
| 120|0x0000000089000000, 0x0000000089000000, 0x0000000089100000|  0%| F|  |TAMS 0x0000000089000000, 0x0000000089000000| Untracked 
| 121|0x0000000089100000, 0x00000000891d5ec8, 0x0000000089200000| 83%| E|  |TAMS 0x0000000089100000, 0x0000000089100000| Complete 
| 122|0x0000000089200000, 0x0000000089300000, 0x0000000089300000|100%| E|CS|TAMS 0x0000000089200000, 0x0000000089200000| Complete 
| 123|0x0000000089300000, 0x0000000089400000, 0x0000000089400000|100%| E|CS|TAMS 0x0000000089300000, 0x0000000089300000| Complete 
| 124|0x0000000089400000, 0x0000000089500000, 0x0000000089500000|100%| E|CS|TAMS 0x0000000089400000, 0x0000000089400000| Complete 
| 125|0x0000000089500000, 0x0000000089600000, 0x0000000089600000|100%| E|CS|TAMS 0x0000000089500000, 0x0000000089500000| Complete 
| 126|0x0000000089600000, 0x0000000089700000, 0x0000000089700000|100%| E|CS|TAMS 0x0000000089600000, 0x0000000089600000| Complete 
| 127|0x0000000089700000, 0x0000000089800000, 0x0000000089800000|100%| E|CS|TAMS 0x0000000089700000, 0x0000000089700000| Complete 

Card table byte_map: [0x00000170f4ba0000,0x00000170f4fa0000] _byte_map_base: 0x00000170f4794000

Marking Bits (Prev, Next): (CMBitMap*) 0x00000170dc39fc60, (CMBitMap*) 0x00000170dc39fc28
 Prev Bits: [0x00000170f7340000, 0x00000170f92e0000)
 Next Bits: [0x00000170f53a0000, 0x00000170f7340000)

Polling page: 0x00000170dc2e0000

Metaspace:

Usage:
  Non-class:     42.23 MB capacity,    41.49 MB ( 98%) used,   598.44 KB (  1%) free+waste,   158.13 KB ( <1%) overhead. 
      Class:      6.00 MB capacity,     5.42 MB ( 90%) used,   511.25 KB (  8%) free+waste,    82.13 KB (  1%) overhead. 
       Both:     48.22 MB capacity,    46.91 MB ( 97%) used,     1.08 MB (  2%) free+waste,   240.25 KB ( <1%) overhead. 

Virtual space:
  Non-class space:       44.00 MB reserved,      42.42 MB ( 96%) committed 
      Class space:        1.00 GB reserved,       6.07 MB ( <1%) committed 
             Both:        1.04 GB reserved,      48.49 MB (  5%) committed 

Chunk freelists:
   Non-Class:  512 bytes
       Class:  256 bytes
        Both:  768 bytes

CodeHeap 'non-profiled nmethods': size=120064Kb used=4406Kb max_used=4406Kb free=115657Kb
 bounds [0x00000170ecc20000, 0x00000170ed070000, 0x00000170f4160000]
CodeHeap 'profiled nmethods': size=120000Kb used=11506Kb max_used=11506Kb free=108493Kb
 bounds [0x00000170e56f0000, 0x00000170e6230000, 0x00000170ecc20000]
CodeHeap 'non-nmethods': size=5696Kb used=1241Kb max_used=1289Kb free=4454Kb
 bounds [0x00000170e5160000, 0x00000170e53d0000, 0x00000170e56f0000]
 total_blobs=5135 nmethods=4516 adapters=529
 compilation: enabled
              stopped_count=0, restarted_count=0
 full_count=0

Compilation events (10 events):
Event: 101.726 Thread 0x00000170fc1e9000 nmethod 4551 0x00000170e6229790 code [0x00000170e6229940, 0x00000170e6229a68]
Event: 101.742 Thread 0x00000170fc1de000 4552 %     4       org.aspectj.apache.bcel.generic.MethodGen::<init> @ 376 (998 bytes)
Event: 101.776 Thread 0x00000170fc1e9000 4553       3       java.util.WeakHashMap::put (162 bytes)
Event: 101.780 Thread 0x00000170fc1e9000 nmethod 4553 0x00000170e6229b10 code [0x00000170e6229d80, 0x00000170e622acd8]
Event: 101.780 Thread 0x00000170fc1e9000 4555       3       org.aspectj.apache.bcel.classfile.LineNumberTable::getLineNumberTable (9 bytes)
Event: 101.780 Thread 0x00000170fc1e9000 nmethod 4555 0x00000170e622b210 code [0x00000170e622b3c0, 0x00000170e622b508]
Event: 102.318 Thread 0x00000170fc1e9000 4556       3       jdk.internal.org.objectweb.asm.FieldVisitor::<init> (35 bytes)
Event: 102.319 Thread 0x00000170fc1e9000 nmethod 4556 0x00000170e622b590 code [0x00000170e622b740, 0x00000170e622ba28]
Event: 103.027 Thread 0x00000170fc1e9000 4559       3       java.util.concurrent.locks.AbstractQueuedSynchronizer::compareAndSetState (10 bytes)
Event: 103.031 Thread 0x00000170fc1e9000 nmethod 4559 0x00000170e622bb10 code [0x00000170e622bd20, 0x00000170e622c2f8]

GC Heap History (10 events):
Event: 63.154 GC heap before
{Heap before GC invocations=26 (full 0):
 garbage-first heap   total 131072K, used 82714K [0x0000000081800000, 0x0000000100000000)
  region size 1024K, 6 young (6144K), 3 survivors (3072K)
 Metaspace       used 45027K, capacity 46235K, committed 46328K, reserved 1089536K
  class space    used 5104K, capacity 5644K, committed 5708K, reserved 1048576K
}
Event: 63.163 GC heap after
{Heap after GC invocations=27 (full 0):
 garbage-first heap   total 131072K, used 79141K [0x0000000081800000, 0x0000000100000000)
  region size 1024K, 1 young (1024K), 1 survivors (1024K)
 Metaspace       used 45027K, capacity 46235K, committed 46328K, reserved 1089536K
  class space    used 5104K, capacity 5644K, committed 5708K, reserved 1048576K
}
Event: 64.373 GC heap before
{Heap before GC invocations=27 (full 0):
 garbage-first heap   total 131072K, used 106789K [0x0000000081800000, 0x0000000100000000)
  region size 1024K, 28 young (28672K), 1 survivors (1024K)
 Metaspace       used 46229K, capacity 47484K, committed 47736K, reserved 1091584K
  class space    used 5264K, capacity 5827K, committed 5836K, reserved 1048576K
}
Event: 64.385 GC heap after
{Heap after GC invocations=28 (full 0):
 garbage-first heap   total 131072K, used 81170K [0x0000000081800000, 0x0000000100000000)
  region size 1024K, 3 young (3072K), 3 survivors (3072K)
 Metaspace       used 46229K, capacity 47484K, committed 47736K, reserved 1091584K
  class space    used 5264K, capacity 5827K, committed 5836K, reserved 1048576K
}
Event: 93.317 GC heap before
{Heap before GC invocations=29 (full 0):
 garbage-first heap   total 131072K, used 107794K [0x0000000081800000, 0x0000000100000000)
  region size 1024K, 29 young (29696K), 3 survivors (3072K)
 Metaspace       used 46777K, capacity 48043K, committed 48120K, reserved 1091584K
  class space    used 5332K, capacity 5907K, committed 5964K, reserved 1048576K
}
Event: 93.346 GC heap after
{Heap after GC invocations=30 (full 0):
 garbage-first heap   total 131072K, used 85285K [0x0000000081800000, 0x0000000100000000)
  region size 1024K, 4 young (4096K), 4 survivors (4096K)
 Metaspace       used 46777K, capacity 48043K, committed 48120K, reserved 1091584K
  class space    used 5332K, capacity 5907K, committed 5964K, reserved 1048576K
}
Event: 93.533 GC heap before
{Heap before GC invocations=30 (full 0):
 garbage-first heap   total 131072K, used 86309K [0x0000000081800000, 0x0000000100000000)
  region size 1024K, 6 young (6144K), 4 survivors (4096K)
 Metaspace       used 46855K, capacity 48139K, committed 48376K, reserved 1091584K
  class space    used 5355K, capacity 5939K, committed 5964K, reserved 1048576K
}
Event: 93.550 GC heap after
{Heap after GC invocations=31 (full 0):
 garbage-first heap   total 131072K, used 85446K [0x0000000081800000, 0x0000000100000000)
  region size 1024K, 1 young (1024K), 1 survivors (1024K)
 Metaspace       used 46855K, capacity 48139K, committed 48376K, reserved 1091584K
  class space    used 5355K, capacity 5939K, committed 5964K, reserved 1048576K
}
Event: 100.835 GC heap before
{Heap before GC invocations=31 (full 0):
 garbage-first heap   total 131072K, used 106950K [0x0000000081800000, 0x0000000100000000)
  region size 1024K, 22 young (22528K), 1 survivors (1024K)
 Metaspace       used 47835K, capacity 49155K, committed 49400K, reserved 1093632K
  class space    used 5523K, capacity 6109K, committed 6220K, reserved 1048576K
}
Event: 100.847 GC heap after
{Heap after GC invocations=32 (full 0):
 garbage-first heap   total 131072K, used 85885K [0x0000000081800000, 0x0000000100000000)
  region size 1024K, 2 young (2048K), 2 survivors (2048K)
 Metaspace       used 47835K, capacity 49155K, committed 49400K, reserved 1093632K
  class space    used 5523K, capacity 6109K, committed 6220K, reserved 1048576K
}

Deoptimization events (10 events):
Event: 96.184 Thread 0x00000170dc35f800 Uncommon trap: reason=bimorphic_or_optimized_type_check action=maybe_recompile pc=0x00000170ece1edb8 method=org.aspectj.weaver.ReferenceType.isGenericType()Z @ 1 c2
Event: 96.184 Thread 0x00000170dc35f800 Uncommon trap: reason=bimorphic_or_optimized_type_check action=maybe_recompile pc=0x00000170ed015558 method=org.aspectj.weaver.ReferenceType.setDelegate(Lorg/aspectj/weaver/ReferenceTypeDelegate;)V @ 163 c2
Event: 96.184 Thread 0x00000170dc35f800 Uncommon trap: reason=bimorphic_or_optimized_type_check action=maybe_recompile pc=0x00000170ece5fbec method=org.aspectj.weaver.ReferenceType.ensureConsistent()V @ 50 c2
Event: 96.196 Thread 0x00000170dc35f800 Uncommon trap: reason=class_check action=maybe_recompile pc=0x00000170ed048110 method=org.aspectj.weaver.bcel.BcelGenericSignatureToTypeXConverter.typeArgument2TypeX(Lorg/aspectj/util/GenericSignature$TypeArgument;[Lorg/aspectj/util/GenericSignature$Forma
Event: 96.196 Thread 0x00000170dc35f800 Uncommon trap: reason=bimorphic_or_optimized_type_check action=maybe_recompile pc=0x00000170ece1edb8 method=org.aspectj.weaver.ReferenceType.isGenericType()Z @ 1 c2
Event: 96.196 Thread 0x00000170dc35f800 Uncommon trap: reason=bimorphic_or_optimized_type_check action=maybe_recompile pc=0x00000170ed015558 method=org.aspectj.weaver.ReferenceType.setDelegate(Lorg/aspectj/weaver/ReferenceTypeDelegate;)V @ 163 c2
Event: 96.196 Thread 0x00000170dc35f800 Uncommon trap: reason=bimorphic_or_optimized_type_check action=maybe_recompile pc=0x00000170ece5fbec method=org.aspectj.weaver.ReferenceType.ensureConsistent()V @ 50 c2
Event: 97.633 Thread 0x00000170dc35f800 Uncommon trap: reason=class_check action=maybe_recompile pc=0x00000170ece18438 method=org.aspectj.apache.bcel.generic.MethodGen.<init>(Lorg/aspectj/apache/bcel/classfile/Method;Ljava/lang/String;Lorg/aspectj/apache/bcel/classfile/ConstantPool;Z)V @ 958 c2
Event: 97.664 Thread 0x00000170dc35f800 Uncommon trap: reason=class_check action=maybe_recompile pc=0x00000170ece18438 method=org.aspectj.apache.bcel.generic.MethodGen.<init>(Lorg/aspectj/apache/bcel/classfile/Method;Ljava/lang/String;Lorg/aspectj/apache/bcel/classfile/ConstantPool;Z)V @ 958 c2
Event: 100.856 Thread 0x00000170dc35f800 Uncommon trap: reason=unstable_if action=reinterpret pc=0x00000170ece96050 method=java.util.WeakHashMap.eq(Ljava/lang/Object;Ljava/lang/Object;)Z @ 10 c2

Classes redefined (0 events):
No events

Internal exceptions (10 events):
Event: 89.613 Thread 0x00000170dc35f800 Implicit null exception at 0x00000170ecef12d9 to 0x00000170ecef1588
Event: 90.530 Thread 0x00000170dc35f800 Implicit null exception at 0x00000170ece6bbd4 to 0x00000170ece6be5c
Event: 98.295 Thread 0x00000170dc35f800 Exception <a 'java/lang/reflect/InvocationTargetException'{0x000000008835f228}> (0x000000008835f228) thrown at [./open/src/hotspot/share/runtime/reflection.cpp, line 1242]
Event: 98.899 Thread 0x00000170dc35f800 Exception <a 'java/lang/IncompatibleClassChangeError'{0x0000000088246a88}: Found class java.lang.Object, but interface was expected> (0x0000000088246a88) thrown at [./open/src/hotspot/share/interpreter/linkResolver.cpp, line 838]
Event: 98.900 Thread 0x00000170dc35f800 Exception <a 'java/lang/IncompatibleClassChangeError'{0x0000000088249a70}: Found class java.lang.Object, but interface was expected> (0x0000000088249a70) thrown at [./open/src/hotspot/share/interpreter/linkResolver.cpp, line 838]
Event: 98.900 Thread 0x00000170dc35f800 Exception <a 'java/lang/IncompatibleClassChangeError'{0x000000008824c9f8}: Found class java.lang.Object, but interface was expected> (0x000000008824c9f8) thrown at [./open/src/hotspot/share/interpreter/linkResolver.cpp, line 838]
Event: 98.902 Thread 0x00000170dc35f800 Exception <a 'java/lang/IncompatibleClassChangeError'{0x000000008824f958}: Found class java.lang.Object, but interface was expected> (0x000000008824f958) thrown at [./open/src/hotspot/share/interpreter/linkResolver.cpp, line 838]
Event: 98.917 Thread 0x00000170dc35f800 Exception <a 'java/lang/IncompatibleClassChangeError'{0x0000000088253588}: Found class java.lang.Object, but interface was expected> (0x0000000088253588) thrown at [./open/src/hotspot/share/interpreter/linkResolver.cpp, line 838]
Event: 100.383 Thread 0x00000170dc35f800 Exception <a 'sun/nio/fs/WindowsException'{0x0000000088256670}> (0x0000000088256670) thrown at [./open/src/hotspot/share/prims/jni.cpp, line 611]
Event: 100.856 Thread 0x00000170dc35f800 Implicit null exception at 0x00000170ece95efe to 0x00000170ece9601e

Events (10 events):
Event: 102.391 loading class io/qameta/allure/internal/shadowed/jackson/databind/util/internal/PrivateMaxEntriesMap$EntryIterator
Event: 102.391 loading class io/qameta/allure/internal/shadowed/jackson/databind/util/internal/PrivateMaxEntriesMap$EntryIterator done
Event: 102.466 loading class io/qameta/allure/internal/shadowed/jackson/databind/type/ClassStack
Event: 102.466 loading class io/qameta/allure/internal/shadowed/jackson/databind/type/ClassStack done
Event: 102.572 loading class io/qameta/allure/internal/shadowed/jackson/databind/util/internal/PrivateMaxEntriesMap$WeightedValue
Event: 102.572 loading class io/qameta/allure/internal/shadowed/jackson/databind/util/internal/PrivateMaxEntriesMap$WeightedValue done
Event: 102.574 loading class io/qameta/allure/internal/shadowed/jackson/databind/util/internal/PrivateMaxEntriesMap$Node
Event: 102.574 loading class io/qameta/allure/internal/shadowed/jackson/databind/util/internal/PrivateMaxEntriesMap$Node done
Event: 102.578 loading class io/qameta/allure/internal/shadowed/jackson/databind/util/internal/PrivateMaxEntriesMap$AddTask
Event: 102.578 loading class io/qameta/allure/internal/shadowed/jackson/databind/util/internal/PrivateMaxEntriesMap$AddTask done


Dynamic libraries:
0x00007ff767520000 - 0x00007ff76752f000 	C:\Program Files\Java\jdk-11.0.14\bin\java.exe
0x00007ffda6fb0000 - 0x00007ffda71a8000 	C:\WINDOWS\SYSTEM32\ntdll.dll
0x00007ffda6ea0000 - 0x00007ffda6f61000 	C:\WINDOWS\System32\KERNEL32.DLL
0x00007ffda4a40000 - 0x00007ffda4d3d000 	C:\WINDOWS\System32\KERNELBASE.dll
0x00007ffda4660000 - 0x00007ffda4760000 	C:\WINDOWS\System32\ucrtbase.dll
0x00007ffd942b0000 - 0x00007ffd942c5000 	C:\Program Files\Java\jdk-11.0.14\bin\VCRUNTIME140.dll
0x00007ffd92a90000 - 0x00007ffd92aa8000 	C:\Program Files\Java\jdk-11.0.14\bin\jli.dll
0x00007ffda6470000 - 0x00007ffda6520000 	C:\WINDOWS\System32\ADVAPI32.dll
0x00007ffda5590000 - 0x00007ffda562e000 	C:\WINDOWS\System32\msvcrt.dll
0x00007ffda60b0000 - 0x00007ffda6150000 	C:\WINDOWS\System32\sechost.dll
0x00007ffda5630000 - 0x00007ffda5753000 	C:\WINDOWS\System32\RPCRT4.dll
0x00007ffda4dd0000 - 0x00007ffda4df7000 	C:\WINDOWS\System32\bcrypt.dll
0x00007ffda6c30000 - 0x00007ffda6dcd000 	C:\WINDOWS\System32\USER32.dll
0x00007ffda4960000 - 0x00007ffda4982000 	C:\WINDOWS\System32\win32u.dll
0x00007ffda6280000 - 0x00007ffda62ab000 	C:\WINDOWS\System32\GDI32.dll
0x00007ffda4e00000 - 0x00007ffda4f17000 	C:\WINDOWS\System32\gdi32full.dll
0x00007ffda48c0000 - 0x00007ffda495d000 	C:\WINDOWS\System32\msvcp_win.dll
0x00007ffda40e0000 - 0x00007ffda40ea000 	C:\WINDOWS\SYSTEM32\VERSION.dll
0x00007ffd927e0000 - 0x00007ffd92a7a000 	C:\WINDOWS\WinSxS\amd64_microsoft.windows.common-controls_6595b64144ccf1df_6.0.19041.4355_none_60b8b9eb71f62e16\COMCTL32.dll
0x00007ffda6080000 - 0x00007ffda60af000 	C:\WINDOWS\System32\IMM32.DLL
0x0000000075520000 - 0x000000007552c000 	C:\Program Files (x86)\360\Total Security\safemon\SafeWrapper.dll
0x00007ffd84760000 - 0x00007ffd8480c000 	C:\Program Files (x86)\360\Total Security\safemon\libzdtp64.dll
0x00007ffda5760000 - 0x00007ffda5ecf000 	C:\WINDOWS\System32\SHELL32.dll
0x00007ffda66d0000 - 0x00007ffda6725000 	C:\WINDOWS\System32\SHLWAPI.dll
0x00007ffd4d380000 - 0x00007ffd4d41b000 	C:\Program Files\Java\jdk-11.0.14\bin\msvcp140.dll
0x00007ffd2c350000 - 0x00007ffd2ce66000 	C:\Program Files\Java\jdk-11.0.14\bin\server\jvm.dll
0x00007ffda67b0000 - 0x00007ffda67b8000 	C:\WINDOWS\System32\PSAPI.DLL
0x00007ffd8b550000 - 0x00007ffd8b559000 	C:\WINDOWS\SYSTEM32\WSOCK32.dll
0x00007ffd938e0000 - 0x00007ffd93907000 	C:\WINDOWS\SYSTEM32\WINMM.dll
0x00007ffda6660000 - 0x00007ffda66cb000 	C:\WINDOWS\System32\WS2_32.dll
0x00007ffda2320000 - 0x00007ffda2332000 	C:\WINDOWS\SYSTEM32\kernel.appcore.dll
0x00007ffd9a6e0000 - 0x00007ffd9a6f0000 	C:\Program Files\Java\jdk-11.0.14\bin\verify.dll
0x00007ffd85b20000 - 0x00007ffd85d04000 	C:\WINDOWS\SYSTEM32\DBGHELP.DLL
0x00007ffd891b0000 - 0x00007ffd891e4000 	C:\WINDOWS\SYSTEM32\dbgcore.DLL
0x00007ffda4d40000 - 0x00007ffda4dc2000 	C:\WINDOWS\System32\bcryptPrimitives.dll
0x00007ffd91490000 - 0x00007ffd914b8000 	C:\Program Files\Java\jdk-11.0.14\bin\java.dll
0x00007ffd92a80000 - 0x00007ffd92a8a000 	C:\Program Files\Java\jdk-11.0.14\bin\jimage.dll
0x00007ffda0b30000 - 0x00007ffda0b3e000 	C:\Program Files\Java\jdk-11.0.14\bin\instrument.dll
0x00007ffd8dea0000 - 0x00007ffd8deb6000 	C:\Program Files\Java\jdk-11.0.14\bin\zip.dll
0x00007ffda2630000 - 0x00007ffda2dd3000 	C:\WINDOWS\SYSTEM32\windows.storage.dll
0x00007ffda5090000 - 0x00007ffda53e3000 	C:\WINDOWS\System32\combase.dll
0x00007ffda3e70000 - 0x00007ffda3e9e000 	C:\WINDOWS\SYSTEM32\Wldp.dll
0x00007ffda6dd0000 - 0x00007ffda6e9d000 	C:\WINDOWS\System32\OLEAUT32.dll
0x00007ffda61b0000 - 0x00007ffda625d000 	C:\WINDOWS\System32\SHCORE.dll
0x00007ffda4590000 - 0x00007ffda45b4000 	C:\WINDOWS\SYSTEM32\profapi.dll
0x00007ffd94610000 - 0x00007ffd94629000 	C:\Program Files\Java\jdk-11.0.14\bin\net.dll
0x00007ffd9c8c0000 - 0x00007ffd9c9cd000 	C:\WINDOWS\SYSTEM32\WINHTTP.dll
0x00007ffda3c50000 - 0x00007ffda3cba000 	C:\WINDOWS\system32\mswsock.dll
0x00007ffd94510000 - 0x00007ffd94522000 	C:\Program Files\Java\jdk-11.0.14\bin\nio.dll
0x00007ffd9cbe0000 - 0x00007ffd9cbfa000 	C:\Program Files\JetBrains\IntelliJ IDEA Community Edition 2023.1.5\bin\breakgen64.dll
0x00007ffda4110000 - 0x00007ffda4128000 	C:\WINDOWS\SYSTEM32\CRYPTSP.dll
0x00007ffda3590000 - 0x00007ffda35c4000 	C:\WINDOWS\system32\rsaenh.dll
0x00007ffda4550000 - 0x00007ffda457e000 	C:\WINDOWS\SYSTEM32\USERENV.dll
0x00007ffda3de0000 - 0x00007ffda3dec000 	C:\WINDOWS\SYSTEM32\CRYPTBASE.dll
0x00007ffda3950000 - 0x00007ffda398b000 	C:\WINDOWS\SYSTEM32\IPHLPAPI.DLL
0x00007ffda6270000 - 0x00007ffda6278000 	C:\WINDOWS\System32\NSI.dll
0x00007ffd9d3f0000 - 0x00007ffd9d407000 	C:\WINDOWS\SYSTEM32\dhcpcsvc6.DLL
0x00007ffd9d360000 - 0x00007ffd9d37d000 	C:\WINDOWS\SYSTEM32\dhcpcsvc.DLL
0x00007ffda39a0000 - 0x00007ffda3a6a000 	C:\WINDOWS\SYSTEM32\DNSAPI.dll
0x00007ffd84ae0000 - 0x00007ffd84af7000 	C:\WINDOWS\system32\napinsp.dll
0x00007ffd84ac0000 - 0x00007ffd84adb000 	C:\WINDOWS\system32\pnrpnsp.dll
0x00007ffda0a10000 - 0x00007ffda0a25000 	C:\WINDOWS\system32\wshbth.dll
0x00007ffda0a40000 - 0x00007ffda0a5d000 	C:\WINDOWS\system32\NLAapi.dll
0x00007ffd84aa0000 - 0x00007ffd84ab2000 	C:\WINDOWS\System32\winrnr.dll
0x00007ffd9aaf0000 - 0x00007ffd9aafa000 	C:\Windows\System32\rasadhlp.dll
0x00007ffd9abb0000 - 0x00007ffd9ac30000 	C:\WINDOWS\System32\fwpuclnt.dll
0x00007ffda0b50000 - 0x00007ffda0b59000 	C:\Program Files\Java\jdk-11.0.14\bin\management.dll
0x00007ffda0b40000 - 0x00007ffda0b4b000 	C:\Program Files\Java\jdk-11.0.14\bin\management_ext.dll
0x00007ffd95330000 - 0x00007ffd95355000 	C:\Program Files\Java\jdk-11.0.14\bin\sunec.dll

dbghelp: loaded successfully - version: 4.0.5 - missing functions: none
symbol engine: initialized successfully - sym options: 0x614 - pdb path: .;C:\Program Files\Java\jdk-11.0.14\bin;C:\WINDOWS\SYSTEM32;C:\WINDOWS\WinSxS\amd64_microsoft.windows.common-controls_6595b64144ccf1df_6.0.19041.4355_none_60b8b9eb71f62e16;C:\Program Files (x86)\360\Total Security\safemon;C:\Program Files\Java\jdk-11.0.14\bin\server;C:\Program Files\JetBrains\IntelliJ IDEA Community Edition 2023.1.5\bin

VM Arguments:
jvm_args: -ea -javaagent:C:\Users\amit\.m2\repository/org/aspectj/aspectjweaver/1.9.20.1/aspectjweaver-1.9.20.1.jar -Didea.test.cyclic.buffer.size=1048576 -javaagent:C:\Program Files\JetBrains\IntelliJ IDEA Community Edition 2023.1.5\lib\idea_rt.jar=11157:C:\Program Files\JetBrains\IntelliJ IDEA Community Edition 2023.1.5\bin -Dfile.encoding=UTF-8 
java_command: com.intellij.rt.testng.RemoteTestNGStarter -usedefaultlisteners false -socket11156 @w@C:\Users\amit\AppData\Local\Temp\idea_working_dirs_testng.tmp -temp C:\Users\amit\AppData\Local\Temp\idea_testng.tmp
java_class_path (initial): C:\Program Files\JetBrains\IntelliJ IDEA Community Edition 2023.1.5\lib\idea_rt.jar;C:\Program Files\JetBrains\IntelliJ IDEA Community Edition 2023.1.5\plugins\testng\lib\testng-rt.jar;J:\3. automation testing testing acadmey\day41--selenium -UI elements\AssignmentAnswers\Appolo-Tools\target\test-classes;J:\3. automation testing testing acadmey\day41--selenium -UI elements\AssignmentAnswers\Appolo-Tools\target\classes;C:\Users\amit\.m2\repository\org\seleniumhq\selenium\selenium-java\4.9.1\selenium-java-4.9.1.jar;C:\Users\amit\.m2\repository\org\seleniumhq\selenium\selenium-api\4.9.1\selenium-api-4.9.1.jar;C:\Users\amit\.m2\repository\org\seleniumhq\selenium\selenium-devtools-v111\4.9.1\selenium-devtools-v111-4.9.1.jar;C:\Users\amit\.m2\repository\org\seleniumhq\selenium\selenium-devtools-v112\4.9.1\selenium-devtools-v112-4.9.1.jar;C:\Users\amit\.m2\repository\org\seleniumhq\selenium\selenium-devtools-v113\4.9.1\selenium-devtools-v113-4.9.1.jar;C:\Users\amit\.m2\repository\org\seleniumhq\selenium\selenium-devtools-v85\4.9.1\selenium-devtools-v85-4.9.1.jar;C:\Users\amit\.m2\repository\org\seleniumhq\selenium\selenium-edge-driver\4.9.1\selenium-edge-driver-4.9.1.jar;C:\Users\amit\.m2\repository\org\seleniumhq\selenium\selenium-firefox-driver\4.9.1\selenium-firefox-driver-4.9.1.jar;C:\Users\amit\.m2\repository\org\seleniumhq\selenium\selenium-http\4.9.1\selenium-http-4.9.1.jar;C:\Users\amit\.m2\repository\dev\failsafe\failsafe\3.3.1\failsafe-3.3.1.jar;C:\Users\amit\.m2\repository\org\seleniumhq\selenium\selenium-ie-driver\4.9.1\selenium-ie-driver-4.9.1.jar;C:\Users\amit\.m2\repository\org\seleniumhq\selenium\selenium-remote-driver\4.9.1\selenium-remote-driver-4.9.1.jar;C:\Users\amit\.m2\repository\io\netty\netty-buffer\4.1.91.Final\netty-buffer-4.1.91.Final.jar;C:\Users\amit\.m2\repository\io\netty\netty-codec-http\4.1.91.Final\netty-codec-http-4.1.91.Final.jar;C:\Users\amit\.m2\repository\io\netty\netty-codec\4.1.91.Final\netty-codec-4.1.9
Launcher Type: SUN_STANDARD

[Global flags]
     intx CICompilerCount                          = 3                                         {product} {ergonomic}
     uint ConcGCThreads                            = 1                                         {product} {ergonomic}
     uint G1ConcRefinementThreads                  = 4                                         {product} {ergonomic}
   size_t G1HeapRegionSize                         = 1048576                                   {product} {ergonomic}
    uintx GCDrainStackTargetSize                   = 64                                        {product} {ergonomic}
   size_t InitialHeapSize                          = 134217728                                 {product} {ergonomic}
   size_t MarkStackSize                            = 4194304                                   {product} {ergonomic}
   size_t MaxHeapSize                              = 2122317824                                {product} {ergonomic}
   size_t MaxNewSize                               = 1272971264                                {product} {ergonomic}
   size_t MinHeapDeltaBytes                        = 1048576                                   {product} {ergonomic}
    uintx NonNMethodCodeHeapSize                   = 5830732                                {pd product} {ergonomic}
    uintx NonProfiledCodeHeapSize                  = 122913754                              {pd product} {ergonomic}
    uintx ProfiledCodeHeapSize                     = 122913754                              {pd product} {ergonomic}
    uintx ReservedCodeCacheSize                    = 251658240                              {pd product} {ergonomic}
     bool SegmentedCodeCache                       = true                                      {product} {ergonomic}
     bool UseCompressedClassPointers               = true                                 {lp64_product} {ergonomic}
     bool UseCompressedOops                        = true                                 {lp64_product} {ergonomic}
     bool UseG1GC                                  = true                                      {product} {ergonomic}
     bool UseLargePagesIndividualAllocation        = false                                  {pd product} {ergonomic}

Logging:
Log output configuration:
 #0: stdout all=warning uptime,level,tags
 #1: stderr all=off uptime,level,tags

Environment Variables:
JAVA_HOME=C:\Program Files\Java\jdk-11.0.14
CLASSPATH=E:\cdac pune\6.core java\day2\assignment 2\bin;E:\cdac pune\6.core java\day1\day1 (assignment)\q4\bin
PATH=C:\Program Files\Java\jdk-11.0.14\bin;C:\Users\amit\AppData\Local\Android\Sdk\platform-tools;C:\Users\amit\AppData\Local\Android\Sdk\tools;C:\TDM-GCC-64\bin;C:\Program Files\Common Files\Oracle\Java\javapath;C:\Program Files (x86)\Common Files\Oracle\Java\javapath;C:\PROGRAMDATA\ORACLE\JAVA\JAVAPATH;C:\PROGRAM FILES (X86)\INTEL\ICLS CLIENT\;C:\PROGRAM FILES\INTEL\ICLS CLIENT\;C:\WINDOWS\SYSTEM32;C:\WINDOWS;C:\WINDOWS\SYSTEM32\WBEM;C:\WINDOWS\SYSTEM32\WINDOWSPOWERSHELL\V1.0\;C:\PROGRAM FILES\INTEL\INTEL(R) MANAGEMENT ENGINE COMPONENTS\DAL;C:\PROGRAM FILES\INTEL\INTEL(R) MANAGEMENT ENGINE COMPONENTS\IPT;C:\PROGRAM FILES (X86)\INTEL\INTEL(R) MANAGEMENT ENGINE COMPONENTS\DAL;C:\PROGRAM FILES (X86)\INTEL\INTEL(R) MANAGEMENT ENGINE COMPONENTS\IPT;C:\PROGRAM FILES (X86)\COMMON FILES\LENOVO\EASYPLUSSDK\BIN;C:\Program Files\WIDCOMM\Bluetooth Software\;C:\Program Files\WIDCOMM\Bluetooth Software\syswow64;C:\WINDOWS\system32;C:\WINDOWS\System32\Wbem;C:\WINDOWS\System32\WindowsPowerShell\v1.0\;C:\Program Files (x86)\NVIDIA Corporation\PhysX\Common;C:\Users\amit\AppData\Local\Microsoft\WindowsApps;C:\Users\amit\AppData\Roaming\Dashl;C:\WINDOWS\System32\OpenSSH\;C:\Program Files (x86)\Microsoft VS Code\bin;C:\Program Files\MySQL\MySQL Server 8.0\bin;C:\Program Files\dotnet\;C:\Program Files\Microsoft SQL Server\130\Tools\Binn\;C:\Program Files\Microsoft SQL Server\Client SDK\ODBC\170\Tools\Binn\;C:\Program Files\nodejs\;C:\Users\amit\Desktop\curl-8.0.1_7-win64-mingw;C:\apache-maven-3.9.3\bin;C:\allure-2.10.0\bin;C:\Windows\System32\wsl.exe;C:\Program Files\Go\bin;C:\sqlite-tools-win32-x86-3430100;C:\Program Files\PuTTY\;C:\Program Files\Amazon\AWSCLIV2\;C:\Program Files\Git\cmd;C:\Program Files\Git LFS;C:\Users\amit\AppData\Local\Android\Sdk\tools\bin;C:\Users\amit\AppData\Local\Android\Sdk\build-tools\35.0.0-rc4;C:\WINDOWS\system32;C:\WINDOWS;C:\WINDOWS\System32\Wbem;C:\WINDOWS\System32\WindowsPowerShell\v1.0\;C:\WINDOWS\System32\OpenSSH\;C:\Program Files\Docker\Docker\resourc
USERNAME=sumit
OS=Windows_NT
PROCESSOR_IDENTIFIER=Intel64 Family 6 Model 69 Stepping 1, GenuineIntel



---------------  S Y S T E M  ---------------

OS: Windows 10 , 64 bit Build 19041 (10.0.19041.4842)
Hyper-V role detected

CPU:total 4 (initial active 4) (2 cores per cpu, 2 threads per core) family 6 model 69 stepping 1 microcode 0x25, cmov, cx8, fxsr, mmx, sse, sse2, sse3, ssse3, sse4.1, sse4.2, popcnt, avx, avx2, aes, clmul, erms, lzcnt, ht, tsc, tscinvbit, bmi1, bmi2, fma

Memory: 4k page, system-wide physical 8095M (481M free)
TotalPageFile size 11538M (AvailPageFile size 5M)
current process WorkingSet (physical memory assigned to process): 283M, peak: 295M
current process commit charge ("private bytes"): 317M, peak: 327M

vm_info: Java HotSpot(TM) 64-Bit Server VM (11.0.14+8-LTS-263) for windows-amd64 JRE (11.0.14+8-LTS-263), built on Dec  7 2021 21:53:57 by "mach5one" with MS VC++ 15.9 (VS2017)

END.
