#
# There is insufficient memory for the Java Runtime Environment to continue.
# Native memory allocation (malloc) failed to allocate 218576 bytes for Chunk::new
# Possible reasons:
#   The system is out of physical RAM or swap space
#   The process is running with CompressedOops enabled, and the Java Heap may be blocking the growth of the native heap
# Possible solutions:
#   Reduce memory load on the system
#   Increase physical memory or swap space
#   Check if swap backing store is full
#   Decrease Java heap size (-Xmx/-Xms)
#   Decrease number of Java threads
#   Decrease Java thread stack sizes (-Xss)
#   Set larger code cache with -XX:ReservedCodeCacheSize=
#   JVM is running with Unscaled Compressed Oops mode in which the Java heap is
#     placed in the first 4GB address space. The Java Heap base address is the
#     maximum limit for the native heap growth. Please use -XX:HeapBaseMinAddress
#     to set the Java Heap base and to place the Java Heap above 4GB virtual address.
# This output file may be truncated or incomplete.
#
#  Out of Memory Error (./open/src/hotspot/share/memory/arena.cpp:197), pid=17236, tid=15256
#
# JRE version: Java(TM) SE Runtime Environment 18.9 (11.0.14+8) (build 11.0.14+8-LTS-263)
# Java VM: Java HotSpot(TM) 64-Bit Server VM 18.9 (11.0.14+8-LTS-263, mixed mode, tiered, compressed oops, g1 gc, windows-amd64)
# No core dump will be written. Minidumps are not enabled by default on client versions of Windows
#

---------------  S U M M A R Y ------------

Command Line: -ea -javaagent:C:\Users\amit\.m2\repository/org/aspectj/aspectjweaver/1.9.20.1/aspectjweaver-1.9.20.1.jar -Didea.test.cyclic.buffer.size=1048576 -javaagent:C:\Program Files\JetBrains\IntelliJ IDEA Community Edition 2024.3.1.1\lib\idea_rt.jar=12549:C:\Program Files\JetBrains\IntelliJ IDEA Community Edition 2024.3.1.1\bin -javaagent:C:\Users\amit\AppData\Local\JetBrains\IdeaIC2024.3\captureAgent\debugger-agent.jar -Dkotlinx.coroutines.debug.enable.creation.stack.trace=false -Ddebugger.agent.enable.coroutines=true -Dkotlinx.coroutines.debug.enable.flows.stack.trace=true -Dkotlinx.coroutines.debug.enable.mutable.state.flows.stack.trace=true -Dfile.encoding=UTF-8 com.intellij.rt.testng.RemoteTestNGStarter -usedefaultlisteners false -socket12548 @w@C:\Users\amit\AppData\Local\Temp\idea_working_dirs_testng1.tmp -temp C:\Users\amit\AppData\Local\Temp\idea_testng1.tmp

Host: Intel(R) Core(TM) i3-4005U CPU @ 1.70GHz, 4 cores, 7G,  Windows 10 , 64 bit Build 19041 (10.0.19041.5198)
Time: Mon Jan 13 07:32:18 2025 India Standard Time elapsed time: 20.075880 seconds (0d 0h 0m 20s)

---------------  T H R E A D  ---------------

Current thread (0x0000023af1477000):  JavaThread "C2 CompilerThread0" daemon [_thread_in_native, id=15256, stack(0x000000b18c200000,0x000000b18c300000)]


Current CompileTask:
C2:  20077  893       4       java.util.HashMap::resize (356 bytes)

Stack: [0x000000b18c200000,0x000000b18c300000]
Native frames: (J=compiled Java code, j=interpreted, Vv=VM code, C=native code)
V  [jvm.dll+0x6296da]
V  [jvm.dll+0x76323f]
V  [jvm.dll+0x7648e9]
V  [jvm.dll+0x764f73]
V  [jvm.dll+0x23d7c8]
V  [jvm.dll+0xb297c]
V  [jvm.dll+0xb2f3c]
V  [jvm.dll+0x340e97]
V  [jvm.dll+0x30e803]
V  [jvm.dll+0x30db4a]
V  [jvm.dll+0x1f8365]
V  [jvm.dll+0x1f754d]
V  [jvm.dll+0x177b21]
V  [jvm.dll+0x206e26]
V  [jvm.dll+0x204fbb]
V  [jvm.dll+0x729170]
V  [jvm.dll+0x721d44]
V  [jvm.dll+0x6285d6]
C  [ucrtbase.dll+0x21bb2]
C  [KERNEL32.DLL+0x17374]
C  [ntdll.dll+0x4cc91]


---------------  P R O C E S S  ---------------

Threads class SMR info:
_java_thread_list=0x0000023af1793300, length=10, elements={
0x0000023ad2dd4800, 0x0000023af1414800, 0x0000023af141d800, 0x0000023af146f800,
0x0000023af1472800, 0x0000023af1473800, 0x0000023af1477000, 0x0000023af147c000,
0x0000023af147f000, 0x0000023af1796800
}

Java Threads: ( => current thread )
  0x0000023ad2dd4800 JavaThread "main" [_thread_blocked, id=9912, stack(0x000000b18b600000,0x000000b18b700000)]
  0x0000023af1414800 JavaThread "Reference Handler" daemon [_thread_blocked, id=8512, stack(0x000000b18bd00000,0x000000b18be00000)]
  0x0000023af141d800 JavaThread "Finalizer" daemon [_thread_blocked, id=13248, stack(0x000000b18be00000,0x000000b18bf00000)]
  0x0000023af146f800 JavaThread "Signal Dispatcher" daemon [_thread_blocked, id=7200, stack(0x000000b18bf00000,0x000000b18c000000)]
  0x0000023af1472800 JavaThread "Attach Listener" daemon [_thread_blocked, id=18932, stack(0x000000b18c000000,0x000000b18c100000)]
  0x0000023af1473800 JavaThread "Service Thread" daemon [_thread_blocked, id=7728, stack(0x000000b18c100000,0x000000b18c200000)]
=>0x0000023af1477000 JavaThread "C2 CompilerThread0" daemon [_thread_in_native, id=15256, stack(0x000000b18c200000,0x000000b18c300000)]
  0x0000023af147c000 JavaThread "C1 CompilerThread0" daemon [_thread_blocked, id=11992, stack(0x000000b18c300000,0x000000b18c400000)]
  0x0000023af147f000 JavaThread "Sweeper thread" daemon [_thread_blocked, id=8784, stack(0x000000b18c400000,0x000000b18c500000)]
  0x0000023af1796800 JavaThread "Common-Cleaner" daemon [_thread_blocked, id=18512, stack(0x000000b18c500000,0x000000b18c600000)]

Other Threads:
  0x0000023af0c0d000 VMThread "VM Thread" [stack: 0x000000b18bc00000,0x000000b18bd00000] [id=17576]
  0x0000023ad2ded000 GCTaskThread "GC Thread#0" [stack: 0x000000b18b700000,0x000000b18b800000] [id=8552]
  0x0000023af1eac000 GCTaskThread "GC Thread#1" [stack: 0x000000b18c600000,0x000000b18c700000] [id=8912]
  0x0000023af1ef5800 GCTaskThread "GC Thread#2" [stack: 0x000000b18c700000,0x000000b18c800000] [id=1192]
  0x0000023ad2e1b000 ConcurrentGCThread "G1 Main Marker" [stack: 0x000000b18b800000,0x000000b18b900000] [id=12780]
  0x0000023ad2e1c800 ConcurrentGCThread "G1 Conc#0" [stack: 0x000000b18b900000,0x000000b18ba00000] [id=14580]
  0x0000023af0a50800 ConcurrentGCThread "G1 Refine#0" [stack: 0x000000b18ba00000,0x000000b18bb00000] [id=16268]
  0x0000023af0a51000 ConcurrentGCThread "G1 Young RemSet Sampling" [stack: 0x000000b18bb00000,0x000000b18bc00000] [id=19896]

Threads with active compile tasks:
C2 CompilerThread0  21553  893       4       java.util.HashMap::resize (356 bytes)

VM state:at safepoint (normal execution)

VM Mutex/Monitor currently owned by a thread:  ([mutex/lock_event])
[0x0000023ad2dceb10] Threads_lock - owner thread: 0x0000023af0c0d000
[0x0000023ad2dcef90] Heap_lock - owner thread: 0x0000023ad2dd4800

Heap address: 0x0000000081800000, size: 2024 MB, Compressed Oops mode: 32-bit
Narrow klass base: 0x0000000000000000, Narrow klass shift: 3
Compressed class space size: 1073741824 Address: 0x0000000100000000

Heap:
 garbage-first heap   total 131072K, used 10541K [0x0000000081800000, 0x0000000100000000)
  region size 1024K, 1 young (1024K), 1 survivors (1024K)
 Metaspace       used 10380K, capacity 10472K, committed 10496K, reserved 1071104K
  class space    used 979K, capacity 1024K, committed 1024K, reserved 1048576K
Heap Regions: E=young(eden), S=young(survivor), O=old, HS=humongous(starts), HC=humongous(continues), CS=collection set, F=free, A=archive, TAMS=top-at-mark-start (previous, next)
|   0|0x0000000081800000, 0x0000000081900000, 0x0000000081900000|100%|HS|  |TAMS 0x0000000081800000, 0x0000000081900000| Complete 
|   1|0x0000000081900000, 0x0000000081a00000, 0x0000000081a00000|100%| O|  |TAMS 0x0000000081900000, 0x0000000081a00000| Untracked 
|   2|0x0000000081a00000, 0x0000000081b00000, 0x0000000081b00000|100%| O|  |TAMS 0x0000000081a00000, 0x0000000081b00000| Untracked 
|   3|0x0000000081b00000, 0x0000000081c00000, 0x0000000081c00000|100%| O|  |TAMS 0x0000000081b00000, 0x0000000081c00000| Untracked 
|   4|0x0000000081c00000, 0x0000000081d00000, 0x0000000081d00000|100%| O|  |TAMS 0x0000000081c00000, 0x0000000081d00000| Untracked 
|   5|0x0000000081d00000, 0x0000000081e00000, 0x0000000081e00000|100%| O|  |TAMS 0x0000000081d00000, 0x0000000081e00000| Untracked 
|   6|0x0000000081e00000, 0x0000000081f00000, 0x0000000081f00000|100%| O|  |TAMS 0x0000000081e00000, 0x0000000081f00000| Untracked 
|   7|0x0000000081f00000, 0x0000000082000000, 0x0000000082000000|100%| O|  |TAMS 0x0000000081f00000, 0x0000000082000000| Untracked 
|   8|0x0000000082000000, 0x0000000082100000, 0x0000000082100000|100%| O|  |TAMS 0x0000000082000000, 0x0000000082100000| Untracked 
|   9|0x0000000082100000, 0x00000000821b2c00, 0x0000000082200000| 69%| O|  |TAMS 0x0000000082100000, 0x00000000821b2c00| Untracked 
|  10|0x0000000082200000, 0x0000000082200000, 0x0000000082300000|  0%| F|  |TAMS 0x0000000082200000, 0x0000000082200000| Untracked 
|  11|0x0000000082300000, 0x0000000082300000, 0x0000000082400000|  0%| F|  |TAMS 0x0000000082300000, 0x0000000082300000| Untracked 
|  12|0x0000000082400000, 0x0000000082400000, 0x0000000082500000|  0%| F|  |TAMS 0x0000000082400000, 0x0000000082400000| Untracked 
|  13|0x0000000082500000, 0x0000000082500000, 0x0000000082600000|  0%| F|  |TAMS 0x0000000082500000, 0x0000000082500000| Untracked 
|  14|0x0000000082600000, 0x0000000082600000, 0x0000000082700000|  0%| F|  |TAMS 0x0000000082600000, 0x0000000082600000| Untracked 
|  15|0x0000000082700000, 0x0000000082700000, 0x0000000082800000|  0%| F|  |TAMS 0x0000000082700000, 0x0000000082700000| Untracked 
|  16|0x0000000082800000, 0x0000000082800000, 0x0000000082900000|  0%| F|  |TAMS 0x0000000082800000, 0x0000000082800000| Untracked 
|  17|0x0000000082900000, 0x0000000082900000, 0x0000000082a00000|  0%| F|  |TAMS 0x0000000082900000, 0x0000000082900000| Untracked 
|  18|0x0000000082a00000, 0x0000000082a00000, 0x0000000082b00000|  0%| F|  |TAMS 0x0000000082a00000, 0x0000000082a00000| Untracked 
|  19|0x0000000082b00000, 0x0000000082b00000, 0x0000000082c00000|  0%| F|  |TAMS 0x0000000082b00000, 0x0000000082b00000| Untracked 
|  20|0x0000000082c00000, 0x0000000082c00000, 0x0000000082d00000|  0%| F|  |TAMS 0x0000000082c00000, 0x0000000082c00000| Untracked 
|  21|0x0000000082d00000, 0x0000000082d00000, 0x0000000082e00000|  0%| F|  |TAMS 0x0000000082d00000, 0x0000000082d00000| Untracked 
|  22|0x0000000082e00000, 0x0000000082e00000, 0x0000000082f00000|  0%| F|  |TAMS 0x0000000082e00000, 0x0000000082e00000| Untracked 
|  23|0x0000000082f00000, 0x0000000082f00000, 0x0000000083000000|  0%| F|  |TAMS 0x0000000082f00000, 0x0000000082f00000| Untracked 
|  24|0x0000000083000000, 0x0000000083000000, 0x0000000083100000|  0%| F|  |TAMS 0x0000000083000000, 0x0000000083000000| Untracked 
|  25|0x0000000083100000, 0x0000000083100000, 0x0000000083200000|  0%| F|  |TAMS 0x0000000083100000, 0x0000000083100000| Untracked 
|  26|0x0000000083200000, 0x0000000083200000, 0x0000000083300000|  0%| F|  |TAMS 0x0000000083200000, 0x0000000083200000| Untracked 
|  27|0x0000000083300000, 0x0000000083300000, 0x0000000083400000|  0%| F|  |TAMS 0x0000000083300000, 0x0000000083300000| Untracked 
|  28|0x0000000083400000, 0x0000000083400000, 0x0000000083500000|  0%| F|  |TAMS 0x0000000083400000, 0x0000000083400000| Untracked 
|  29|0x0000000083500000, 0x0000000083500000, 0x0000000083600000|  0%| F|  |TAMS 0x0000000083500000, 0x0000000083500000| Untracked 
|  30|0x0000000083600000, 0x0000000083600000, 0x0000000083700000|  0%| F|  |TAMS 0x0000000083600000, 0x0000000083600000| Untracked 
|  31|0x0000000083700000, 0x0000000083700000, 0x0000000083800000|  0%| F|  |TAMS 0x0000000083700000, 0x0000000083700000| Untracked 
|  32|0x0000000083800000, 0x0000000083800000, 0x0000000083900000|  0%| F|  |TAMS 0x0000000083800000, 0x0000000083800000| Untracked 
|  33|0x0000000083900000, 0x0000000083900000, 0x0000000083a00000|  0%| F|  |TAMS 0x0000000083900000, 0x0000000083900000| Untracked 
|  34|0x0000000083a00000, 0x0000000083a00000, 0x0000000083b00000|  0%| F|  |TAMS 0x0000000083a00000, 0x0000000083a00000| Untracked 
|  35|0x0000000083b00000, 0x0000000083b00000, 0x0000000083c00000|  0%| F|  |TAMS 0x0000000083b00000, 0x0000000083b00000| Untracked 
|  36|0x0000000083c00000, 0x0000000083c00000, 0x0000000083d00000|  0%| F|  |TAMS 0x0000000083c00000, 0x0000000083c00000| Untracked 
|  37|0x0000000083d00000, 0x0000000083d00000, 0x0000000083e00000|  0%| F|  |TAMS 0x0000000083d00000, 0x0000000083d00000| Untracked 
|  38|0x0000000083e00000, 0x0000000083e00000, 0x0000000083f00000|  0%| F|  |TAMS 0x0000000083e00000, 0x0000000083e00000| Untracked 
|  39|0x0000000083f00000, 0x0000000083f00000, 0x0000000084000000|  0%| F|  |TAMS 0x0000000083f00000, 0x0000000083f00000| Untracked 
|  40|0x0000000084000000, 0x0000000084000000, 0x0000000084100000|  0%| F|  |TAMS 0x0000000084000000, 0x0000000084000000| Untracked 
|  41|0x0000000084100000, 0x0000000084100000, 0x0000000084200000|  0%| F|  |TAMS 0x0000000084100000, 0x0000000084100000| Untracked 
|  42|0x0000000084200000, 0x0000000084200000, 0x0000000084300000|  0%| F|  |TAMS 0x0000000084200000, 0x0000000084200000| Untracked 
|  43|0x0000000084300000, 0x0000000084300000, 0x0000000084400000|  0%| F|  |TAMS 0x0000000084300000, 0x0000000084300000| Untracked 
|  44|0x0000000084400000, 0x0000000084400000, 0x0000000084500000|  0%| F|  |TAMS 0x0000000084400000, 0x0000000084400000| Untracked 
|  45|0x0000000084500000, 0x0000000084500000, 0x0000000084600000|  0%| F|  |TAMS 0x0000000084500000, 0x0000000084500000| Untracked 
|  46|0x0000000084600000, 0x0000000084600000, 0x0000000084700000|  0%| F|  |TAMS 0x0000000084600000, 0x0000000084600000| Untracked 
|  47|0x0000000084700000, 0x0000000084700000, 0x0000000084800000|  0%| F|  |TAMS 0x0000000084700000, 0x0000000084700000| Untracked 
|  48|0x0000000084800000, 0x0000000084800000, 0x0000000084900000|  0%| F|  |TAMS 0x0000000084800000, 0x0000000084800000| Untracked 
|  49|0x0000000084900000, 0x0000000084900000, 0x0000000084a00000|  0%| F|  |TAMS 0x0000000084900000, 0x0000000084900000| Untracked 
|  50|0x0000000084a00000, 0x0000000084a00000, 0x0000000084b00000|  0%| F|  |TAMS 0x0000000084a00000, 0x0000000084a00000| Untracked 
|  51|0x0000000084b00000, 0x0000000084b00000, 0x0000000084c00000|  0%| F|  |TAMS 0x0000000084b00000, 0x0000000084b00000| Untracked 
|  52|0x0000000084c00000, 0x0000000084c00000, 0x0000000084d00000|  0%| F|  |TAMS 0x0000000084c00000, 0x0000000084c00000| Untracked 
|  53|0x0000000084d00000, 0x0000000084d00000, 0x0000000084e00000|  0%| F|  |TAMS 0x0000000084d00000, 0x0000000084d00000| Untracked 
|  54|0x0000000084e00000, 0x0000000084e00000, 0x0000000084f00000|  0%| F|  |TAMS 0x0000000084e00000, 0x0000000084e00000| Untracked 
|  55|0x0000000084f00000, 0x0000000084f00000, 0x0000000085000000|  0%| F|  |TAMS 0x0000000084f00000, 0x0000000084f00000| Untracked 
|  56|0x0000000085000000, 0x0000000085000000, 0x0000000085100000|  0%| F|  |TAMS 0x0000000085000000, 0x0000000085000000| Untracked 
|  57|0x0000000085100000, 0x0000000085100000, 0x0000000085200000|  0%| F|  |TAMS 0x0000000085100000, 0x0000000085100000| Untracked 
|  58|0x0000000085200000, 0x0000000085200000, 0x0000000085300000|  0%| F|  |TAMS 0x0000000085200000, 0x0000000085200000| Untracked 
|  59|0x0000000085300000, 0x0000000085300000, 0x0000000085400000|  0%| F|  |TAMS 0x0000000085300000, 0x0000000085300000| Untracked 
|  60|0x0000000085400000, 0x0000000085400000, 0x0000000085500000|  0%| F|  |TAMS 0x0000000085400000, 0x0000000085400000| Untracked 
|  61|0x0000000085500000, 0x0000000085500000, 0x0000000085600000|  0%| F|  |TAMS 0x0000000085500000, 0x0000000085500000| Untracked 
|  62|0x0000000085600000, 0x0000000085600000, 0x0000000085700000|  0%| F|  |TAMS 0x0000000085600000, 0x0000000085600000| Untracked 
|  63|0x0000000085700000, 0x0000000085700000, 0x0000000085800000|  0%| F|  |TAMS 0x0000000085700000, 0x0000000085700000| Untracked 
|  64|0x0000000085800000, 0x0000000085800000, 0x0000000085900000|  0%| F|  |TAMS 0x0000000085800000, 0x0000000085800000| Untracked 
|  65|0x0000000085900000, 0x0000000085900000, 0x0000000085a00000|  0%| F|  |TAMS 0x0000000085900000, 0x0000000085900000| Untracked 
|  66|0x0000000085a00000, 0x0000000085a00000, 0x0000000085b00000|  0%| F|  |TAMS 0x0000000085a00000, 0x0000000085a00000| Untracked 
|  67|0x0000000085b00000, 0x0000000085b00000, 0x0000000085c00000|  0%| F|  |TAMS 0x0000000085b00000, 0x0000000085b00000| Untracked 
|  68|0x0000000085c00000, 0x0000000085c00000, 0x0000000085d00000|  0%| F|  |TAMS 0x0000000085c00000, 0x0000000085c00000| Untracked 
|  69|0x0000000085d00000, 0x0000000085d00000, 0x0000000085e00000|  0%| F|  |TAMS 0x0000000085d00000, 0x0000000085d00000| Untracked 
|  70|0x0000000085e00000, 0x0000000085e00000, 0x0000000085f00000|  0%| F|  |TAMS 0x0000000085e00000, 0x0000000085e00000| Untracked 
|  71|0x0000000085f00000, 0x0000000085f00000, 0x0000000086000000|  0%| F|  |TAMS 0x0000000085f00000, 0x0000000085f00000| Untracked 
|  72|0x0000000086000000, 0x0000000086000000, 0x0000000086100000|  0%| F|  |TAMS 0x0000000086000000, 0x0000000086000000| Untracked 
|  73|0x0000000086100000, 0x0000000086100000, 0x0000000086200000|  0%| F|  |TAMS 0x0000000086100000, 0x0000000086100000| Untracked 
|  74|0x0000000086200000, 0x0000000086200000, 0x0000000086300000|  0%| F|  |TAMS 0x0000000086200000, 0x0000000086200000| Untracked 
|  75|0x0000000086300000, 0x0000000086300000, 0x0000000086400000|  0%| F|  |TAMS 0x0000000086300000, 0x0000000086300000| Untracked 
|  76|0x0000000086400000, 0x0000000086400000, 0x0000000086500000|  0%| F|  |TAMS 0x0000000086400000, 0x0000000086400000| Untracked 
|  77|0x0000000086500000, 0x0000000086500000, 0x0000000086600000|  0%| F|  |TAMS 0x0000000086500000, 0x0000000086500000| Untracked 
|  78|0x0000000086600000, 0x0000000086600000, 0x0000000086700000|  0%| F|  |TAMS 0x0000000086600000, 0x0000000086600000| Untracked 
|  79|0x0000000086700000, 0x0000000086700000, 0x0000000086800000|  0%| F|  |TAMS 0x0000000086700000, 0x0000000086700000| Untracked 
|  80|0x0000000086800000, 0x0000000086800000, 0x0000000086900000|  0%| F|  |TAMS 0x0000000086800000, 0x0000000086800000| Untracked 
|  81|0x0000000086900000, 0x0000000086900000, 0x0000000086a00000|  0%| F|  |TAMS 0x0000000086900000, 0x0000000086900000| Untracked 
|  82|0x0000000086a00000, 0x0000000086a00000, 0x0000000086b00000|  0%| F|  |TAMS 0x0000000086a00000, 0x0000000086a00000| Untracked 
|  83|0x0000000086b00000, 0x0000000086b00000, 0x0000000086c00000|  0%| F|  |TAMS 0x0000000086b00000, 0x0000000086b00000| Untracked 
|  84|0x0000000086c00000, 0x0000000086c00000, 0x0000000086d00000|  0%| F|  |TAMS 0x0000000086c00000, 0x0000000086c00000| Untracked 
|  85|0x0000000086d00000, 0x0000000086d00000, 0x0000000086e00000|  0%| F|  |TAMS 0x0000000086d00000, 0x0000000086d00000| Untracked 
|  86|0x0000000086e00000, 0x0000000086e00000, 0x0000000086f00000|  0%| F|  |TAMS 0x0000000086e00000, 0x0000000086e00000| Untracked 
|  87|0x0000000086f00000, 0x0000000086f00000, 0x0000000087000000|  0%| F|  |TAMS 0x0000000086f00000, 0x0000000086f00000| Untracked 
|  88|0x0000000087000000, 0x0000000087000000, 0x0000000087100000|  0%| F|  |TAMS 0x0000000087000000, 0x0000000087000000| Untracked 
|  89|0x0000000087100000, 0x0000000087100000, 0x0000000087200000|  0%| F|  |TAMS 0x0000000087100000, 0x0000000087100000| Untracked 
|  90|0x0000000087200000, 0x0000000087200000, 0x0000000087300000|  0%| F|  |TAMS 0x0000000087200000, 0x0000000087200000| Untracked 
|  91|0x0000000087300000, 0x0000000087300000, 0x0000000087400000|  0%| F|  |TAMS 0x0000000087300000, 0x0000000087300000| Untracked 
|  92|0x0000000087400000, 0x0000000087400000, 0x0000000087500000|  0%| F|  |TAMS 0x0000000087400000, 0x0000000087400000| Untracked 
|  93|0x0000000087500000, 0x0000000087500000, 0x0000000087600000|  0%| F|  |TAMS 0x0000000087500000, 0x0000000087500000| Untracked 
|  94|0x0000000087600000, 0x0000000087600000, 0x0000000087700000|  0%| F|  |TAMS 0x0000000087600000, 0x0000000087600000| Untracked 
|  95|0x0000000087700000, 0x0000000087700000, 0x0000000087800000|  0%| F|  |TAMS 0x0000000087700000, 0x0000000087700000| Untracked 
|  96|0x0000000087800000, 0x0000000087800000, 0x0000000087900000|  0%| F|  |TAMS 0x0000000087800000, 0x0000000087800000| Untracked 
|  97|0x0000000087900000, 0x0000000087900000, 0x0000000087a00000|  0%| F|  |TAMS 0x0000000087900000, 0x0000000087900000| Untracked 
|  98|0x0000000087a00000, 0x0000000087a00000, 0x0000000087b00000|  0%| F|  |TAMS 0x0000000087a00000, 0x0000000087a00000| Untracked 
|  99|0x0000000087b00000, 0x0000000087b00000, 0x0000000087c00000|  0%| F|  |TAMS 0x0000000087b00000, 0x0000000087b00000| Untracked 
| 100|0x0000000087c00000, 0x0000000087c00000, 0x0000000087d00000|  0%| F|  |TAMS 0x0000000087c00000, 0x0000000087c00000| Untracked 
| 101|0x0000000087d00000, 0x0000000087d00000, 0x0000000087e00000|  0%| F|  |TAMS 0x0000000087d00000, 0x0000000087d00000| Untracked 
| 102|0x0000000087e00000, 0x0000000087e00000, 0x0000000087f00000|  0%| F|  |TAMS 0x0000000087e00000, 0x0000000087e00000| Untracked 
| 103|0x0000000087f00000, 0x0000000087f00000, 0x0000000088000000|  0%| F|  |TAMS 0x0000000087f00000, 0x0000000087f00000| Untracked 
| 104|0x0000000088000000, 0x0000000088000000, 0x0000000088100000|  0%| F|  |TAMS 0x0000000088000000, 0x0000000088000000| Untracked 
| 105|0x0000000088100000, 0x0000000088100000, 0x0000000088200000|  0%| F|  |TAMS 0x0000000088100000, 0x0000000088100000| Untracked 
| 106|0x0000000088200000, 0x0000000088200000, 0x0000000088300000|  0%| F|  |TAMS 0x0000000088200000, 0x0000000088200000| Untracked 
| 107|0x0000000088300000, 0x0000000088300000, 0x0000000088400000|  0%| F|  |TAMS 0x0000000088300000, 0x0000000088300000| Untracked 
| 108|0x0000000088400000, 0x0000000088400000, 0x0000000088500000|  0%| F|  |TAMS 0x0000000088400000, 0x0000000088400000| Untracked 
| 109|0x0000000088500000, 0x0000000088500000, 0x0000000088600000|  0%| F|  |TAMS 0x0000000088500000, 0x0000000088500000| Untracked 
| 110|0x0000000088600000, 0x0000000088600000, 0x0000000088700000|  0%| F|  |TAMS 0x0000000088600000, 0x0000000088600000| Untracked 
| 111|0x0000000088700000, 0x0000000088700000, 0x0000000088800000|  0%| F|  |TAMS 0x0000000088700000, 0x0000000088700000| Untracked 
| 112|0x0000000088800000, 0x0000000088800000, 0x0000000088900000|  0%| F|  |TAMS 0x0000000088800000, 0x0000000088800000| Untracked 
| 113|0x0000000088900000, 0x0000000088900000, 0x0000000088a00000|  0%| F|  |TAMS 0x0000000088900000, 0x0000000088900000| Untracked 
| 114|0x0000000088a00000, 0x0000000088a98a30, 0x0000000088b00000| 59%| S|CS|TAMS 0x0000000088a00000, 0x0000000088a00000| Complete 
| 115|0x0000000088b00000, 0x0000000088b00000, 0x0000000088c00000|  0%| F|  |TAMS 0x0000000088b00000, 0x0000000088b00000| Untracked 
| 116|0x0000000088c00000, 0x0000000088c00000, 0x0000000088d00000|  0%| F|  |TAMS 0x0000000088c00000, 0x0000000088c00000| Untracked 
| 117|0x0000000088d00000, 0x0000000088d00000, 0x0000000088e00000|  0%| F|  |TAMS 0x0000000088d00000, 0x0000000088d00000| Untracked 
| 118|0x0000000088e00000, 0x0000000088e00000, 0x0000000088f00000|  0%| F|  |TAMS 0x0000000088e00000, 0x0000000088e00000| Untracked 
| 119|0x0000000088f00000, 0x0000000088f00000, 0x0000000089000000|  0%| F|  |TAMS 0x0000000088f00000, 0x0000000088f00000| Untracked 
| 120|0x0000000089000000, 0x0000000089000000, 0x0000000089100000|  0%| F|  |TAMS 0x0000000089000000, 0x0000000089000000| Untracked 
| 121|0x0000000089100000, 0x0000000089100000, 0x0000000089200000|  0%| F|  |TAMS 0x0000000089100000, 0x0000000089100000| Untracked 
| 122|0x0000000089200000, 0x0000000089200000, 0x0000000089300000|  0%| F|  |TAMS 0x0000000089200000, 0x0000000089200000| Untracked 
| 123|0x0000000089300000, 0x0000000089300000, 0x0000000089400000|  0%| F|  |TAMS 0x0000000089300000, 0x0000000089300000| Untracked 
| 124|0x0000000089400000, 0x0000000089400000, 0x0000000089500000|  0%| F|  |TAMS 0x0000000089400000, 0x0000000089400000| Untracked 
| 125|0x0000000089500000, 0x0000000089500000, 0x0000000089600000|  0%| F|  |TAMS 0x0000000089500000, 0x0000000089500000| Untracked 
| 126|0x0000000089600000, 0x0000000089600000, 0x0000000089700000|  0%| F|  |TAMS 0x0000000089600000, 0x0000000089600000| Untracked 
| 127|0x0000000089700000, 0x0000000089700000, 0x0000000089800000|  0%| F|  |TAMS 0x0000000089700000, 0x0000000089700000| Untracked 

Card table byte_map: [0x0000023ae9e40000,0x0000023aea240000] _byte_map_base: 0x0000023ae9a34000

Marking Bits (Prev, Next): (CMBitMap*) 0x0000023ad2e12308, (CMBitMap*) 0x0000023ad2e12340
 Prev Bits: [0x0000023aea640000, 0x0000023aec5e0000)
 Next Bits: [0x0000023aec5e0000, 0x0000023aee580000)

Polling page: 0x0000023ad14a0000

Metaspace:

Usage:
  Non-class:      9.23 MB capacity,     9.18 MB (>99%) used,    33.23 KB ( <1%) free+waste,    13.75 KB ( <1%) overhead. 
      Class:      1.00 MB capacity,   979.51 KB ( 96%) used,    37.93 KB (  4%) free+waste,     6.56 KB ( <1%) overhead. 
       Both:     10.23 MB capacity,    10.14 MB (>99%) used,    71.16 KB ( <1%) free+waste,    20.31 KB ( <1%) overhead. 

Virtual space:
  Non-class space:       22.00 MB reserved,       9.25 MB ( 42%) committed 
      Class space:        1.00 GB reserved,       1.00 MB ( <1%) committed 
             Both:        1.02 GB reserved,      10.25 MB ( <1%) committed 

Chunk freelists:
   Non-Class:  3.00 KB
       Class:  0 bytes
        Both:  3.00 KB

CodeHeap 'non-profiled nmethods': size=120064Kb used=326Kb max_used=326Kb free=119737Kb
 bounds [0x0000023ae1ee0000, 0x0000023ae2150000, 0x0000023ae9420000]
CodeHeap 'profiled nmethods': size=120000Kb used=1616Kb max_used=1616Kb free=118383Kb
 bounds [0x0000023ada9b0000, 0x0000023adac20000, 0x0000023ae1ee0000]
CodeHeap 'non-nmethods': size=5696Kb used=1073Kb max_used=1082Kb free=4623Kb
 bounds [0x0000023ada420000, 0x0000023ada690000, 0x0000023ada9b0000]
 total_blobs=1265 nmethods=893 adapters=284
 compilation: enabled
              stopped_count=0, restarted_count=0
 full_count=0

Compilation events (10 events):
Event: 19.683 Thread 0x0000023af147c000 nmethod 888 0x0000023adab40290 code [0x0000023adab40460, 0x0000023adab408e8]
Event: 19.683 Thread 0x0000023af147c000  889       3       java.util.jar.JarFile$1::apply (13 bytes)
Event: 19.684 Thread 0x0000023af147c000 nmethod 889 0x0000023adab40a90 code [0x0000023adab40c40, 0x0000023adab40f68]
Event: 19.685 Thread 0x0000023af147c000  890   !   3       java.util.zip.ZipFile$CleanableResource::getInflater (47 bytes)
Event: 19.686 Thread 0x0000023af147c000 nmethod 890 0x0000023adab41090 code [0x0000023adab41280, 0x0000023adab419c8]
Event: 19.686 Thread 0x0000023af147c000  891       3       java.util.zip.ZipFile$ZipFileInflaterInputStream::<init> (41 bytes)
Event: 19.686 Thread 0x0000023af147c000 nmethod 891 0x0000023adab41c10 code [0x0000023adab41e20, 0x0000023adab42538]
Event: 19.906 Thread 0x0000023af147c000  892   !   3       jdk.internal.loader.BuiltinClassLoader::findClassOnClassPathOrNull (64 bytes)
Event: 19.907 Thread 0x0000023af147c000 nmethod 892 0x0000023adab42810 code [0x0000023adab42a20, 0x0000023adab42ef8]
Event: 19.923 Thread 0x0000023af1477000  893       4       java.util.HashMap::resize (356 bytes)

GC Heap History (4 events):
Event: 11.980 GC heap before
{Heap before GC invocations=0 (full 0):
 garbage-first heap   total 131072K, used 15360K [0x0000000081800000, 0x0000000100000000)
  region size 1024K, 14 young (14336K), 0 survivors (0K)
 Metaspace       used 7223K, capacity 7372K, committed 7680K, reserved 1056768K
  class space    used 645K, capacity 691K, committed 768K, reserved 1048576K
}
Event: 11.988 GC heap after
{Heap after GC invocations=1 (full 0):
 garbage-first heap   total 131072K, used 9679K [0x0000000081800000, 0x0000000100000000)
  region size 1024K, 2 young (2048K), 2 survivors (2048K)
 Metaspace       used 7223K, capacity 7372K, committed 7680K, reserved 1056768K
  class space    used 645K, capacity 691K, committed 768K, reserved 1048576K
}
Event: 15.666 GC heap before
{Heap before GC invocations=1 (full 0):
 garbage-first heap   total 131072K, used 18895K [0x0000000081800000, 0x0000000100000000)
  region size 1024K, 11 young (11264K), 2 survivors (2048K)
 Metaspace       used 9317K, capacity 9480K, committed 9728K, reserved 1058816K
  class space    used 861K, capacity 928K, committed 1024K, reserved 1048576K
}
Event: 15.672 GC heap after
{Heap after GC invocations=2 (full 0):
 garbage-first heap   total 131072K, used 10323K [0x0000000081800000, 0x0000000100000000)
  region size 1024K, 1 young (1024K), 1 survivors (1024K)
 Metaspace       used 9317K, capacity 9480K, committed 9728K, reserved 1058816K
  class space    used 861K, capacity 928K, committed 1024K, reserved 1048576K
}

Deoptimization events (10 events):
Event: 3.665 Thread 0x0000023ad2dd4800 Uncommon trap: reason=unstable_if action=reinterpret pc=0x0000023ae1ee26f0 method=java.lang.StringLatin1.indexOf([BII)I @ 47 c2
Event: 3.868 Thread 0x0000023ad2dd4800 Uncommon trap: reason=unstable_if action=reinterpret pc=0x0000023ae1ee15d8 method=java.lang.String.isLatin1()Z @ 10 c2
Event: 5.712 Thread 0x0000023ad2dd4800 Uncommon trap: reason=unstable_if action=reinterpret pc=0x0000023ae1eeed3c method=java.util.HashMap.putVal(ILjava/lang/Object;Ljava/lang/Object;ZZ)Ljava/lang/Object; @ 181 c2
Event: 7.212 Thread 0x0000023ad2dd4800 Uncommon trap: reason=unstable_if action=reinterpret pc=0x0000023ae1ef7494 method=java.util.zip.ZipFile$Source.isMetaName([BII)Z @ 43 c2
Event: 9.494 Thread 0x0000023ad2dd4800 Uncommon trap: reason=unstable_if action=reinterpret pc=0x0000023ae1efdce0 method=java.lang.StringCoding.hasNegatives([BII)Z @ 12 c2
Event: 12.120 Thread 0x0000023ad2dd4800 Uncommon trap: reason=unstable_if action=reinterpret pc=0x0000023ae1efe398 method=java.util.jar.Manifest$FastInputStream.readLine([BII)I @ 106 c2
Event: 12.423 Thread 0x0000023ad2dd4800 Uncommon trap: reason=unstable_if action=reinterpret pc=0x0000023ae1ef5ee0 method=java.io.WinNTFileSystem.isSlash(C)Z @ 9 c2
Event: 12.425 Thread 0x0000023ad2dd4800 Uncommon trap: reason=class_check action=maybe_recompile pc=0x0000023ae1f06198 method=java.util.HashMap.getNode(ILjava/lang/Object;)Ljava/util/HashMap$Node; @ 126 c2
Event: 14.788 Thread 0x0000023ad2dd4800 Uncommon trap: reason=unstable_if action=reinterpret pc=0x0000023ae1f131b4 method=java.lang.String.startsWith(Ljava/lang/String;I)Z @ 14 c2
Event: 14.991 Thread 0x0000023ad2dd4800 Uncommon trap: reason=class_check action=maybe_recompile pc=0x0000023ae1f060fc method=java.util.HashMap.getNode(ILjava/lang/Object;)Ljava/util/HashMap$Node; @ 59 c2

Classes redefined (0 events):
No events

Internal exceptions (6 events):
Event: 11.746 Thread 0x0000023ad2dd4800 Exception <a 'java/lang/NoSuchMethodError'{0x0000000088a5f8c0}: java.lang.invoke.DirectMethodHandle$Holder.invokeSpecialIFC(Ljava/lang/Object;Ljava/lang/Object;I)I> (0x0000000088a5f8c0) thrown at [./open/src/hotspot/share/interpreter/linkResolver.cpp, lin
Event: 12.778 Thread 0x0000023ad2dd4800 Exception <a 'java/lang/NoSuchMethodError'{0x00000000891aac68}: java.lang.invoke.DirectMethodHandle$Holder.invokeStatic(Ljava/lang/Object;Ljava/lang/Object;Ljava/lang/Object;Ljava/lang/Object;Ljava/lang/Object;Ljava/lang/Object;Ljava/lang/Object;Ljava/lan
Event: 12.781 Thread 0x0000023ad2dd4800 Exception <a 'java/lang/NoSuchMethodError'{0x00000000891b8f50}: java.lang.invoke.DirectMethodHandle$Holder.invokeStatic(Ljava/lang/Object;Ljava/lang/Object;Ljava/lang/Object;Ljava/lang/Object;Ljava/lang/Object;Ljava/lang/Object;Ljava/lang/Object;Ljava/lan
Event: 12.785 Thread 0x0000023ad2dd4800 Exception <a 'java/lang/NoSuchMethodError'{0x00000000891c6e60}: java.lang.invoke.DirectMethodHandle$Holder.invokeSpecial(Ljava/lang/Object;Ljava/lang/Object;IILjava/lang/Object;Ljava/lang/Object;Ljava/lang/Object;)Ljava/lang/Object;> (0x00000000891c6e60) 
Event: 12.785 Thread 0x0000023ad2dd4800 Exception <a 'java/lang/NoSuchMethodError'{0x00000000891ca690}: java.lang.invoke.DelegatingMethodHandle$Holder.reinvoke_L(Ljava/lang/Object;IILjava/lang/Object;Ljava/lang/Object;Ljava/lang/Object;)Ljava/lang/Object;> (0x00000000891ca690) thrown at [./open
Event: 12.787 Thread 0x0000023ad2dd4800 Exception <a 'java/lang/NoSuchMethodError'{0x00000000891cea18}: java.lang.invoke.DirectMethodHandle$Holder.invokeStatic(Ljava/lang/Object;Ljava/lang/Object;Ljava/lang/Object;Ljava/lang/Object;I)Ljava/lang/Object;> (0x00000000891cea18) thrown at [./open/sr

Events (10 events):
Event: 19.906 loading class org/aspectj/apache/bcel/classfile/InnerClass
Event: 19.906 loading class org/aspectj/apache/bcel/classfile/InnerClass done
Event: 19.908 loading class org/aspectj/apache/bcel/classfile/JavaClass
Event: 19.908 loading class org/aspectj/apache/bcel/classfile/JavaClass done
Event: 19.911 loading class org/aspectj/apache/bcel/classfile/Utility
Event: 19.911 loading class org/aspectj/apache/bcel/classfile/Utility done
Event: 19.923 loading class org/aspectj/weaver/bcel/BcelObjectType
Event: 19.923 loading class org/aspectj/weaver/bcel/BcelObjectType done
Event: 19.925 loading class org/aspectj/weaver/AbstractReferenceTypeDelegate
Event: 19.925 loading class org/aspectj/weaver/AbstractReferenceTypeDelegate done


Dynamic libraries:
0x00007ff771840000 - 0x00007ff77184f000 	C:\Program Files\Java\jdk-11.0.14\bin\java.exe
0x00007ffe11190000 - 0x00007ffe11388000 	C:\WINDOWS\SYSTEM32\ntdll.dll
0x00007ffe10d60000 - 0x00007ffe10e22000 	C:\WINDOWS\System32\KERNEL32.DLL
0x00007ffe0e830000 - 0x00007ffe0eb2e000 	C:\WINDOWS\System32\KERNELBASE.dll
0x00007ffe0ef30000 - 0x00007ffe0f030000 	C:\WINDOWS\System32\ucrtbase.dll
0x00007ffe0a310000 - 0x00007ffe0a328000 	C:\Program Files\Java\jdk-11.0.14\bin\jli.dll
0x00007ffe10ad0000 - 0x00007ffe10b81000 	C:\WINDOWS\System32\ADVAPI32.dll
0x00007ffe09a80000 - 0x00007ffe09a95000 	C:\Program Files\Java\jdk-11.0.14\bin\VCRUNTIME140.dll
0x00007ffe10e30000 - 0x00007ffe10ece000 	C:\WINDOWS\System32\msvcrt.dll
0x00007ffe0f760000 - 0x00007ffe0f7ff000 	C:\WINDOWS\System32\sechost.dll
0x00007ffe10f40000 - 0x00007ffe11063000 	C:\WINDOWS\System32\RPCRT4.dll
0x00007ffe0f180000 - 0x00007ffe0f1a7000 	C:\WINDOWS\System32\bcrypt.dll
0x00007ffe0f890000 - 0x00007ffe0fa2d000 	C:\WINDOWS\System32\USER32.dll
0x00007ffe0ebd0000 - 0x00007ffe0ebf2000 	C:\WINDOWS\System32\win32u.dll
0x00007ffe11080000 - 0x00007ffe110ab000 	C:\WINDOWS\System32\GDI32.dll
0x00007ffe0ecb0000 - 0x00007ffe0edc7000 	C:\WINDOWS\System32\gdi32full.dll
0x00007ffe0eb30000 - 0x00007ffe0ebcd000 	C:\WINDOWS\System32\msvcp_win.dll
0x00007ffe0da30000 - 0x00007ffe0dcca000 	C:\WINDOWS\WinSxS\amd64_microsoft.windows.common-controls_6595b64144ccf1df_6.0.19041.4355_none_60b8b9eb71f62e16\COMCTL32.dll
0x00007ffe0e080000 - 0x00007ffe0e08a000 	C:\WINDOWS\SYSTEM32\VERSION.dll
0x00007ffe110c0000 - 0x00007ffe110ef000 	C:\WINDOWS\System32\IMM32.DLL
0x0000000077d00000 - 0x0000000077d0c000 	C:\Program Files (x86)\360\Total Security\safemon\SafeWrapper.dll
0x00007ffdeda20000 - 0x00007ffdedacc000 	C:\Program Files (x86)\360\Total Security\safemon\libzdtp64.dll
0x00007ffe0fbe0000 - 0x00007ffe1034d000 	C:\WINDOWS\System32\SHELL32.dll
0x00007ffe0f1b0000 - 0x00007ffe0f205000 	C:\WINDOWS\System32\SHLWAPI.dll
0x00007ffdeea10000 - 0x00007ffdeeaab000 	C:\Program Files\Java\jdk-11.0.14\bin\msvcp140.dll
0x00007ffdd8740000 - 0x00007ffdd9256000 	C:\Program Files\Java\jdk-11.0.14\bin\server\jvm.dll
0x00007ffe11070000 - 0x00007ffe11078000 	C:\WINDOWS\System32\PSAPI.DLL
0x00007ffdff660000 - 0x00007ffdff669000 	C:\WINDOWS\SYSTEM32\WSOCK32.dll
0x00007ffe04390000 - 0x00007ffe043b7000 	C:\WINDOWS\SYSTEM32\WINMM.dll
0x00007ffe10ed0000 - 0x00007ffe10f3b000 	C:\WINDOWS\System32\WS2_32.dll
0x00007ffe0b7f0000 - 0x00007ffe0b802000 	C:\WINDOWS\SYSTEM32\kernel.appcore.dll
0x00007ffe0c1f0000 - 0x00007ffe0c200000 	C:\Program Files\Java\jdk-11.0.14\bin\verify.dll
0x00007ffe0e1b0000 - 0x00007ffe0e394000 	C:\WINDOWS\SYSTEM32\DBGHELP.DLL
0x00007ffe0ddf0000 - 0x00007ffe0de24000 	C:\WINDOWS\SYSTEM32\dbgcore.DLL
0x00007ffe0f0f0000 - 0x00007ffe0f172000 	C:\WINDOWS\System32\bcryptPrimitives.dll
0x00007ffe069c0000 - 0x00007ffe069e8000 	C:\Program Files\Java\jdk-11.0.14\bin\java.dll
0x00007ffe0afb0000 - 0x00007ffe0afba000 	C:\Program Files\Java\jdk-11.0.14\bin\jimage.dll
0x00007ffe094d0000 - 0x00007ffe094de000 	C:\Program Files\Java\jdk-11.0.14\bin\instrument.dll
0x00007ffe09a60000 - 0x00007ffe09a76000 	C:\Program Files\Java\jdk-11.0.14\bin\zip.dll
0x00007ffe0b9f0000 - 0x00007ffe0c194000 	C:\WINDOWS\SYSTEM32\windows.storage.dll
0x00007ffe10690000 - 0x00007ffe109e3000 	C:\WINDOWS\System32\combase.dll
0x00007ffe0d9c0000 - 0x00007ffe0d9ee000 	C:\WINDOWS\SYSTEM32\Wldp.dll
0x00007ffe10a00000 - 0x00007ffe10acd000 	C:\WINDOWS\System32\OLEAUT32.dll
0x00007ffe10b90000 - 0x00007ffe10c3d000 	C:\WINDOWS\System32\SHCORE.dll
0x00007ffe0e760000 - 0x00007ffe0e784000 	C:\WINDOWS\SYSTEM32\profapi.dll
0x00007ffe09a20000 - 0x00007ffe09a39000 	C:\Program Files\Java\jdk-11.0.14\bin\net.dll
0x00007ffe06e20000 - 0x00007ffe06f2d000 	C:\WINDOWS\SYSTEM32\WINHTTP.dll
0x00007ffe0d900000 - 0x00007ffe0d96a000 	C:\WINDOWS\system32\mswsock.dll
0x00007ffe099c0000 - 0x00007ffe099d2000 	C:\Program Files\Java\jdk-11.0.14\bin\nio.dll

dbghelp: loaded successfully - version: 4.0.5 - missing functions: none
symbol engine: initialized successfully - sym options: 0x614 - pdb path: .;C:\Program Files\Java\jdk-11.0.14\bin;C:\WINDOWS\SYSTEM32;C:\WINDOWS\WinSxS\amd64_microsoft.windows.common-controls_6595b64144ccf1df_6.0.19041.4355_none_60b8b9eb71f62e16;C:\Program Files (x86)\360\Total Security\safemon;C:\Program Files\Java\jdk-11.0.14\bin\server

VM Arguments:
jvm_args: -ea -javaagent:C:\Users\amit\.m2\repository/org/aspectj/aspectjweaver/1.9.20.1/aspectjweaver-1.9.20.1.jar -Didea.test.cyclic.buffer.size=1048576 -javaagent:C:\Program Files\JetBrains\IntelliJ IDEA Community Edition 2024.3.1.1\lib\idea_rt.jar=12549:C:\Program Files\JetBrains\IntelliJ IDEA Community Edition 2024.3.1.1\bin -javaagent:C:\Users\amit\AppData\Local\JetBrains\IdeaIC2024.3\captureAgent\debugger-agent.jar -Dkotlinx.coroutines.debug.enable.creation.stack.trace=false -Ddebugger.agent.enable.coroutines=true -Dkotlinx.coroutines.debug.enable.flows.stack.trace=true -Dkotlinx.coroutines.debug.enable.mutable.state.flows.stack.trace=true -Dfile.encoding=UTF-8 
java_command: com.intellij.rt.testng.RemoteTestNGStarter -usedefaultlisteners false -socket12548 @w@C:\Users\amit\AppData\Local\Temp\idea_working_dirs_testng1.tmp -temp C:\Users\amit\AppData\Local\Temp\idea_testng1.tmp
java_class_path (initial): C:\Program Files\JetBrains\IntelliJ IDEA Community Edition 2024.3.1.1\lib\idea_rt.jar;C:\Program Files\JetBrains\IntelliJ IDEA Community Edition 2024.3.1.1\plugins\testng\lib\testng-rt.jar;J:\3. automation testing testing acadmey\day41--selenium -UI elements\AssignmentAnswers\Appolo-Tools\target\test-classes;J:\3. automation testing testing acadmey\day41--selenium -UI elements\AssignmentAnswers\Appolo-Tools\target\classes;C:\Users\amit\.m2\repository\org\seleniumhq\selenium\selenium-java\4.9.1\selenium-java-4.9.1.jar;C:\Users\amit\.m2\repository\org\seleniumhq\selenium\selenium-api\4.9.1\selenium-api-4.9.1.jar;C:\Users\amit\.m2\repository\org\seleniumhq\selenium\selenium-devtools-v111\4.9.1\selenium-devtools-v111-4.9.1.jar;C:\Users\amit\.m2\repository\org\seleniumhq\selenium\selenium-devtools-v112\4.9.1\selenium-devtools-v112-4.9.1.jar;C:\Users\amit\.m2\repository\org\seleniumhq\selenium\selenium-devtools-v113\4.9.1\selenium-devtools-v113-4.9.1.jar;C:\Users\amit\.m2\repository\org\seleniumhq\selenium\selenium-devtools-v85\4.9.1\selenium-devtools-v85-4.9.1.jar;C:\Users\amit\.m2\repository\org\seleniumhq\selenium\selenium-edge-driver\4.9.1\selenium-edge-driver-4.9.1.jar;C:\Users\amit\.m2\repository\org\seleniumhq\selenium\selenium-firefox-driver\4.9.1\selenium-firefox-driver-4.9.1.jar;C:\Users\amit\.m2\repository\org\seleniumhq\selenium\selenium-http\4.9.1\selenium-http-4.9.1.jar;C:\Users\amit\.m2\repository\dev\failsafe\failsafe\3.3.1\failsafe-3.3.1.jar;C:\Users\amit\.m2\repository\org\seleniumhq\selenium\selenium-ie-driver\4.9.1\selenium-ie-driver-4.9.1.jar;C:\Users\amit\.m2\repository\org\seleniumhq\selenium\selenium-remote-driver\4.9.1\selenium-remote-driver-4.9.1.jar;C:\Users\amit\.m2\repository\io\netty\netty-buffer\4.1.91.Final\netty-buffer-4.1.91.Final.jar;C:\Users\amit\.m2\repository\io\netty\netty-codec-http\4.1.91.Final\netty-codec-http-4.1.91.Final.jar;C:\Users\amit\.m2\repository\io\netty\netty-codec\4.1.91.Final\netty-codec-4
Launcher Type: SUN_STANDARD

[Global flags]
     intx CICompilerCount                          = 3                                         {product} {ergonomic}
     uint ConcGCThreads                            = 1                                         {product} {ergonomic}
     uint G1ConcRefinementThreads                  = 4                                         {product} {ergonomic}
   size_t G1HeapRegionSize                         = 1048576                                   {product} {ergonomic}
    uintx GCDrainStackTargetSize                   = 64                                        {product} {ergonomic}
   size_t InitialHeapSize                          = 134217728                                 {product} {ergonomic}
   size_t MarkStackSize                            = 4194304                                   {product} {ergonomic}
   size_t MaxHeapSize                              = 2122317824                                {product} {ergonomic}
   size_t MaxNewSize                               = 1272971264                                {product} {ergonomic}
   size_t MinHeapDeltaBytes                        = 1048576                                   {product} {ergonomic}
    uintx NonNMethodCodeHeapSize                   = 5830732                                {pd product} {ergonomic}
    uintx NonProfiledCodeHeapSize                  = 122913754                              {pd product} {ergonomic}
    uintx ProfiledCodeHeapSize                     = 122913754                              {pd product} {ergonomic}
    uintx ReservedCodeCacheSize                    = 251658240                              {pd product} {ergonomic}
     bool SegmentedCodeCache                       = true                                      {product} {ergonomic}
     bool UseCompressedClassPointers               = true                                 {lp64_product} {ergonomic}
     bool UseCompressedOops                        = true                                 {lp64_product} {ergonomic}
     bool UseG1GC                                  = true                                      {product} {ergonomic}
     bool UseLargePagesIndividualAllocation        = false                                  {pd product} {ergonomic}

Logging:
Log output configuration:
 #0: stdout all=warning uptime,level,tags
 #1: stderr all=off uptime,level,tags

Environment Variables:
JAVA_HOME=C:\Program Files\Java\jdk-11.0.14
CLASSPATH=E:\cdac pune\6.core java\day2\assignment 2\bin;E:\cdac pune\6.core java\day1\day1 (assignment)\q4\bin
PATH=C:\Program Files\Java\jdk-11.0.14\bin;C:\Users\amit\AppData\Local\Android\Sdk\platform-tools;C:\Users\amit\AppData\Local\Android\Sdk\tools;C:\TDM-GCC-64\bin;C:\Program Files\Common Files\Oracle\Java\javapath;C:\Program Files (x86)\Common Files\Oracle\Java\javapath;C:\PROGRAMDATA\ORACLE\JAVA\JAVAPATH;C:\PROGRAM FILES (X86)\INTEL\ICLS CLIENT\;C:\PROGRAM FILES\INTEL\ICLS CLIENT\;C:\WINDOWS\SYSTEM32;C:\WINDOWS;C:\WINDOWS\SYSTEM32\WBEM;C:\WINDOWS\SYSTEM32\WINDOWSPOWERSHELL\V1.0\;C:\PROGRAM FILES\INTEL\INTEL(R) MANAGEMENT ENGINE COMPONENTS\DAL;C:\PROGRAM FILES\INTEL\INTEL(R) MANAGEMENT ENGINE COMPONENTS\IPT;C:\PROGRAM FILES (X86)\INTEL\INTEL(R) MANAGEMENT ENGINE COMPONENTS\DAL;C:\PROGRAM FILES (X86)\INTEL\INTEL(R) MANAGEMENT ENGINE COMPONENTS\IPT;C:\PROGRAM FILES (X86)\COMMON FILES\LENOVO\EASYPLUSSDK\BIN;C:\Program Files\WIDCOMM\Bluetooth Software\;C:\Program Files\WIDCOMM\Bluetooth Software\syswow64;C:\WINDOWS\system32;C:\WINDOWS\System32\Wbem;C:\WINDOWS\System32\WindowsPowerShell\v1.0\;C:\Program Files (x86)\NVIDIA Corporation\PhysX\Common;C:\Users\amit\AppData\Local\Microsoft\WindowsApps;C:\Users\amit\AppData\Roaming\Dashl;C:\WINDOWS\System32\OpenSSH\;C:\Program Files (x86)\Microsoft VS Code\bin;C:\Program Files\MySQL\MySQL Server 8.0\bin;C:\Program Files\Microsoft SQL Server\130\Tools\Binn\;C:\Program Files\nodejs\;C:\Users\amit\Desktop\curl-8.0.1_7-win64-mingw;C:\apache-maven-3.9.3\bin;C:\allure-2.10.0\bin;C:\Windows\System32\wsl.exe;C:\Program Files\Go\bin;C:\sqlite-tools-win32-x86-3430100;C:\Program Files\PuTTY\;C:\Program Files\Amazon\AWSCLIV2\;C:\Program Files\Git\cmd;C:\Program Files\Git LFS;C:\Users\amit\AppData\Local\Android\Sdk\tools\bin;C:\Users\amit\AppData\Local\Android\Sdk\build-tools\35.0.0-rc4;C:\WINDOWS\system32;C:\WINDOWS;C:\WINDOWS\System32\Wbem;C:\WINDOWS\System32\WindowsPowerShell\v1.0\;C:\WINDOWS\System32\OpenSSH\;C:\ngrok;;C:\Program Files\Docker\Docker\resources\bin;C:\Users\amit\AppData\Local\Programs\Python\Python311\Scripts\;C:\Users\amit\A
USERNAME=sumit
OS=Windows_NT
PROCESSOR_IDENTIFIER=Intel64 Family 6 Model 69 Stepping 1, GenuineIntel



---------------  S Y S T E M  ---------------

OS: Windows 10 , 64 bit Build 19041 (10.0.19041.5198)
Hyper-V role detected

CPU:total 4 (initial active 4) (2 cores per cpu, 2 threads per core) family 6 model 69 stepping 1 microcode 0x25, cmov, cx8, fxsr, mmx, sse, sse2, sse3, ssse3, sse4.1, sse4.2, popcnt, avx, avx2, aes, clmul, erms, lzcnt, ht, tsc, tscinvbit, bmi1, bmi2, fma

Memory: 4k page, system-wide physical 8095M (253M free)
TotalPageFile size 11538M (AvailPageFile size 0M)
current process WorkingSet (physical memory assigned to process): 77M, peak: 77M
current process commit charge ("private bytes"): 215M, peak: 216M

vm_info: Java HotSpot(TM) 64-Bit Server VM (11.0.14+8-LTS-263) for windows-amd64 JRE (11.0.14+8-LTS-263), built on Dec  7 2021 21:53:57 by "mach5one" with MS VC++ 15.9 (VS2017)

END.
