#
# There is insufficient memory for the Java Runtime Environment to continue.
# Native memory allocation (malloc) failed to allocate 286576 bytes for Chunk::new
# Possible reasons:
#   The system is out of physical RAM or swap space
#   The process is running with CompressedOops enabled, and the Java Heap may be blocking the growth of the native heap
# Possible solutions:
#   Reduce memory load on the system
#   Increase physical memory or swap space
#   Check if swap backing store is full
#   Decrease Java heap size (-Xmx/-Xms)
#   Decrease number of Java threads
#   Decrease Java thread stack sizes (-Xss)
#   Set larger code cache with -XX:ReservedCodeCacheSize=
#   JVM is running with Unscaled Compressed Oops mode in which the Java heap is
#     placed in the first 4GB address space. The Java Heap base address is the
#     maximum limit for the native heap growth. Please use -XX:HeapBaseMinAddress
#     to set the Java Heap base and to place the Java Heap above 4GB virtual address.
# This output file may be truncated or incomplete.
#
#  Out of Memory Error (./open/src/hotspot/share/memory/arena.cpp:197), pid=23876, tid=22996
#
# JRE version: Java(TM) SE Runtime Environment 18.9 (11.0.14+8) (build 11.0.14+8-LTS-263)
# Java VM: Java HotSpot(TM) 64-Bit Server VM 18.9 (11.0.14+8-LTS-263, mixed mode, tiered, compressed oops, g1 gc, windows-amd64)
# No core dump will be written. Minidumps are not enabled by default on client versions of Windows
#

---------------  S U M M A R Y ------------

Command Line: -ea -Didea.test.cyclic.buffer.size=1048576 -javaagent:C:\Program Files\JetBrains\IntelliJ IDEA Community Edition 2023.1.5\lib\idea_rt.jar=19669:C:\Program Files\JetBrains\IntelliJ IDEA Community Edition 2023.1.5\bin -Dfile.encoding=UTF-8 com.intellij.rt.testng.RemoteTestNGStarter -usedefaultlisteners false -socket19668 @w@C:\Users\amit\AppData\Local\Temp\idea_working_dirs_testng.tmp -temp C:\Users\amit\AppData\Local\Temp\idea_testng.tmp

Host: Intel(R) Core(TM) i3-4005U CPU @ 1.70GHz, 4 cores, 7G,  Windows 10 , 64 bit Build 19041 (10.0.19041.5072)
Time: Sun Dec  1 03:57:57 2024 India Standard Time elapsed time: 11.923298 seconds (0d 0h 0m 11s)

---------------  T H R E A D  ---------------

Current thread (0x000001abe56db000):  JavaThread "C2 CompilerThread0" daemon [_thread_in_native, id=22996, stack(0x0000009937500000,0x0000009937600000)]


Current CompileTask:
C2:  11923 1230       4       jdk.internal.loader.URLClassPath::getResource (74 bytes)

Stack: [0x0000009937500000,0x0000009937600000]
Native frames: (J=compiled Java code, j=interpreted, Vv=VM code, C=native code)
V  [jvm.dll+0x6296da]
V  [jvm.dll+0x76323f]
V  [jvm.dll+0x7648e9]
V  [jvm.dll+0x764f73]
V  [jvm.dll+0x23d7c8]
V  [jvm.dll+0xb297c]
V  [jvm.dll+0xb2f3c]
V  [jvm.dll+0x52248b]
V  [jvm.dll+0x30e832]
V  [jvm.dll+0x30db4a]
V  [jvm.dll+0x1f8365]
V  [jvm.dll+0x1f754d]
V  [jvm.dll+0x177b21]
V  [jvm.dll+0x206e26]
V  [jvm.dll+0x204fbb]
V  [jvm.dll+0x729170]
V  [jvm.dll+0x721d44]
V  [jvm.dll+0x6285d6]
C  [ucrtbase.dll+0x21bb2]
C  [KERNEL32.DLL+0x17374]
C  [ntdll.dll+0x4cc91]


---------------  P R O C E S S  ---------------

Threads class SMR info:
_java_thread_list=0x000001abe6597bd0, length=12, elements={
0x000001abc6fdf000, 0x000001abe4e56000, 0x000001abe4e7b000, 0x000001abe56d4800,
0x000001abe56d5800, 0x000001abe56d7000, 0x000001abe56db000, 0x000001abe56e0000,
0x000001abe56f6800, 0x000001abe596e800, 0x000001abe5b87800, 0x000001abe5f98800
}

Java Threads: ( => current thread )
  0x000001abc6fdf000 JavaThread "main" [_thread_in_vm, id=24148, stack(0x0000009936800000,0x0000009936900000)]
  0x000001abe4e56000 JavaThread "Reference Handler" daemon [_thread_blocked, id=23248, stack(0x0000009936f00000,0x0000009937000000)]
  0x000001abe4e7b000 JavaThread "Finalizer" daemon [_thread_blocked, id=24132, stack(0x0000009937000000,0x0000009937100000)]
  0x000001abe56d4800 JavaThread "Signal Dispatcher" daemon [_thread_blocked, id=24348, stack(0x0000009937200000,0x0000009937300000)]
  0x000001abe56d5800 JavaThread "Attach Listener" daemon [_thread_blocked, id=24468, stack(0x0000009937300000,0x0000009937400000)]
  0x000001abe56d7000 JavaThread "Service Thread" daemon [_thread_blocked, id=24292, stack(0x0000009937400000,0x0000009937500000)]
=>0x000001abe56db000 JavaThread "C2 CompilerThread0" daemon [_thread_in_native, id=22996, stack(0x0000009937500000,0x0000009937600000)]
  0x000001abe56e0000 JavaThread "C1 CompilerThread0" daemon [_thread_in_vm, id=24328, stack(0x0000009937600000,0x0000009937700000)]
  0x000001abe56f6800 JavaThread "Sweeper thread" daemon [_thread_blocked, id=22544, stack(0x0000009937700000,0x0000009937800000)]
  0x000001abe596e800 JavaThread "Common-Cleaner" daemon [_thread_blocked, id=24352, stack(0x0000009937800000,0x0000009937900000)]
  0x000001abe5b87800 JavaThread "Monitor Ctrl-Break" daemon [_thread_in_native, id=4124, stack(0x0000009937900000,0x0000009937a00000)]
  0x000001abe5f98800 JavaThread "C2 CompilerThread1" daemon [_thread_in_native, id=19128, stack(0x0000009937c00000,0x0000009937d00000)]

Other Threads:
  0x000001abe4e52000 VMThread "VM Thread" [stack: 0x0000009936e00000,0x0000009936f00000] [id=24096]
  0x000001abe5b8e800 WatcherThread [stack: 0x0000009937a00000,0x0000009937b00000] [id=24568]
  0x000001abc6ff5000 GCTaskThread "GC Thread#0" [stack: 0x0000009936900000,0x0000009936a00000] [id=6972]
  0x000001abe5f28000 GCTaskThread "GC Thread#1" [stack: 0x0000009937b00000,0x0000009937c00000] [id=22456]
  0x000001abe60b5800 GCTaskThread "GC Thread#2" [stack: 0x0000009937d00000,0x0000009937e00000] [id=22104]
  0x000001abc7026800 ConcurrentGCThread "G1 Main Marker" [stack: 0x0000009936a00000,0x0000009936b00000] [id=23824]
  0x000001abc7028000 ConcurrentGCThread "G1 Conc#0" [stack: 0x0000009936b00000,0x0000009936c00000] [id=21780]
  0x000001abc707d800 ConcurrentGCThread "G1 Refine#0" [stack: 0x0000009936c00000,0x0000009936d00000] [id=21516]
  0x000001abc707e800 ConcurrentGCThread "G1 Young RemSet Sampling" [stack: 0x0000009936d00000,0x0000009936e00000] [id=24256]

Threads with active compile tasks:
C2 CompilerThread0  12325 1230       4       jdk.internal.loader.URLClassPath::getResource (74 bytes)
C1 CompilerThread0  12326 1344       3       java.lang.invoke.MethodHandles$Lookup::checkField (56 bytes)
C2 CompilerThread1  12326 1298       4       java.io.WinNTFileSystem::normalize (143 bytes)

VM state:not at safepoint (normal execution)

VM Mutex/Monitor currently owned by a thread: None

Heap address: 0x0000000081800000, size: 2024 MB, Compressed Oops mode: 32-bit
Narrow klass base: 0x0000000000000000, Narrow klass shift: 3
Compressed class space size: 1073741824 Address: 0x0000000100000000

Heap:
 garbage-first heap   total 131072K, used 23694K [0x0000000081800000, 0x0000000100000000)
  region size 1024K, 15 young (15360K), 2 survivors (2048K)
 Metaspace       used 17578K, capacity 18005K, committed 18176K, reserved 1067008K
  class space    used 1786K, capacity 1954K, committed 2048K, reserved 1048576K
Heap Regions: E=young(eden), S=young(survivor), O=old, HS=humongous(starts), HC=humongous(continues), CS=collection set, F=free, A=archive, TAMS=top-at-mark-start (previous, next)
|   0|0x0000000081800000, 0x0000000081900000, 0x0000000081900000|100%|HS|  |TAMS 0x0000000081800000, 0x0000000081800000| Complete 
|   1|0x0000000081900000, 0x0000000081a00000, 0x0000000081a00000|100%| O|  |TAMS 0x0000000081900000, 0x0000000081900000| Untracked 
|   2|0x0000000081a00000, 0x0000000081b00000, 0x0000000081b00000|100%| O|  |TAMS 0x0000000081a00000, 0x0000000081a00000| Untracked 
|   3|0x0000000081b00000, 0x0000000081c00000, 0x0000000081c00000|100%| O|  |TAMS 0x0000000081b00000, 0x0000000081b00000| Untracked 
|   4|0x0000000081c00000, 0x0000000081d00000, 0x0000000081d00000|100%| O|  |TAMS 0x0000000081c00000, 0x0000000081c00000| Untracked 
|   5|0x0000000081d00000, 0x0000000081e00000, 0x0000000081e00000|100%| O|  |TAMS 0x0000000081d00000, 0x0000000081d00000| Untracked 
|   6|0x0000000081e00000, 0x0000000081f00000, 0x0000000081f00000|100%| O|  |TAMS 0x0000000081e00000, 0x0000000081e00000| Untracked 
|   7|0x0000000081f00000, 0x0000000082000000, 0x0000000082000000|100%| O|  |TAMS 0x0000000081f00000, 0x0000000081f00000| Untracked 
|   8|0x0000000082000000, 0x0000000082100000, 0x0000000082100000|100%| O|  |TAMS 0x0000000082000000, 0x0000000082000000| Untracked 
|   9|0x0000000082100000, 0x000000008218f000, 0x0000000082200000| 55%| O|  |TAMS 0x0000000082100000, 0x0000000082100000| Untracked 
|  10|0x0000000082200000, 0x0000000082200000, 0x0000000082300000|  0%| F|  |TAMS 0x0000000082200000, 0x0000000082200000| Untracked 
|  11|0x0000000082300000, 0x0000000082300000, 0x0000000082400000|  0%| F|  |TAMS 0x0000000082300000, 0x0000000082300000| Untracked 
|  12|0x0000000082400000, 0x0000000082400000, 0x0000000082500000|  0%| F|  |TAMS 0x0000000082400000, 0x0000000082400000| Untracked 
|  13|0x0000000082500000, 0x0000000082500000, 0x0000000082600000|  0%| F|  |TAMS 0x0000000082500000, 0x0000000082500000| Untracked 
|  14|0x0000000082600000, 0x0000000082600000, 0x0000000082700000|  0%| F|  |TAMS 0x0000000082600000, 0x0000000082600000| Untracked 
|  15|0x0000000082700000, 0x0000000082700000, 0x0000000082800000|  0%| F|  |TAMS 0x0000000082700000, 0x0000000082700000| Untracked 
|  16|0x0000000082800000, 0x0000000082800000, 0x0000000082900000|  0%| F|  |TAMS 0x0000000082800000, 0x0000000082800000| Untracked 
|  17|0x0000000082900000, 0x0000000082900000, 0x0000000082a00000|  0%| F|  |TAMS 0x0000000082900000, 0x0000000082900000| Untracked 
|  18|0x0000000082a00000, 0x0000000082a00000, 0x0000000082b00000|  0%| F|  |TAMS 0x0000000082a00000, 0x0000000082a00000| Untracked 
|  19|0x0000000082b00000, 0x0000000082b00000, 0x0000000082c00000|  0%| F|  |TAMS 0x0000000082b00000, 0x0000000082b00000| Untracked 
|  20|0x0000000082c00000, 0x0000000082c00000, 0x0000000082d00000|  0%| F|  |TAMS 0x0000000082c00000, 0x0000000082c00000| Untracked 
|  21|0x0000000082d00000, 0x0000000082d00000, 0x0000000082e00000|  0%| F|  |TAMS 0x0000000082d00000, 0x0000000082d00000| Untracked 
|  22|0x0000000082e00000, 0x0000000082e00000, 0x0000000082f00000|  0%| F|  |TAMS 0x0000000082e00000, 0x0000000082e00000| Untracked 
|  23|0x0000000082f00000, 0x0000000082f00000, 0x0000000083000000|  0%| F|  |TAMS 0x0000000082f00000, 0x0000000082f00000| Untracked 
|  24|0x0000000083000000, 0x0000000083000000, 0x0000000083100000|  0%| F|  |TAMS 0x0000000083000000, 0x0000000083000000| Untracked 
|  25|0x0000000083100000, 0x0000000083100000, 0x0000000083200000|  0%| F|  |TAMS 0x0000000083100000, 0x0000000083100000| Untracked 
|  26|0x0000000083200000, 0x0000000083200000, 0x0000000083300000|  0%| F|  |TAMS 0x0000000083200000, 0x0000000083200000| Untracked 
|  27|0x0000000083300000, 0x0000000083300000, 0x0000000083400000|  0%| F|  |TAMS 0x0000000083300000, 0x0000000083300000| Untracked 
|  28|0x0000000083400000, 0x0000000083400000, 0x0000000083500000|  0%| F|  |TAMS 0x0000000083400000, 0x0000000083400000| Untracked 
|  29|0x0000000083500000, 0x0000000083500000, 0x0000000083600000|  0%| F|  |TAMS 0x0000000083500000, 0x0000000083500000| Untracked 
|  30|0x0000000083600000, 0x0000000083600000, 0x0000000083700000|  0%| F|  |TAMS 0x0000000083600000, 0x0000000083600000| Untracked 
|  31|0x0000000083700000, 0x0000000083700000, 0x0000000083800000|  0%| F|  |TAMS 0x0000000083700000, 0x0000000083700000| Untracked 
|  32|0x0000000083800000, 0x0000000083800000, 0x0000000083900000|  0%| F|  |TAMS 0x0000000083800000, 0x0000000083800000| Untracked 
|  33|0x0000000083900000, 0x0000000083900000, 0x0000000083a00000|  0%| F|  |TAMS 0x0000000083900000, 0x0000000083900000| Untracked 
|  34|0x0000000083a00000, 0x0000000083a00000, 0x0000000083b00000|  0%| F|  |TAMS 0x0000000083a00000, 0x0000000083a00000| Untracked 
|  35|0x0000000083b00000, 0x0000000083b00000, 0x0000000083c00000|  0%| F|  |TAMS 0x0000000083b00000, 0x0000000083b00000| Untracked 
|  36|0x0000000083c00000, 0x0000000083c00000, 0x0000000083d00000|  0%| F|  |TAMS 0x0000000083c00000, 0x0000000083c00000| Untracked 
|  37|0x0000000083d00000, 0x0000000083d00000, 0x0000000083e00000|  0%| F|  |TAMS 0x0000000083d00000, 0x0000000083d00000| Untracked 
|  38|0x0000000083e00000, 0x0000000083e00000, 0x0000000083f00000|  0%| F|  |TAMS 0x0000000083e00000, 0x0000000083e00000| Untracked 
|  39|0x0000000083f00000, 0x0000000083f00000, 0x0000000084000000|  0%| F|  |TAMS 0x0000000083f00000, 0x0000000083f00000| Untracked 
|  40|0x0000000084000000, 0x0000000084000000, 0x0000000084100000|  0%| F|  |TAMS 0x0000000084000000, 0x0000000084000000| Untracked 
|  41|0x0000000084100000, 0x0000000084100000, 0x0000000084200000|  0%| F|  |TAMS 0x0000000084100000, 0x0000000084100000| Untracked 
|  42|0x0000000084200000, 0x0000000084200000, 0x0000000084300000|  0%| F|  |TAMS 0x0000000084200000, 0x0000000084200000| Untracked 
|  43|0x0000000084300000, 0x0000000084300000, 0x0000000084400000|  0%| F|  |TAMS 0x0000000084300000, 0x0000000084300000| Untracked 
|  44|0x0000000084400000, 0x0000000084400000, 0x0000000084500000|  0%| F|  |TAMS 0x0000000084400000, 0x0000000084400000| Untracked 
|  45|0x0000000084500000, 0x0000000084500000, 0x0000000084600000|  0%| F|  |TAMS 0x0000000084500000, 0x0000000084500000| Untracked 
|  46|0x0000000084600000, 0x0000000084600000, 0x0000000084700000|  0%| F|  |TAMS 0x0000000084600000, 0x0000000084600000| Untracked 
|  47|0x0000000084700000, 0x0000000084700000, 0x0000000084800000|  0%| F|  |TAMS 0x0000000084700000, 0x0000000084700000| Untracked 
|  48|0x0000000084800000, 0x0000000084800000, 0x0000000084900000|  0%| F|  |TAMS 0x0000000084800000, 0x0000000084800000| Untracked 
|  49|0x0000000084900000, 0x0000000084900000, 0x0000000084a00000|  0%| F|  |TAMS 0x0000000084900000, 0x0000000084900000| Untracked 
|  50|0x0000000084a00000, 0x0000000084a00000, 0x0000000084b00000|  0%| F|  |TAMS 0x0000000084a00000, 0x0000000084a00000| Untracked 
|  51|0x0000000084b00000, 0x0000000084b00000, 0x0000000084c00000|  0%| F|  |TAMS 0x0000000084b00000, 0x0000000084b00000| Untracked 
|  52|0x0000000084c00000, 0x0000000084c00000, 0x0000000084d00000|  0%| F|  |TAMS 0x0000000084c00000, 0x0000000084c00000| Untracked 
|  53|0x0000000084d00000, 0x0000000084d00000, 0x0000000084e00000|  0%| F|  |TAMS 0x0000000084d00000, 0x0000000084d00000| Untracked 
|  54|0x0000000084e00000, 0x0000000084e00000, 0x0000000084f00000|  0%| F|  |TAMS 0x0000000084e00000, 0x0000000084e00000| Untracked 
|  55|0x0000000084f00000, 0x0000000084f00000, 0x0000000085000000|  0%| F|  |TAMS 0x0000000084f00000, 0x0000000084f00000| Untracked 
|  56|0x0000000085000000, 0x0000000085000000, 0x0000000085100000|  0%| F|  |TAMS 0x0000000085000000, 0x0000000085000000| Untracked 
|  57|0x0000000085100000, 0x0000000085100000, 0x0000000085200000|  0%| F|  |TAMS 0x0000000085100000, 0x0000000085100000| Untracked 
|  58|0x0000000085200000, 0x0000000085200000, 0x0000000085300000|  0%| F|  |TAMS 0x0000000085200000, 0x0000000085200000| Untracked 
|  59|0x0000000085300000, 0x0000000085300000, 0x0000000085400000|  0%| F|  |TAMS 0x0000000085300000, 0x0000000085300000| Untracked 
|  60|0x0000000085400000, 0x0000000085400000, 0x0000000085500000|  0%| F|  |TAMS 0x0000000085400000, 0x0000000085400000| Untracked 
|  61|0x0000000085500000, 0x0000000085500000, 0x0000000085600000|  0%| F|  |TAMS 0x0000000085500000, 0x0000000085500000| Untracked 
|  62|0x0000000085600000, 0x0000000085600000, 0x0000000085700000|  0%| F|  |TAMS 0x0000000085600000, 0x0000000085600000| Untracked 
|  63|0x0000000085700000, 0x0000000085700000, 0x0000000085800000|  0%| F|  |TAMS 0x0000000085700000, 0x0000000085700000| Untracked 
|  64|0x0000000085800000, 0x0000000085800000, 0x0000000085900000|  0%| F|  |TAMS 0x0000000085800000, 0x0000000085800000| Untracked 
|  65|0x0000000085900000, 0x0000000085900000, 0x0000000085a00000|  0%| F|  |TAMS 0x0000000085900000, 0x0000000085900000| Untracked 
|  66|0x0000000085a00000, 0x0000000085a00000, 0x0000000085b00000|  0%| F|  |TAMS 0x0000000085a00000, 0x0000000085a00000| Untracked 
|  67|0x0000000085b00000, 0x0000000085b00000, 0x0000000085c00000|  0%| F|  |TAMS 0x0000000085b00000, 0x0000000085b00000| Untracked 
|  68|0x0000000085c00000, 0x0000000085c00000, 0x0000000085d00000|  0%| F|  |TAMS 0x0000000085c00000, 0x0000000085c00000| Untracked 
|  69|0x0000000085d00000, 0x0000000085d00000, 0x0000000085e00000|  0%| F|  |TAMS 0x0000000085d00000, 0x0000000085d00000| Untracked 
|  70|0x0000000085e00000, 0x0000000085e00000, 0x0000000085f00000|  0%| F|  |TAMS 0x0000000085e00000, 0x0000000085e00000| Untracked 
|  71|0x0000000085f00000, 0x0000000085f00000, 0x0000000086000000|  0%| F|  |TAMS 0x0000000085f00000, 0x0000000085f00000| Untracked 
|  72|0x0000000086000000, 0x0000000086000000, 0x0000000086100000|  0%| F|  |TAMS 0x0000000086000000, 0x0000000086000000| Untracked 
|  73|0x0000000086100000, 0x0000000086100000, 0x0000000086200000|  0%| F|  |TAMS 0x0000000086100000, 0x0000000086100000| Untracked 
|  74|0x0000000086200000, 0x0000000086200000, 0x0000000086300000|  0%| F|  |TAMS 0x0000000086200000, 0x0000000086200000| Untracked 
|  75|0x0000000086300000, 0x0000000086300000, 0x0000000086400000|  0%| F|  |TAMS 0x0000000086300000, 0x0000000086300000| Untracked 
|  76|0x0000000086400000, 0x0000000086400000, 0x0000000086500000|  0%| F|  |TAMS 0x0000000086400000, 0x0000000086400000| Untracked 
|  77|0x0000000086500000, 0x0000000086500000, 0x0000000086600000|  0%| F|  |TAMS 0x0000000086500000, 0x0000000086500000| Untracked 
|  78|0x0000000086600000, 0x0000000086600000, 0x0000000086700000|  0%| F|  |TAMS 0x0000000086600000, 0x0000000086600000| Untracked 
|  79|0x0000000086700000, 0x0000000086700000, 0x0000000086800000|  0%| F|  |TAMS 0x0000000086700000, 0x0000000086700000| Untracked 
|  80|0x0000000086800000, 0x0000000086800000, 0x0000000086900000|  0%| F|  |TAMS 0x0000000086800000, 0x0000000086800000| Untracked 
|  81|0x0000000086900000, 0x0000000086900000, 0x0000000086a00000|  0%| F|  |TAMS 0x0000000086900000, 0x0000000086900000| Untracked 
|  82|0x0000000086a00000, 0x0000000086a00000, 0x0000000086b00000|  0%| F|  |TAMS 0x0000000086a00000, 0x0000000086a00000| Untracked 
|  83|0x0000000086b00000, 0x0000000086b00000, 0x0000000086c00000|  0%| F|  |TAMS 0x0000000086b00000, 0x0000000086b00000| Untracked 
|  84|0x0000000086c00000, 0x0000000086c00000, 0x0000000086d00000|  0%| F|  |TAMS 0x0000000086c00000, 0x0000000086c00000| Untracked 
|  85|0x0000000086d00000, 0x0000000086d00000, 0x0000000086e00000|  0%| F|  |TAMS 0x0000000086d00000, 0x0000000086d00000| Untracked 
|  86|0x0000000086e00000, 0x0000000086e00000, 0x0000000086f00000|  0%| F|  |TAMS 0x0000000086e00000, 0x0000000086e00000| Untracked 
|  87|0x0000000086f00000, 0x0000000086f00000, 0x0000000087000000|  0%| F|  |TAMS 0x0000000086f00000, 0x0000000086f00000| Untracked 
|  88|0x0000000087000000, 0x0000000087000000, 0x0000000087100000|  0%| F|  |TAMS 0x0000000087000000, 0x0000000087000000| Untracked 
|  89|0x0000000087100000, 0x0000000087100000, 0x0000000087200000|  0%| F|  |TAMS 0x0000000087100000, 0x0000000087100000| Untracked 
|  90|0x0000000087200000, 0x0000000087200000, 0x0000000087300000|  0%| F|  |TAMS 0x0000000087200000, 0x0000000087200000| Untracked 
|  91|0x0000000087300000, 0x0000000087300000, 0x0000000087400000|  0%| F|  |TAMS 0x0000000087300000, 0x0000000087300000| Untracked 
|  92|0x0000000087400000, 0x0000000087400000, 0x0000000087500000|  0%| F|  |TAMS 0x0000000087400000, 0x0000000087400000| Untracked 
|  93|0x0000000087500000, 0x0000000087500000, 0x0000000087600000|  0%| F|  |TAMS 0x0000000087500000, 0x0000000087500000| Untracked 
|  94|0x0000000087600000, 0x0000000087600000, 0x0000000087700000|  0%| F|  |TAMS 0x0000000087600000, 0x0000000087600000| Untracked 
|  95|0x0000000087700000, 0x0000000087794b10, 0x0000000087800000| 58%| S|CS|TAMS 0x0000000087700000, 0x0000000087700000| Complete 
|  96|0x0000000087800000, 0x0000000087900000, 0x0000000087900000|100%| S|CS|TAMS 0x0000000087800000, 0x0000000087800000| Complete 
|  97|0x0000000087900000, 0x0000000087900000, 0x0000000087a00000|  0%| F|  |TAMS 0x0000000087900000, 0x0000000087900000| Untracked 
|  98|0x0000000087a00000, 0x0000000087a00000, 0x0000000087b00000|  0%| F|  |TAMS 0x0000000087a00000, 0x0000000087a00000| Untracked 
|  99|0x0000000087b00000, 0x0000000087b00000, 0x0000000087c00000|  0%| F|  |TAMS 0x0000000087b00000, 0x0000000087b00000| Untracked 
| 100|0x0000000087c00000, 0x0000000087c00000, 0x0000000087d00000|  0%| F|  |TAMS 0x0000000087c00000, 0x0000000087c00000| Untracked 
| 101|0x0000000087d00000, 0x0000000087d00000, 0x0000000087e00000|  0%| F|  |TAMS 0x0000000087d00000, 0x0000000087d00000| Untracked 
| 102|0x0000000087e00000, 0x0000000087e00000, 0x0000000087f00000|  0%| F|  |TAMS 0x0000000087e00000, 0x0000000087e00000| Untracked 
| 103|0x0000000087f00000, 0x0000000087f00000, 0x0000000088000000|  0%| F|  |TAMS 0x0000000087f00000, 0x0000000087f00000| Untracked 
| 104|0x0000000088000000, 0x0000000088000000, 0x0000000088100000|  0%| F|  |TAMS 0x0000000088000000, 0x0000000088000000| Untracked 
| 105|0x0000000088100000, 0x0000000088100000, 0x0000000088200000|  0%| F|  |TAMS 0x0000000088100000, 0x0000000088100000| Untracked 
| 106|0x0000000088200000, 0x0000000088200000, 0x0000000088300000|  0%| F|  |TAMS 0x0000000088200000, 0x0000000088200000| Untracked 
| 107|0x0000000088300000, 0x0000000088300000, 0x0000000088400000|  0%| F|  |TAMS 0x0000000088300000, 0x0000000088300000| Untracked 
| 108|0x0000000088400000, 0x0000000088400000, 0x0000000088500000|  0%| F|  |TAMS 0x0000000088400000, 0x0000000088400000| Untracked 
| 109|0x0000000088500000, 0x0000000088500000, 0x0000000088600000|  0%| F|  |TAMS 0x0000000088500000, 0x0000000088500000| Untracked 
| 110|0x0000000088600000, 0x0000000088600000, 0x0000000088700000|  0%| F|  |TAMS 0x0000000088600000, 0x0000000088600000| Untracked 
| 111|0x0000000088700000, 0x0000000088700000, 0x0000000088800000|  0%| F|  |TAMS 0x0000000088700000, 0x0000000088700000| Untracked 
| 112|0x0000000088800000, 0x0000000088800000, 0x0000000088900000|  0%| F|  |TAMS 0x0000000088800000, 0x0000000088800000| Untracked 
| 113|0x0000000088900000, 0x0000000088900000, 0x0000000088a00000|  0%| F|  |TAMS 0x0000000088900000, 0x0000000088900000| Untracked 
| 114|0x0000000088a00000, 0x0000000088a00000, 0x0000000088b00000|  0%| F|  |TAMS 0x0000000088a00000, 0x0000000088a00000| Untracked 
| 115|0x0000000088b00000, 0x0000000088c00000, 0x0000000088c00000|100%| E|  |TAMS 0x0000000088b00000, 0x0000000088b00000| Complete 
| 116|0x0000000088c00000, 0x0000000088d00000, 0x0000000088d00000|100%| E|CS|TAMS 0x0000000088c00000, 0x0000000088c00000| Complete 
| 117|0x0000000088d00000, 0x0000000088e00000, 0x0000000088e00000|100%| E|CS|TAMS 0x0000000088d00000, 0x0000000088d00000| Complete 
| 118|0x0000000088e00000, 0x0000000088f00000, 0x0000000088f00000|100%| E|CS|TAMS 0x0000000088e00000, 0x0000000088e00000| Complete 
| 119|0x0000000088f00000, 0x0000000089000000, 0x0000000089000000|100%| E|CS|TAMS 0x0000000088f00000, 0x0000000088f00000| Complete 
| 120|0x0000000089000000, 0x0000000089100000, 0x0000000089100000|100%| E|CS|TAMS 0x0000000089000000, 0x0000000089000000| Complete 
| 121|0x0000000089100000, 0x0000000089200000, 0x0000000089200000|100%| E|CS|TAMS 0x0000000089100000, 0x0000000089100000| Complete 
| 122|0x0000000089200000, 0x0000000089300000, 0x0000000089300000|100%| E|CS|TAMS 0x0000000089200000, 0x0000000089200000| Complete 
| 123|0x0000000089300000, 0x0000000089400000, 0x0000000089400000|100%| E|CS|TAMS 0x0000000089300000, 0x0000000089300000| Complete 
| 124|0x0000000089400000, 0x0000000089500000, 0x0000000089500000|100%| E|CS|TAMS 0x0000000089400000, 0x0000000089400000| Complete 
| 125|0x0000000089500000, 0x0000000089600000, 0x0000000089600000|100%| E|CS|TAMS 0x0000000089500000, 0x0000000089500000| Complete 
| 126|0x0000000089600000, 0x0000000089700000, 0x0000000089700000|100%| E|CS|TAMS 0x0000000089600000, 0x0000000089600000| Complete 
| 127|0x0000000089700000, 0x0000000089800000, 0x0000000089800000|100%| E|CS|TAMS 0x0000000089700000, 0x0000000089700000| Complete 

Card table byte_map: [0x000001abde0a0000,0x000001abde4a0000] _byte_map_base: 0x000001abddc94000

Marking Bits (Prev, Next): (CMBitMap*) 0x000001abc701daa8, (CMBitMap*) 0x000001abc701dae0
 Prev Bits: [0x000001abde8a0000, 0x000001abe0840000)
 Next Bits: [0x000001abe0840000, 0x000001abe27e0000)

Polling page: 0x000001abc7080000

Metaspace:

Usage:
  Non-class:     15.67 MB capacity,    15.42 MB ( 98%) used,   215.21 KB (  1%) free+waste,    44.13 KB ( <1%) overhead. 
      Class:      1.91 MB capacity,     1.74 MB ( 91%) used,   145.48 KB (  7%) free+waste,    22.06 KB (  1%) overhead. 
       Both:     17.58 MB capacity,    17.17 MB ( 98%) used,   360.69 KB (  2%) free+waste,    66.19 KB ( <1%) overhead. 

Virtual space:
  Non-class space:       18.00 MB reserved,      15.75 MB ( 88%) committed 
      Class space:        1.00 GB reserved,       2.00 MB ( <1%) committed 
             Both:        1.02 GB reserved,      17.75 MB (  2%) committed 

Chunk freelists:
   Non-Class:  1.63 KB
       Class:  0 bytes
        Both:  1.63 KB

CodeHeap 'non-profiled nmethods': size=120064Kb used=537Kb max_used=537Kb free=119526Kb
 bounds [0x000001abd6130000, 0x000001abd63a0000, 0x000001abdd670000]
CodeHeap 'profiled nmethods': size=120000Kb used=2604Kb max_used=2604Kb free=117395Kb
 bounds [0x000001abcec00000, 0x000001abcee90000, 0x000001abd6130000]
CodeHeap 'non-nmethods': size=5696Kb used=1139Kb max_used=1139Kb free=4556Kb
 bounds [0x000001abce670000, 0x000001abce8e0000, 0x000001abcec00000]
 total_blobs=1795 nmethods=1354 adapters=351
 compilation: enabled
              stopped_count=0, restarted_count=0
 full_count=0

Compilation events (10 events):
Event: 11.881 Thread 0x000001abe56e0000 nmethod 1335 0x000001abd61b3210 code [0x000001abd61b33a0, 0x000001abd61b3458]
Event: 11.887 Thread 0x000001abe56e0000 1338       3       java.lang.invoke.BoundMethodHandle$Specializer$Factory::chooseFieldName (25 bytes)
Event: 11.890 Thread 0x000001abe56e0000 nmethod 1338 0x000001abcee88510 code [0x000001abcee88800, 0x000001abcee894d8]
Event: 11.890 Thread 0x000001abe56e0000 1339       3       java.lang.StringBuilder::append (8 bytes)
Event: 11.890 Thread 0x000001abe56e0000 nmethod 1339 0x000001abcee89a10 code [0x000001abcee89bc0, 0x000001abcee89d08]
Event: 11.890 Thread 0x000001abe56e0000 1340       3       java.lang.reflect.Modifier::isVolatile (13 bytes)
Event: 11.890 Thread 0x000001abe56e0000 nmethod 1340 0x000001abcee89d90 code [0x000001abcee89f20, 0x000001abcee8a058]
Event: 11.892 Thread 0x000001abe56e0000 1343       3       java.lang.invoke.MethodHandles$Lookup::restrictProtectedReceiver (51 bytes)
Event: 11.894 Thread 0x000001abe56e0000 nmethod 1343 0x000001abcee8a110 code [0x000001abcee8a3a0, 0x000001abcee8af08]
Event: 11.896 Thread 0x000001abe56e0000 1344       3       java.lang.invoke.MethodHandles$Lookup::checkField (56 bytes)

GC Heap History (8 events):
Event: 2.632 GC heap before
{Heap before GC invocations=0 (full 0):
 garbage-first heap   total 131072K, used 15360K [0x0000000081800000, 0x0000000100000000)
  region size 1024K, 14 young (14336K), 0 survivors (0K)
 Metaspace       used 7796K, capacity 7887K, committed 8192K, reserved 1056768K
  class space    used 681K, capacity 710K, committed 768K, reserved 1048576K
}
Event: 2.642 GC heap after
{Heap after GC invocations=1 (full 0):
 garbage-first heap   total 131072K, used 8217K [0x0000000081800000, 0x0000000100000000)
  region size 1024K, 2 young (2048K), 2 survivors (2048K)
 Metaspace       used 7796K, capacity 7887K, committed 8192K, reserved 1056768K
  class space    used 681K, capacity 710K, committed 768K, reserved 1048576K
}
Event: 2.814 GC heap before
{Heap before GC invocations=1 (full 0):
 garbage-first heap   total 131072K, used 14361K [0x0000000081800000, 0x0000000100000000)
  region size 1024K, 8 young (8192K), 2 survivors (2048K)
 Metaspace       used 8250K, capacity 8341K, committed 8576K, reserved 1056768K
  class space    used 733K, capacity 777K, committed 896K, reserved 1048576K
}
Event: 2.819 GC heap after
{Heap after GC invocations=2 (full 0):
 garbage-first heap   total 131072K, used 9897K [0x0000000081800000, 0x0000000100000000)
  region size 1024K, 1 young (1024K), 1 survivors (1024K)
 Metaspace       used 8250K, capacity 8341K, committed 8576K, reserved 1056768K
  class space    used 733K, capacity 777K, committed 896K, reserved 1048576K
}
Event: 10.659 GC heap before
{Heap before GC invocations=2 (full 0):
 garbage-first heap   total 131072K, used 28329K [0x0000000081800000, 0x0000000100000000)
  region size 1024K, 19 young (19456K), 1 survivors (1024K)
 Metaspace       used 13219K, capacity 13424K, committed 13696K, reserved 1060864K
  class space    used 1247K, capacity 1329K, committed 1408K, reserved 1048576K
}
Event: 10.666 GC heap after
{Heap after GC invocations=3 (full 0):
 garbage-first heap   total 131072K, used 11014K [0x0000000081800000, 0x0000000100000000)
  region size 1024K, 3 young (3072K), 3 survivors (3072K)
 Metaspace       used 13219K, capacity 13424K, committed 13696K, reserved 1060864K
  class space    used 1247K, capacity 1329K, committed 1408K, reserved 1048576K
}
Event: 11.374 GC heap before
{Heap before GC invocations=3 (full 0):
 garbage-first heap   total 131072K, used 39686K [0x0000000081800000, 0x0000000100000000)
  region size 1024K, 31 young (31744K), 3 survivors (3072K)
 Metaspace       used 15780K, capacity 16048K, committed 16256K, reserved 1064960K
  class space    used 1529K, capacity 1649K, committed 1664K, reserved 1048576K
}
Event: 11.381 GC heap after
{Heap after GC invocations=4 (full 0):
 garbage-first heap   total 131072K, used 11406K [0x0000000081800000, 0x0000000100000000)
  region size 1024K, 2 young (2048K), 2 survivors (2048K)
 Metaspace       used 15780K, capacity 16048K, committed 16256K, reserved 1064960K
  class space    used 1529K, capacity 1649K, committed 1664K, reserved 1048576K
}

Deoptimization events (10 events):
Event: 3.302 Thread 0x000001abc6fdf000 Uncommon trap: reason=bimorphic_or_optimized_type_check action=maybe_recompile pc=0x000001abd613ba94 method=java.util.AbstractCollection.isEmpty()Z @ 1 c2
Event: 3.302 Thread 0x000001abc6fdf000 Uncommon trap: reason=bimorphic_or_optimized_type_check action=maybe_recompile pc=0x000001abd613ba94 method=java.util.AbstractCollection.isEmpty()Z @ 1 c2
Event: 3.750 Thread 0x000001abc6fdf000 Uncommon trap: reason=unstable_if action=reinterpret pc=0x000001abd615c01c method=java.io.WinNTFileSystem.normalize(Ljava/lang/String;)Ljava/lang/String; @ 40 c2
Event: 3.750 Thread 0x000001abc6fdf000 Uncommon trap: reason=unstable_if action=reinterpret pc=0x000001abd6149360 method=java.io.WinNTFileSystem.isSlash(C)Z @ 9 c2
Event: 10.149 Thread 0x000001abc6fdf000 Uncommon trap: reason=unstable_if action=reinterpret pc=0x000001abd6145bcc method=java.lang.StringLatin1.canEncode(I)Z @ 4 c2
Event: 10.149 Thread 0x000001abc6fdf000 Uncommon trap: reason=unstable_if action=reinterpret pc=0x000001abd61479ac method=java.lang.AbstractStringBuilder.isLatin1()Z @ 10 c2
Event: 10.149 Thread 0x000001abc6fdf000 Uncommon trap: reason=unstable_if action=reinterpret pc=0x000001abd6151dd8 method=java.lang.AbstractStringBuilder.isLatin1()Z @ 10 c2
Event: 10.158 Thread 0x000001abc6fdf000 Uncommon trap: reason=unstable_if action=reinterpret pc=0x000001abd61411b4 method=java.lang.StringLatin1.canEncode(I)Z @ 4 c2
Event: 11.742 Thread 0x000001abc6fdf000 Uncommon trap: reason=unstable_if action=reinterpret pc=0x000001abd6185a04 method=java.lang.Integer.getChars(II[B)I @ 25 c2
Event: 11.743 Thread 0x000001abc6fdf000 Uncommon trap: reason=unstable_if action=reinterpret pc=0x000001abd61683c0 method=java.lang.Integer.getChars(II[B)I @ 25 c2

Classes redefined (0 events):
No events

Internal exceptions (10 events):
Event: 4.139 Thread 0x000001abc6fdf000 Exception <a 'java/lang/NoSuchMethodError'{0x00000000890e26a0}: java.lang.invoke.DirectMethodHandle$Holder.invokeStaticInit(Ljava/lang/Object;IIII)Ljava/lang/Object;> (0x00000000890e26a0) thrown at [./open/src/hotspot/share/interpreter/linkResolver.cpp, l
Event: 9.809 Thread 0x000001abc6fdf000 Exception <a 'java/lang/NoSuchMethodError'{0x0000000088f39bf0}: java.lang.invoke.DirectMethodHandle$Holder.invokeStaticInit(Ljava/lang/Object;Ljava/lang/Object;IIII)Ljava/lang/Object;> (0x0000000088f39bf0) thrown at [./open/src/hotspot/share/interpreter/l
Event: 11.496 Thread 0x000001abc6fdf000 Exception <a 'java/lang/NoSuchMethodError'{0x00000000894d10b0}: java.lang.invoke.DirectMethodHandle$Holder.invokeInterface(Ljava/lang/Object;Ljava/lang/Object;)I> (0x00000000894d10b0) thrown at [./open/src/hotspot/share/interpreter/linkResolver.cpp, line 
Event: 11.513 Thread 0x000001abc6fdf000 Exception <a 'java/lang/NoSuchMethodError'{0x0000000089321d28}: java.lang.invoke.DirectMethodHandle$Holder.invokeVirtual(Ljava/lang/Object;Ljava/lang/Object;)I> (0x0000000089321d28) thrown at [./open/src/hotspot/share/interpreter/linkResolver.cpp, line 77
Event: 11.591 Thread 0x000001abc6fdf000 Exception <a 'java/lang/NoSuchMethodError'{0x000000008921c1e8}: java.lang.invoke.DirectMethodHandle$Holder.invokeSpecial(Ljava/lang/Object;Ljava/lang/Object;Ljava/lang/Object;ILjava/lang/Object;)Ljava/lang/Object;> (0x000000008921c1e8) thrown at [./open/s
Event: 11.601 Thread 0x000001abc6fdf000 Exception <a 'java/lang/NoSuchMethodError'{0x0000000089226188}: java.lang.invoke.Invokers$Holder.linkToTargetMethod(Ljava/lang/Object;ILjava/lang/Object;Ljava/lang/Object;)Ljava/lang/Object;> (0x0000000089226188) thrown at [./open/src/hotspot/share/interp
Event: 11.682 Thread 0x000001abc6fdf000 Exception <a 'java/lang/NoSuchMethodError'{0x00000000892b8ac0}: java.lang.invoke.DirectMethodHandle$Holder.invokeStaticInit(Ljava/lang/Object;Ljava/lang/Object;Ljava/lang/Object;)I> (0x00000000892b8ac0) thrown at [./open/src/hotspot/share/interpreter/link
Event: 11.723 Thread 0x000001abc6fdf000 Exception <a 'java/lang/NoSuchMethodError'{0x00000000891aa6a0}: java.lang.invoke.DirectMethodHandle$Holder.invokeStatic(Ljava/lang/Object;Ljava/lang/Object;Ljava/lang/Object;Ljava/lang/Object;Ljava/lang/Object;Ljava/lang/Object;Ljava/lang/Object;Ljava/lan
Event: 11.729 Thread 0x000001abc6fdf000 Exception <a 'java/lang/NoSuchMethodError'{0x00000000891b6c78}: java.lang.invoke.DirectMethodHandle$Holder.invokeStatic(Ljava/lang/Object;Ljava/lang/Object;Ljava/lang/Object;Ljava/lang/Object;Ljava/lang/Object;Ljava/lang/Object;Ljava/lang/Object;Ljava/lan
Event: 11.732 Thread 0x000001abc6fdf000 Exception <a 'java/lang/NoSuchMethodError'{0x00000000891c35c8}: java.lang.invoke.DirectMethodHandle$Holder.invokeStatic(Ljava/lang/Object;Ljava/lang/Object;Ljava/lang/Object;Ljava/lang/Object;Ljava/lang/Object;Ljava/lang/Object;Ljava/lang/Object;Ljava/lan

Events (10 events):
Event: 11.886 loading class java/lang/invoke/BoundMethodHandle$Species_LLLLLLLLLII
Event: 11.886 loading class java/lang/invoke/BoundMethodHandle$Species_LLLLLLLLLII done
Event: 11.891 loading class java/lang/invoke/BoundMethodHandle$Species_LLLLLLLLLIIL
Event: 11.891 loading class java/lang/invoke/BoundMethodHandle$Species_LLLLLLLLLIIL done
Event: 11.898 loading class java/lang/invoke/BoundMethodHandle$Species_LLLLLLLLLIILL
Event: 11.899 loading class java/lang/invoke/BoundMethodHandle$Species_LLLLLLLLLIILL done
Event: 11.902 loading class org/testng/collections/MultiMap
Event: 11.902 loading class org/testng/collections/MultiMap done
Event: 11.908 loading class org/testng/IMethodSelector
Event: 11.908 loading class org/testng/IMethodSelector done


Dynamic libraries:
0x00007ff689050000 - 0x00007ff68905f000 	C:\Program Files\Java\jdk-11.0.14\bin\java.exe
0x00007ff90aed0000 - 0x00007ff90b0c8000 	C:\WINDOWS\SYSTEM32\ntdll.dll
0x00007ff909c90000 - 0x00007ff909d52000 	C:\WINDOWS\System32\KERNEL32.DLL
0x00007ff908570000 - 0x00007ff90886e000 	C:\WINDOWS\System32\KERNELBASE.dll
0x00007ff908ba0000 - 0x00007ff908ca0000 	C:\WINDOWS\System32\ucrtbase.dll
0x00007ff8fa410000 - 0x00007ff8fa428000 	C:\Program Files\Java\jdk-11.0.14\bin\jli.dll
0x00007ff90a560000 - 0x00007ff90a611000 	C:\WINDOWS\System32\ADVAPI32.dll
0x00007ff90ad90000 - 0x00007ff90ae2e000 	C:\WINDOWS\System32\msvcrt.dll
0x00007ff9096f0000 - 0x00007ff90978f000 	C:\WINDOWS\System32\sechost.dll
0x00007ff909790000 - 0x00007ff9098b3000 	C:\WINDOWS\System32\RPCRT4.dll
0x00007ff908ec0000 - 0x00007ff908ee7000 	C:\WINDOWS\System32\bcrypt.dll
0x00007ff90a800000 - 0x00007ff90a99d000 	C:\WINDOWS\System32\USER32.dll
0x00007ff908870000 - 0x00007ff908892000 	C:\WINDOWS\System32\win32u.dll
0x00007ff909d60000 - 0x00007ff909d8b000 	C:\WINDOWS\System32\GDI32.dll
0x00007ff9089d0000 - 0x00007ff908ae7000 	C:\WINDOWS\System32\gdi32full.dll
0x00007ff9088a0000 - 0x00007ff90893d000 	C:\WINDOWS\System32\msvcp_win.dll
0x00007ff8f95e0000 - 0x00007ff8f95f5000 	C:\Program Files\Java\jdk-11.0.14\bin\VCRUNTIME140.dll
0x00007ff907e90000 - 0x00007ff907e9a000 	C:\WINDOWS\SYSTEM32\VERSION.dll
0x00007ff8fb4b0000 - 0x00007ff8fb74a000 	C:\WINDOWS\WinSxS\amd64_microsoft.windows.common-controls_6595b64144ccf1df_6.0.19041.4355_none_60b8b9eb71f62e16\COMCTL32.dll
0x00007ff90aa80000 - 0x00007ff90aaaf000 	C:\WINDOWS\System32\IMM32.DLL
0x0000000072c00000 - 0x0000000072c0c000 	C:\Program Files (x86)\360\Total Security\safemon\SafeWrapper.dll
0x00007ff8b6550000 - 0x00007ff8b65fc000 	C:\Program Files (x86)\360\Total Security\safemon\libzdtp64.dll
0x00007ff909df0000 - 0x00007ff90a55d000 	C:\WINDOWS\System32\SHELL32.dll
0x00007ff90ae30000 - 0x00007ff90ae85000 	C:\WINDOWS\System32\SHLWAPI.dll
0x00007ff8d9da0000 - 0x00007ff8d9e3b000 	C:\Program Files\Java\jdk-11.0.14\bin\msvcp140.dll
0x00007ff8a1810000 - 0x00007ff8a2326000 	C:\Program Files\Java\jdk-11.0.14\bin\server\jvm.dll
0x00007ff90aab0000 - 0x00007ff90aab8000 	C:\WINDOWS\System32\PSAPI.DLL
0x00007ff8f3d40000 - 0x00007ff8f3d49000 	C:\WINDOWS\SYSTEM32\WSOCK32.dll
0x00007ff90aac0000 - 0x00007ff90ab2b000 	C:\WINDOWS\System32\WS2_32.dll
0x00007ff8fd010000 - 0x00007ff8fd037000 	C:\WINDOWS\SYSTEM32\WINMM.dll
0x00007ff906340000 - 0x00007ff906352000 	C:\WINDOWS\SYSTEM32\kernel.appcore.dll
0x00007ff8fa3b0000 - 0x00007ff8fa3c0000 	C:\Program Files\Java\jdk-11.0.14\bin\verify.dll
0x00007ff8eafa0000 - 0x00007ff8eb184000 	C:\WINDOWS\SYSTEM32\DBGHELP.DLL
0x00007ff8eaf60000 - 0x00007ff8eaf94000 	C:\WINDOWS\SYSTEM32\dbgcore.DLL
0x00007ff908940000 - 0x00007ff9089c2000 	C:\WINDOWS\System32\bcryptPrimitives.dll
0x00007ff8f7380000 - 0x00007ff8f73a8000 	C:\Program Files\Java\jdk-11.0.14\bin\java.dll
0x00007ff8f7320000 - 0x00007ff8f732a000 	C:\Program Files\Java\jdk-11.0.14\bin\jimage.dll
0x00007ff8fcf60000 - 0x00007ff8fcf6e000 	C:\Program Files\Java\jdk-11.0.14\bin\instrument.dll
0x00007ff8f5730000 - 0x00007ff8f5746000 	C:\Program Files\Java\jdk-11.0.14\bin\zip.dll
0x00007ff906540000 - 0x00007ff906ce4000 	C:\WINDOWS\SYSTEM32\windows.storage.dll
0x00007ff909930000 - 0x00007ff909c83000 	C:\WINDOWS\System32\combase.dll
0x00007ff907d80000 - 0x00007ff907dae000 	C:\WINDOWS\SYSTEM32\Wldp.dll
0x00007ff909620000 - 0x00007ff9096ed000 	C:\WINDOWS\System32\OLEAUT32.dll
0x00007ff90ace0000 - 0x00007ff90ad8d000 	C:\WINDOWS\System32\SHCORE.dll
0x00007ff9084a0000 - 0x00007ff9084c4000 	C:\WINDOWS\SYSTEM32\profapi.dll
0x00007ff8f4f60000 - 0x00007ff8f4f79000 	C:\Program Files\Java\jdk-11.0.14\bin\net.dll
0x00007ff902940000 - 0x00007ff902a4d000 	C:\WINDOWS\SYSTEM32\WINHTTP.dll
0x00007ff907b60000 - 0x00007ff907bca000 	C:\WINDOWS\system32\mswsock.dll
0x00007ff8f4d30000 - 0x00007ff8f4d42000 	C:\Program Files\Java\jdk-11.0.14\bin\nio.dll
0x00007ff8e7180000 - 0x00007ff8e719a000 	C:\Program Files\JetBrains\IntelliJ IDEA Community Edition 2023.1.5\bin\breakgen64.dll
0x00007ff908220000 - 0x00007ff908238000 	C:\WINDOWS\SYSTEM32\CRYPTSP.dll
0x00007ff9074a0000 - 0x00007ff9074d4000 	C:\WINDOWS\system32\rsaenh.dll
0x00007ff908460000 - 0x00007ff90848e000 	C:\WINDOWS\SYSTEM32\USERENV.dll
0x00007ff907cf0000 - 0x00007ff907cfc000 	C:\WINDOWS\SYSTEM32\CRYPTBASE.dll
0x00007ff907860000 - 0x00007ff90789b000 	C:\WINDOWS\SYSTEM32\IPHLPAPI.DLL
0x00007ff90ac70000 - 0x00007ff90ac78000 	C:\WINDOWS\System32\NSI.dll
0x00007ff8fea10000 - 0x00007ff8fea27000 	C:\WINDOWS\SYSTEM32\dhcpcsvc6.DLL
0x00007ff8fe8b0000 - 0x00007ff8fe8cd000 	C:\WINDOWS\SYSTEM32\dhcpcsvc.DLL
0x00007ff9078a0000 - 0x00007ff90796a000 	C:\WINDOWS\SYSTEM32\DNSAPI.dll

dbghelp: loaded successfully - version: 4.0.5 - missing functions: none
symbol engine: initialized successfully - sym options: 0x614 - pdb path: .;C:\Program Files\Java\jdk-11.0.14\bin;C:\WINDOWS\SYSTEM32;C:\WINDOWS\WinSxS\amd64_microsoft.windows.common-controls_6595b64144ccf1df_6.0.19041.4355_none_60b8b9eb71f62e16;C:\Program Files (x86)\360\Total Security\safemon;C:\Program Files\Java\jdk-11.0.14\bin\server;C:\Program Files\JetBrains\IntelliJ IDEA Community Edition 2023.1.5\bin

VM Arguments:
jvm_args: -ea -Didea.test.cyclic.buffer.size=1048576 -javaagent:C:\Program Files\JetBrains\IntelliJ IDEA Community Edition 2023.1.5\lib\idea_rt.jar=19669:C:\Program Files\JetBrains\IntelliJ IDEA Community Edition 2023.1.5\bin -Dfile.encoding=UTF-8 
java_command: com.intellij.rt.testng.RemoteTestNGStarter -usedefaultlisteners false -socket19668 @w@C:\Users\amit\AppData\Local\Temp\idea_working_dirs_testng.tmp -temp C:\Users\amit\AppData\Local\Temp\idea_testng.tmp
java_class_path (initial): C:\Program Files\JetBrains\IntelliJ IDEA Community Edition 2023.1.5\lib\idea_rt.jar;C:\Program Files\JetBrains\IntelliJ IDEA Community Edition 2023.1.5\plugins\testng\lib\testng-rt.jar;J:\3. automation testing testing acadmey\day41--selenium -UI elements\AssignmentAnswers\Appolo-Tools\target\test-classes;J:\3. automation testing testing acadmey\day41--selenium -UI elements\AssignmentAnswers\Appolo-Tools\target\classes;C:\Users\amit\.m2\repository\org\seleniumhq\selenium\selenium-java\4.9.1\selenium-java-4.9.1.jar;C:\Users\amit\.m2\repository\org\seleniumhq\selenium\selenium-api\4.9.1\selenium-api-4.9.1.jar;C:\Users\amit\.m2\repository\org\seleniumhq\selenium\selenium-devtools-v111\4.9.1\selenium-devtools-v111-4.9.1.jar;C:\Users\amit\.m2\repository\org\seleniumhq\selenium\selenium-devtools-v112\4.9.1\selenium-devtools-v112-4.9.1.jar;C:\Users\amit\.m2\repository\org\seleniumhq\selenium\selenium-devtools-v113\4.9.1\selenium-devtools-v113-4.9.1.jar;C:\Users\amit\.m2\repository\org\seleniumhq\selenium\selenium-devtools-v85\4.9.1\selenium-devtools-v85-4.9.1.jar;C:\Users\amit\.m2\repository\org\seleniumhq\selenium\selenium-edge-driver\4.9.1\selenium-edge-driver-4.9.1.jar;C:\Users\amit\.m2\repository\org\seleniumhq\selenium\selenium-firefox-driver\4.9.1\selenium-firefox-driver-4.9.1.jar;C:\Users\amit\.m2\repository\org\seleniumhq\selenium\selenium-http\4.9.1\selenium-http-4.9.1.jar;C:\Users\amit\.m2\repository\dev\failsafe\failsafe\3.3.1\failsafe-3.3.1.jar;C:\Users\amit\.m2\repository\org\seleniumhq\selenium\selenium-ie-driver\4.9.1\selenium-ie-driver-4.9.1.jar;C:\Users\amit\.m2\repository\org\seleniumhq\selenium\selenium-remote-driver\4.9.1\selenium-remote-driver-4.9.1.jar;C:\Users\amit\.m2\repository\io\netty\netty-buffer\4.1.91.Final\netty-buffer-4.1.91.Final.jar;C:\Users\amit\.m2\repository\io\netty\netty-codec-http\4.1.91.Final\netty-codec-http-4.1.91.Final.jar;C:\Users\amit\.m2\repository\io\netty\netty-codec\4.1.91.Final\netty-codec-4.1.9
Launcher Type: SUN_STANDARD

[Global flags]
     intx CICompilerCount                          = 3                                         {product} {ergonomic}
     uint ConcGCThreads                            = 1                                         {product} {ergonomic}
     uint G1ConcRefinementThreads                  = 4                                         {product} {ergonomic}
   size_t G1HeapRegionSize                         = 1048576                                   {product} {ergonomic}
    uintx GCDrainStackTargetSize                   = 64                                        {product} {ergonomic}
   size_t InitialHeapSize                          = 134217728                                 {product} {ergonomic}
   size_t MarkStackSize                            = 4194304                                   {product} {ergonomic}
   size_t MaxHeapSize                              = 2122317824                                {product} {ergonomic}
   size_t MaxNewSize                               = 1272971264                                {product} {ergonomic}
   size_t MinHeapDeltaBytes                        = 1048576                                   {product} {ergonomic}
    uintx NonNMethodCodeHeapSize                   = 5830732                                {pd product} {ergonomic}
    uintx NonProfiledCodeHeapSize                  = 122913754                              {pd product} {ergonomic}
    uintx ProfiledCodeHeapSize                     = 122913754                              {pd product} {ergonomic}
    uintx ReservedCodeCacheSize                    = 251658240                              {pd product} {ergonomic}
     bool SegmentedCodeCache                       = true                                      {product} {ergonomic}
     bool UseCompressedClassPointers               = true                                 {lp64_product} {ergonomic}
     bool UseCompressedOops                        = true                                 {lp64_product} {ergonomic}
     bool UseG1GC                                  = true                                      {product} {ergonomic}
     bool UseLargePagesIndividualAllocation        = false                                  {pd product} {ergonomic}

Logging:
Log output configuration:
 #0: stdout all=warning uptime,level,tags
 #1: stderr all=off uptime,level,tags

Environment Variables:
JAVA_HOME=C:\Program Files\Java\jdk-11.0.14
CLASSPATH=E:\cdac pune\6.core java\day2\assignment 2\bin;E:\cdac pune\6.core java\day1\day1 (assignment)\q4\bin
PATH=C:\Program Files\Java\jdk-11.0.14\bin;C:\Users\amit\AppData\Local\Android\Sdk\platform-tools;C:\Users\amit\AppData\Local\Android\Sdk\tools;C:\TDM-GCC-64\bin;C:\Program Files\Common Files\Oracle\Java\javapath;C:\Program Files (x86)\Common Files\Oracle\Java\javapath;C:\PROGRAMDATA\ORACLE\JAVA\JAVAPATH;C:\PROGRAM FILES (X86)\INTEL\ICLS CLIENT\;C:\PROGRAM FILES\INTEL\ICLS CLIENT\;C:\WINDOWS\SYSTEM32;C:\WINDOWS;C:\WINDOWS\SYSTEM32\WBEM;C:\WINDOWS\SYSTEM32\WINDOWSPOWERSHELL\V1.0\;C:\PROGRAM FILES\INTEL\INTEL(R) MANAGEMENT ENGINE COMPONENTS\DAL;C:\PROGRAM FILES\INTEL\INTEL(R) MANAGEMENT ENGINE COMPONENTS\IPT;C:\PROGRAM FILES (X86)\INTEL\INTEL(R) MANAGEMENT ENGINE COMPONENTS\DAL;C:\PROGRAM FILES (X86)\INTEL\INTEL(R) MANAGEMENT ENGINE COMPONENTS\IPT;C:\PROGRAM FILES (X86)\COMMON FILES\LENOVO\EASYPLUSSDK\BIN;C:\Program Files\WIDCOMM\Bluetooth Software\;C:\Program Files\WIDCOMM\Bluetooth Software\syswow64;C:\WINDOWS\system32;C:\WINDOWS\System32\Wbem;C:\WINDOWS\System32\WindowsPowerShell\v1.0\;C:\Program Files (x86)\NVIDIA Corporation\PhysX\Common;C:\Users\amit\AppData\Local\Microsoft\WindowsApps;C:\Users\amit\AppData\Roaming\Dashl;C:\WINDOWS\System32\OpenSSH\;C:\Program Files (x86)\Microsoft VS Code\bin;C:\Program Files\MySQL\MySQL Server 8.0\bin;C:\Program Files\Microsoft SQL Server\130\Tools\Binn\;C:\Program Files\nodejs\;C:\Users\amit\Desktop\curl-8.0.1_7-win64-mingw;C:\apache-maven-3.9.3\bin;C:\allure-2.10.0\bin;C:\Windows\System32\wsl.exe;C:\Program Files\Go\bin;C:\sqlite-tools-win32-x86-3430100;C:\Program Files\PuTTY\;C:\Program Files\Amazon\AWSCLIV2\;C:\Program Files\Git\cmd;C:\Program Files\Git LFS;C:\Users\amit\AppData\Local\Android\Sdk\tools\bin;C:\Users\amit\AppData\Local\Android\Sdk\build-tools\35.0.0-rc4;C:\WINDOWS\system32;C:\WINDOWS;C:\WINDOWS\System32\Wbem;C:\WINDOWS\System32\WindowsPowerShell\v1.0\;C:\WINDOWS\System32\OpenSSH\;C:\ngrok;;C:\Program Files\Docker\Docker\resources\bin;C:\Users\amit\AppData\Local\Programs\Python\Python311\Scripts\;C:\Users\amit\A
USERNAME=sumit
OS=Windows_NT
PROCESSOR_IDENTIFIER=Intel64 Family 6 Model 69 Stepping 1, GenuineIntel



---------------  S Y S T E M  ---------------

OS: Windows 10 , 64 bit Build 19041 (10.0.19041.5072)
Hyper-V role detected

CPU:total 4 (initial active 4) (2 cores per cpu, 2 threads per core) family 6 model 69 stepping 1 microcode 0x25, cmov, cx8, fxsr, mmx, sse, sse2, sse3, ssse3, sse4.1, sse4.2, popcnt, avx, avx2, aes, clmul, erms, lzcnt, ht, tsc, tscinvbit, bmi1, bmi2, fma

Memory: 4k page, system-wide physical 8095M (842M free)
TotalPageFile size 11538M (AvailPageFile size 0M)
current process WorkingSet (physical memory assigned to process): 124M, peak: 124M
current process commit charge ("private bytes"): 243M, peak: 243M

vm_info: Java HotSpot(TM) 64-Bit Server VM (11.0.14+8-LTS-263) for windows-amd64 JRE (11.0.14+8-LTS-263), built on Dec  7 2021 21:53:57 by "mach5one" with MS VC++ 15.9 (VS2017)

END.
