#
# There is insufficient memory for the Java Runtime Environment to continue.
# Native memory allocation (malloc) failed to allocate 1048576 bytes for AllocateHeap
# Possible reasons:
#   The system is out of physical RAM or swap space
#   The process is running with CompressedOops enabled, and the Java Heap may be blocking the growth of the native heap
# Possible solutions:
#   Reduce memory load on the system
#   Increase physical memory or swap space
#   Check if swap backing store is full
#   Decrease Java heap size (-Xmx/-Xms)
#   Decrease number of Java threads
#   Decrease Java thread stack sizes (-Xss)
#   Set larger code cache with -XX:ReservedCodeCacheSize=
#   JVM is running with Unscaled Compressed Oops mode in which the Java heap is
#     placed in the first 4GB address space. The Java Heap base address is the
#     maximum limit for the native heap growth. Please use -XX:HeapBaseMinAddress
#     to set the Java Heap base and to place the Java Heap above 4GB virtual address.
# This output file may be truncated or incomplete.
#
#  Out of Memory Error (./open/src/hotspot/share/memory/allocation.cpp:46), pid=17088, tid=13488
#
# JRE version: Java(TM) SE Runtime Environment 18.9 (11.0.14+8) (build 11.0.14+8-LTS-263)
# Java VM: Java HotSpot(TM) 64-Bit Server VM 18.9 (11.0.14+8-LTS-263, mixed mode, tiered, compressed oops, g1 gc, windows-amd64)
# No core dump will be written. Minidumps are not enabled by default on client versions of Windows
#

---------------  S U M M A R Y ------------

Command Line: -ea -javaagent:C:\Users\amit\.m2\repository/org/aspectj/aspectjweaver/1.9.20.1/aspectjweaver-1.9.20.1.jar -Didea.test.cyclic.buffer.size=1048576 -javaagent:C:\Program Files\JetBrains\IntelliJ IDEA Community Edition 2024.3.1.1\lib\idea_rt.jar=10137:C:\Program Files\JetBrains\IntelliJ IDEA Community Edition 2024.3.1.1\bin -javaagent:C:\Users\amit\AppData\Local\JetBrains\IdeaIC2024.3\captureAgent\debugger-agent.jar -Dkotlinx.coroutines.debug.enable.creation.stack.trace=false -Ddebugger.agent.enable.coroutines=true -Dkotlinx.coroutines.debug.enable.flows.stack.trace=true -Dkotlinx.coroutines.debug.enable.mutable.state.flows.stack.trace=true -Dfile.encoding=UTF-8 com.intellij.rt.testng.RemoteTestNGStarter -usedefaultlisteners false -socket10136 @w@C:\Users\amit\AppData\Local\Temp\idea_working_dirs_testng.tmp -temp C:\Users\amit\AppData\Local\Temp\idea_testng.tmp

Host: Intel(R) Core(TM) i3-4005U CPU @ 1.70GHz, 4 cores, 7G,  Windows 10 , 64 bit Build 19041 (10.0.19041.5198)
Time: Sun Jan 12 18:27:19 2025 India Standard Time elapsed time: 1.531948 seconds (0d 0h 0m 1s)

---------------  T H R E A D  ---------------

Current thread (0x0000027726394800):  VMThread "VM Thread" [stack: 0x000000f5a7300000,0x000000f5a7400000] [id=13488]

Stack: [0x000000f5a7300000,0x000000f5a7400000]
[error occurred during error reporting (printing stack bounds), id 0xc0000005, EXCEPTION_ACCESS_VIOLATION (0xc0000005) at pc=0x0000027710350f2d]

Native frames: (J=compiled Java code, j=interpreted, Vv=VM code, C=native code)
V  [jvm.dll+0x6296da]
V  [jvm.dll+0x76323f]
V  [jvm.dll+0x7648e9]
V  [jvm.dll+0x764ed5]
V  [jvm.dll+0x764e8b]
V  [jvm.dll+0x628c23]
V  [jvm.dll+0x6292d8]
C  [ntdll.dll+0xa28bf]
C  [ntdll.dll+0x52554]
C  [ntdll.dll+0xa13ce]
C  0x0000027710350f2d

VM_Operation (0x000000f5a6df84f0): CollectForMetadataAllocation, mode: safepoint, requested by thread 0x0000027708d12000


---------------  P R O C E S S  ---------------

Threads class SMR info:
_java_thread_list=0x0000027726eca280, length=10, elements={
0x0000027708d12000, 0x0000027726bc0800, 0x0000027726bcb000, 0x0000027726c27800,
0x0000027726c2a800, 0x0000027726c2c000, 0x0000027726c2f000, 0x0000027726c34000,
0x0000027726c6f800, 0x0000027726352000
}

Java Threads: ( => current thread )
  0x0000027708d12000 JavaThread "main" [_thread_blocked, id=15108, stack(0x000000f5a6d00000,0x000000f5a6e00000)]
  0x0000027726bc0800 JavaThread "Reference Handler" daemon [_thread_blocked, id=18840, stack(0x000000f5a7400000,0x000000f5a7500000)]
  0x0000027726bcb000 JavaThread "Finalizer" daemon [_thread_blocked, id=3832, stack(0x000000f5a7500000,0x000000f5a7600000)]
  0x0000027726c27800 JavaThread "Signal Dispatcher" daemon [_thread_blocked, id=17976, stack(0x000000f5a7600000,0x000000f5a7700000)]
  0x0000027726c2a800 JavaThread "Attach Listener" daemon [_thread_blocked, id=19444, stack(0x000000f5a7700000,0x000000f5a7800000)]
  0x0000027726c2c000 JavaThread "Service Thread" daemon [_thread_blocked, id=19124, stack(0x000000f5a7800000,0x000000f5a7900000)]
  0x0000027726c2f000 JavaThread "C2 CompilerThread0" daemon [_thread_blocked, id=8152, stack(0x000000f5a7900000,0x000000f5a7a00000)]
  0x0000027726c34000 JavaThread "C1 CompilerThread0" daemon [_thread_blocked, id=17524, stack(0x000000f5a7a00000,0x000000f5a7b00000)]
  0x0000027726c6f800 JavaThread "Sweeper thread" daemon [_thread_blocked, id=4068, stack(0x000000f5a7b00000,0x000000f5a7c00000)]
  0x0000027726352000 JavaThread "Common-Cleaner" daemon [_thread_blocked, id=20332, stack(0x000000f5a7c00000,0x000000f5a7d00000)]

Other Threads:
=>0x0000027726394800 VMThread "VM Thread" [stack: 0x000000f5a7300000,0x000000f5a7400000] [id=13488]
  0x0000027708d29000 GCTaskThread "GC Thread#0" [stack: 0x000000f5a6e00000,0x000000f5a6f00000] [id=9384]
  0x0000027726ee6800 GCTaskThread "GC Thread#1" [stack: 0x000000f5a7d00000,0x000000f5a7e00000] [id=8012]
  0x0000027726fa2000 GCTaskThread "GC Thread#2" [stack: 0x000000f5a7e00000,0x000000f5a7f00000] [id=3264]
  0x0000027708d5a000 ConcurrentGCThread "G1 Main Marker" [stack: 0x000000f5a6f00000,0x000000f5a7000000] [id=2108]
  0x0000027708d5b800 ConcurrentGCThread "G1 Conc#0" [stack: 0x000000f5a7000000,0x000000f5a7100000] [id=15980]
  0x00000277261ff800 ConcurrentGCThread "G1 Refine#0" [stack: 0x000000f5a7100000,0x000000f5a7200000] [id=2188]
  0x0000027726201800 ConcurrentGCThread "G1 Young RemSet Sampling" [stack: 0x000000f5a7200000,0x000000f5a7300000] [id=1236]

Threads with active compile tasks:

VM state:at safepoint (normal execution)

VM Mutex/Monitor currently owned by a thread:  ([mutex/lock_event])
[0x0000027708d0de60] Threads_lock - owner thread: 0x0000027726394800
[0x0000027708d0e1c0] Heap_lock - owner thread: 0x0000027708d12000

Heap address: 0x0000000081800000, size: 2024 MB, Compressed Oops mode: 32-bit
Narrow klass base: 0x0000000000000000, Narrow klass shift: 3
Compressed class space size: 1073741824 Address: 0x0000000100000000

Heap:
 garbage-first heap   total 131072K, used 892K [0x0000000081800000, 0x0000000100000000)
  region size 1024K, 1 young (1024K), 1 survivors (1024K)
 Metaspace       used 5563K, capacity 5595K, committed 5632K, reserved 1064960K
  class space    used 479K, capacity 502K, committed 512K, reserved 1048576K
Heap Regions: E=young(eden), S=young(survivor), O=old, HS=humongous(starts), HC=humongous(continues), CS=collection set, F=free, A=archive, TAMS=top-at-mark-start (previous, next)
|   0|0x0000000081800000, 0x0000000081800000, 0x0000000081900000|  0%| F|  |TAMS 0x0000000081800000, 0x0000000081800000| Untracked 
|   1|0x0000000081900000, 0x0000000081900000, 0x0000000081a00000|  0%| F|  |TAMS 0x0000000081900000, 0x0000000081900000| Untracked 
|   2|0x0000000081a00000, 0x0000000081a00000, 0x0000000081b00000|  0%| F|  |TAMS 0x0000000081a00000, 0x0000000081a00000| Untracked 
|   3|0x0000000081b00000, 0x0000000081b00000, 0x0000000081c00000|  0%| F|  |TAMS 0x0000000081b00000, 0x0000000081b00000| Untracked 
|   4|0x0000000081c00000, 0x0000000081c00000, 0x0000000081d00000|  0%| F|  |TAMS 0x0000000081c00000, 0x0000000081c00000| Untracked 
|   5|0x0000000081d00000, 0x0000000081d00000, 0x0000000081e00000|  0%| F|  |TAMS 0x0000000081d00000, 0x0000000081d00000| Untracked 
|   6|0x0000000081e00000, 0x0000000081e00000, 0x0000000081f00000|  0%| F|  |TAMS 0x0000000081e00000, 0x0000000081e00000| Untracked 
|   7|0x0000000081f00000, 0x0000000081f00000, 0x0000000082000000|  0%| F|  |TAMS 0x0000000081f00000, 0x0000000081f00000| Untracked 
|   8|0x0000000082000000, 0x0000000082000000, 0x0000000082100000|  0%| F|  |TAMS 0x0000000082000000, 0x0000000082000000| Untracked 
|   9|0x0000000082100000, 0x0000000082100000, 0x0000000082200000|  0%| F|  |TAMS 0x0000000082100000, 0x0000000082100000| Untracked 
|  10|0x0000000082200000, 0x0000000082200000, 0x0000000082300000|  0%| F|  |TAMS 0x0000000082200000, 0x0000000082200000| Untracked 
|  11|0x0000000082300000, 0x0000000082300000, 0x0000000082400000|  0%| F|  |TAMS 0x0000000082300000, 0x0000000082300000| Untracked 
|  12|0x0000000082400000, 0x0000000082400000, 0x0000000082500000|  0%| F|  |TAMS 0x0000000082400000, 0x0000000082400000| Untracked 
|  13|0x0000000082500000, 0x0000000082500000, 0x0000000082600000|  0%| F|  |TAMS 0x0000000082500000, 0x0000000082500000| Untracked 
|  14|0x0000000082600000, 0x0000000082600000, 0x0000000082700000|  0%| F|  |TAMS 0x0000000082600000, 0x0000000082600000| Untracked 
|  15|0x0000000082700000, 0x0000000082700000, 0x0000000082800000|  0%| F|  |TAMS 0x0000000082700000, 0x0000000082700000| Untracked 
|  16|0x0000000082800000, 0x0000000082800000, 0x0000000082900000|  0%| F|  |TAMS 0x0000000082800000, 0x0000000082800000| Untracked 
|  17|0x0000000082900000, 0x0000000082900000, 0x0000000082a00000|  0%| F|  |TAMS 0x0000000082900000, 0x0000000082900000| Untracked 
|  18|0x0000000082a00000, 0x0000000082a00000, 0x0000000082b00000|  0%| F|  |TAMS 0x0000000082a00000, 0x0000000082a00000| Untracked 
|  19|0x0000000082b00000, 0x0000000082b00000, 0x0000000082c00000|  0%| F|  |TAMS 0x0000000082b00000, 0x0000000082b00000| Untracked 
|  20|0x0000000082c00000, 0x0000000082c00000, 0x0000000082d00000|  0%| F|  |TAMS 0x0000000082c00000, 0x0000000082c00000| Untracked 
|  21|0x0000000082d00000, 0x0000000082d00000, 0x0000000082e00000|  0%| F|  |TAMS 0x0000000082d00000, 0x0000000082d00000| Untracked 
|  22|0x0000000082e00000, 0x0000000082e00000, 0x0000000082f00000|  0%| F|  |TAMS 0x0000000082e00000, 0x0000000082e00000| Untracked 
|  23|0x0000000082f00000, 0x0000000082f00000, 0x0000000083000000|  0%| F|  |TAMS 0x0000000082f00000, 0x0000000082f00000| Untracked 
|  24|0x0000000083000000, 0x0000000083000000, 0x0000000083100000|  0%| F|  |TAMS 0x0000000083000000, 0x0000000083000000| Untracked 
|  25|0x0000000083100000, 0x0000000083100000, 0x0000000083200000|  0%| F|  |TAMS 0x0000000083100000, 0x0000000083100000| Untracked 
|  26|0x0000000083200000, 0x0000000083200000, 0x0000000083300000|  0%| F|  |TAMS 0x0000000083200000, 0x0000000083200000| Untracked 
|  27|0x0000000083300000, 0x0000000083300000, 0x0000000083400000|  0%| F|  |TAMS 0x0000000083300000, 0x0000000083300000| Untracked 
|  28|0x0000000083400000, 0x0000000083400000, 0x0000000083500000|  0%| F|  |TAMS 0x0000000083400000, 0x0000000083400000| Untracked 
|  29|0x0000000083500000, 0x0000000083500000, 0x0000000083600000|  0%| F|  |TAMS 0x0000000083500000, 0x0000000083500000| Untracked 
|  30|0x0000000083600000, 0x0000000083600000, 0x0000000083700000|  0%| F|  |TAMS 0x0000000083600000, 0x0000000083600000| Untracked 
|  31|0x0000000083700000, 0x0000000083700000, 0x0000000083800000|  0%| F|  |TAMS 0x0000000083700000, 0x0000000083700000| Untracked 
|  32|0x0000000083800000, 0x0000000083800000, 0x0000000083900000|  0%| F|  |TAMS 0x0000000083800000, 0x0000000083800000| Untracked 
|  33|0x0000000083900000, 0x0000000083900000, 0x0000000083a00000|  0%| F|  |TAMS 0x0000000083900000, 0x0000000083900000| Untracked 
|  34|0x0000000083a00000, 0x0000000083a00000, 0x0000000083b00000|  0%| F|  |TAMS 0x0000000083a00000, 0x0000000083a00000| Untracked 
|  35|0x0000000083b00000, 0x0000000083b00000, 0x0000000083c00000|  0%| F|  |TAMS 0x0000000083b00000, 0x0000000083b00000| Untracked 
|  36|0x0000000083c00000, 0x0000000083c00000, 0x0000000083d00000|  0%| F|  |TAMS 0x0000000083c00000, 0x0000000083c00000| Untracked 
|  37|0x0000000083d00000, 0x0000000083d00000, 0x0000000083e00000|  0%| F|  |TAMS 0x0000000083d00000, 0x0000000083d00000| Untracked 
|  38|0x0000000083e00000, 0x0000000083e00000, 0x0000000083f00000|  0%| F|  |TAMS 0x0000000083e00000, 0x0000000083e00000| Untracked 
|  39|0x0000000083f00000, 0x0000000083f00000, 0x0000000084000000|  0%| F|  |TAMS 0x0000000083f00000, 0x0000000083f00000| Untracked 
|  40|0x0000000084000000, 0x0000000084000000, 0x0000000084100000|  0%| F|  |TAMS 0x0000000084000000, 0x0000000084000000| Untracked 
|  41|0x0000000084100000, 0x0000000084100000, 0x0000000084200000|  0%| F|  |TAMS 0x0000000084100000, 0x0000000084100000| Untracked 
|  42|0x0000000084200000, 0x0000000084200000, 0x0000000084300000|  0%| F|  |TAMS 0x0000000084200000, 0x0000000084200000| Untracked 
|  43|0x0000000084300000, 0x0000000084300000, 0x0000000084400000|  0%| F|  |TAMS 0x0000000084300000, 0x0000000084300000| Untracked 
|  44|0x0000000084400000, 0x0000000084400000, 0x0000000084500000|  0%| F|  |TAMS 0x0000000084400000, 0x0000000084400000| Untracked 
|  45|0x0000000084500000, 0x0000000084500000, 0x0000000084600000|  0%| F|  |TAMS 0x0000000084500000, 0x0000000084500000| Untracked 
|  46|0x0000000084600000, 0x0000000084600000, 0x0000000084700000|  0%| F|  |TAMS 0x0000000084600000, 0x0000000084600000| Untracked 
|  47|0x0000000084700000, 0x0000000084700000, 0x0000000084800000|  0%| F|  |TAMS 0x0000000084700000, 0x0000000084700000| Untracked 
|  48|0x0000000084800000, 0x0000000084800000, 0x0000000084900000|  0%| F|  |TAMS 0x0000000084800000, 0x0000000084800000| Untracked 
|  49|0x0000000084900000, 0x0000000084900000, 0x0000000084a00000|  0%| F|  |TAMS 0x0000000084900000, 0x0000000084900000| Untracked 
|  50|0x0000000084a00000, 0x0000000084a00000, 0x0000000084b00000|  0%| F|  |TAMS 0x0000000084a00000, 0x0000000084a00000| Untracked 
|  51|0x0000000084b00000, 0x0000000084b00000, 0x0000000084c00000|  0%| F|  |TAMS 0x0000000084b00000, 0x0000000084b00000| Untracked 
|  52|0x0000000084c00000, 0x0000000084c00000, 0x0000000084d00000|  0%| F|  |TAMS 0x0000000084c00000, 0x0000000084c00000| Untracked 
|  53|0x0000000084d00000, 0x0000000084d00000, 0x0000000084e00000|  0%| F|  |TAMS 0x0000000084d00000, 0x0000000084d00000| Untracked 
|  54|0x0000000084e00000, 0x0000000084e00000, 0x0000000084f00000|  0%| F|  |TAMS 0x0000000084e00000, 0x0000000084e00000| Untracked 
|  55|0x0000000084f00000, 0x0000000084f00000, 0x0000000085000000|  0%| F|  |TAMS 0x0000000084f00000, 0x0000000084f00000| Untracked 
|  56|0x0000000085000000, 0x0000000085000000, 0x0000000085100000|  0%| F|  |TAMS 0x0000000085000000, 0x0000000085000000| Untracked 
|  57|0x0000000085100000, 0x0000000085100000, 0x0000000085200000|  0%| F|  |TAMS 0x0000000085100000, 0x0000000085100000| Untracked 
|  58|0x0000000085200000, 0x0000000085200000, 0x0000000085300000|  0%| F|  |TAMS 0x0000000085200000, 0x0000000085200000| Untracked 
|  59|0x0000000085300000, 0x0000000085300000, 0x0000000085400000|  0%| F|  |TAMS 0x0000000085300000, 0x0000000085300000| Untracked 
|  60|0x0000000085400000, 0x0000000085400000, 0x0000000085500000|  0%| F|  |TAMS 0x0000000085400000, 0x0000000085400000| Untracked 
|  61|0x0000000085500000, 0x0000000085500000, 0x0000000085600000|  0%| F|  |TAMS 0x0000000085500000, 0x0000000085500000| Untracked 
|  62|0x0000000085600000, 0x0000000085600000, 0x0000000085700000|  0%| F|  |TAMS 0x0000000085600000, 0x0000000085600000| Untracked 
|  63|0x0000000085700000, 0x0000000085700000, 0x0000000085800000|  0%| F|  |TAMS 0x0000000085700000, 0x0000000085700000| Untracked 
|  64|0x0000000085800000, 0x0000000085800000, 0x0000000085900000|  0%| F|  |TAMS 0x0000000085800000, 0x0000000085800000| Untracked 
|  65|0x0000000085900000, 0x0000000085900000, 0x0000000085a00000|  0%| F|  |TAMS 0x0000000085900000, 0x0000000085900000| Untracked 
|  66|0x0000000085a00000, 0x0000000085a00000, 0x0000000085b00000|  0%| F|  |TAMS 0x0000000085a00000, 0x0000000085a00000| Untracked 
|  67|0x0000000085b00000, 0x0000000085b00000, 0x0000000085c00000|  0%| F|  |TAMS 0x0000000085b00000, 0x0000000085b00000| Untracked 
|  68|0x0000000085c00000, 0x0000000085c00000, 0x0000000085d00000|  0%| F|  |TAMS 0x0000000085c00000, 0x0000000085c00000| Untracked 
|  69|0x0000000085d00000, 0x0000000085d00000, 0x0000000085e00000|  0%| F|  |TAMS 0x0000000085d00000, 0x0000000085d00000| Untracked 
|  70|0x0000000085e00000, 0x0000000085e00000, 0x0000000085f00000|  0%| F|  |TAMS 0x0000000085e00000, 0x0000000085e00000| Untracked 
|  71|0x0000000085f00000, 0x0000000085f00000, 0x0000000086000000|  0%| F|  |TAMS 0x0000000085f00000, 0x0000000085f00000| Untracked 
|  72|0x0000000086000000, 0x0000000086000000, 0x0000000086100000|  0%| F|  |TAMS 0x0000000086000000, 0x0000000086000000| Untracked 
|  73|0x0000000086100000, 0x0000000086100000, 0x0000000086200000|  0%| F|  |TAMS 0x0000000086100000, 0x0000000086100000| Untracked 
|  74|0x0000000086200000, 0x0000000086200000, 0x0000000086300000|  0%| F|  |TAMS 0x0000000086200000, 0x0000000086200000| Untracked 
|  75|0x0000000086300000, 0x0000000086300000, 0x0000000086400000|  0%| F|  |TAMS 0x0000000086300000, 0x0000000086300000| Untracked 
|  76|0x0000000086400000, 0x0000000086400000, 0x0000000086500000|  0%| F|  |TAMS 0x0000000086400000, 0x0000000086400000| Untracked 
|  77|0x0000000086500000, 0x0000000086500000, 0x0000000086600000|  0%| F|  |TAMS 0x0000000086500000, 0x0000000086500000| Untracked 
|  78|0x0000000086600000, 0x0000000086600000, 0x0000000086700000|  0%| F|  |TAMS 0x0000000086600000, 0x0000000086600000| Untracked 
|  79|0x0000000086700000, 0x0000000086700000, 0x0000000086800000|  0%| F|  |TAMS 0x0000000086700000, 0x0000000086700000| Untracked 
|  80|0x0000000086800000, 0x0000000086800000, 0x0000000086900000|  0%| F|  |TAMS 0x0000000086800000, 0x0000000086800000| Untracked 
|  81|0x0000000086900000, 0x0000000086900000, 0x0000000086a00000|  0%| F|  |TAMS 0x0000000086900000, 0x0000000086900000| Untracked 
|  82|0x0000000086a00000, 0x0000000086a00000, 0x0000000086b00000|  0%| F|  |TAMS 0x0000000086a00000, 0x0000000086a00000| Untracked 
|  83|0x0000000086b00000, 0x0000000086b00000, 0x0000000086c00000|  0%| F|  |TAMS 0x0000000086b00000, 0x0000000086b00000| Untracked 
|  84|0x0000000086c00000, 0x0000000086c00000, 0x0000000086d00000|  0%| F|  |TAMS 0x0000000086c00000, 0x0000000086c00000| Untracked 
|  85|0x0000000086d00000, 0x0000000086d00000, 0x0000000086e00000|  0%| F|  |TAMS 0x0000000086d00000, 0x0000000086d00000| Untracked 
|  86|0x0000000086e00000, 0x0000000086e00000, 0x0000000086f00000|  0%| F|  |TAMS 0x0000000086e00000, 0x0000000086e00000| Untracked 
|  87|0x0000000086f00000, 0x0000000086f00000, 0x0000000087000000|  0%| F|  |TAMS 0x0000000086f00000, 0x0000000086f00000| Untracked 
|  88|0x0000000087000000, 0x0000000087000000, 0x0000000087100000|  0%| F|  |TAMS 0x0000000087000000, 0x0000000087000000| Untracked 
|  89|0x0000000087100000, 0x0000000087100000, 0x0000000087200000|  0%| F|  |TAMS 0x0000000087100000, 0x0000000087100000| Untracked 
|  90|0x0000000087200000, 0x0000000087200000, 0x0000000087300000|  0%| F|  |TAMS 0x0000000087200000, 0x0000000087200000| Untracked 
|  91|0x0000000087300000, 0x0000000087300000, 0x0000000087400000|  0%| F|  |TAMS 0x0000000087300000, 0x0000000087300000| Untracked 
|  92|0x0000000087400000, 0x0000000087400000, 0x0000000087500000|  0%| F|  |TAMS 0x0000000087400000, 0x0000000087400000| Untracked 
|  93|0x0000000087500000, 0x0000000087500000, 0x0000000087600000|  0%| F|  |TAMS 0x0000000087500000, 0x0000000087500000| Untracked 
|  94|0x0000000087600000, 0x0000000087600000, 0x0000000087700000|  0%| F|  |TAMS 0x0000000087600000, 0x0000000087600000| Untracked 
|  95|0x0000000087700000, 0x0000000087700000, 0x0000000087800000|  0%| F|  |TAMS 0x0000000087700000, 0x0000000087700000| Untracked 
|  96|0x0000000087800000, 0x0000000087800000, 0x0000000087900000|  0%| F|  |TAMS 0x0000000087800000, 0x0000000087800000| Untracked 
|  97|0x0000000087900000, 0x0000000087900000, 0x0000000087a00000|  0%| F|  |TAMS 0x0000000087900000, 0x0000000087900000| Untracked 
|  98|0x0000000087a00000, 0x0000000087a00000, 0x0000000087b00000|  0%| F|  |TAMS 0x0000000087a00000, 0x0000000087a00000| Untracked 
|  99|0x0000000087b00000, 0x0000000087b00000, 0x0000000087c00000|  0%| F|  |TAMS 0x0000000087b00000, 0x0000000087b00000| Untracked 
| 100|0x0000000087c00000, 0x0000000087c00000, 0x0000000087d00000|  0%| F|  |TAMS 0x0000000087c00000, 0x0000000087c00000| Untracked 
| 101|0x0000000087d00000, 0x0000000087d00000, 0x0000000087e00000|  0%| F|  |TAMS 0x0000000087d00000, 0x0000000087d00000| Untracked 
| 102|0x0000000087e00000, 0x0000000087e00000, 0x0000000087f00000|  0%| F|  |TAMS 0x0000000087e00000, 0x0000000087e00000| Untracked 
| 103|0x0000000087f00000, 0x0000000087f00000, 0x0000000088000000|  0%| F|  |TAMS 0x0000000087f00000, 0x0000000087f00000| Untracked 
| 104|0x0000000088000000, 0x0000000088000000, 0x0000000088100000|  0%| F|  |TAMS 0x0000000088000000, 0x0000000088000000| Untracked 
| 105|0x0000000088100000, 0x0000000088100000, 0x0000000088200000|  0%| F|  |TAMS 0x0000000088100000, 0x0000000088100000| Untracked 
| 106|0x0000000088200000, 0x0000000088200000, 0x0000000088300000|  0%| F|  |TAMS 0x0000000088200000, 0x0000000088200000| Untracked 
| 107|0x0000000088300000, 0x0000000088300000, 0x0000000088400000|  0%| F|  |TAMS 0x0000000088300000, 0x0000000088300000| Untracked 
| 108|0x0000000088400000, 0x0000000088400000, 0x0000000088500000|  0%| F|  |TAMS 0x0000000088400000, 0x0000000088400000| Untracked 
| 109|0x0000000088500000, 0x0000000088500000, 0x0000000088600000|  0%| F|  |TAMS 0x0000000088500000, 0x0000000088500000| Untracked 
| 110|0x0000000088600000, 0x0000000088600000, 0x0000000088700000|  0%| F|  |TAMS 0x0000000088600000, 0x0000000088600000| Untracked 
| 111|0x0000000088700000, 0x0000000088700000, 0x0000000088800000|  0%| F|  |TAMS 0x0000000088700000, 0x0000000088700000| Untracked 
| 112|0x0000000088800000, 0x0000000088800000, 0x0000000088900000|  0%| F|  |TAMS 0x0000000088800000, 0x0000000088800000| Untracked 
| 113|0x0000000088900000, 0x0000000088900000, 0x0000000088a00000|  0%| F|  |TAMS 0x0000000088900000, 0x0000000088900000| Untracked 
| 114|0x0000000088a00000, 0x0000000088a00000, 0x0000000088b00000|  0%| F|  |TAMS 0x0000000088a00000, 0x0000000088a00000| Untracked 
| 115|0x0000000088b00000, 0x0000000088b00000, 0x0000000088c00000|  0%| F|  |TAMS 0x0000000088b00000, 0x0000000088b00000| Untracked 
| 116|0x0000000088c00000, 0x0000000088c00000, 0x0000000088d00000|  0%| F|  |TAMS 0x0000000088c00000, 0x0000000088c00000| Untracked 
| 117|0x0000000088d00000, 0x0000000088d00000, 0x0000000088e00000|  0%| F|  |TAMS 0x0000000088d00000, 0x0000000088d00000| Untracked 
| 118|0x0000000088e00000, 0x0000000088e00000, 0x0000000088f00000|  0%| F|  |TAMS 0x0000000088e00000, 0x0000000088e00000| Untracked 
| 119|0x0000000088f00000, 0x0000000088f00000, 0x0000000089000000|  0%| F|  |TAMS 0x0000000088f00000, 0x0000000088f00000| Untracked 
| 120|0x0000000089000000, 0x0000000089000000, 0x0000000089100000|  0%| F|  |TAMS 0x0000000089000000, 0x0000000089000000| Untracked 
| 121|0x0000000089100000, 0x0000000089100000, 0x0000000089200000|  0%| F|  |TAMS 0x0000000089100000, 0x0000000089100000| Untracked 
| 122|0x0000000089200000, 0x0000000089200000, 0x0000000089300000|  0%| F|  |TAMS 0x0000000089200000, 0x0000000089200000| Untracked 
| 123|0x0000000089300000, 0x0000000089300000, 0x0000000089400000|  0%| F|  |TAMS 0x0000000089300000, 0x0000000089300000| Untracked 
| 124|0x0000000089400000, 0x00000000894df0c8, 0x0000000089500000| 87%| S|CS|TAMS 0x0000000089400000, 0x0000000089400000| Complete 
| 125|0x0000000089500000, 0x0000000089500000, 0x0000000089600000|  0%| F|  |TAMS 0x0000000089500000, 0x0000000089500000| Untracked 
| 126|0x0000000089600000, 0x0000000089600000, 0x0000000089700000|  0%| F|  |TAMS 0x0000000089600000, 0x0000000089600000| Untracked 
| 127|0x0000000089700000, 0x0000000089700000, 0x0000000089800000|  0%| F|  |TAMS 0x0000000089700000, 0x0000000089700000| Untracked 

Card table byte_map: [0x000002771f750000,0x000002771fb50000] _byte_map_base: 0x000002771f344000

Marking Bits (Prev, Next): (CMBitMap*) 0x0000027708d512d8, (CMBitMap*) 0x0000027708d51310
 Prev Bits: [0x000002771ff50000, 0x0000027721ef0000)
 Next Bits: [0x0000027721ef0000, 0x0000027723e90000)

Polling page: 0x0000027708470000

Metaspace:

Usage:
  Non-class:      4.97 MB capacity,     4.96 MB (>99%) used,     6.30 KB ( <1%) free+waste,     2.56 KB ( <1%) overhead. 
      Class:    502.00 KB capacity,   479.74 KB ( 96%) used,    20.88 KB (  4%) free+waste,     1.38 KB ( <1%) overhead. 
       Both:      5.46 MB capacity,     5.43 MB (>99%) used,    27.19 KB ( <1%) free+waste,     3.94 KB ( <1%) overhead. 

Virtual space:
  Non-class space:       16.00 MB reserved,       5.00 MB ( 31%) committed 
      Class space:        1.00 GB reserved,     512.00 KB ( <1%) committed 
             Both:        1.02 GB reserved,       5.50 MB ( <1%) committed 

Chunk freelists:
   Non-Class:  3.38 KB
       Class:  1.25 KB
        Both:  4.63 KB

CodeHeap 'non-profiled nmethods': size=120064Kb used=68Kb max_used=68Kb free=119995Kb
 bounds [0x0000027717e10000, 0x0000027718080000, 0x000002771f350000]
CodeHeap 'profiled nmethods': size=120000Kb used=318Kb max_used=318Kb free=119681Kb
 bounds [0x00000277108e0000, 0x0000027710b50000, 0x0000027717e10000]
CodeHeap 'non-nmethods': size=5696Kb used=1044Kb max_used=1044Kb free=4651Kb
 bounds [0x0000027710350000, 0x00000277105c0000, 0x00000277108e0000]
 total_blobs=570 nmethods=240 adapters=242
 compilation: enabled
              stopped_count=0, restarted_count=0
 full_count=0

Compilation events (10 events):
Event: 1.404 Thread 0x0000027726c34000  236       3       java.lang.invoke.MethodType::<init> (15 bytes)
Event: 1.404 Thread 0x0000027726c34000 nmethod 236 0x000002771092e990 code [0x000002771092eb40, 0x000002771092ed58]
Event: 1.404 Thread 0x0000027726c34000  237       1       java.lang.invoke.MethodType::form (5 bytes)
Event: 1.404 Thread 0x0000027726c34000 nmethod 237 0x0000027717e20d90 code [0x0000027717e20f20, 0x0000027717e20fd8]
Event: 1.414 Thread 0x0000027726c34000  238       3       java.util.zip.ZipUtils::SH (21 bytes)
Event: 1.414 Thread 0x0000027726c34000 nmethod 238 0x000002771092ee10 code [0x000002771092efa0, 0x000002771092f0d8]
Event: 1.415 Thread 0x0000027726c34000  239       3       java.lang.Character::toLowerCase (9 bytes)
Event: 1.415 Thread 0x0000027726c34000 nmethod 239 0x000002771092f210 code [0x000002771092f3c0, 0x000002771092f598]
Event: 1.415 Thread 0x0000027726c34000  240       3       java.lang.CharacterDataLatin1::toLowerCase (39 bytes)
Event: 1.415 Thread 0x0000027726c34000 nmethod 240 0x000002771092f690 code [0x000002771092f840, 0x000002771092fa78]

GC Heap History (2 events):
Event: 1.429 GC heap before
{Heap before GC invocations=0 (full 0):
 garbage-first heap   total 131072K, used 2048K [0x0000000081800000, 0x0000000100000000)
  region size 1024K, 3 young (3072K), 0 survivors (0K)
 Metaspace       used 5563K, capacity 5595K, committed 5632K, reserved 1062912K
  class space    used 479K, capacity 502K, committed 512K, reserved 1048576K
}
Event: 1.442 GC heap after
{Heap after GC invocations=1 (full 0):
 garbage-first heap   total 131072K, used 892K [0x0000000081800000, 0x0000000100000000)
  region size 1024K, 1 young (1024K), 1 survivors (1024K)
 Metaspace       used 5563K, capacity 5595K, committed 5632K, reserved 1062912K
  class space    used 479K, capacity 502K, committed 512K, reserved 1048576K
}

Deoptimization events (3 events):
Event: 1.289 Thread 0x0000027708d12000 Uncommon trap: reason=unstable_if action=reinterpret pc=0x0000027717e138b0 method=java.lang.StringLatin1.indexOf([BII)I @ 47 c2
Event: 1.290 Thread 0x0000027708d12000 Uncommon trap: reason=unstable_if action=reinterpret pc=0x0000027717e12bf0 method=java.lang.StringLatin1.indexOf([BII)I @ 47 c2
Event: 1.366 Thread 0x0000027708d12000 Uncommon trap: reason=unstable_if action=reinterpret pc=0x0000027717e11ad8 method=java.lang.String.isLatin1()Z @ 10 c2

Classes redefined (0 events):
No events

Internal exceptions (0 events):
No events

Events (10 events):
Event: 1.416 loading class sun/nio/ch/DirectBuffer
Event: 1.416 loading class sun/nio/ch/DirectBuffer done
Event: 1.416 loading class java/nio/DirectByteBuffer
Event: 1.417 loading class java/nio/MappedByteBuffer
Event: 1.417 loading class java/nio/MappedByteBuffer done
Event: 1.417 loading class java/nio/DirectByteBuffer done
Event: 1.417 loading class java/nio/Bits
Event: 1.418 loading class java/nio/Bits done
Event: 1.418 loading class java/util/concurrent/atomic/AtomicLong
Event: 1.418 Executing VM operation: CollectForMetadataAllocation


Dynamic libraries:
0x00007ff735c00000 - 0x00007ff735c0f000 	C:\Program Files\Java\jdk-11.0.14\bin\java.exe
0x00007ffe11190000 - 0x00007ffe11388000 	C:\WINDOWS\SYSTEM32\ntdll.dll
0x00007ffe10d60000 - 0x00007ffe10e22000 	C:\WINDOWS\System32\KERNEL32.DLL
0x00007ffe0e830000 - 0x00007ffe0eb2e000 	C:\WINDOWS\System32\KERNELBASE.dll
0x00007ffe0ef30000 - 0x00007ffe0f030000 	C:\WINDOWS\System32\ucrtbase.dll
0x00007ffe0c5a0000 - 0x00007ffe0c5b8000 	C:\Program Files\Java\jdk-11.0.14\bin\jli.dll
0x00007ffe10ad0000 - 0x00007ffe10b81000 	C:\WINDOWS\System32\ADVAPI32.dll
0x00007ffe094c0000 - 0x00007ffe094d5000 	C:\Program Files\Java\jdk-11.0.14\bin\VCRUNTIME140.dll
0x00007ffe10e30000 - 0x00007ffe10ece000 	C:\WINDOWS\System32\msvcrt.dll
0x00007ffe0f760000 - 0x00007ffe0f7ff000 	C:\WINDOWS\System32\sechost.dll
0x00007ffe10f40000 - 0x00007ffe11063000 	C:\WINDOWS\System32\RPCRT4.dll
0x00007ffe0f180000 - 0x00007ffe0f1a7000 	C:\WINDOWS\System32\bcrypt.dll
0x00007ffe0f890000 - 0x00007ffe0fa2d000 	C:\WINDOWS\System32\USER32.dll
0x00007ffe0ebd0000 - 0x00007ffe0ebf2000 	C:\WINDOWS\System32\win32u.dll
0x00007ffe11080000 - 0x00007ffe110ab000 	C:\WINDOWS\System32\GDI32.dll
0x00007ffe0ecb0000 - 0x00007ffe0edc7000 	C:\WINDOWS\System32\gdi32full.dll
0x00007ffe0eb30000 - 0x00007ffe0ebcd000 	C:\WINDOWS\System32\msvcp_win.dll
0x00007ffe0da30000 - 0x00007ffe0dcca000 	C:\WINDOWS\WinSxS\amd64_microsoft.windows.common-controls_6595b64144ccf1df_6.0.19041.4355_none_60b8b9eb71f62e16\COMCTL32.dll
0x00007ffe0e080000 - 0x00007ffe0e08a000 	C:\WINDOWS\SYSTEM32\VERSION.dll
0x00007ffe110c0000 - 0x00007ffe110ef000 	C:\WINDOWS\System32\IMM32.DLL
0x0000000077d50000 - 0x0000000077d5c000 	C:\Program Files (x86)\360\Total Security\safemon\SafeWrapper.dll
0x00007ffdcc5d0000 - 0x00007ffdcc67c000 	C:\Program Files (x86)\360\Total Security\safemon\libzdtp64.dll
0x00007ffe0fbe0000 - 0x00007ffe1034d000 	C:\WINDOWS\System32\SHELL32.dll
0x00007ffe0f1b0000 - 0x00007ffe0f205000 	C:\WINDOWS\System32\SHLWAPI.dll
0x00007ffdde4e0000 - 0x00007ffdde57b000 	C:\Program Files\Java\jdk-11.0.14\bin\msvcp140.dll
0x00007ffdaebe0000 - 0x00007ffdaf6f6000 	C:\Program Files\Java\jdk-11.0.14\bin\server\jvm.dll
0x00007ffe11070000 - 0x00007ffe11078000 	C:\WINDOWS\System32\PSAPI.DLL
0x00007ffe04390000 - 0x00007ffe043b7000 	C:\WINDOWS\SYSTEM32\WINMM.dll
0x00007ffdff660000 - 0x00007ffdff669000 	C:\WINDOWS\SYSTEM32\WSOCK32.dll
0x00007ffe10ed0000 - 0x00007ffe10f3b000 	C:\WINDOWS\System32\WS2_32.dll
0x00007ffe0b7f0000 - 0x00007ffe0b802000 	C:\WINDOWS\SYSTEM32\kernel.appcore.dll
0x00007ffe0c900000 - 0x00007ffe0c910000 	C:\Program Files\Java\jdk-11.0.14\bin\verify.dll
0x00007ffe0e1b0000 - 0x00007ffe0e394000 	C:\WINDOWS\SYSTEM32\DBGHELP.DLL
0x00007ffe0ddf0000 - 0x00007ffe0de24000 	C:\WINDOWS\SYSTEM32\dbgcore.DLL
0x00007ffe0f0f0000 - 0x00007ffe0f172000 	C:\WINDOWS\System32\bcryptPrimitives.dll
0x00007ffded180000 - 0x00007ffded1a8000 	C:\Program Files\Java\jdk-11.0.14\bin\java.dll
0x00007ffe0c830000 - 0x00007ffe0c83a000 	C:\Program Files\Java\jdk-11.0.14\bin\jimage.dll
0x00007ffe08820000 - 0x00007ffe0882e000 	C:\Program Files\Java\jdk-11.0.14\bin\instrument.dll
0x00007ffdf9ca0000 - 0x00007ffdf9cb6000 	C:\Program Files\Java\jdk-11.0.14\bin\zip.dll
0x00007ffe0b9f0000 - 0x00007ffe0c194000 	C:\WINDOWS\SYSTEM32\windows.storage.dll
0x00007ffe10690000 - 0x00007ffe109e3000 	C:\WINDOWS\System32\combase.dll
0x00007ffe0d9c0000 - 0x00007ffe0d9ee000 	C:\WINDOWS\SYSTEM32\Wldp.dll
0x00007ffe10a00000 - 0x00007ffe10acd000 	C:\WINDOWS\System32\OLEAUT32.dll
0x00007ffe10b90000 - 0x00007ffe10c3d000 	C:\WINDOWS\System32\SHCORE.dll
0x00007ffe0e760000 - 0x00007ffe0e784000 	C:\WINDOWS\SYSTEM32\profapi.dll
0x00007ffdf1270000 - 0x00007ffdf1289000 	C:\Program Files\Java\jdk-11.0.14\bin\net.dll
0x00007ffe06e20000 - 0x00007ffe06f2d000 	C:\WINDOWS\SYSTEM32\WINHTTP.dll
0x00007ffe0d900000 - 0x00007ffe0d96a000 	C:\WINDOWS\system32\mswsock.dll
0x00007ffdf0e70000 - 0x00007ffdf0e82000 	C:\Program Files\Java\jdk-11.0.14\bin\nio.dll

dbghelp: loaded successfully - version: 4.0.5 - missing functions: none
symbol engine: initialized successfully - sym options: 0x614 - pdb path: .;C:\Program Files\Java\jdk-11.0.14\bin;C:\WINDOWS\SYSTEM32;C:\WINDOWS\WinSxS\amd64_microsoft.windows.common-controls_6595b64144ccf1df_6.0.19041.4355_none_60b8b9eb71f62e16;C:\Program Files (x86)\360\Total Security\safemon;C:\Program Files\Java\jdk-11.0.14\bin\server

VM Arguments:
jvm_args: -ea -javaagent:C:\Users\amit\.m2\repository/org/aspectj/aspectjweaver/1.9.20.1/aspectjweaver-1.9.20.1.jar -Didea.test.cyclic.buffer.size=1048576 -javaagent:C:\Program Files\JetBrains\IntelliJ IDEA Community Edition 2024.3.1.1\lib\idea_rt.jar=10137:C:\Program Files\JetBrains\IntelliJ IDEA Community Edition 2024.3.1.1\bin -javaagent:C:\Users\amit\AppData\Local\JetBrains\IdeaIC2024.3\captureAgent\debugger-agent.jar -Dkotlinx.coroutines.debug.enable.creation.stack.trace=false -Ddebugger.agent.enable.coroutines=true -Dkotlinx.coroutines.debug.enable.flows.stack.trace=true -Dkotlinx.coroutines.debug.enable.mutable.state.flows.stack.trace=true -Dfile.encoding=UTF-8 
java_command: com.intellij.rt.testng.RemoteTestNGStarter -usedefaultlisteners false -socket10136 @w@C:\Users\amit\AppData\Local\Temp\idea_working_dirs_testng.tmp -temp C:\Users\amit\AppData\Local\Temp\idea_testng.tmp
java_class_path (initial): C:\Program Files\JetBrains\IntelliJ IDEA Community Edition 2024.3.1.1\lib\idea_rt.jar;C:\Program Files\JetBrains\IntelliJ IDEA Community Edition 2024.3.1.1\plugins\testng\lib\testng-rt.jar;J:\3. automation testing testing acadmey\day41--selenium -UI elements\AssignmentAnswers\Appolo-Tools\target\test-classes;J:\3. automation testing testing acadmey\day41--selenium -UI elements\AssignmentAnswers\Appolo-Tools\target\classes;C:\Users\amit\.m2\repository\org\seleniumhq\selenium\selenium-java\4.9.1\selenium-java-4.9.1.jar;C:\Users\amit\.m2\repository\org\seleniumhq\selenium\selenium-api\4.9.1\selenium-api-4.9.1.jar;C:\Users\amit\.m2\repository\org\seleniumhq\selenium\selenium-devtools-v111\4.9.1\selenium-devtools-v111-4.9.1.jar;C:\Users\amit\.m2\repository\org\seleniumhq\selenium\selenium-devtools-v112\4.9.1\selenium-devtools-v112-4.9.1.jar;C:\Users\amit\.m2\repository\org\seleniumhq\selenium\selenium-devtools-v113\4.9.1\selenium-devtools-v113-4.9.1.jar;C:\Users\amit\.m2\repository\org\seleniumhq\selenium\selenium-devtools-v85\4.9.1\selenium-devtools-v85-4.9.1.jar;C:\Users\amit\.m2\repository\org\seleniumhq\selenium\selenium-edge-driver\4.9.1\selenium-edge-driver-4.9.1.jar;C:\Users\amit\.m2\repository\org\seleniumhq\selenium\selenium-firefox-driver\4.9.1\selenium-firefox-driver-4.9.1.jar;C:\Users\amit\.m2\repository\org\seleniumhq\selenium\selenium-http\4.9.1\selenium-http-4.9.1.jar;C:\Users\amit\.m2\repository\dev\failsafe\failsafe\3.3.1\failsafe-3.3.1.jar;C:\Users\amit\.m2\repository\org\seleniumhq\selenium\selenium-ie-driver\4.9.1\selenium-ie-driver-4.9.1.jar;C:\Users\amit\.m2\repository\org\seleniumhq\selenium\selenium-remote-driver\4.9.1\selenium-remote-driver-4.9.1.jar;C:\Users\amit\.m2\repository\io\netty\netty-buffer\4.1.91.Final\netty-buffer-4.1.91.Final.jar;C:\Users\amit\.m2\repository\io\netty\netty-codec-http\4.1.91.Final\netty-codec-http-4.1.91.Final.jar;C:\Users\amit\.m2\repository\io\netty\netty-codec\4.1.91.Final\netty-codec-4
Launcher Type: SUN_STANDARD

[Global flags]
     intx CICompilerCount                          = 3                                         {product} {ergonomic}
     uint ConcGCThreads                            = 1                                         {product} {ergonomic}
     uint G1ConcRefinementThreads                  = 4                                         {product} {ergonomic}
   size_t G1HeapRegionSize                         = 1048576                                   {product} {ergonomic}
    uintx GCDrainStackTargetSize                   = 64                                        {product} {ergonomic}
   size_t InitialHeapSize                          = 134217728                                 {product} {ergonomic}
   size_t MarkStackSize                            = 4194304                                   {product} {ergonomic}
   size_t MaxHeapSize                              = 2122317824                                {product} {ergonomic}
   size_t MaxNewSize                               = 1272971264                                {product} {ergonomic}
   size_t MinHeapDeltaBytes                        = 1048576                                   {product} {ergonomic}
    uintx NonNMethodCodeHeapSize                   = 5830732                                {pd product} {ergonomic}
    uintx NonProfiledCodeHeapSize                  = 122913754                              {pd product} {ergonomic}
    uintx ProfiledCodeHeapSize                     = 122913754                              {pd product} {ergonomic}
    uintx ReservedCodeCacheSize                    = 251658240                              {pd product} {ergonomic}
     bool SegmentedCodeCache                       = true                                      {product} {ergonomic}
     bool UseCompressedClassPointers               = true                                 {lp64_product} {ergonomic}
     bool UseCompressedOops                        = true                                 {lp64_product} {ergonomic}
     bool UseG1GC                                  = true                                      {product} {ergonomic}
     bool UseLargePagesIndividualAllocation        = false                                  {pd product} {ergonomic}

Logging:
Log output configuration:
 #0: stdout all=warning uptime,level,tags
 #1: stderr all=off uptime,level,tags

Environment Variables:
JAVA_HOME=C:\Program Files\Java\jdk-11.0.14
CLASSPATH=E:\cdac pune\6.core java\day2\assignment 2\bin;E:\cdac pune\6.core java\day1\day1 (assignment)\q4\bin
PATH=C:\Program Files\Java\jdk-11.0.14\bin;C:\Users\amit\AppData\Local\Android\Sdk\platform-tools;C:\Users\amit\AppData\Local\Android\Sdk\tools;C:\TDM-GCC-64\bin;C:\Program Files\Common Files\Oracle\Java\javapath;C:\Program Files (x86)\Common Files\Oracle\Java\javapath;C:\PROGRAMDATA\ORACLE\JAVA\JAVAPATH;C:\PROGRAM FILES (X86)\INTEL\ICLS CLIENT\;C:\PROGRAM FILES\INTEL\ICLS CLIENT\;C:\WINDOWS\SYSTEM32;C:\WINDOWS;C:\WINDOWS\SYSTEM32\WBEM;C:\WINDOWS\SYSTEM32\WINDOWSPOWERSHELL\V1.0\;C:\PROGRAM FILES\INTEL\INTEL(R) MANAGEMENT ENGINE COMPONENTS\DAL;C:\PROGRAM FILES\INTEL\INTEL(R) MANAGEMENT ENGINE COMPONENTS\IPT;C:\PROGRAM FILES (X86)\INTEL\INTEL(R) MANAGEMENT ENGINE COMPONENTS\DAL;C:\PROGRAM FILES (X86)\INTEL\INTEL(R) MANAGEMENT ENGINE COMPONENTS\IPT;C:\PROGRAM FILES (X86)\COMMON FILES\LENOVO\EASYPLUSSDK\BIN;C:\Program Files\WIDCOMM\Bluetooth Software\;C:\Program Files\WIDCOMM\Bluetooth Software\syswow64;C:\WINDOWS\system32;C:\WINDOWS\System32\Wbem;C:\WINDOWS\System32\WindowsPowerShell\v1.0\;C:\Program Files (x86)\NVIDIA Corporation\PhysX\Common;C:\Users\amit\AppData\Local\Microsoft\WindowsApps;C:\Users\amit\AppData\Roaming\Dashl;C:\WINDOWS\System32\OpenSSH\;C:\Program Files (x86)\Microsoft VS Code\bin;C:\Program Files\MySQL\MySQL Server 8.0\bin;C:\Program Files\Microsoft SQL Server\130\Tools\Binn\;C:\Program Files\nodejs\;C:\Users\amit\Desktop\curl-8.0.1_7-win64-mingw;C:\apache-maven-3.9.3\bin;C:\allure-2.10.0\bin;C:\Windows\System32\wsl.exe;C:\Program Files\Go\bin;C:\sqlite-tools-win32-x86-3430100;C:\Program Files\PuTTY\;C:\Program Files\Amazon\AWSCLIV2\;C:\Program Files\Git\cmd;C:\Program Files\Git LFS;C:\Users\amit\AppData\Local\Android\Sdk\tools\bin;C:\Users\amit\AppData\Local\Android\Sdk\build-tools\35.0.0-rc4;C:\WINDOWS\system32;C:\WINDOWS;C:\WINDOWS\System32\Wbem;C:\WINDOWS\System32\WindowsPowerShell\v1.0\;C:\WINDOWS\System32\OpenSSH\;C:\ngrok;;C:\Program Files\Docker\Docker\resources\bin;C:\Users\amit\AppData\Local\Programs\Python\Python311\Scripts\;C:\Users\amit\A
USERNAME=sumit
OS=Windows_NT
PROCESSOR_IDENTIFIER=Intel64 Family 6 Model 69 Stepping 1, GenuineIntel



---------------  S Y S T E M  ---------------

OS: Windows 10 , 64 bit Build 19041 (10.0.19041.5198)
Hyper-V role detected

CPU:total 4 (initial active 4) (2 cores per cpu, 2 threads per core) family 6 model 69 stepping 1 microcode 0x25, cmov, cx8, fxsr, mmx, sse, sse2, sse3, ssse3, sse4.1, sse4.2, popcnt, avx, avx2, aes, clmul, erms, lzcnt, ht, tsc, tscinvbit, bmi1, bmi2, fma

Memory: 4k page, system-wide physical 8095M (1144M free)
TotalPageFile size 11538M (AvailPageFile size 0M)
current process WorkingSet (physical memory assigned to process): 37M, peak: 37M
current process commit charge ("private bytes"): 198M, peak: 199M

vm_info: Java HotSpot(TM) 64-Bit Server VM (11.0.14+8-LTS-263) for windows-amd64 JRE (11.0.14+8-LTS-263), built on Dec  7 2021 21:53:57 by "mach5one" with MS VC++ 15.9 (VS2017)

END.
