#
# There is insufficient memory for the Java Runtime Environment to continue.
# Native memory allocation (malloc) failed to allocate 752816 bytes for Chunk::new
# Possible reasons:
#   The system is out of physical RAM or swap space
#   The process is running with CompressedOops enabled, and the Java Heap may be blocking the growth of the native heap
# Possible solutions:
#   Reduce memory load on the system
#   Increase physical memory or swap space
#   Check if swap backing store is full
#   Decrease Java heap size (-Xmx/-Xms)
#   Decrease number of Java threads
#   Decrease Java thread stack sizes (-Xss)
#   Set larger code cache with -XX:ReservedCodeCacheSize=
#   JVM is running with Unscaled Compressed Oops mode in which the Java heap is
#     placed in the first 4GB address space. The Java Heap base address is the
#     maximum limit for the native heap growth. Please use -XX:HeapBaseMinAddress
#     to set the Java Heap base and to place the Java Heap above 4GB virtual address.
# This output file may be truncated or incomplete.
#
#  Out of Memory Error (./open/src/hotspot/share/memory/arena.cpp:197), pid=14720, tid=15008
#
# JRE version: Java(TM) SE Runtime Environment 18.9 (11.0.14+8) (build 11.0.14+8-LTS-263)
# Java VM: Java HotSpot(TM) 64-Bit Server VM 18.9 (11.0.14+8-LTS-263, mixed mode, tiered, compressed oops, g1 gc, windows-amd64)
# No core dump will be written. Minidumps are not enabled by default on client versions of Windows
#

---------------  S U M M A R Y ------------

Command Line: -ea -javaagent:C:\Users\amit\.m2\repository/org/aspectj/aspectjweaver/1.9.20.1/aspectjweaver-1.9.20.1.jar -Didea.test.cyclic.buffer.size=1048576 -javaagent:C:\Program Files\JetBrains\IntelliJ IDEA Community Edition 2023.1.5\lib\idea_rt.jar=9304:C:\Program Files\JetBrains\IntelliJ IDEA Community Edition 2023.1.5\bin -Dfile.encoding=UTF-8 com.intellij.rt.testng.RemoteTestNGStarter -usedefaultlisteners false -socket9303 @w@C:\Users\amit\AppData\Local\Temp\idea_working_dirs_testng.tmp -temp C:\Users\amit\AppData\Local\Temp\idea_testng.tmp

Host: Intel(R) Core(TM) i3-4005U CPU @ 1.70GHz, 4 cores, 7G,  Windows 10 , 64 bit Build 19041 (10.0.19041.4597)
Time: Wed Aug  7 04:00:21 2024 India Standard Time elapsed time: 90.215464 seconds (0d 0h 1m 30s)

---------------  T H R E A D  ---------------

Current thread (0x0000019532273000):  JavaThread "C2 CompilerThread0" daemon [_thread_in_native, id=15008, stack(0x0000001b3ee00000,0x0000001b3ef00000)]


Current CompileTask:
C2:  90216 4086       4       org.aspectj.weaver.AbstractReferenceTypeDelegate::setSourcefilename (133 bytes)

Stack: [0x0000001b3ee00000,0x0000001b3ef00000]
Native frames: (J=compiled Java code, j=interpreted, Vv=VM code, C=native code)
V  [jvm.dll+0x6296da]
V  [jvm.dll+0x76323f]
V  [jvm.dll+0x7648e9]
V  [jvm.dll+0x764f73]
V  [jvm.dll+0x23d7c8]
V  [jvm.dll+0xb297c]
V  [jvm.dll+0xb2f3c]
V  [jvm.dll+0x340e52]
V  [jvm.dll+0x30e803]
V  [jvm.dll+0x30db4a]
V  [jvm.dll+0x1f8365]
V  [jvm.dll+0x1f754d]
V  [jvm.dll+0x177b21]
V  [jvm.dll+0x206e26]
V  [jvm.dll+0x204fbb]
V  [jvm.dll+0x729170]
V  [jvm.dll+0x721d44]
V  [jvm.dll+0x6285d6]
C  [ucrtbase.dll+0x21bb2]
C  [KERNEL32.DLL+0x17374]
C  [ntdll.dll+0x4cc91]


---------------  P R O C E S S  ---------------

Threads class SMR info:
_java_thread_list=0x0000019534ee0760, length=35, elements={
0x0000019514350000, 0x00000195319fe000, 0x00000195319e5800, 0x0000019532268800,
0x000001953226a000, 0x000001953226b000, 0x0000019532273000, 0x0000019532278800,
0x0000019532281800, 0x0000019531993000, 0x00000195333db000, 0x00000195335fe800,
0x000001953501b000, 0x0000019533971800, 0x0000019535454000, 0x0000019534bf7000,
0x0000019533e38000, 0x00000195366e7000, 0x0000019535e69800, 0x00000195339f9000,
0x00000195339fa000, 0x00000195339ff000, 0x00000195339ff800, 0x00000195339fe000,
0x00000195339fa800, 0x00000195339fb800, 0x00000195339fc800, 0x00000195339fd000,
0x0000019534ff2800, 0x0000019534ff3800, 0x0000019534ff5000, 0x0000019534ff4000,
0x0000019534ffa800, 0x0000019534ff8000, 0x0000019534ff6800
}

Java Threads: ( => current thread )
  0x0000019514350000 JavaThread "main" [_thread_blocked, id=26208, stack(0x0000001b3e200000,0x0000001b3e300000)]
  0x00000195319fe000 JavaThread "Reference Handler" daemon [_thread_blocked, id=29624, stack(0x0000001b3e900000,0x0000001b3ea00000)]
  0x00000195319e5800 JavaThread "Finalizer" daemon [_thread_blocked, id=24196, stack(0x0000001b3ea00000,0x0000001b3eb00000)]
  0x0000019532268800 JavaThread "Signal Dispatcher" daemon [_thread_blocked, id=24452, stack(0x0000001b3eb00000,0x0000001b3ec00000)]
  0x000001953226a000 JavaThread "Attach Listener" daemon [_thread_blocked, id=29124, stack(0x0000001b3ec00000,0x0000001b3ed00000)]
  0x000001953226b000 JavaThread "Service Thread" daemon [_thread_blocked, id=16224, stack(0x0000001b3ed00000,0x0000001b3ee00000)]
=>0x0000019532273000 JavaThread "C2 CompilerThread0" daemon [_thread_in_native, id=15008, stack(0x0000001b3ee00000,0x0000001b3ef00000)]
  0x0000019532278800 JavaThread "C1 CompilerThread0" daemon [_thread_blocked, id=14120, stack(0x0000001b3ef00000,0x0000001b3f000000)]
  0x0000019532281800 JavaThread "Sweeper thread" daemon [_thread_blocked, id=4864, stack(0x0000001b3f000000,0x0000001b3f100000)]
  0x0000019531993000 JavaThread "Common-Cleaner" daemon [_thread_blocked, id=804, stack(0x0000001b3f100000,0x0000001b3f200000)]
  0x00000195333db000 JavaThread "Monitor Ctrl-Break" daemon [_thread_in_native, id=26244, stack(0x0000001b3f400000,0x0000001b3f500000)]
  0x00000195335fe800 JavaThread "ForkJoinPool.commonPool-worker-3" daemon [_thread_blocked, id=23564, stack(0x0000001b3f700000,0x0000001b3f800000)]
  0x000001953501b000 JavaThread "ForkJoinPool.commonPool-worker-5" daemon [_thread_blocked, id=1388, stack(0x0000001b3f800000,0x0000001b3f900000)]
  0x0000019533971800 JavaThread "ForkJoinPool.commonPool-worker-7" daemon [_thread_blocked, id=25212, stack(0x0000001b3f900000,0x0000001b3fa00000)]
  0x0000019535454000 JavaThread "Forwarding maximizeCurrentWindow on session 3210ff6a1de60d40636a149df4794dd2 to remote" [_thread_blocked, id=19236, stack(0x0000001b3fa00000,0x0000001b3fb00000)]
  0x0000019534bf7000 JavaThread "TestNG-test=J:/3. automation testing/day41--selenium -UI elements/AssignmentAnswers/Appolo-Tools/src/test/java/org/example/TestCases/Four/FourOnetestNgclassLevelparallel/AppVWOChallengeFourChromeTest.java-2" [_thread_blocked, id=20528, stack(0x0000001b3fb00000,0x0000001b3fc00000)]
  0x0000019533e38000 JavaThread "AsyncHttpClient-1-1" daemon [_thread_blocked, id=10056, stack(0x0000001b3ff00000,0x0000001b40000000)]
  0x00000195366e7000 JavaThread "Exec Default Executor" daemon [_thread_in_native, id=25088, stack(0x0000001b40000000,0x0000001b40100000)]
  0x0000019535e69800 JavaThread "Exec Default Executor" daemon [_thread_in_native, id=28768, stack(0x0000001b40100000,0x0000001b40200000)]
  0x00000195339f9000 JavaThread "Exec Stream Pumper" daemon [_thread_in_native, id=25656, stack(0x0000001b40300000,0x0000001b40400000)]
  0x00000195339fa000 JavaThread "Exec Stream Pumper" daemon [_thread_in_native, id=19716, stack(0x0000001b40400000,0x0000001b40500000)]
  0x00000195339ff000 JavaThread "Driver Service Executor" daemon [_thread_blocked, id=29620, stack(0x0000001b40500000,0x0000001b40600000)]
  0x00000195339ff800 JavaThread "Driver Service Executor" daemon [_thread_blocked, id=16628, stack(0x0000001b40600000,0x0000001b40700000)]
  0x00000195339fe000 JavaThread "UrlChecker-2" daemon [_thread_blocked, id=25920, stack(0x0000001b40200000,0x0000001b40300000)]
  0x00000195339fa800 JavaThread "Exec Stream Pumper" daemon [_thread_in_native, id=6168, stack(0x0000001b40700000,0x0000001b40800000)]
  0x00000195339fb800 JavaThread "Exec Stream Pumper" daemon [_thread_in_native, id=24656, stack(0x0000001b40800000,0x0000001b40900000)]
  0x00000195339fc800 JavaThread "Driver Service Executor" daemon [_thread_blocked, id=26948, stack(0x0000001b40900000,0x0000001b40a00000)]
  0x00000195339fd000 JavaThread "Driver Service Executor" daemon [_thread_blocked, id=28644, stack(0x0000001b40a00000,0x0000001b40b00000)]
  0x0000019534ff2800 JavaThread "UrlChecker-3" daemon [_thread_blocked, id=24536, stack(0x0000001b40b00000,0x0000001b40c00000)]
  0x0000019534ff3800 JavaThread "AsyncHttpClient-1-2" daemon [_thread_in_native, id=28660, stack(0x0000001b3df00000,0x0000001b3e000000)]
  0x0000019534ff5000 JavaThread "AsyncHttpClient-1-3" daemon [_thread_in_native, id=29992, stack(0x0000001b40c00000,0x0000001b40d00000)]
  0x0000019534ff4000 JavaThread "AsyncHttpClient-1-4" daemon [_thread_in_native, id=22896, stack(0x0000001b40d00000,0x0000001b40e00000)]
  0x0000019534ffa800 JavaThread "AsyncHttpClient-1-5" daemon [_thread_in_native, id=22428, stack(0x0000001b40e00000,0x0000001b40f00000)]
  0x0000019534ff8000 JavaThread "AsyncHttpClient-1-6" daemon [_thread_in_native, id=23196, stack(0x0000001b40f00000,0x0000001b41000000)]
  0x0000019534ff6800 JavaThread "AsyncHttpClient-1-7" daemon [_thread_in_native, id=24780, stack(0x0000001b41000000,0x0000001b41100000)]

Other Threads:
  0x0000019532221800 VMThread "VM Thread" [stack: 0x0000001b3e800000,0x0000001b3e900000] [id=22684]
  0x00000195330b2000 WatcherThread [stack: 0x0000001b3f500000,0x0000001b3f600000] [id=1400]
  0x0000019514367800 GCTaskThread "GC Thread#0" [stack: 0x0000001b3e300000,0x0000001b3e400000] [id=11020]
  0x0000019532d06000 GCTaskThread "GC Thread#1" [stack: 0x0000001b3f200000,0x0000001b3f300000] [id=22312]
  0x0000019532aa2800 GCTaskThread "GC Thread#2" [stack: 0x0000001b3f300000,0x0000001b3f400000] [id=8736]
  0x000001953379e000 GCTaskThread "GC Thread#3" [stack: 0x0000001b3fc00000,0x0000001b3fd00000] [id=21748]
  0x0000019514399000 ConcurrentGCThread "G1 Main Marker" [stack: 0x0000001b3e400000,0x0000001b3e500000] [id=10108]
  0x000001951439a000 ConcurrentGCThread "G1 Conc#0" [stack: 0x0000001b3e500000,0x0000001b3e600000] [id=24944]
  0x00000195143ed800 ConcurrentGCThread "G1 Refine#0" [stack: 0x0000001b3e600000,0x0000001b3e700000] [id=4264]
  0x00000195143ee800 ConcurrentGCThread "G1 Young RemSet Sampling" [stack: 0x0000001b3e700000,0x0000001b3e800000] [id=26992]

Threads with active compile tasks:
C2 CompilerThread0  92083 4086       4       org.aspectj.weaver.AbstractReferenceTypeDelegate::setSourcefilename (133 bytes)

VM state:not at safepoint (normal execution)

VM Mutex/Monitor currently owned by a thread: None

Heap address: 0x0000000081800000, size: 2024 MB, Compressed Oops mode: 32-bit
Narrow klass base: 0x0000000000000000, Narrow klass shift: 3
Compressed class space size: 1073741824 Address: 0x0000000100000000

Heap:
 garbage-first heap   total 131072K, used 95469K [0x0000000081800000, 0x0000000100000000)
  region size 1024K, 40 young (40960K), 8 survivors (8192K)
 Metaspace       used 40411K, capacity 41575K, committed 41592K, reserved 1085440K
  class space    used 4552K, capacity 5059K, committed 5068K, reserved 1048576K
Heap Regions: E=young(eden), S=young(survivor), O=old, HS=humongous(starts), HC=humongous(continues), CS=collection set, F=free, A=archive, TAMS=top-at-mark-start (previous, next)
|   0|0x0000000081800000, 0x0000000081900000, 0x0000000081900000|100%| O|  |TAMS 0x0000000081900000, 0x0000000081800000| Untracked 
|   1|0x0000000081900000, 0x0000000081a00000, 0x0000000081a00000|100%| O|  |TAMS 0x0000000081a00000, 0x0000000081900000| Untracked 
|   2|0x0000000081a00000, 0x0000000081b00000, 0x0000000081b00000|100%| O|  |TAMS 0x0000000081b00000, 0x0000000081a00000| Untracked 
|   3|0x0000000081b00000, 0x0000000081c00000, 0x0000000081c00000|100%| O|  |TAMS 0x0000000081c00000, 0x0000000081b00000| Untracked 
|   4|0x0000000081c00000, 0x0000000081d00000, 0x0000000081d00000|100%| O|  |TAMS 0x0000000081d00000, 0x0000000081c00000| Untracked 
|   5|0x0000000081d00000, 0x0000000081e00000, 0x0000000081e00000|100%| O|  |TAMS 0x0000000081e00000, 0x0000000081d00000| Untracked 
|   6|0x0000000081e00000, 0x0000000081f00000, 0x0000000081f00000|100%| O|  |TAMS 0x0000000081f00000, 0x0000000081e00000| Untracked 
|   7|0x0000000081f00000, 0x0000000082000000, 0x0000000082000000|100%| O|  |TAMS 0x0000000082000000, 0x0000000081f00000| Untracked 
|   8|0x0000000082000000, 0x0000000082100000, 0x0000000082100000|100%| O|  |TAMS 0x0000000082100000, 0x0000000082000000| Untracked 
|   9|0x0000000082100000, 0x0000000082200000, 0x0000000082200000|100%| O|  |TAMS 0x0000000082200000, 0x0000000082100000| Untracked 
|  10|0x0000000082200000, 0x0000000082300000, 0x0000000082300000|100%| O|  |TAMS 0x0000000082300000, 0x0000000082200000| Untracked 
|  11|0x0000000082300000, 0x0000000082400000, 0x0000000082400000|100%| O|  |TAMS 0x0000000082400000, 0x0000000082300000| Untracked 
|  12|0x0000000082400000, 0x0000000082500000, 0x0000000082500000|100%| O|  |TAMS 0x0000000082500000, 0x0000000082400000| Untracked 
|  13|0x0000000082500000, 0x0000000082600000, 0x0000000082600000|100%| O|  |TAMS 0x0000000082600000, 0x0000000082500000| Untracked 
|  14|0x0000000082600000, 0x0000000082700000, 0x0000000082700000|100%| O|  |TAMS 0x0000000082700000, 0x0000000082600000| Untracked 
|  15|0x0000000082700000, 0x0000000082800000, 0x0000000082800000|100%| O|  |TAMS 0x0000000082800000, 0x0000000082700000| Untracked 
|  16|0x0000000082800000, 0x0000000082900000, 0x0000000082900000|100%| O|  |TAMS 0x0000000082900000, 0x0000000082800000| Untracked 
|  17|0x0000000082900000, 0x0000000082a00000, 0x0000000082a00000|100%| O|  |TAMS 0x0000000082a00000, 0x0000000082900000| Untracked 
|  18|0x0000000082a00000, 0x0000000082b00000, 0x0000000082b00000|100%| O|  |TAMS 0x0000000082b00000, 0x0000000082a00000| Untracked 
|  19|0x0000000082b00000, 0x0000000082c00000, 0x0000000082c00000|100%| O|  |TAMS 0x0000000082c00000, 0x0000000082b00000| Untracked 
|  20|0x0000000082c00000, 0x0000000082d00000, 0x0000000082d00000|100%| O|  |TAMS 0x0000000082d00000, 0x0000000082c00000| Untracked 
|  21|0x0000000082d00000, 0x0000000082e00000, 0x0000000082e00000|100%| O|  |TAMS 0x0000000082e00000, 0x0000000082d00000| Untracked 
|  22|0x0000000082e00000, 0x0000000082f00000, 0x0000000082f00000|100%| O|  |TAMS 0x0000000082f00000, 0x0000000082e00000| Untracked 
|  23|0x0000000082f00000, 0x0000000083000000, 0x0000000083000000|100%| O|  |TAMS 0x0000000083000000, 0x0000000082f00000| Untracked 
|  24|0x0000000083000000, 0x0000000083100000, 0x0000000083100000|100%| O|  |TAMS 0x0000000083100000, 0x0000000083000000| Untracked 
|  25|0x0000000083100000, 0x0000000083200000, 0x0000000083200000|100%| O|  |TAMS 0x0000000083200000, 0x0000000083100000| Untracked 
|  26|0x0000000083200000, 0x0000000083300000, 0x0000000083300000|100%| O|  |TAMS 0x0000000083300000, 0x0000000083200000| Untracked 
|  27|0x0000000083300000, 0x0000000083400000, 0x0000000083400000|100%| O|  |TAMS 0x0000000083400000, 0x0000000083300000| Untracked 
|  28|0x0000000083400000, 0x0000000083500000, 0x0000000083500000|100%| O|  |TAMS 0x0000000083500000, 0x0000000083400000| Untracked 
|  29|0x0000000083500000, 0x0000000083600000, 0x0000000083600000|100%| O|  |TAMS 0x0000000083600000, 0x0000000083500000| Untracked 
|  30|0x0000000083600000, 0x0000000083700000, 0x0000000083700000|100%| O|  |TAMS 0x0000000083700000, 0x0000000083600000| Untracked 
|  31|0x0000000083700000, 0x0000000083800000, 0x0000000083800000|100%| O|  |TAMS 0x0000000083800000, 0x0000000083700000| Untracked 
|  32|0x0000000083800000, 0x0000000083900000, 0x0000000083900000|100%| O|  |TAMS 0x0000000083900000, 0x0000000083800000| Untracked 
|  33|0x0000000083900000, 0x0000000083a00000, 0x0000000083a00000|100%| O|  |TAMS 0x0000000083a00000, 0x0000000083900000| Untracked 
|  34|0x0000000083a00000, 0x0000000083b00000, 0x0000000083b00000|100%| O|  |TAMS 0x0000000083b00000, 0x0000000083a00000| Untracked 
|  35|0x0000000083b00000, 0x0000000083c00000, 0x0000000083c00000|100%| O|  |TAMS 0x0000000083c00000, 0x0000000083b00000| Untracked 
|  36|0x0000000083c00000, 0x0000000083d00000, 0x0000000083d00000|100%| O|  |TAMS 0x0000000083d00000, 0x0000000083c00000| Untracked 
|  37|0x0000000083d00000, 0x0000000083e00000, 0x0000000083e00000|100%| O|  |TAMS 0x0000000083e00000, 0x0000000083d00000| Untracked 
|  38|0x0000000083e00000, 0x0000000083f00000, 0x0000000083f00000|100%| O|  |TAMS 0x0000000083f00000, 0x0000000083e00000| Untracked 
|  39|0x0000000083f00000, 0x0000000084000000, 0x0000000084000000|100%| O|  |TAMS 0x0000000084000000, 0x0000000083f00000| Untracked 
|  40|0x0000000084000000, 0x0000000084100000, 0x0000000084100000|100%| O|  |TAMS 0x0000000084100000, 0x0000000084000000| Untracked 
|  41|0x0000000084100000, 0x0000000084200000, 0x0000000084200000|100%| O|  |TAMS 0x0000000084180000, 0x0000000084100000| Untracked 
|  42|0x0000000084200000, 0x0000000084300000, 0x0000000084300000|100%|HS|  |TAMS 0x0000000084200000, 0x0000000084200000| Complete 
|  43|0x0000000084300000, 0x0000000084400000, 0x0000000084400000|100%|HC|  |TAMS 0x0000000084300000, 0x0000000084300000| Complete 
|  44|0x0000000084400000, 0x0000000084500000, 0x0000000084500000|100%|HC|  |TAMS 0x0000000084400000, 0x0000000084400000| Complete 
|  45|0x0000000084500000, 0x0000000084600000, 0x0000000084600000|100%|HC|  |TAMS 0x0000000084500000, 0x0000000084500000| Complete 
|  46|0x0000000084600000, 0x0000000084700000, 0x0000000084700000|100%|HC|  |TAMS 0x0000000084600000, 0x0000000084600000| Complete 
|  47|0x0000000084700000, 0x0000000084800000, 0x0000000084800000|100%|HS|  |TAMS 0x0000000084700000, 0x0000000084700000| Complete 
|  48|0x0000000084800000, 0x0000000084900000, 0x0000000084900000|100%|HC|  |TAMS 0x0000000084800000, 0x0000000084800000| Complete 
|  49|0x0000000084900000, 0x0000000084a00000, 0x0000000084a00000|100%|HC|  |TAMS 0x0000000084900000, 0x0000000084900000| Complete 
|  50|0x0000000084a00000, 0x0000000084b00000, 0x0000000084b00000|100%|HC|  |TAMS 0x0000000084a00000, 0x0000000084a00000| Complete 
|  51|0x0000000084b00000, 0x0000000084c00000, 0x0000000084c00000|100%|HC|  |TAMS 0x0000000084b00000, 0x0000000084b00000| Complete 
|  52|0x0000000084c00000, 0x0000000084d00000, 0x0000000084d00000|100%| O|  |TAMS 0x0000000084c00000, 0x0000000084c00000| Untracked 
|  53|0x0000000084d00000, 0x0000000084e00000, 0x0000000084e00000|100%| O|  |TAMS 0x0000000084d00000, 0x0000000084d00000| Untracked 
|  54|0x0000000084e00000, 0x0000000084e3b400, 0x0000000084f00000| 23%| O|  |TAMS 0x0000000084e00000, 0x0000000084e00000| Untracked 
|  55|0x0000000084f00000, 0x0000000084f00000, 0x0000000085000000|  0%| F|  |TAMS 0x0000000084f00000, 0x0000000084f00000| Untracked 
|  56|0x0000000085000000, 0x0000000085000000, 0x0000000085100000|  0%| F|  |TAMS 0x0000000085000000, 0x0000000085000000| Untracked 
|  57|0x0000000085100000, 0x0000000085100000, 0x0000000085200000|  0%| F|  |TAMS 0x0000000085100000, 0x0000000085100000| Untracked 
|  58|0x0000000085200000, 0x0000000085200000, 0x0000000085300000|  0%| F|  |TAMS 0x0000000085200000, 0x0000000085200000| Untracked 
|  59|0x0000000085300000, 0x0000000085300000, 0x0000000085400000|  0%| F|  |TAMS 0x0000000085300000, 0x0000000085300000| Untracked 
|  60|0x0000000085400000, 0x0000000085400000, 0x0000000085500000|  0%| F|  |TAMS 0x0000000085400000, 0x0000000085400000| Untracked 
|  61|0x0000000085500000, 0x0000000085600000, 0x0000000085600000|100%| S|CS|TAMS 0x0000000085500000, 0x0000000085500000| Complete 
|  62|0x0000000085600000, 0x0000000085700000, 0x0000000085700000|100%| S|CS|TAMS 0x0000000085600000, 0x0000000085600000| Complete 
|  63|0x0000000085700000, 0x0000000085800000, 0x0000000085800000|100%| S|CS|TAMS 0x0000000085700000, 0x0000000085700000| Complete 
|  64|0x0000000085800000, 0x0000000085800000, 0x0000000085900000|  0%| F|  |TAMS 0x0000000085800000, 0x0000000085800000| Untracked 
|  65|0x0000000085900000, 0x0000000085900000, 0x0000000085a00000|  0%| F|  |TAMS 0x0000000085900000, 0x0000000085900000| Untracked 
|  66|0x0000000085a00000, 0x0000000085a00000, 0x0000000085b00000|  0%| F|  |TAMS 0x0000000085a00000, 0x0000000085a00000| Untracked 
|  67|0x0000000085b00000, 0x0000000085b00000, 0x0000000085c00000|  0%| F|  |TAMS 0x0000000085b00000, 0x0000000085b00000| Untracked 
|  68|0x0000000085c00000, 0x0000000085c00000, 0x0000000085d00000|  0%| F|  |TAMS 0x0000000085c00000, 0x0000000085c00000| Untracked 
|  69|0x0000000085d00000, 0x0000000085d00000, 0x0000000085e00000|  0%| F|  |TAMS 0x0000000085d00000, 0x0000000085d00000| Untracked 
|  70|0x0000000085e00000, 0x0000000085e00000, 0x0000000085f00000|  0%| F|  |TAMS 0x0000000085e00000, 0x0000000085e00000| Untracked 
|  71|0x0000000085f00000, 0x0000000086000000, 0x0000000086000000|100%| S|CS|TAMS 0x0000000085f00000, 0x0000000085f00000| Complete 
|  72|0x0000000086000000, 0x0000000086100000, 0x0000000086100000|100%| S|CS|TAMS 0x0000000086000000, 0x0000000086000000| Complete 
|  73|0x0000000086100000, 0x0000000086200000, 0x0000000086200000|100%| S|CS|TAMS 0x0000000086100000, 0x0000000086100000| Complete 
|  74|0x0000000086200000, 0x0000000086300000, 0x0000000086300000|100%| S|CS|TAMS 0x0000000086200000, 0x0000000086200000| Complete 
|  75|0x0000000086300000, 0x0000000086400000, 0x0000000086400000|100%| S|CS|TAMS 0x0000000086300000, 0x0000000086300000| Complete 
|  76|0x0000000086400000, 0x0000000086400000, 0x0000000086500000|  0%| F|  |TAMS 0x0000000086400000, 0x0000000086400000| Untracked 
|  77|0x0000000086500000, 0x0000000086500000, 0x0000000086600000|  0%| F|  |TAMS 0x0000000086500000, 0x0000000086500000| Untracked 
|  78|0x0000000086600000, 0x0000000086600000, 0x0000000086700000|  0%| F|  |TAMS 0x0000000086600000, 0x0000000086600000| Untracked 
|  79|0x0000000086700000, 0x0000000086700000, 0x0000000086800000|  0%| F|  |TAMS 0x0000000086700000, 0x0000000086700000| Untracked 
|  80|0x0000000086800000, 0x0000000086800000, 0x0000000086900000|  0%| F|  |TAMS 0x0000000086800000, 0x0000000086800000| Untracked 
|  81|0x0000000086900000, 0x0000000086900000, 0x0000000086a00000|  0%| F|  |TAMS 0x0000000086900000, 0x0000000086900000| Untracked 
|  82|0x0000000086a00000, 0x0000000086a00000, 0x0000000086b00000|  0%| F|  |TAMS 0x0000000086a00000, 0x0000000086a00000| Untracked 
|  83|0x0000000086b00000, 0x0000000086b00000, 0x0000000086c00000|  0%| F|  |TAMS 0x0000000086b00000, 0x0000000086b00000| Untracked 
|  84|0x0000000086c00000, 0x0000000086c00000, 0x0000000086d00000|  0%| F|  |TAMS 0x0000000086c00000, 0x0000000086c00000| Untracked 
|  85|0x0000000086d00000, 0x0000000086d00000, 0x0000000086e00000|  0%| F|  |TAMS 0x0000000086d00000, 0x0000000086d00000| Untracked 
|  86|0x0000000086e00000, 0x0000000086e00000, 0x0000000086f00000|  0%| F|  |TAMS 0x0000000086e00000, 0x0000000086e00000| Untracked 
|  87|0x0000000086f00000, 0x0000000086f00000, 0x0000000087000000|  0%| F|  |TAMS 0x0000000086f00000, 0x0000000086f00000| Untracked 
|  88|0x0000000087000000, 0x0000000087000000, 0x0000000087100000|  0%| F|  |TAMS 0x0000000087000000, 0x0000000087000000| Untracked 
|  89|0x0000000087100000, 0x0000000087100000, 0x0000000087200000|  0%| F|  |TAMS 0x0000000087100000, 0x0000000087100000| Untracked 
|  90|0x0000000087200000, 0x0000000087200000, 0x0000000087300000|  0%| F|  |TAMS 0x0000000087200000, 0x0000000087200000| Untracked 
|  91|0x0000000087300000, 0x0000000087300000, 0x0000000087400000|  0%| F|  |TAMS 0x0000000087300000, 0x0000000087300000| Untracked 
|  92|0x0000000087400000, 0x0000000087400000, 0x0000000087500000|  0%| F|  |TAMS 0x0000000087400000, 0x0000000087400000| Untracked 
|  93|0x0000000087500000, 0x0000000087500000, 0x0000000087600000|  0%| F|  |TAMS 0x0000000087500000, 0x0000000087500000| Untracked 
|  94|0x0000000087600000, 0x0000000087600000, 0x0000000087700000|  0%| F|  |TAMS 0x0000000087600000, 0x0000000087600000| Untracked 
|  95|0x0000000087700000, 0x0000000087700000, 0x0000000087800000|  0%| F|  |TAMS 0x0000000087700000, 0x0000000087700000| Untracked 
|  96|0x0000000087800000, 0x00000000878f4388, 0x0000000087900000| 95%| E|  |TAMS 0x0000000087800000, 0x0000000087800000| Complete 
|  97|0x0000000087900000, 0x0000000087a00000, 0x0000000087a00000|100%| E|CS|TAMS 0x0000000087900000, 0x0000000087900000| Complete 
|  98|0x0000000087a00000, 0x0000000087b00000, 0x0000000087b00000|100%| E|CS|TAMS 0x0000000087a00000, 0x0000000087a00000| Complete 
|  99|0x0000000087b00000, 0x0000000087c00000, 0x0000000087c00000|100%| E|CS|TAMS 0x0000000087b00000, 0x0000000087b00000| Complete 
| 100|0x0000000087c00000, 0x0000000087d00000, 0x0000000087d00000|100%| E|CS|TAMS 0x0000000087c00000, 0x0000000087c00000| Complete 
| 101|0x0000000087d00000, 0x0000000087e00000, 0x0000000087e00000|100%| E|CS|TAMS 0x0000000087d00000, 0x0000000087d00000| Complete 
| 102|0x0000000087e00000, 0x0000000087f00000, 0x0000000087f00000|100%| E|CS|TAMS 0x0000000087e00000, 0x0000000087e00000| Complete 
| 103|0x0000000087f00000, 0x0000000088000000, 0x0000000088000000|100%| E|CS|TAMS 0x0000000087f00000, 0x0000000087f00000| Complete 
| 104|0x0000000088000000, 0x0000000088100000, 0x0000000088100000|100%| E|CS|TAMS 0x0000000088000000, 0x0000000088000000| Complete 
| 105|0x0000000088100000, 0x0000000088200000, 0x0000000088200000|100%| E|CS|TAMS 0x0000000088100000, 0x0000000088100000| Complete 
| 106|0x0000000088200000, 0x0000000088300000, 0x0000000088300000|100%| E|CS|TAMS 0x0000000088200000, 0x0000000088200000| Complete 
| 107|0x0000000088300000, 0x0000000088400000, 0x0000000088400000|100%| E|CS|TAMS 0x0000000088300000, 0x0000000088300000| Complete 
| 108|0x0000000088400000, 0x0000000088500000, 0x0000000088500000|100%| E|CS|TAMS 0x0000000088400000, 0x0000000088400000| Complete 
| 109|0x0000000088500000, 0x0000000088600000, 0x0000000088600000|100%| E|CS|TAMS 0x0000000088500000, 0x0000000088500000| Complete 
| 110|0x0000000088600000, 0x0000000088700000, 0x0000000088700000|100%| E|CS|TAMS 0x0000000088600000, 0x0000000088600000| Complete 
| 111|0x0000000088700000, 0x0000000088800000, 0x0000000088800000|100%| E|CS|TAMS 0x0000000088700000, 0x0000000088700000| Complete 
| 112|0x0000000088800000, 0x0000000088900000, 0x0000000088900000|100%| E|CS|TAMS 0x0000000088800000, 0x0000000088800000| Complete 
| 113|0x0000000088900000, 0x0000000088a00000, 0x0000000088a00000|100%| E|CS|TAMS 0x0000000088900000, 0x0000000088900000| Complete 
| 114|0x0000000088a00000, 0x0000000088b00000, 0x0000000088b00000|100%| E|CS|TAMS 0x0000000088a00000, 0x0000000088a00000| Complete 
| 115|0x0000000088b00000, 0x0000000088c00000, 0x0000000088c00000|100%| E|CS|TAMS 0x0000000088b00000, 0x0000000088b00000| Complete 
| 116|0x0000000088c00000, 0x0000000088d00000, 0x0000000088d00000|100%| E|CS|TAMS 0x0000000088c00000, 0x0000000088c00000| Complete 
| 117|0x0000000088d00000, 0x0000000088e00000, 0x0000000088e00000|100%| E|CS|TAMS 0x0000000088d00000, 0x0000000088d00000| Complete 
| 118|0x0000000088e00000, 0x0000000088f00000, 0x0000000088f00000|100%| E|CS|TAMS 0x0000000088e00000, 0x0000000088e00000| Complete 
| 119|0x0000000088f00000, 0x0000000089000000, 0x0000000089000000|100%| E|CS|TAMS 0x0000000088f00000, 0x0000000088f00000| Complete 
| 120|0x0000000089000000, 0x0000000089100000, 0x0000000089100000|100%| E|CS|TAMS 0x0000000089000000, 0x0000000089000000| Complete 
| 121|0x0000000089100000, 0x0000000089200000, 0x0000000089200000|100%| E|CS|TAMS 0x0000000089100000, 0x0000000089100000| Complete 
| 122|0x0000000089200000, 0x0000000089300000, 0x0000000089300000|100%| E|CS|TAMS 0x0000000089200000, 0x0000000089200000| Complete 
| 123|0x0000000089300000, 0x0000000089400000, 0x0000000089400000|100%| E|CS|TAMS 0x0000000089300000, 0x0000000089300000| Complete 
| 124|0x0000000089400000, 0x0000000089500000, 0x0000000089500000|100%| E|CS|TAMS 0x0000000089400000, 0x0000000089400000| Complete 
| 125|0x0000000089500000, 0x0000000089600000, 0x0000000089600000|100%| E|CS|TAMS 0x0000000089500000, 0x0000000089500000| Complete 
| 126|0x0000000089600000, 0x0000000089700000, 0x0000000089700000|100%| E|CS|TAMS 0x0000000089600000, 0x0000000089600000| Complete 
| 127|0x0000000089700000, 0x0000000089800000, 0x0000000089800000|100%| E|CS|TAMS 0x0000000089700000, 0x0000000089700000| Complete 

Card table byte_map: [0x000001952ad90000,0x000001952b190000] _byte_map_base: 0x000001952a984000

Marking Bits (Prev, Next): (CMBitMap*) 0x00000195143901b0, (CMBitMap*) 0x0000019514390178
 Prev Bits: [0x000001952d530000, 0x000001952f4d0000)
 Next Bits: [0x000001952b590000, 0x000001952d530000)

Polling page: 0x00000195121d0000

Metaspace:

Usage:
  Non-class:     35.66 MB capacity,    35.02 MB ( 98%) used,   517.96 KB (  1%) free+waste,   139.88 KB ( <1%) overhead. 
      Class:      4.94 MB capacity,     4.45 MB ( 90%) used,   435.54 KB (  9%) free+waste,    70.63 KB (  1%) overhead. 
       Both:     40.60 MB capacity,    39.46 MB ( 97%) used,   953.50 KB (  2%) free+waste,   210.50 KB ( <1%) overhead. 

Virtual space:
  Non-class space:       36.00 MB reserved,      35.67 MB (>99%) committed 
      Class space:        1.00 GB reserved,       4.95 MB ( <1%) committed 
             Both:        1.04 GB reserved,      40.62 MB (  4%) committed 

Chunk freelists:
   Non-Class:  1.00 KB
       Class:  0 bytes
        Both:  1.00 KB

CodeHeap 'non-profiled nmethods': size=120064Kb used=4013Kb max_used=4013Kb free=116051Kb
 bounds [0x0000019523450000, 0x0000019523840000, 0x000001952a990000]
CodeHeap 'profiled nmethods': size=120000Kb used=10558Kb max_used=10558Kb free=109441Kb
 bounds [0x000001951bf20000, 0x000001951c970000, 0x0000019523450000]
CodeHeap 'non-nmethods': size=5696Kb used=1226Kb max_used=1255Kb free=4469Kb
 bounds [0x000001951b990000, 0x000001951bc00000, 0x000001951bf20000]
 total_blobs=4705 nmethods=4107 adapters=509
 compilation: enabled
              stopped_count=0, restarted_count=0
 full_count=0

Compilation events (10 events):
Event: 89.979 Thread 0x0000019532278800 nmethod 4084 0x0000019523837e10 code [0x0000019523837fa0, 0x0000019523838058]
Event: 89.980 Thread 0x0000019532278800 4085       1       org.aspectj.apache.bcel.classfile.CodeException::getHandlerPC (5 bytes)
Event: 89.980 Thread 0x0000019532278800 nmethod 4085 0x0000019523838110 code [0x00000195238382a0, 0x0000019523838358]
Event: 89.987 Thread 0x0000019532273000 4086       4       org.aspectj.weaver.AbstractReferenceTypeDelegate::setSourcefilename (133 bytes)
Event: 90.071 Thread 0x0000019532278800 4088       1       java.lang.reflect.Method::getAnnotationBytes (5 bytes)
Event: 90.071 Thread 0x0000019532278800 nmethod 4088 0x0000019523838410 code [0x00000195238385a0, 0x0000019523838658]
Event: 90.083 Thread 0x0000019532278800 4089       3       io.qameta.allure.internal.shadowed.jackson.databind.introspect.AnnotatedMember::getAnnotation (18 bytes)
Event: 90.084 Thread 0x0000019532278800 nmethod 4089 0x000001951c94d610 code [0x000001951c94d7e0, 0x000001951c94dba8]
Event: 90.084 Thread 0x0000019532278800 4090       3       io.qameta.allure.internal.shadowed.jackson.databind.AnnotationIntrospector::_findAnnotation (6 bytes)
Event: 90.084 Thread 0x0000019532278800 nmethod 4090 0x000001951c94dd10 code [0x000001951c94dec0, 0x000001951c94e088]

GC Heap History (10 events):
Event: 41.402 GC heap before
{Heap before GC invocations=9 (full 0):
 garbage-first heap   total 131072K, used 94535K [0x0000000081800000, 0x0000000100000000)
  region size 1024K, 72 young (73728K), 8 survivors (8192K)
 Metaspace       used 27541K, capacity 28391K, committed 28672K, reserved 1075200K
  class space    used 2914K, capacity 3295K, committed 3328K, reserved 1048576K
}
Event: 41.431 GC heap after
{Heap after GC invocations=10 (full 0):
 garbage-first heap   total 131072K, used 35481K [0x0000000081800000, 0x0000000100000000)
  region size 1024K, 6 young (6144K), 6 survivors (6144K)
 Metaspace       used 27541K, capacity 28391K, committed 28672K, reserved 1075200K
  class space    used 2914K, capacity 3295K, committed 3328K, reserved 1048576K
}
Event: 47.458 GC heap before
{Heap before GC invocations=10 (full 0):
 garbage-first heap   total 131072K, used 96921K [0x0000000081800000, 0x0000000100000000)
  region size 1024K, 66 young (67584K), 6 survivors (6144K)
 Metaspace       used 32615K, capacity 33588K, committed 33664K, reserved 1079296K
  class space    used 3517K, capacity 3938K, committed 3968K, reserved 1048576K
}
Event: 47.481 GC heap after
{Heap after GC invocations=11 (full 0):
 garbage-first heap   total 131072K, used 43073K [0x0000000081800000, 0x0000000100000000)
  region size 1024K, 8 young (8192K), 8 survivors (8192K)
 Metaspace       used 32615K, capacity 33588K, committed 33664K, reserved 1079296K
  class space    used 3517K, capacity 3938K, committed 3968K, reserved 1048576K
}
Event: 50.918 GC heap before
{Heap before GC invocations=11 (full 0):
 garbage-first heap   total 131072K, used 76865K [0x0000000081800000, 0x0000000100000000)
  region size 1024K, 42 young (43008K), 8 survivors (8192K)
 Metaspace       used 34610K, capacity 35554K, committed 35628K, reserved 1081344K
  class space    used 3769K, capacity 4195K, committed 4224K, reserved 1048576K
}
Event: 50.942 GC heap after
{Heap after GC invocations=12 (full 0):
 garbage-first heap   total 131072K, used 46243K [0x0000000081800000, 0x0000000100000000)
  region size 1024K, 4 young (4096K), 4 survivors (4096K)
 Metaspace       used 34610K, capacity 35554K, committed 35628K, reserved 1081344K
  class space    used 3769K, capacity 4195K, committed 4224K, reserved 1048576K
}
Event: 65.707 GC heap before
{Heap before GC invocations=13 (full 0):
 garbage-first heap   total 131072K, used 100515K [0x0000000081800000, 0x0000000100000000)
  region size 1024K, 57 young (58368K), 4 survivors (4096K)
 Metaspace       used 36664K, capacity 37760K, committed 38008K, reserved 1083392K
  class space    used 4050K, capacity 4529K, committed 4556K, reserved 1048576K
}
Event: 65.730 GC heap after
{Heap after GC invocations=14 (full 0):
 garbage-first heap   total 131072K, used 49601K [0x0000000081800000, 0x0000000100000000)
  region size 1024K, 7 young (7168K), 7 survivors (7168K)
 Metaspace       used 36664K, capacity 37760K, committed 38008K, reserved 1083392K
  class space    used 4050K, capacity 4529K, committed 4556K, reserved 1048576K
}
Event: 84.299 GC heap before
{Heap before GC invocations=15 (full 0):
 garbage-first heap   total 131072K, used 112065K [0x0000000081800000, 0x0000000100000000)
  region size 1024K, 59 young (60416K), 7 survivors (7168K)
 Metaspace       used 38901K, capacity 40100K, committed 40184K, reserved 1085440K
  class space    used 4382K, capacity 4862K, committed 4940K, reserved 1048576K
}
Event: 84.320 GC heap after
{Heap after GC invocations=16 (full 0):
 garbage-first heap   total 131072K, used 63725K [0x0000000081800000, 0x0000000100000000)
  region size 1024K, 8 young (8192K), 8 survivors (8192K)
 Metaspace       used 38901K, capacity 40100K, committed 40184K, reserved 1085440K
  class space    used 4382K, capacity 4862K, committed 4940K, reserved 1048576K
}

Deoptimization events (10 events):
Event: 67.100 Thread 0x0000019534ff3800 Uncommon trap: reason=class_check action=maybe_recompile pc=0x00000195235026ec method=java.nio.DirectByteBuffer.<init>(Lsun/nio/ch/DirectBuffer;IIIII)V @ 12 c2
Event: 67.101 Thread 0x0000019534ff5000 Uncommon trap: reason=class_check action=maybe_recompile pc=0x00000195235026ec method=java.nio.DirectByteBuffer.<init>(Lsun/nio/ch/DirectBuffer;IIIII)V @ 12 c2
Event: 67.101 Thread 0x0000019534ff3800 Uncommon trap: reason=class_check action=maybe_recompile pc=0x00000195235026ec method=java.nio.DirectByteBuffer.<init>(Lsun/nio/ch/DirectBuffer;IIIII)V @ 12 c2
Event: 67.101 Thread 0x0000019534ff5000 Uncommon trap: reason=class_check action=maybe_recompile pc=0x00000195235026ec method=java.nio.DirectByteBuffer.<init>(Lsun/nio/ch/DirectBuffer;IIIII)V @ 12 c2
Event: 80.750 Thread 0x0000019535454000 Uncommon trap: reason=unstable_if action=reinterpret pc=0x0000019523501648 method=java.io.DataInputStream.readUTF(Ljava/io/DataInput;)Ljava/lang/String; @ 154 c2
Event: 82.083 Thread 0x0000019535454000 Uncommon trap: reason=bimorphic_or_optimized_type_check action=maybe_recompile pc=0x000001952377e190 method=java.io.BufferedInputStream.read1([BII)I @ 39 c2
Event: 82.083 Thread 0x0000019535454000 Uncommon trap: reason=bimorphic_or_optimized_type_check action=maybe_recompile pc=0x000001952377e190 method=java.io.BufferedInputStream.read1([BII)I @ 39 c2
Event: 83.699 Thread 0x0000019535454000 Uncommon trap: reason=bimorphic_or_optimized_type_check action=maybe_recompile pc=0x000001952377e190 method=java.io.BufferedInputStream.read1([BII)I @ 39 c2
Event: 83.699 Thread 0x0000019535454000 Uncommon trap: reason=bimorphic_or_optimized_type_check action=maybe_recompile pc=0x000001952377e190 method=java.io.BufferedInputStream.read1([BII)I @ 39 c2
Event: 85.531 Thread 0x0000019534ff5000 Uncommon trap: reason=unstable_if action=reinterpret pc=0x00000195234d1854 method=java.io.ByteArrayInputStream.read()I @ 8 c2

Classes redefined (0 events):
No events

Internal exceptions (10 events):
Event: 52.680 Thread 0x00000195339fe000 Exception <a 'java/net/SocketTimeoutException'{0x00000000896836a8}: connect timed out> (0x00000000896836a8) thrown at [./open/src/hotspot/share/prims/jni.cpp, line 632]
Event: 82.200 Thread 0x0000019535454000 Exception <a 'java/lang/NoSuchMethodError'{0x00000000873fb190}: java.lang.invoke.DirectMethodHandle$Holder.invokeSpecialIFC(Ljava/lang/Object;Ljava/lang/Object;Ljava/lang/Object;)Ljava/lang/Object;> (0x00000000873fb190) thrown at [./open/src/hotspot/share
Event: 85.033 Thread 0x0000019535454000 Exception <a 'java/lang/ClassNotFoundException'{0x0000000089268648}: sun/util/logging/resources/spi/loggingProvider> (0x0000000089268648) thrown at [./open/src/hotspot/share/classfile/systemDictionary.cpp, line 226]
Event: 89.729 Thread 0x0000019534bf7000 Exception <a 'java/lang/reflect/InvocationTargetException'{0x0000000088e83b10}> (0x0000000088e83b10) thrown at [./open/src/hotspot/share/runtime/reflection.cpp, line 1242]
Event: 89.748 Thread 0x0000019534bf7000 Exception <a 'java/lang/IncompatibleClassChangeError'{0x0000000088d72980}: Found class java.lang.Object, but interface was expected> (0x0000000088d72980) thrown at [./open/src/hotspot/share/interpreter/linkResolver.cpp, line 838]
Event: 89.749 Thread 0x0000019534bf7000 Exception <a 'java/lang/IncompatibleClassChangeError'{0x0000000088d756c0}: Found class java.lang.Object, but interface was expected> (0x0000000088d756c0) thrown at [./open/src/hotspot/share/interpreter/linkResolver.cpp, line 838]
Event: 89.749 Thread 0x0000019534bf7000 Exception <a 'java/lang/IncompatibleClassChangeError'{0x0000000088d783a0}: Found class java.lang.Object, but interface was expected> (0x0000000088d783a0) thrown at [./open/src/hotspot/share/interpreter/linkResolver.cpp, line 838]
Event: 89.750 Thread 0x0000019534bf7000 Exception <a 'java/lang/IncompatibleClassChangeError'{0x0000000088d7b058}: Found class java.lang.Object, but interface was expected> (0x0000000088d7b058) thrown at [./open/src/hotspot/share/interpreter/linkResolver.cpp, line 838]
Event: 89.751 Thread 0x0000019534bf7000 Exception <a 'java/lang/IncompatibleClassChangeError'{0x0000000088d7dd30}: Found class java.lang.Object, but interface was expected> (0x0000000088d7dd30) thrown at [./open/src/hotspot/share/interpreter/linkResolver.cpp, line 838]
Event: 89.754 Thread 0x0000019534bf7000 Exception <a 'sun/nio/fs/WindowsException'{0x0000000088d80cd0}> (0x0000000088d80cd0) thrown at [./open/src/hotspot/share/prims/jni.cpp, line 611]

Events (10 events):
Event: 90.084 loading class io/qameta/allure/internal/shadowed/jackson/databind/introspect/AnnotatedCreatorCollector
Event: 90.084 loading class io/qameta/allure/internal/shadowed/jackson/databind/introspect/AnnotatedCreatorCollector done
Event: 90.089 loading class io/qameta/allure/internal/shadowed/jackson/databind/introspect/POJOPropertyBuilder$5
Event: 90.089 loading class io/qameta/allure/internal/shadowed/jackson/databind/introspect/POJOPropertyBuilder$5 done
Event: 90.092 loading class io/qameta/allure/internal/shadowed/jackson/annotation/JsonProperty$Access
Event: 90.092 loading class io/qameta/allure/internal/shadowed/jackson/annotation/JsonProperty$Access done
Event: 90.099 loading class io/qameta/allure/internal/shadowed/jackson/databind/introspect/POJOPropertyBuilder$6
Event: 90.099 loading class io/qameta/allure/internal/shadowed/jackson/databind/introspect/POJOPropertyBuilder$6 done
Event: 90.102 loading class io/qameta/allure/internal/shadowed/jackson/annotation/JacksonInject
Event: 90.102 loading class io/qameta/allure/internal/shadowed/jackson/annotation/JacksonInject done


Dynamic libraries:
0x00007ff7c5c60000 - 0x00007ff7c5c6f000 	C:\Program Files\Java\jdk-11.0.14\bin\java.exe
0x00007ffce6210000 - 0x00007ffce6408000 	C:\WINDOWS\SYSTEM32\ntdll.dll
0x00007ffce57b0000 - 0x00007ffce5871000 	C:\WINDOWS\System32\KERNEL32.DLL
0x00007ffce3f40000 - 0x00007ffce4236000 	C:\WINDOWS\System32\KERNELBASE.dll
0x00007ffce3c00000 - 0x00007ffce3d00000 	C:\WINDOWS\System32\ucrtbase.dll
0x00007ffcd2450000 - 0x00007ffcd2468000 	C:\Program Files\Java\jdk-11.0.14\bin\jli.dll
0x00007ffce4b20000 - 0x00007ffce4bd0000 	C:\WINDOWS\System32\ADVAPI32.dll
0x00007ffce5c00000 - 0x00007ffce5c9e000 	C:\WINDOWS\System32\msvcrt.dll
0x00007ffce5910000 - 0x00007ffce59b0000 	C:\WINDOWS\System32\sechost.dll
0x00007ffcdaa40000 - 0x00007ffcdaa55000 	C:\Program Files\Java\jdk-11.0.14\bin\VCRUNTIME140.dll
0x00007ffce4ca0000 - 0x00007ffce4dc3000 	C:\WINDOWS\System32\RPCRT4.dll
0x00007ffce3d00000 - 0x00007ffce3d27000 	C:\WINDOWS\System32\bcrypt.dll
0x00007ffce5d50000 - 0x00007ffce5eef000 	C:\WINDOWS\System32\USER32.dll
0x00007ffce38c0000 - 0x00007ffce38e2000 	C:\WINDOWS\System32\win32u.dll
0x00007ffce4380000 - 0x00007ffce43ab000 	C:\WINDOWS\System32\GDI32.dll
0x00007ffce3e20000 - 0x00007ffce3f37000 	C:\WINDOWS\System32\gdi32full.dll
0x00007ffce3d30000 - 0x00007ffce3dcd000 	C:\WINDOWS\System32\msvcp_win.dll
0x00007ffcd27c0000 - 0x00007ffcd2a5a000 	C:\WINDOWS\WinSxS\amd64_microsoft.windows.common-controls_6595b64144ccf1df_6.0.19041.4355_none_60b8b9eb71f62e16\COMCTL32.dll
0x00007ffce3330000 - 0x00007ffce333a000 	C:\WINDOWS\SYSTEM32\VERSION.dll
0x00007ffce59b0000 - 0x00007ffce59df000 	C:\WINDOWS\System32\IMM32.DLL
0x000000005f4b0000 - 0x000000005f4bc000 	C:\Program Files (x86)\360\Total Security\safemon\SafeWrapper.dll
0x00007ffc9d0c0000 - 0x00007ffc9d16c000 	C:\Program Files (x86)\360\Total Security\safemon\libzdtp64.dll
0x00007ffce43b0000 - 0x00007ffce4b1c000 	C:\WINDOWS\System32\SHELL32.dll
0x00007ffce5ef0000 - 0x00007ffce5f45000 	C:\WINDOWS\System32\SHLWAPI.dll
0x00007ffc9a3e0000 - 0x00007ffc9a47b000 	C:\Program Files\Java\jdk-11.0.14\bin\msvcp140.dll
0x00007ffc82580000 - 0x00007ffc83096000 	C:\Program Files\Java\jdk-11.0.14\bin\server\jvm.dll
0x00007ffce4240000 - 0x00007ffce4248000 	C:\WINDOWS\System32\PSAPI.DLL
0x00007ffcce5f0000 - 0x00007ffcce5f9000 	C:\WINDOWS\SYSTEM32\WSOCK32.dll
0x00007ffce5b90000 - 0x00007ffce5bfb000 	C:\WINDOWS\System32\WS2_32.dll
0x00007ffcd4c00000 - 0x00007ffcd4c27000 	C:\WINDOWS\SYSTEM32\WINMM.dll
0x00007ffce1580000 - 0x00007ffce1592000 	C:\WINDOWS\SYSTEM32\kernel.appcore.dll
0x00007ffcdad20000 - 0x00007ffcdad30000 	C:\Program Files\Java\jdk-11.0.14\bin\verify.dll
0x00007ffcd73e0000 - 0x00007ffcd75c4000 	C:\WINDOWS\SYSTEM32\DBGHELP.DLL
0x00007ffcd72e0000 - 0x00007ffcd7314000 	C:\WINDOWS\SYSTEM32\dbgcore.DLL
0x00007ffce38f0000 - 0x00007ffce3972000 	C:\WINDOWS\System32\bcryptPrimitives.dll
0x00007ffcc9320000 - 0x00007ffcc9348000 	C:\Program Files\Java\jdk-11.0.14\bin\java.dll
0x00007ffcd8500000 - 0x00007ffcd850a000 	C:\Program Files\Java\jdk-11.0.14\bin\jimage.dll
0x00007ffcdbf20000 - 0x00007ffcdbf2e000 	C:\Program Files\Java\jdk-11.0.14\bin\instrument.dll
0x00007ffcd2050000 - 0x00007ffcd2066000 	C:\Program Files\Java\jdk-11.0.14\bin\zip.dll
0x00007ffce1890000 - 0x00007ffce202e000 	C:\WINDOWS\SYSTEM32\windows.storage.dll
0x00007ffce4dd0000 - 0x00007ffce5123000 	C:\WINDOWS\System32\combase.dll
0x00007ffce3120000 - 0x00007ffce314e000 	C:\WINDOWS\SYSTEM32\Wldp.dll
0x00007ffce4bd0000 - 0x00007ffce4c9d000 	C:\WINDOWS\System32\OLEAUT32.dll
0x00007ffce5ca0000 - 0x00007ffce5d4d000 	C:\WINDOWS\System32\SHCORE.dll
0x00007ffce37f0000 - 0x00007ffce3814000 	C:\WINDOWS\SYSTEM32\profapi.dll
0x00007ffccfcb0000 - 0x00007ffccfcc9000 	C:\Program Files\Java\jdk-11.0.14\bin\net.dll
0x00007ffcdc340000 - 0x00007ffcdc44a000 	C:\WINDOWS\SYSTEM32\WINHTTP.dll
0x00007ffce2ea0000 - 0x00007ffce2f0a000 	C:\WINDOWS\system32\mswsock.dll
0x00007ffcc9c70000 - 0x00007ffcc9c82000 	C:\Program Files\Java\jdk-11.0.14\bin\nio.dll
0x00007ffcd8220000 - 0x00007ffcd823a000 	C:\Program Files\JetBrains\IntelliJ IDEA Community Edition 2023.1.5\bin\breakgen64.dll
0x00007ffce3590000 - 0x00007ffce35a8000 	C:\WINDOWS\SYSTEM32\CRYPTSP.dll
0x00007ffce27e0000 - 0x00007ffce2814000 	C:\WINDOWS\system32\rsaenh.dll
0x00007ffce37a0000 - 0x00007ffce37ce000 	C:\WINDOWS\SYSTEM32\USERENV.dll
0x00007ffce3030000 - 0x00007ffce303c000 	C:\WINDOWS\SYSTEM32\CRYPTBASE.dll
0x00007ffce2ba0000 - 0x00007ffce2bdb000 	C:\WINDOWS\SYSTEM32\IPHLPAPI.DLL
0x00007ffce5900000 - 0x00007ffce5908000 	C:\WINDOWS\System32\NSI.dll
0x00007ffcdcac0000 - 0x00007ffcdcad7000 	C:\WINDOWS\SYSTEM32\dhcpcsvc6.DLL
0x00007ffcdcaa0000 - 0x00007ffcdcabd000 	C:\WINDOWS\SYSTEM32\dhcpcsvc.DLL
0x00007ffce2c40000 - 0x00007ffce2d0a000 	C:\WINDOWS\SYSTEM32\DNSAPI.dll
0x00007ffc8f110000 - 0x00007ffc8f127000 	C:\WINDOWS\system32\napinsp.dll
0x00007ffc8f0f0000 - 0x00007ffc8f10b000 	C:\WINDOWS\system32\pnrpnsp.dll
0x00007ffcdd650000 - 0x00007ffcdd665000 	C:\WINDOWS\system32\wshbth.dll
0x00007ffcdcb80000 - 0x00007ffcdcb9d000 	C:\WINDOWS\system32\NLAapi.dll
0x00007ffc8f0d0000 - 0x00007ffc8f0e2000 	C:\WINDOWS\System32\winrnr.dll
0x00007ffcda090000 - 0x00007ffcda09a000 	C:\Windows\System32\rasadhlp.dll
0x00007ffcdadf0000 - 0x00007ffcdae70000 	C:\WINDOWS\System32\fwpuclnt.dll
0x00007ffcd8190000 - 0x00007ffcd8199000 	C:\Program Files\Java\jdk-11.0.14\bin\management.dll
0x00007ffcd5310000 - 0x00007ffcd531b000 	C:\Program Files\Java\jdk-11.0.14\bin\management_ext.dll
0x00007ffcd4c30000 - 0x00007ffcd4c3d000 	C:\Program Files\Java\jdk-11.0.14\bin\sunmscapi.dll
0x00007ffce3980000 - 0x00007ffce3ade000 	C:\WINDOWS\System32\CRYPT32.dll
0x00007ffce3200000 - 0x00007ffce3229000 	C:\WINDOWS\SYSTEM32\ncrypt.dll
0x00007ffce31c0000 - 0x00007ffce31fb000 	C:\WINDOWS\SYSTEM32\NTASN1.dll
0x00007ffcd2420000 - 0x00007ffcd2445000 	C:\Program Files\Java\jdk-11.0.14\bin\sunec.dll

dbghelp: loaded successfully - version: 4.0.5 - missing functions: none
symbol engine: initialized successfully - sym options: 0x614 - pdb path: .;C:\Program Files\Java\jdk-11.0.14\bin;C:\WINDOWS\SYSTEM32;C:\WINDOWS\WinSxS\amd64_microsoft.windows.common-controls_6595b64144ccf1df_6.0.19041.4355_none_60b8b9eb71f62e16;C:\Program Files (x86)\360\Total Security\safemon;C:\Program Files\Java\jdk-11.0.14\bin\server;C:\Program Files\JetBrains\IntelliJ IDEA Community Edition 2023.1.5\bin

VM Arguments:
jvm_args: -ea -javaagent:C:\Users\amit\.m2\repository/org/aspectj/aspectjweaver/1.9.20.1/aspectjweaver-1.9.20.1.jar -Didea.test.cyclic.buffer.size=1048576 -javaagent:C:\Program Files\JetBrains\IntelliJ IDEA Community Edition 2023.1.5\lib\idea_rt.jar=9304:C:\Program Files\JetBrains\IntelliJ IDEA Community Edition 2023.1.5\bin -Dfile.encoding=UTF-8 
java_command: com.intellij.rt.testng.RemoteTestNGStarter -usedefaultlisteners false -socket9303 @w@C:\Users\amit\AppData\Local\Temp\idea_working_dirs_testng.tmp -temp C:\Users\amit\AppData\Local\Temp\idea_testng.tmp
java_class_path (initial): C:\Program Files\JetBrains\IntelliJ IDEA Community Edition 2023.1.5\lib\idea_rt.jar;C:\Program Files\JetBrains\IntelliJ IDEA Community Edition 2023.1.5\plugins\testng\lib\testng-rt.jar;J:\3. automation testing testing acadmey\day41--selenium -UI elements\AssignmentAnswers\Appolo-Tools\target\test-classes;J:\3. automation testing testing acadmey\day41--selenium -UI elements\AssignmentAnswers\Appolo-Tools\target\classes;C:\Users\amit\.m2\repository\org\seleniumhq\selenium\selenium-java\4.9.1\selenium-java-4.9.1.jar;C:\Users\amit\.m2\repository\org\seleniumhq\selenium\selenium-api\4.9.1\selenium-api-4.9.1.jar;C:\Users\amit\.m2\repository\org\seleniumhq\selenium\selenium-devtools-v111\4.9.1\selenium-devtools-v111-4.9.1.jar;C:\Users\amit\.m2\repository\org\seleniumhq\selenium\selenium-devtools-v112\4.9.1\selenium-devtools-v112-4.9.1.jar;C:\Users\amit\.m2\repository\org\seleniumhq\selenium\selenium-devtools-v113\4.9.1\selenium-devtools-v113-4.9.1.jar;C:\Users\amit\.m2\repository\org\seleniumhq\selenium\selenium-devtools-v85\4.9.1\selenium-devtools-v85-4.9.1.jar;C:\Users\amit\.m2\repository\org\seleniumhq\selenium\selenium-edge-driver\4.9.1\selenium-edge-driver-4.9.1.jar;C:\Users\amit\.m2\repository\org\seleniumhq\selenium\selenium-firefox-driver\4.9.1\selenium-firefox-driver-4.9.1.jar;C:\Users\amit\.m2\repository\org\seleniumhq\selenium\selenium-http\4.9.1\selenium-http-4.9.1.jar;C:\Users\amit\.m2\repository\dev\failsafe\failsafe\3.3.1\failsafe-3.3.1.jar;C:\Users\amit\.m2\repository\org\seleniumhq\selenium\selenium-ie-driver\4.9.1\selenium-ie-driver-4.9.1.jar;C:\Users\amit\.m2\repository\org\seleniumhq\selenium\selenium-remote-driver\4.9.1\selenium-remote-driver-4.9.1.jar;C:\Users\amit\.m2\repository\io\netty\netty-buffer\4.1.91.Final\netty-buffer-4.1.91.Final.jar;C:\Users\amit\.m2\repository\io\netty\netty-codec-http\4.1.91.Final\netty-codec-http-4.1.91.Final.jar;C:\Users\amit\.m2\repository\io\netty\netty-codec\4.1.91.Final\netty-codec-4.1.9
Launcher Type: SUN_STANDARD

[Global flags]
     intx CICompilerCount                          = 3                                         {product} {ergonomic}
     uint ConcGCThreads                            = 1                                         {product} {ergonomic}
     uint G1ConcRefinementThreads                  = 4                                         {product} {ergonomic}
   size_t G1HeapRegionSize                         = 1048576                                   {product} {ergonomic}
    uintx GCDrainStackTargetSize                   = 64                                        {product} {ergonomic}
   size_t InitialHeapSize                          = 134217728                                 {product} {ergonomic}
   size_t MarkStackSize                            = 4194304                                   {product} {ergonomic}
   size_t MaxHeapSize                              = 2122317824                                {product} {ergonomic}
   size_t MaxNewSize                               = 1272971264                                {product} {ergonomic}
   size_t MinHeapDeltaBytes                        = 1048576                                   {product} {ergonomic}
    uintx NonNMethodCodeHeapSize                   = 5830732                                {pd product} {ergonomic}
    uintx NonProfiledCodeHeapSize                  = 122913754                              {pd product} {ergonomic}
    uintx ProfiledCodeHeapSize                     = 122913754                              {pd product} {ergonomic}
    uintx ReservedCodeCacheSize                    = 251658240                              {pd product} {ergonomic}
     bool SegmentedCodeCache                       = true                                      {product} {ergonomic}
     bool UseCompressedClassPointers               = true                                 {lp64_product} {ergonomic}
     bool UseCompressedOops                        = true                                 {lp64_product} {ergonomic}
     bool UseG1GC                                  = true                                      {product} {ergonomic}
     bool UseLargePagesIndividualAllocation        = false                                  {pd product} {ergonomic}

Logging:
Log output configuration:
 #0: stdout all=warning uptime,level,tags
 #1: stderr all=off uptime,level,tags

Environment Variables:
JAVA_HOME=C:\Program Files\Java\jdk-11.0.14
CLASSPATH=E:\cdac pune\6.core java\day2\assignment 2\bin;E:\cdac pune\6.core java\day1\day1 (assignment)\q4\bin
PATH=C:\Program Files\Java\jdk-11.0.14\bin;C:\Users\amit\AppData\Local\Android\Sdk\platform-tools;C:\Users\amit\AppData\Local\Android\Sdk\tools;C:\TDM-GCC-64\bin;C:\Program Files\Common Files\Oracle\Java\javapath;C:\Program Files (x86)\Common Files\Oracle\Java\javapath;C:\PROGRAMDATA\ORACLE\JAVA\JAVAPATH;C:\PROGRAM FILES (X86)\INTEL\ICLS CLIENT\;C:\PROGRAM FILES\INTEL\ICLS CLIENT\;C:\WINDOWS\SYSTEM32;C:\WINDOWS;C:\WINDOWS\SYSTEM32\WBEM;C:\WINDOWS\SYSTEM32\WINDOWSPOWERSHELL\V1.0\;C:\PROGRAM FILES\INTEL\INTEL(R) MANAGEMENT ENGINE COMPONENTS\DAL;C:\PROGRAM FILES\INTEL\INTEL(R) MANAGEMENT ENGINE COMPONENTS\IPT;C:\PROGRAM FILES (X86)\INTEL\INTEL(R) MANAGEMENT ENGINE COMPONENTS\DAL;C:\PROGRAM FILES (X86)\INTEL\INTEL(R) MANAGEMENT ENGINE COMPONENTS\IPT;C:\PROGRAM FILES (X86)\COMMON FILES\LENOVO\EASYPLUSSDK\BIN;C:\Program Files\WIDCOMM\Bluetooth Software\;C:\Program Files\WIDCOMM\Bluetooth Software\syswow64;C:\WINDOWS\system32;C:\WINDOWS\System32\Wbem;C:\WINDOWS\System32\WindowsPowerShell\v1.0\;C:\Program Files (x86)\NVIDIA Corporation\PhysX\Common;C:\Users\amit\AppData\Local\Microsoft\WindowsApps;C:\Users\amit\AppData\Roaming\Dashl;C:\WINDOWS\System32\OpenSSH\;C:\Program Files (x86)\Microsoft VS Code\bin;C:\Program Files\MySQL\MySQL Server 8.0\bin;C:\Program Files\dotnet\;C:\Program Files\Microsoft SQL Server\130\Tools\Binn\;C:\Program Files\Microsoft SQL Server\Client SDK\ODBC\170\Tools\Binn\;C:\Program Files\nodejs\;C:\Users\amit\Desktop\curl-8.0.1_7-win64-mingw;C:\apache-maven-3.9.3\bin;C:\allure-2.10.0\bin;C:\Windows\System32\wsl.exe;C:\Program Files\Go\bin;C:\sqlite-tools-win32-x86-3430100;C:\Program Files\PuTTY\;C:\Program Files\Amazon\AWSCLIV2\;C:\Program Files\Git\cmd;C:\Program Files\Git LFS;C:\Users\amit\AppData\Local\Android\Sdk\tools\bin;C:\Users\amit\AppData\Local\Android\Sdk\build-tools\35.0.0-rc4;C:\WINDOWS\system32;C:\WINDOWS;C:\WINDOWS\System32\Wbem;C:\WINDOWS\System32\WindowsPowerShell\v1.0\;C:\WINDOWS\System32\OpenSSH\;C:\Program Files\Docker\Docker\resourc
USERNAME=sumit
OS=Windows_NT
PROCESSOR_IDENTIFIER=Intel64 Family 6 Model 69 Stepping 1, GenuineIntel



---------------  S Y S T E M  ---------------

OS: Windows 10 , 64 bit Build 19041 (10.0.19041.4597)
Hyper-V role detected

CPU:total 4 (initial active 4) (2 cores per cpu, 2 threads per core) family 6 model 69 stepping 1 microcode 0x25, cmov, cx8, fxsr, mmx, sse, sse2, sse3, ssse3, sse4.1, sse4.2, popcnt, avx, avx2, aes, clmul, erms, lzcnt, ht, tsc, tscinvbit, bmi1, bmi2, fma

Memory: 4k page, system-wide physical 8095M (663M free)
TotalPageFile size 11538M (AvailPageFile size 9M)
current process WorkingSet (physical memory assigned to process): 273M, peak: 277M
current process commit charge ("private bytes"): 306M, peak: 311M

vm_info: Java HotSpot(TM) 64-Bit Server VM (11.0.14+8-LTS-263) for windows-amd64 JRE (11.0.14+8-LTS-263), built on Dec  7 2021 21:53:57 by "mach5one" with MS VC++ 15.9 (VS2017)

END.
