#
# There is insufficient memory for the Java Runtime Environment to continue.
# Native memory allocation (malloc) failed to allocate 733776 bytes for Chunk::new
# Possible reasons:
#   The system is out of physical RAM or swap space
#   The process is running with CompressedOops enabled, and the Java Heap may be blocking the growth of the native heap
# Possible solutions:
#   Reduce memory load on the system
#   Increase physical memory or swap space
#   Check if swap backing store is full
#   Decrease Java heap size (-Xmx/-Xms)
#   Decrease number of Java threads
#   Decrease Java thread stack sizes (-Xss)
#   Set larger code cache with -XX:ReservedCodeCacheSize=
#   JVM is running with Unscaled Compressed Oops mode in which the Java heap is
#     placed in the first 4GB address space. The Java Heap base address is the
#     maximum limit for the native heap growth. Please use -XX:HeapBaseMinAddress
#     to set the Java Heap base and to place the Java Heap above 4GB virtual address.
# This output file may be truncated or incomplete.
#
#  Out of Memory Error (./open/src/hotspot/share/memory/arena.cpp:197), pid=20936, tid=26356
#
# JRE version: Java(TM) SE Runtime Environment 18.9 (11.0.14+8) (build 11.0.14+8-LTS-263)
# Java VM: Java HotSpot(TM) 64-Bit Server VM 18.9 (11.0.14+8-LTS-263, mixed mode, tiered, compressed oops, g1 gc, windows-amd64)
# No core dump will be written. Minidumps are not enabled by default on client versions of Windows
#

---------------  S U M M A R Y ------------

Command Line: -ea -javaagent:C:\Users\amit\.m2\repository/org/aspectj/aspectjweaver/1.9.20.1/aspectjweaver-1.9.20.1.jar -Didea.test.cyclic.buffer.size=1048576 -javaagent:C:\Program Files\JetBrains\IntelliJ IDEA Community Edition 2023.1.5\lib\idea_rt.jar=45360:C:\Program Files\JetBrains\IntelliJ IDEA Community Edition 2023.1.5\bin -Dfile.encoding=UTF-8 com.intellij.rt.testng.RemoteTestNGStarter -usedefaultlisteners false -socket45359 @w@C:\Users\amit\AppData\Local\Temp\idea_working_dirs_testng.tmp -temp C:\Users\amit\AppData\Local\Temp\idea_testng.tmp

Host: Intel(R) Core(TM) i3-4005U CPU @ 1.70GHz, 4 cores, 7G,  Windows 10 , 64 bit Build 19041 (10.0.19041.4957)
Time: Thu Oct 17 08:09:37 2024 India Standard Time elapsed time: 70.431157 seconds (0d 0h 1m 10s)

---------------  T H R E A D  ---------------

Current thread (0x000001ca9e638800):  JavaThread "C2 CompilerThread0" daemon [_thread_in_native, id=26356, stack(0x00000005bef00000,0x00000005bf000000)]


Current CompileTask:
C2:  70431 4851       4       org.aspectj.weaver.World::resolveToReferenceType (266 bytes)

Stack: [0x00000005bef00000,0x00000005bf000000]
Native frames: (J=compiled Java code, j=interpreted, Vv=VM code, C=native code)
V  [jvm.dll+0x6296da]
V  [jvm.dll+0x76323f]
V  [jvm.dll+0x7648e9]
V  [jvm.dll+0x764f73]
V  [jvm.dll+0x23d7c8]
V  [jvm.dll+0xb297c]
V  [jvm.dll+0xb2f3c]
V  [jvm.dll+0x2ae594]
V  [jvm.dll+0x53cec6]
V  [jvm.dll+0x1f9e99]
V  [jvm.dll+0x1f742d]
V  [jvm.dll+0x177b21]
V  [jvm.dll+0x206e26]
V  [jvm.dll+0x204fbb]
V  [jvm.dll+0x729170]
V  [jvm.dll+0x721d44]
V  [jvm.dll+0x6285d6]
C  [ucrtbase.dll+0x21bb2]
C  [KERNEL32.DLL+0x17374]
C  [ntdll.dll+0x4cc91]


---------------  P R O C E S S  ---------------

Threads class SMR info:
_java_thread_list=0x000001ca9fbe95a0, length=35, elements={
0x000001cafe672000, 0x000001ca9e5f2800, 0x000001ca9dda6800, 0x000001ca9ddb4000,
0x000001ca9ddb5800, 0x000001ca9ddb6800, 0x000001ca9e638800, 0x000001ca9e63c800,
0x000001ca9e644000, 0x000001ca9e8c5000, 0x000001ca9f473000, 0x000001caa224b800,
0x000001caa17fc000, 0x000001caa288b800, 0x000001caa00ff800, 0x000001caa0100000,
0x000001caa0101000, 0x000001caa00fb800, 0x000001caa0102000, 0x000001caa00fd000,
0x000001caa00fc000, 0x000001caa00fd800, 0x000001caa00fe800, 0x000001caa011c000,
0x000001caa011f000, 0x000001caa0120000, 0x000001caa011a800, 0x000001caa011d800,
0x000001caa011e800, 0x000001caa011b000, 0x000001caa011c800, 0x000001caa0121000,
0x000001caa0cc1800, 0x000001caa0cbb800, 0x000001caa0cbf000
}

Java Threads: ( => current thread )
  0x000001cafe672000 JavaThread "main" [_thread_blocked, id=26952, stack(0x00000005be300000,0x00000005be400000)]
  0x000001ca9e5f2800 JavaThread "Reference Handler" daemon [_thread_blocked, id=27936, stack(0x00000005bea00000,0x00000005beb00000)]
  0x000001ca9dda6800 JavaThread "Finalizer" daemon [_thread_blocked, id=24788, stack(0x00000005beb00000,0x00000005bec00000)]
  0x000001ca9ddb4000 JavaThread "Signal Dispatcher" daemon [_thread_blocked, id=7128, stack(0x00000005bec00000,0x00000005bed00000)]
  0x000001ca9ddb5800 JavaThread "Attach Listener" daemon [_thread_blocked, id=25620, stack(0x00000005bed00000,0x00000005bee00000)]
  0x000001ca9ddb6800 JavaThread "Service Thread" daemon [_thread_blocked, id=26392, stack(0x00000005bee00000,0x00000005bef00000)]
=>0x000001ca9e638800 JavaThread "C2 CompilerThread0" daemon [_thread_in_native, id=26356, stack(0x00000005bef00000,0x00000005bf000000)]
  0x000001ca9e63c800 JavaThread "C1 CompilerThread0" daemon [_thread_in_native, id=28544, stack(0x00000005bf000000,0x00000005bf100000)]
  0x000001ca9e644000 JavaThread "Sweeper thread" daemon [_thread_blocked, id=11564, stack(0x00000005bf100000,0x00000005bf200000)]
  0x000001ca9e8c5000 JavaThread "Common-Cleaner" daemon [_thread_blocked, id=2796, stack(0x00000005bf200000,0x00000005bf300000)]
  0x000001ca9f473000 JavaThread "Monitor Ctrl-Break" daemon [_thread_in_native, id=28420, stack(0x00000005bf600000,0x00000005bf700000)]
  0x000001caa224b800 JavaThread "ForkJoinPool.commonPool-worker-3" daemon [_thread_blocked, id=956, stack(0x00000005bf800000,0x00000005bf900000)]
  0x000001caa17fc000 JavaThread "ForkJoinPool.commonPool-worker-5" daemon [_thread_blocked, id=17424, stack(0x00000005bf900000,0x00000005bfa00000)]
  0x000001caa288b800 JavaThread "ForkJoinPool.commonPool-worker-7" daemon [_thread_blocked, id=5100, stack(0x00000005bfa00000,0x00000005bfb00000)]
  0x000001caa00ff800 JavaThread "TestNG-test=J:/3. automation testing testing acadmey/day41--selenium -UI elements/AssignmentAnswers/Appolo-Tools/src/test/java/org/example/TestCases/One/One/testNgclassLevelparalleltestngfile/ApplitoolsChallengeOneChromeTest.java-1" [_thread_in_vm, id=20068, stack(0x00000005bfb00000,0x00000005bfc00000)]
  0x000001caa0100000 JavaThread "Forwarding get on session e3bd045ae7b3a076d7d89b681e582e44 to remote" [_thread_blocked, id=28452, stack(0x00000005bfc00000,0x00000005bfd00000)]
  0x000001caa0101000 JavaThread "AsyncHttpClient-1-1" daemon [_thread_blocked, id=23380, stack(0x00000005c0000000,0x00000005c0100000)]
  0x000001caa00fb800 JavaThread "Exec Default Executor" daemon [_thread_in_native, id=24204, stack(0x00000005c0100000,0x00000005c0200000)]
  0x000001caa0102000 JavaThread "Exec Default Executor" daemon [_thread_in_native, id=27464, stack(0x00000005c0200000,0x00000005c0300000)]
  0x000001caa00fd000 JavaThread "Exec Stream Pumper" daemon [_thread_in_native, id=16004, stack(0x00000005c0400000,0x00000005c0500000)]
  0x000001caa00fc000 JavaThread "Exec Stream Pumper" daemon [_thread_in_native, id=26084, stack(0x00000005c0500000,0x00000005c0600000)]
  0x000001caa00fd800 JavaThread "Driver Service Executor" daemon [_thread_blocked, id=21076, stack(0x00000005c0300000,0x00000005c0400000)]
  0x000001caa00fe800 JavaThread "Driver Service Executor" daemon [_thread_blocked, id=28168, stack(0x00000005c0600000,0x00000005c0700000)]
  0x000001caa011c000 JavaThread "UrlChecker-2" daemon [_thread_blocked, id=14964, stack(0x00000005c0700000,0x00000005c0800000)]
  0x000001caa011f000 JavaThread "Exec Stream Pumper" daemon [_thread_in_native, id=17592, stack(0x00000005c0900000,0x00000005c0a00000)]
  0x000001caa0120000 JavaThread "Exec Stream Pumper" daemon [_thread_in_native, id=15796, stack(0x00000005c0a00000,0x00000005c0b00000)]
  0x000001caa011a800 JavaThread "Driver Service Executor" daemon [_thread_blocked, id=23308, stack(0x00000005c0b00000,0x00000005c0c00000)]
  0x000001caa011d800 JavaThread "Driver Service Executor" daemon [_thread_blocked, id=21452, stack(0x00000005c0c00000,0x00000005c0d00000)]
  0x000001caa011e800 JavaThread "UrlChecker-3" daemon [_thread_blocked, id=24604, stack(0x00000005bff00000,0x00000005c0000000)]
  0x000001caa011b000 JavaThread "AsyncHttpClient-1-2" daemon [_thread_in_native, id=23868, stack(0x00000005c0d00000,0x00000005c0e00000)]
  0x000001caa011c800 JavaThread "AsyncHttpClient-1-3" daemon [_thread_in_native, id=25368, stack(0x00000005c0e00000,0x00000005c0f00000)]
  0x000001caa0121000 JavaThread "AsyncHttpClient-1-4" daemon [_thread_in_native, id=14760, stack(0x00000005c1000000,0x00000005c1100000)]
  0x000001caa0cc1800 JavaThread "AsyncHttpClient-1-5" daemon [_thread_in_native, id=27256, stack(0x00000005c1100000,0x00000005c1200000)]
  0x000001caa0cbb800 JavaThread "AsyncHttpClient-1-6" daemon [_thread_in_native, id=27468, stack(0x00000005be000000,0x00000005be100000)]
  0x000001caa0cbf000 JavaThread "AsyncHttpClient-1-7" daemon [_thread_in_native, id=15304, stack(0x00000005c0f00000,0x00000005c1000000)]

Other Threads:
  0x000001ca9e5e1800 VMThread "VM Thread" [stack: 0x00000005be900000,0x00000005bea00000] [id=22184]
  0x000001ca9fe12800 WatcherThread [stack: 0x00000005bf700000,0x00000005bf800000] [id=24060]
  0x000001cafe68a800 GCTaskThread "GC Thread#0" [stack: 0x00000005be400000,0x00000005be500000] [id=12408]
  0x000001ca9f08e800 GCTaskThread "GC Thread#1" [stack: 0x00000005bf300000,0x00000005bf400000] [id=25464]
  0x000001ca9e9bb800 GCTaskThread "GC Thread#2" [stack: 0x00000005bf400000,0x00000005bf500000] [id=6696]
  0x000001ca9fd76800 GCTaskThread "GC Thread#3" [stack: 0x00000005bf500000,0x00000005bf600000] [id=23668]
  0x000001cafe6bb000 ConcurrentGCThread "G1 Main Marker" [stack: 0x00000005be500000,0x00000005be600000] [id=26636]
  0x000001cafe6bc000 ConcurrentGCThread "G1 Conc#0" [stack: 0x00000005be600000,0x00000005be700000] [id=2856]
  0x000001ca9dc01800 ConcurrentGCThread "G1 Refine#0" [stack: 0x00000005be700000,0x00000005be800000] [id=16864]
  0x000001cafe70d800 ConcurrentGCThread "G1 Young RemSet Sampling" [stack: 0x00000005be800000,0x00000005be900000] [id=28088]

Threads with active compile tasks:
C2 CompilerThread0  72679 4851       4       org.aspectj.weaver.World::resolveToReferenceType (266 bytes)
C1 CompilerThread0  72680 4866 %     3       java.util.Properties$LineReader::readLine @ 293 (584 bytes)

VM state:synchronizing (normal execution)

VM Mutex/Monitor currently owned by a thread:  ([mutex/lock_event])
[0x000001cafe66df40] Threads_lock - owner thread: 0x000001ca9e5e1800
[0x000001cafe66f380] Heap_lock - owner thread: 0x000001cafe6bb000

Heap address: 0x0000000081800000, size: 2024 MB, Compressed Oops mode: 32-bit
Narrow klass base: 0x0000000000000000, Narrow klass shift: 3
Compressed class space size: 1073741824 Address: 0x0000000100000000

Heap:
 garbage-first heap   total 157696K, used 110690K [0x0000000081800000, 0x0000000100000000)
  region size 1024K, 17 young (17408K), 5 survivors (5120K)
 Metaspace       used 50636K, capacity 52052K, committed 52096K, reserved 1099776K
  class space    used 5866K, capacity 6491K, committed 6528K, reserved 1048576K
Heap Regions: E=young(eden), S=young(survivor), O=old, HS=humongous(starts), HC=humongous(continues), CS=collection set, F=free, A=archive, TAMS=top-at-mark-start (previous, next)
|   0|0x0000000081800000, 0x0000000081900000, 0x0000000081900000|100%| O|  |TAMS 0x0000000081900000, 0x0000000081900000| Untracked 
|   1|0x0000000081900000, 0x0000000081a00000, 0x0000000081a00000|100%| O|  |TAMS 0x0000000081a00000, 0x0000000081a00000| Untracked 
|   2|0x0000000081a00000, 0x0000000081b00000, 0x0000000081b00000|100%| O|  |TAMS 0x0000000081b00000, 0x0000000081b00000| Untracked 
|   3|0x0000000081b00000, 0x0000000081c00000, 0x0000000081c00000|100%| O|  |TAMS 0x0000000081c00000, 0x0000000081c00000| Untracked 
|   4|0x0000000081c00000, 0x0000000081d00000, 0x0000000081d00000|100%| O|  |TAMS 0x0000000081d00000, 0x0000000081d00000| Untracked 
|   5|0x0000000081d00000, 0x0000000081e00000, 0x0000000081e00000|100%| O|  |TAMS 0x0000000081e00000, 0x0000000081e00000| Untracked 
|   6|0x0000000081e00000, 0x0000000081effff8, 0x0000000081f00000| 99%| O|  |TAMS 0x0000000081effff8, 0x0000000081effff8| Untracked 
|   7|0x0000000081f00000, 0x0000000082000000, 0x0000000082000000|100%| O|  |TAMS 0x0000000082000000, 0x0000000082000000| Untracked 
|   8|0x0000000082000000, 0x0000000082100000, 0x0000000082100000|100%| O|  |TAMS 0x0000000082100000, 0x0000000082100000| Untracked 
|   9|0x0000000082100000, 0x0000000082200000, 0x0000000082200000|100%| O|  |TAMS 0x0000000082200000, 0x0000000082200000| Untracked 
|  10|0x0000000082200000, 0x0000000082300000, 0x0000000082300000|100%| O|  |TAMS 0x0000000082300000, 0x0000000082300000| Untracked 
|  11|0x0000000082300000, 0x0000000082400000, 0x0000000082400000|100%| O|  |TAMS 0x0000000082400000, 0x0000000082400000| Untracked 
|  12|0x0000000082400000, 0x0000000082500000, 0x0000000082500000|100%| O|  |TAMS 0x0000000082500000, 0x0000000082500000| Untracked 
|  13|0x0000000082500000, 0x0000000082600000, 0x0000000082600000|100%| O|  |TAMS 0x0000000082600000, 0x0000000082600000| Untracked 
|  14|0x0000000082600000, 0x0000000082700000, 0x0000000082700000|100%| O|  |TAMS 0x0000000082700000, 0x0000000082700000| Untracked 
|  15|0x0000000082700000, 0x0000000082800000, 0x0000000082800000|100%| O|  |TAMS 0x0000000082800000, 0x0000000082800000| Untracked 
|  16|0x0000000082800000, 0x0000000082900000, 0x0000000082900000|100%| O|  |TAMS 0x0000000082900000, 0x0000000082900000| Untracked 
|  17|0x0000000082900000, 0x0000000082a00000, 0x0000000082a00000|100%| O|  |TAMS 0x0000000082a00000, 0x0000000082a00000| Untracked 
|  18|0x0000000082a00000, 0x0000000082b00000, 0x0000000082b00000|100%| O|  |TAMS 0x0000000082b00000, 0x0000000082b00000| Untracked 
|  19|0x0000000082b00000, 0x0000000082c00000, 0x0000000082c00000|100%| O|  |TAMS 0x0000000082c00000, 0x0000000082c00000| Untracked 
|  20|0x0000000082c00000, 0x0000000082d00000, 0x0000000082d00000|100%| O|  |TAMS 0x0000000082d00000, 0x0000000082d00000| Untracked 
|  21|0x0000000082d00000, 0x0000000082e00000, 0x0000000082e00000|100%| O|  |TAMS 0x0000000082e00000, 0x0000000082e00000| Untracked 
|  22|0x0000000082e00000, 0x0000000082f00000, 0x0000000082f00000|100%| O|  |TAMS 0x0000000082f00000, 0x0000000082f00000| Untracked 
|  23|0x0000000082f00000, 0x0000000083000000, 0x0000000083000000|100%| O|  |TAMS 0x0000000083000000, 0x0000000083000000| Untracked 
|  24|0x0000000083000000, 0x0000000083100000, 0x0000000083100000|100%| O|  |TAMS 0x0000000083100000, 0x0000000083100000| Untracked 
|  25|0x0000000083100000, 0x0000000083200000, 0x0000000083200000|100%| O|  |TAMS 0x0000000083200000, 0x0000000083200000| Untracked 
|  26|0x0000000083200000, 0x0000000083300000, 0x0000000083300000|100%| O|  |TAMS 0x0000000083300000, 0x0000000083300000| Untracked 
|  27|0x0000000083300000, 0x0000000083400000, 0x0000000083400000|100%| O|  |TAMS 0x0000000083400000, 0x0000000083400000| Untracked 
|  28|0x0000000083400000, 0x0000000083500000, 0x0000000083500000|100%| O|  |TAMS 0x0000000083500000, 0x0000000083500000| Untracked 
|  29|0x0000000083500000, 0x0000000083600000, 0x0000000083600000|100%| O|  |TAMS 0x0000000083600000, 0x0000000083600000| Untracked 
|  30|0x0000000083600000, 0x0000000083700000, 0x0000000083700000|100%| O|  |TAMS 0x0000000083700000, 0x0000000083700000| Untracked 
|  31|0x0000000083700000, 0x0000000083800000, 0x0000000083800000|100%| O|  |TAMS 0x0000000083800000, 0x0000000083800000| Untracked 
|  32|0x0000000083800000, 0x0000000083900000, 0x0000000083900000|100%| O|  |TAMS 0x0000000083900000, 0x0000000083900000| Untracked 
|  33|0x0000000083900000, 0x0000000083a00000, 0x0000000083a00000|100%| O|  |TAMS 0x0000000083a00000, 0x0000000083a00000| Untracked 
|  34|0x0000000083a00000, 0x0000000083b00000, 0x0000000083b00000|100%| O|  |TAMS 0x0000000083b00000, 0x0000000083b00000| Untracked 
|  35|0x0000000083b00000, 0x0000000083c00000, 0x0000000083c00000|100%| O|  |TAMS 0x0000000083c00000, 0x0000000083c00000| Untracked 
|  36|0x0000000083c00000, 0x0000000083d00000, 0x0000000083d00000|100%| O|  |TAMS 0x0000000083d00000, 0x0000000083d00000| Untracked 
|  37|0x0000000083d00000, 0x0000000083e00000, 0x0000000083e00000|100%| O|  |TAMS 0x0000000083e00000, 0x0000000083e00000| Untracked 
|  38|0x0000000083e00000, 0x0000000083f00000, 0x0000000083f00000|100%| O|  |TAMS 0x0000000083f00000, 0x0000000083f00000| Untracked 
|  39|0x0000000083f00000, 0x0000000084000000, 0x0000000084000000|100%| O|  |TAMS 0x0000000084000000, 0x0000000084000000| Untracked 
|  40|0x0000000084000000, 0x0000000084100000, 0x0000000084100000|100%| O|  |TAMS 0x0000000084100000, 0x0000000084100000| Untracked 
|  41|0x0000000084100000, 0x0000000084200000, 0x0000000084200000|100%| O|  |TAMS 0x0000000084200000, 0x0000000084200000| Untracked 
|  42|0x0000000084200000, 0x0000000084300000, 0x0000000084300000|100%| O|  |TAMS 0x0000000084300000, 0x0000000084300000| Untracked 
|  43|0x0000000084300000, 0x0000000084400000, 0x0000000084400000|100%| O|  |TAMS 0x0000000084400000, 0x0000000084400000| Untracked 
|  44|0x0000000084400000, 0x0000000084500000, 0x0000000084500000|100%| O|  |TAMS 0x0000000084500000, 0x0000000084500000| Untracked 
|  45|0x0000000084500000, 0x0000000084600000, 0x0000000084600000|100%| O|  |TAMS 0x0000000084600000, 0x0000000084600000| Untracked 
|  46|0x0000000084600000, 0x0000000084700000, 0x0000000084700000|100%| O|  |TAMS 0x0000000084700000, 0x0000000084700000| Untracked 
|  47|0x0000000084700000, 0x0000000084700000, 0x0000000084800000|  0%| F|  |TAMS 0x0000000084700000, 0x0000000084700000| Untracked 
|  48|0x0000000084800000, 0x0000000084900000, 0x0000000084900000|100%| O|  |TAMS 0x0000000084900000, 0x0000000084900000| Untracked 
|  49|0x0000000084900000, 0x0000000084a00000, 0x0000000084a00000|100%| O|  |TAMS 0x0000000084a00000, 0x0000000084a00000| Untracked 
|  50|0x0000000084a00000, 0x0000000084b00000, 0x0000000084b00000|100%| O|  |TAMS 0x0000000084b00000, 0x0000000084b00000| Untracked 
|  51|0x0000000084b00000, 0x0000000084c00000, 0x0000000084c00000|100%| O|  |TAMS 0x0000000084c00000, 0x0000000084c00000| Untracked 
|  52|0x0000000084c00000, 0x0000000084d00000, 0x0000000084d00000|100%| O|  |TAMS 0x0000000084d00000, 0x0000000084d00000| Untracked 
|  53|0x0000000084d00000, 0x0000000084e00000, 0x0000000084e00000|100%| O|  |TAMS 0x0000000084e00000, 0x0000000084e00000| Untracked 
|  54|0x0000000084e00000, 0x0000000084f00000, 0x0000000084f00000|100%| O|  |TAMS 0x0000000084f00000, 0x0000000084f00000| Untracked 
|  55|0x0000000084f00000, 0x0000000085000000, 0x0000000085000000|100%| O|  |TAMS 0x0000000085000000, 0x0000000085000000| Untracked 
|  56|0x0000000085000000, 0x0000000085100000, 0x0000000085100000|100%| O|  |TAMS 0x0000000085100000, 0x0000000085100000| Untracked 
|  57|0x0000000085100000, 0x0000000085200000, 0x0000000085200000|100%| O|  |TAMS 0x0000000085200000, 0x0000000085200000| Untracked 
|  58|0x0000000085200000, 0x0000000085300000, 0x0000000085300000|100%| O|  |TAMS 0x0000000085300000, 0x0000000085300000| Untracked 
|  59|0x0000000085300000, 0x0000000085400000, 0x0000000085400000|100%| O|  |TAMS 0x0000000085400000, 0x0000000085400000| Untracked 
|  60|0x0000000085400000, 0x0000000085500000, 0x0000000085500000|100%| O|  |TAMS 0x0000000085500000, 0x0000000085500000| Untracked 
|  61|0x0000000085500000, 0x0000000085600000, 0x0000000085600000|100%| O|  |TAMS 0x0000000085600000, 0x0000000085600000| Untracked 
|  62|0x0000000085600000, 0x0000000085700000, 0x0000000085700000|100%| O|  |TAMS 0x0000000085700000, 0x0000000085700000| Untracked 
|  63|0x0000000085700000, 0x0000000085800000, 0x0000000085800000|100%| O|  |TAMS 0x0000000085800000, 0x0000000085800000| Untracked 
|  64|0x0000000085800000, 0x0000000085900000, 0x0000000085900000|100%| O|  |TAMS 0x0000000085900000, 0x0000000085900000| Untracked 
|  65|0x0000000085900000, 0x0000000085a00000, 0x0000000085a00000|100%| O|  |TAMS 0x0000000085a00000, 0x0000000085a00000| Untracked 
|  66|0x0000000085a00000, 0x0000000085b00000, 0x0000000085b00000|100%| O|  |TAMS 0x0000000085b00000, 0x0000000085b00000| Untracked 
|  67|0x0000000085b00000, 0x0000000085c00000, 0x0000000085c00000|100%| O|  |TAMS 0x0000000085c00000, 0x0000000085c00000| Untracked 
|  68|0x0000000085c00000, 0x0000000085d00000, 0x0000000085d00000|100%| O|  |TAMS 0x0000000085d00000, 0x0000000085d00000| Untracked 
|  69|0x0000000085d00000, 0x0000000085e00000, 0x0000000085e00000|100%| O|  |TAMS 0x0000000085e00000, 0x0000000085e00000| Untracked 
|  70|0x0000000085e00000, 0x0000000085f00000, 0x0000000085f00000|100%| O|  |TAMS 0x0000000085f00000, 0x0000000085f00000| Untracked 
|  71|0x0000000085f00000, 0x0000000086000000, 0x0000000086000000|100%| O|  |TAMS 0x0000000086000000, 0x0000000086000000| Untracked 
|  72|0x0000000086000000, 0x0000000086100000, 0x0000000086100000|100%| O|  |TAMS 0x0000000086100000, 0x0000000086100000| Untracked 
|  73|0x0000000086100000, 0x0000000086200000, 0x0000000086200000|100%| O|  |TAMS 0x0000000086200000, 0x0000000086200000| Untracked 
|  74|0x0000000086200000, 0x0000000086300000, 0x0000000086300000|100%| O|  |TAMS 0x0000000086300000, 0x0000000086300000| Untracked 
|  75|0x0000000086300000, 0x0000000086400000, 0x0000000086400000|100%| O|  |TAMS 0x0000000086400000, 0x0000000086400000| Untracked 
|  76|0x0000000086400000, 0x0000000086500000, 0x0000000086500000|100%| O|  |TAMS 0x0000000086500000, 0x0000000086500000| Untracked 
|  77|0x0000000086500000, 0x0000000086600000, 0x0000000086600000|100%| O|  |TAMS 0x0000000086600000, 0x0000000086600000| Untracked 
|  78|0x0000000086600000, 0x0000000086700000, 0x0000000086700000|100%| O|  |TAMS 0x0000000086671a00, 0x0000000086700000| Untracked 
|  79|0x0000000086700000, 0x0000000086800000, 0x0000000086800000|100%|HS|  |TAMS 0x0000000086700000, 0x0000000086800000| Complete 
|  80|0x0000000086800000, 0x0000000086900000, 0x0000000086900000|100%|HC|  |TAMS 0x0000000086800000, 0x0000000086900000| Complete 
|  81|0x0000000086900000, 0x0000000086a00000, 0x0000000086a00000|100%|HC|  |TAMS 0x0000000086900000, 0x0000000086a00000| Complete 
|  82|0x0000000086a00000, 0x0000000086b00000, 0x0000000086b00000|100%|HC|  |TAMS 0x0000000086a00000, 0x0000000086b00000| Complete 
|  83|0x0000000086b00000, 0x0000000086c00000, 0x0000000086c00000|100%|HC|  |TAMS 0x0000000086b00000, 0x0000000086c00000| Complete 
|  84|0x0000000086c00000, 0x0000000086d00000, 0x0000000086d00000|100%|HS|  |TAMS 0x0000000086c00000, 0x0000000086d00000| Complete 
|  85|0x0000000086d00000, 0x0000000086e00000, 0x0000000086e00000|100%|HC|  |TAMS 0x0000000086d00000, 0x0000000086e00000| Complete 
|  86|0x0000000086e00000, 0x0000000086f00000, 0x0000000086f00000|100%|HC|  |TAMS 0x0000000086e00000, 0x0000000086f00000| Complete 
|  87|0x0000000086f00000, 0x0000000087000000, 0x0000000087000000|100%|HC|  |TAMS 0x0000000086f00000, 0x0000000087000000| Complete 
|  88|0x0000000087000000, 0x0000000087100000, 0x0000000087100000|100%|HC|  |TAMS 0x0000000087000000, 0x0000000087100000| Complete 
|  89|0x0000000087100000, 0x0000000087200000, 0x0000000087200000|100%| O|  |TAMS 0x0000000087100000, 0x0000000087200000| Untracked 
|  90|0x0000000087200000, 0x0000000087300000, 0x0000000087300000|100%| O|  |TAMS 0x0000000087200000, 0x0000000087300000| Untracked 
|  91|0x0000000087300000, 0x0000000087400000, 0x0000000087400000|100%| O|  |TAMS 0x0000000087300000, 0x0000000087400000| Untracked 
|  92|0x0000000087400000, 0x0000000087500000, 0x0000000087500000|100%| O|  |TAMS 0x0000000087400000, 0x0000000087500000| Untracked 
|  93|0x0000000087500000, 0x0000000087582000, 0x0000000087600000| 50%| O|  |TAMS 0x0000000087500000, 0x0000000087582000| Untracked 
|  94|0x0000000087600000, 0x0000000087600000, 0x0000000087700000|  0%| F|  |TAMS 0x0000000087600000, 0x0000000087600000| Untracked 
|  95|0x0000000087700000, 0x0000000087700000, 0x0000000087800000|  0%| F|  |TAMS 0x0000000087700000, 0x0000000087700000| Untracked 
|  96|0x0000000087800000, 0x0000000087800000, 0x0000000087900000|  0%| F|  |TAMS 0x0000000087800000, 0x0000000087800000| Untracked 
|  97|0x0000000087900000, 0x0000000087900000, 0x0000000087a00000|  0%| F|  |TAMS 0x0000000087900000, 0x0000000087900000| Untracked 
|  98|0x0000000087a00000, 0x0000000087a00000, 0x0000000087b00000|  0%| F|  |TAMS 0x0000000087a00000, 0x0000000087a00000| Untracked 
|  99|0x0000000087b00000, 0x0000000087b00000, 0x0000000087c00000|  0%| F|  |TAMS 0x0000000087b00000, 0x0000000087b00000| Untracked 
| 100|0x0000000087c00000, 0x0000000087c00000, 0x0000000087d00000|  0%| F|  |TAMS 0x0000000087c00000, 0x0000000087c00000| Untracked 
| 101|0x0000000087d00000, 0x0000000087d00000, 0x0000000087e00000|  0%| F|  |TAMS 0x0000000087d00000, 0x0000000087d00000| Untracked 
| 102|0x0000000087e00000, 0x0000000087e00000, 0x0000000087f00000|  0%| F|  |TAMS 0x0000000087e00000, 0x0000000087e00000| Untracked 
| 103|0x0000000087f00000, 0x0000000087f00000, 0x0000000088000000|  0%| F|  |TAMS 0x0000000087f00000, 0x0000000087f00000| Untracked 
| 104|0x0000000088000000, 0x0000000088000000, 0x0000000088100000|  0%| F|  |TAMS 0x0000000088000000, 0x0000000088000000| Untracked 
| 105|0x0000000088100000, 0x0000000088100000, 0x0000000088200000|  0%| F|  |TAMS 0x0000000088100000, 0x0000000088100000| Untracked 
| 106|0x0000000088200000, 0x0000000088200000, 0x0000000088300000|  0%| F|  |TAMS 0x0000000088200000, 0x0000000088200000| Untracked 
| 107|0x0000000088300000, 0x0000000088300000, 0x0000000088400000|  0%| F|  |TAMS 0x0000000088300000, 0x0000000088300000| Untracked 
| 108|0x0000000088400000, 0x0000000088400000, 0x0000000088500000|  0%| F|  |TAMS 0x0000000088400000, 0x0000000088400000| Untracked 
| 109|0x0000000088500000, 0x0000000088500000, 0x0000000088600000|  0%| F|  |TAMS 0x0000000088500000, 0x0000000088500000| Untracked 
| 110|0x0000000088600000, 0x0000000088600000, 0x0000000088700000|  0%| F|  |TAMS 0x0000000088600000, 0x0000000088600000| Untracked 
| 111|0x0000000088700000, 0x0000000088700000, 0x0000000088800000|  0%| F|  |TAMS 0x0000000088700000, 0x0000000088700000| Untracked 
| 112|0x0000000088800000, 0x0000000088800000, 0x0000000088900000|  0%| F|  |TAMS 0x0000000088800000, 0x0000000088800000| Untracked 
| 113|0x0000000088900000, 0x0000000088900000, 0x0000000088a00000|  0%| F|  |TAMS 0x0000000088900000, 0x0000000088900000| Untracked 
| 114|0x0000000088a00000, 0x0000000088a00000, 0x0000000088b00000|  0%| F|  |TAMS 0x0000000088a00000, 0x0000000088a00000| Untracked 
| 115|0x0000000088b00000, 0x0000000088b968a8, 0x0000000088c00000| 58%| S|CS|TAMS 0x0000000088b00000, 0x0000000088b00000| Complete 
| 116|0x0000000088c00000, 0x0000000088d00000, 0x0000000088d00000|100%| S|CS|TAMS 0x0000000088c00000, 0x0000000088c00000| Complete 
| 117|0x0000000088d00000, 0x0000000088e00000, 0x0000000088e00000|100%| S|CS|TAMS 0x0000000088d00000, 0x0000000088d00000| Complete 
| 118|0x0000000088e00000, 0x0000000088f00000, 0x0000000088f00000|100%| S|CS|TAMS 0x0000000088e00000, 0x0000000088e00000| Complete 
| 119|0x0000000088f00000, 0x0000000089000000, 0x0000000089000000|100%| S|CS|TAMS 0x0000000088f00000, 0x0000000088f00000| Complete 
| 120|0x0000000089000000, 0x0000000089000000, 0x0000000089100000|  0%| F|  |TAMS 0x0000000089000000, 0x0000000089000000| Untracked 
| 121|0x0000000089100000, 0x0000000089100000, 0x0000000089200000|  0%| F|  |TAMS 0x0000000089100000, 0x0000000089100000| Untracked 
| 122|0x0000000089200000, 0x0000000089200000, 0x0000000089300000|  0%| F|  |TAMS 0x0000000089200000, 0x0000000089200000| Untracked 
| 123|0x0000000089300000, 0x0000000089300000, 0x0000000089400000|  0%| F|  |TAMS 0x0000000089300000, 0x0000000089300000| Untracked 
| 124|0x0000000089400000, 0x0000000089400000, 0x0000000089500000|  0%| F|  |TAMS 0x0000000089400000, 0x0000000089400000| Untracked 
| 125|0x0000000089500000, 0x0000000089500000, 0x0000000089600000|  0%| F|  |TAMS 0x0000000089500000, 0x0000000089500000| Untracked 
| 126|0x0000000089600000, 0x0000000089600000, 0x0000000089700000|  0%| F|  |TAMS 0x0000000089600000, 0x0000000089600000| Untracked 
| 127|0x0000000089700000, 0x0000000089700000, 0x0000000089800000|  0%| F|  |TAMS 0x0000000089700000, 0x0000000089700000| Untracked 
| 128|0x0000000089800000, 0x0000000089800000, 0x0000000089900000|  0%| F|  |TAMS 0x0000000089800000, 0x0000000089800000| Untracked 
| 129|0x0000000089900000, 0x0000000089900000, 0x0000000089a00000|  0%| F|  |TAMS 0x0000000089900000, 0x0000000089900000| Untracked 
| 130|0x0000000089a00000, 0x0000000089a00000, 0x0000000089b00000|  0%| F|  |TAMS 0x0000000089a00000, 0x0000000089a00000| Untracked 
| 131|0x0000000089b00000, 0x0000000089b00000, 0x0000000089c00000|  0%| F|  |TAMS 0x0000000089b00000, 0x0000000089b00000| Untracked 
| 132|0x0000000089c00000, 0x0000000089c00000, 0x0000000089d00000|  0%| F|  |TAMS 0x0000000089c00000, 0x0000000089c00000| Untracked 
| 133|0x0000000089d00000, 0x0000000089d00000, 0x0000000089e00000|  0%| F|  |TAMS 0x0000000089d00000, 0x0000000089d00000| Untracked 
| 134|0x0000000089e00000, 0x0000000089e00000, 0x0000000089f00000|  0%| F|  |TAMS 0x0000000089e00000, 0x0000000089e00000| Untracked 
| 135|0x0000000089f00000, 0x0000000089f00000, 0x000000008a000000|  0%| F|  |TAMS 0x0000000089f00000, 0x0000000089f00000| Untracked 
| 136|0x000000008a000000, 0x000000008a000000, 0x000000008a100000|  0%| F|  |TAMS 0x000000008a000000, 0x000000008a000000| Untracked 
| 137|0x000000008a100000, 0x000000008a100000, 0x000000008a200000|  0%| F|  |TAMS 0x000000008a100000, 0x000000008a100000| Untracked 
| 138|0x000000008a200000, 0x000000008a200000, 0x000000008a300000|  0%| F|  |TAMS 0x000000008a200000, 0x000000008a200000| Untracked 
| 139|0x000000008a300000, 0x000000008a300000, 0x000000008a400000|  0%| F|  |TAMS 0x000000008a300000, 0x000000008a300000| Untracked 
| 140|0x000000008a400000, 0x000000008a400000, 0x000000008a500000|  0%| F|  |TAMS 0x000000008a400000, 0x000000008a400000| Untracked 
| 141|0x000000008a500000, 0x000000008a500000, 0x000000008a600000|  0%| F|  |TAMS 0x000000008a500000, 0x000000008a500000| Untracked 
| 142|0x000000008a600000, 0x000000008a600800, 0x000000008a700000|  0%| E|  |TAMS 0x000000008a600000, 0x000000008a600000| Complete 
| 143|0x000000008a700000, 0x000000008a800000, 0x000000008a800000|100%| E|CS|TAMS 0x000000008a700000, 0x000000008a700000| Complete 
| 144|0x000000008a800000, 0x000000008a900000, 0x000000008a900000|100%| E|CS|TAMS 0x000000008a800000, 0x000000008a800000| Complete 
| 145|0x000000008a900000, 0x000000008aa00000, 0x000000008aa00000|100%| E|CS|TAMS 0x000000008a900000, 0x000000008a900000| Complete 
| 146|0x000000008aa00000, 0x000000008ab00000, 0x000000008ab00000|100%| E|CS|TAMS 0x000000008aa00000, 0x000000008aa00000| Complete 
| 147|0x000000008ab00000, 0x000000008ac00000, 0x000000008ac00000|100%| E|CS|TAMS 0x000000008ab00000, 0x000000008ab00000| Complete 
| 148|0x000000008ac00000, 0x000000008ad00000, 0x000000008ad00000|100%| E|CS|TAMS 0x000000008ac00000, 0x000000008ac00000| Complete 
| 149|0x000000008ad00000, 0x000000008ae00000, 0x000000008ae00000|100%| E|CS|TAMS 0x000000008ad00000, 0x000000008ad00000| Complete 
| 150|0x000000008ae00000, 0x000000008af00000, 0x000000008af00000|100%| E|CS|TAMS 0x000000008ae00000, 0x000000008ae00000| Complete 
| 151|0x000000008af00000, 0x000000008b000000, 0x000000008b000000|100%| E|CS|TAMS 0x000000008af00000, 0x000000008af00000| Complete 
| 152|0x000000008b000000, 0x000000008b100000, 0x000000008b100000|100%| E|CS|TAMS 0x000000008b000000, 0x000000008b000000| Complete 
| 153|0x000000008b100000, 0x000000008b200000, 0x000000008b200000|100%| E|CS|TAMS 0x000000008b100000, 0x000000008b100000| Complete 

Card table byte_map: [0x000001ca96ff0000,0x000001ca973f0000] _byte_map_base: 0x000001ca96be4000

Marking Bits (Prev, Next): (CMBitMap*) 0x000001cafe6b20b8, (CMBitMap*) 0x000001cafe6b20f0
 Prev Bits: [0x000001ca977f0000, 0x000001ca99790000)
 Next Bits: [0x000001ca99790000, 0x000001ca9b730000)

Polling page: 0x000001ca80000000

Metaspace:

Usage:
  Non-class:     44.49 MB capacity,    43.72 MB ( 98%) used,   618.83 KB (  1%) free+waste,   171.94 KB ( <1%) overhead. 
      Class:      6.34 MB capacity,     5.73 MB ( 90%) used,   536.19 KB (  8%) free+waste,    88.44 KB (  1%) overhead. 
       Both:     50.83 MB capacity,    49.45 MB ( 97%) used,     1.13 MB (  2%) free+waste,   260.38 KB ( <1%) overhead. 

Virtual space:
  Non-class space:       50.00 MB reserved,      44.50 MB ( 89%) committed 
      Class space:        1.00 GB reserved,       6.38 MB ( <1%) committed 
             Both:        1.05 GB reserved,      50.88 MB (  5%) committed 

Chunk freelists:
   Non-Class:  896 bytes
       Class:  640 bytes
        Both:  1.50 KB

CodeHeap 'non-profiled nmethods': size=120064Kb used=4862Kb max_used=4862Kb free=115201Kb
 bounds [0x000001ca8f080000, 0x000001ca8f540000, 0x000001ca965c0000]
CodeHeap 'profiled nmethods': size=120000Kb used=12084Kb max_used=12084Kb free=107915Kb
 bounds [0x000001ca87b50000, 0x000001ca88720000, 0x000001ca8f080000]
CodeHeap 'non-nmethods': size=5696Kb used=1256Kb max_used=1305Kb free=4439Kb
 bounds [0x000001ca875c0000, 0x000001ca87830000, 0x000001ca87b50000]
 total_blobs=5458 nmethods=4817 adapters=551
 compilation: enabled
              stopped_count=0, restarted_count=0
 full_count=0

Compilation events (10 events):
Event: 70.014 Thread 0x000001ca9e63c800 nmethod 4847 0x000001ca8f53f590 code [0x000001ca8f53f720, 0x000001ca8f53f7d8]
Event: 70.014 Thread 0x000001ca9e63c800 4848       3       com.google.common.base.Ascii::isUpperCase (18 bytes)
Event: 70.015 Thread 0x000001ca9e63c800 nmethod 4848 0x000001ca88710a10 code [0x000001ca88710ba0, 0x000001ca88710d18]
Event: 70.017 Thread 0x000001ca9e63c800 4849       3       java.util.HashMap$EntrySpliterator::forEachRemaining (183 bytes)
Event: 70.019 Thread 0x000001ca9e63c800 nmethod 4849 0x000001ca88710d90 code [0x000001ca88710fa0, 0x000001ca887117c8]
Event: 70.023 Thread 0x000001ca9e63c800 4850   !   3       java.util.zip.Inflater$InflaterZStreamRef::get (52 bytes)
Event: 70.026 Thread 0x000001ca9e63c800 nmethod 4850 0x000001ca88711a90 code [0x000001ca88711ce0, 0x000001ca887126c8]
Event: 70.038 Thread 0x000001ca9e638800 4851       4       org.aspectj.weaver.World::resolveToReferenceType (266 bytes)
Event: 70.041 Thread 0x000001ca9e63c800 4852       3       java.util.TimSort::countRunAndMakeAscending (128 bytes)
Event: 70.043 Thread 0x000001ca9e63c800 nmethod 4852 0x000001ca88712b90 code [0x000001ca88712dc0, 0x000001ca887138c8]

GC Heap History (10 events):
Event: 41.219 GC heap before
{Heap before GC invocations=19 (full 0):
 garbage-first heap   total 157696K, used 124341K [0x0000000081800000, 0x0000000100000000)
  region size 1024K, 58 young (59392K), 6 survivors (6144K)
 Metaspace       used 44142K, capacity 45402K, committed 45696K, reserved 1089536K
  class space    used 4919K, capacity 5462K, committed 5504K, reserved 1048576K
}
Event: 41.239 GC heap after
{Heap after GC invocations=20 (full 0):
 garbage-first heap   total 157696K, used 76131K [0x0000000081800000, 0x0000000100000000)
  region size 1024K, 5 young (5120K), 5 survivors (5120K)
 Metaspace       used 44142K, capacity 45402K, committed 45696K, reserved 1089536K
  class space    used 4919K, capacity 5462K, committed 5504K, reserved 1048576K
}
Event: 47.392 GC heap before
{Heap before GC invocations=20 (full 0):
 garbage-first heap   total 157696K, used 127331K [0x0000000081800000, 0x0000000100000000)
  region size 1024K, 55 young (56320K), 5 survivors (5120K)
 Metaspace       used 46614K, capacity 48059K, committed 48256K, reserved 1091584K
  class space    used 5266K, capacity 5913K, committed 6016K, reserved 1048576K
}
Event: 47.411 GC heap after
{Heap after GC invocations=21 (full 0):
 garbage-first heap   total 157696K, used 80204K [0x0000000081800000, 0x0000000100000000)
  region size 1024K, 4 young (4096K), 4 survivors (4096K)
 Metaspace       used 46614K, capacity 48059K, committed 48256K, reserved 1091584K
  class space    used 5266K, capacity 5913K, committed 6016K, reserved 1048576K
}
Event: 48.944 GC heap before
{Heap before GC invocations=22 (full 0):
 garbage-first heap   total 157696K, used 105804K [0x0000000081800000, 0x0000000100000000)
  region size 1024K, 31 young (31744K), 4 survivors (4096K)
 Metaspace       used 47659K, capacity 49042K, committed 49408K, reserved 1093632K
  class space    used 5411K, capacity 6020K, committed 6144K, reserved 1048576K
}
Event: 48.959 GC heap after
{Heap after GC invocations=23 (full 0):
 garbage-first heap   total 157696K, used 82953K [0x0000000081800000, 0x0000000100000000)
  region size 1024K, 3 young (3072K), 3 survivors (3072K)
 Metaspace       used 47659K, capacity 49042K, committed 49408K, reserved 1093632K
  class space    used 5411K, capacity 6020K, committed 6144K, reserved 1048576K
}
Event: 56.778 GC heap before
{Heap before GC invocations=24 (full 0):
 garbage-first heap   total 157696K, used 134153K [0x0000000081800000, 0x0000000100000000)
  region size 1024K, 43 young (44032K), 3 survivors (3072K)
 Metaspace       used 49169K, capacity 50642K, committed 50816K, reserved 1093632K
  class space    used 5626K, capacity 6256K, committed 6272K, reserved 1048576K
}
Event: 56.792 GC heap after
{Heap after GC invocations=25 (full 0):
 garbage-first heap   total 157696K, used 95664K [0x0000000081800000, 0x0000000100000000)
  region size 1024K, 5 young (5120K), 5 survivors (5120K)
 Metaspace       used 49169K, capacity 50642K, committed 50816K, reserved 1093632K
  class space    used 5626K, capacity 6256K, committed 6272K, reserved 1048576K
}
Event: 57.143 GC heap before
{Heap before GC invocations=25 (full 0):
 garbage-first heap   total 157696K, used 97712K [0x0000000081800000, 0x0000000100000000)
  region size 1024K, 7 young (7168K), 5 survivors (5120K)
 Metaspace       used 49260K, capacity 50755K, committed 50944K, reserved 1093632K
  class space    used 5641K, capacity 6294K, committed 6400K, reserved 1048576K
}
Event: 57.157 GC heap after
{Heap after GC invocations=26 (full 0):
 garbage-first heap   total 157696K, used 95572K [0x0000000081800000, 0x0000000100000000)
  region size 1024K, 1 young (1024K), 1 survivors (1024K)
 Metaspace       used 49260K, capacity 50755K, committed 50944K, reserved 1093632K
  class space    used 5641K, capacity 6294K, committed 6400K, reserved 1048576K
}

Deoptimization events (10 events):
Event: 55.025 Thread 0x000001caa0100000 Uncommon trap: reason=class_check action=maybe_recompile pc=0x000001ca8f4bef40 method=org.openqa.selenium.json.Input.fill()Z @ 85 c2
Event: 55.589 Thread 0x000001caa0100000 Uncommon trap: reason=bimorphic_or_optimized_type_check action=maybe_recompile pc=0x000001ca8f467610 method=java.io.BufferedInputStream.read1([BII)I @ 39 c2
Event: 55.589 Thread 0x000001caa0100000 Uncommon trap: reason=bimorphic_or_optimized_type_check action=maybe_recompile pc=0x000001ca8f467610 method=java.io.BufferedInputStream.read1([BII)I @ 39 c2
Event: 55.590 Thread 0x000001caa0100000 Uncommon trap: reason=class_check action=maybe_recompile pc=0x000001ca8f4bef40 method=org.openqa.selenium.json.Input.fill()Z @ 85 c2
Event: 57.179 Thread 0x000001caa011c800 Uncommon trap: reason=class_check action=maybe_recompile pc=0x000001ca8f3c30c0 method=java.io.FilterInputStream.read()I @ 4 c2
Event: 57.180 Thread 0x000001caa011c800 Uncommon trap: reason=unstable_if action=reinterpret pc=0x000001ca8f0f7a54 method=java.io.ByteArrayInputStream.read()I @ 8 c2
Event: 57.737 Thread 0x000001caa0100000 Uncommon trap: reason=class_check action=maybe_recompile pc=0x000001ca8f4bef40 method=org.openqa.selenium.json.Input.fill()Z @ 85 c2
Event: 57.745 Thread 0x000001caa011c800 Uncommon trap: reason=class_check action=maybe_recompile pc=0x000001ca8f3c30c0 method=java.io.FilterInputStream.read()I @ 4 c2
Event: 57.778 Thread 0x000001caa0100000 Uncommon trap: reason=class_check action=maybe_recompile pc=0x000001ca8f4bef40 method=org.openqa.selenium.json.Input.fill()Z @ 85 c2
Event: 70.201 Thread 0x000001caa00ff800 Uncommon trap: reason=unstable_if action=reinterpret pc=0x000001ca8f504a04 method=org.aspectj.util.GenericSignatureParser.parseFieldTypeSignature(Z)Lorg/aspectj/util/GenericSignature$FieldTypeSignature; @ 52 c2

Classes redefined (0 events):
No events

Internal exceptions (10 events):
Event: 42.350 Thread 0x000001caa011c000 Exception <a 'java/net/SocketTimeoutException'{0x000000008b1d8d60}: connect timed out> (0x000000008b1d8d60) thrown at [./open/src/hotspot/share/prims/jni.cpp, line 632]
Event: 42.441 Thread 0x000001caa011e800 Exception <a 'java/net/SocketTimeoutException'{0x000000008af347f0}: connect timed out> (0x000000008af347f0) thrown at [./open/src/hotspot/share/prims/jni.cpp, line 632]
Event: 42.459 Thread 0x000001caa0100000 Exception <a 'java/lang/NoSuchMethodError'{0x000000008acf7c68}: java.lang.invoke.DirectMethodHandle$Holder.invokeVirtual(Ljava/lang/Object;Ljava/lang/Object;)D> (0x000000008acf7c68) thrown at [./open/src/hotspot/share/interpreter/linkResolver.cpp, line 77
Event: 42.461 Thread 0x000001caa0100000 Exception <a 'java/lang/NoSuchMethodError'{0x000000008acfda20}: java.lang.invoke.DirectMethodHandle$Holder.invokeVirtual(Ljava/lang/Object;Ljava/lang/Object;)F> (0x000000008acfda20) thrown at [./open/src/hotspot/share/interpreter/linkResolver.cpp, line 77
Event: 42.461 Thread 0x000001caa00ff800 Exception <a 'java/lang/NoSuchMethodError'{0x000000008b096328}: java.lang.invoke.DirectMethodHandle$Holder.invokeVirtual(Ljava/lang/Object;Ljava/lang/Object;)F> (0x000000008b096328) thrown at [./open/src/hotspot/share/interpreter/linkResolver.cpp, line 77
Event: 42.651 Thread 0x000001caa00ff800 Exception <a 'java/lang/NoSuchMethodError'{0x000000008a565db0}: java.lang.invoke.DirectMethodHandle$Holder.invokeStatic(Ljava/lang/Object;Ljava/lang/Object;I)V> (0x000000008a565db0) thrown at [./open/src/hotspot/share/interpreter/linkResolver.cpp, line 77
Event: 43.341 Thread 0x000001caa00ff800 Exception <a 'java/lang/NoSuchMethodError'{0x000000008a3fd6b0}: java.lang.invoke.DirectMethodHandle$Holder.invokeSpecialIFC(Ljava/lang/Object;Ljava/lang/Object;Ljava/lang/Object;)I> (0x000000008a3fd6b0) thrown at [./open/src/hotspot/share/interpreter/link
Event: 43.686 Thread 0x000001caa0100000 Exception <a 'java/lang/NoSuchMethodError'{0x0000000088515030}: java.lang.invoke.DirectMethodHandle$Holder.invokeSpecial(Ljava/lang/Object;Ljava/lang/Object;Ljava/lang/Object;Ljava/lang/Object;Ljava/lang/Object;Ljava/lang/Object;)V> (0x0000000088515030) t
Event: 43.688 Thread 0x000001caa00ff800 Exception <a 'java/lang/NoSuchMethodError'{0x0000000088762498}: java.lang.invoke.DirectMethodHandle$Holder.invokeSpecial(Ljava/lang/Object;Ljava/lang/Object;Ljava/lang/Object;Ljava/lang/Object;Ljava/lang/Object;Ljava/lang/Object;)V> (0x0000000088762498) t
Event: 55.047 Thread 0x000001caa0100000 Exception <a 'java/lang/NoSuchMethodError'{0x0000000089eeb820}: java.lang.invoke.DirectMethodHandle$Holder.invokeSpecialIFC(Ljava/lang/Object;Ljava/lang/Object;Ljava/lang/Object;)Ljava/lang/Object;> (0x0000000089eeb820) thrown at [./open/src/hotspot/share

Events (10 events):
Event: 61.623 Executing VM operation: RevokeBias done
Event: 61.623 Executing VM operation: RevokeBias
Event: 61.623 Executing VM operation: RevokeBias done
Event: 69.819 Executing VM operation: RevokeBias
Event: 69.820 Executing VM operation: RevokeBias done
Event: 70.018 loading class org/assertj/core/api/Assertions
Event: 70.018 loading class org/assertj/core/api/Assertions done
Event: 70.201 Thread 0x000001caa00ff800 Uncommon trap: trap_request=0xffffff4d fr.pc=0x000001ca8f504a04 relative=0x0000000000000ae4
Event: 70.201 Thread 0x000001caa00ff800 DEOPT PACKING pc=0x000001ca8f504a04 sp=0x00000005bfbfa050
Event: 70.201 Thread 0x000001caa00ff800 DEOPT UNPACKING pc=0x000001ca875e662f sp=0x00000005bfbfa040 mode 2


Dynamic libraries:
0x00007ff732100000 - 0x00007ff73210f000 	C:\Program Files\Java\jdk-11.0.14\bin\java.exe
0x00007ffed08d0000 - 0x00007ffed0ac8000 	C:\WINDOWS\SYSTEM32\ntdll.dll
0x00007ffecfd40000 - 0x00007ffecfe02000 	C:\WINDOWS\System32\KERNEL32.DLL
0x00007ffece410000 - 0x00007ffece70e000 	C:\WINDOWS\System32\KERNELBASE.dll
0x00007ffece7f0000 - 0x00007ffece8f0000 	C:\WINDOWS\System32\ucrtbase.dll
0x00007ffeb6380000 - 0x00007ffeb6395000 	C:\Program Files\Java\jdk-11.0.14\bin\VCRUNTIME140.dll
0x00007ffebdd70000 - 0x00007ffebdd88000 	C:\Program Files\Java\jdk-11.0.14\bin\jli.dll
0x00007ffecf760000 - 0x00007ffecf812000 	C:\WINDOWS\System32\ADVAPI32.dll
0x00007ffed03e0000 - 0x00007ffed047e000 	C:\WINDOWS\System32\msvcrt.dll
0x00007ffecffd0000 - 0x00007ffed0070000 	C:\WINDOWS\System32\sechost.dll
0x00007ffed0070000 - 0x00007ffed0193000 	C:\WINDOWS\System32\RPCRT4.dll
0x00007ffece0d0000 - 0x00007ffece0f7000 	C:\WINDOWS\System32\bcrypt.dll
0x00007ffecf830000 - 0x00007ffecf9cd000 	C:\WINDOWS\System32\USER32.dll
0x00007ffece710000 - 0x00007ffece732000 	C:\WINDOWS\System32\win32u.dll
0x00007ffed0840000 - 0x00007ffed086b000 	C:\WINDOWS\System32\GDI32.dll
0x00007ffece100000 - 0x00007ffece217000 	C:\WINDOWS\System32\gdi32full.dll
0x00007ffece290000 - 0x00007ffece32d000 	C:\WINDOWS\System32\msvcp_win.dll
0x00007ffebc880000 - 0x00007ffebcb1a000 	C:\WINDOWS\WinSxS\amd64_microsoft.windows.common-controls_6595b64144ccf1df_6.0.19041.4355_none_60b8b9eb71f62e16\COMCTL32.dll
0x00007ffecdca0000 - 0x00007ffecdcaa000 	C:\WINDOWS\SYSTEM32\VERSION.dll
0x00007ffecfb60000 - 0x00007ffecfb8f000 	C:\WINDOWS\System32\IMM32.DLL
0x000000005fbe0000 - 0x000000005fbec000 	C:\Program Files (x86)\360\Total Security\safemon\SafeWrapper.dll
0x00007ffeb6060000 - 0x00007ffeb610c000 	C:\Program Files (x86)\360\Total Security\safemon\libzdtp64.dll
0x00007ffecea20000 - 0x00007ffecf18f000 	C:\WINDOWS\System32\SHELL32.dll
0x00007ffecfe90000 - 0x00007ffecfee5000 	C:\WINDOWS\System32\SHLWAPI.dll
0x00007ffe9f610000 - 0x00007ffe9f6ab000 	C:\Program Files\Java\jdk-11.0.14\bin\msvcp140.dll
0x00007ffe60130000 - 0x00007ffe60c46000 	C:\Program Files\Java\jdk-11.0.14\bin\server\jvm.dll
0x00007ffecfa30000 - 0x00007ffecfa38000 	C:\WINDOWS\System32\PSAPI.DLL
0x00007ffebe0f0000 - 0x00007ffebe117000 	C:\WINDOWS\SYSTEM32\WINMM.dll
0x00007ffeb5780000 - 0x00007ffeb5789000 	C:\WINDOWS\SYSTEM32\WSOCK32.dll
0x00007ffed0370000 - 0x00007ffed03db000 	C:\WINDOWS\System32\WS2_32.dll
0x00007ffecbc60000 - 0x00007ffecbc72000 	C:\WINDOWS\SYSTEM32\kernel.appcore.dll
0x00007ffec4260000 - 0x00007ffec4270000 	C:\Program Files\Java\jdk-11.0.14\bin\verify.dll
0x00007ffeaff60000 - 0x00007ffeb0144000 	C:\WINDOWS\SYSTEM32\DBGHELP.DLL
0x00007ffeaff20000 - 0x00007ffeaff54000 	C:\WINDOWS\SYSTEM32\dbgcore.DLL
0x00007ffece380000 - 0x00007ffece402000 	C:\WINDOWS\System32\bcryptPrimitives.dll
0x00007ffeada60000 - 0x00007ffeada88000 	C:\Program Files\Java\jdk-11.0.14\bin\java.dll
0x00007ffec09d0000 - 0x00007ffec09da000 	C:\Program Files\Java\jdk-11.0.14\bin\jimage.dll
0x00007ffeca1c0000 - 0x00007ffeca1ce000 	C:\Program Files\Java\jdk-11.0.14\bin\instrument.dll
0x00007ffeb39a0000 - 0x00007ffeb39b6000 	C:\Program Files\Java\jdk-11.0.14\bin\zip.dll
0x00007ffecbf40000 - 0x00007ffecc6e4000 	C:\WINDOWS\SYSTEM32\windows.storage.dll
0x00007ffed04e0000 - 0x00007ffed0833000 	C:\WINDOWS\System32\combase.dll
0x00007ffecd780000 - 0x00007ffecd7ae000 	C:\WINDOWS\SYSTEM32\Wldp.dll
0x00007ffecf190000 - 0x00007ffecf25d000 	C:\WINDOWS\System32\OLEAUT32.dll
0x00007ffed01a0000 - 0x00007ffed024d000 	C:\WINDOWS\System32\SHCORE.dll
0x00007ffecdea0000 - 0x00007ffecdec4000 	C:\WINDOWS\SYSTEM32\profapi.dll
0x00007ffeaeeb0000 - 0x00007ffeaeec9000 	C:\Program Files\Java\jdk-11.0.14\bin\net.dll
0x00007ffec6ac0000 - 0x00007ffec6bcd000 	C:\WINDOWS\SYSTEM32\WINHTTP.dll
0x00007ffecd560000 - 0x00007ffecd5ca000 	C:\WINDOWS\system32\mswsock.dll
0x00007ffead650000 - 0x00007ffead662000 	C:\Program Files\Java\jdk-11.0.14\bin\nio.dll
0x00007ffec6300000 - 0x00007ffec631a000 	C:\Program Files\JetBrains\IntelliJ IDEA Community Edition 2023.1.5\bin\breakgen64.dll
0x00007ffecdbb0000 - 0x00007ffecdbc8000 	C:\WINDOWS\SYSTEM32\CRYPTSP.dll
0x00007ffeccea0000 - 0x00007ffecced4000 	C:\WINDOWS\system32\rsaenh.dll
0x00007ffecde20000 - 0x00007ffecde4e000 	C:\WINDOWS\SYSTEM32\USERENV.dll
0x00007ffecd6f0000 - 0x00007ffecd6fc000 	C:\WINDOWS\SYSTEM32\CRYPTBASE.dll
0x00007ffecd260000 - 0x00007ffecd29b000 	C:\WINDOWS\SYSTEM32\IPHLPAPI.DLL
0x00007ffecf820000 - 0x00007ffecf828000 	C:\WINDOWS\System32\NSI.dll
0x00007ffec6f70000 - 0x00007ffec6f87000 	C:\WINDOWS\SYSTEM32\dhcpcsvc6.DLL
0x00007ffec6ee0000 - 0x00007ffec6efd000 	C:\WINDOWS\SYSTEM32\dhcpcsvc.DLL
0x00007ffecd2a0000 - 0x00007ffecd36a000 	C:\WINDOWS\SYSTEM32\DNSAPI.dll
0x00007ffebe590000 - 0x00007ffebe5a7000 	C:\WINDOWS\system32\napinsp.dll
0x00007ffebdd50000 - 0x00007ffebdd6b000 	C:\WINDOWS\system32\pnrpnsp.dll
0x00007ffec9590000 - 0x00007ffec95a5000 	C:\WINDOWS\system32\wshbth.dll
0x00007ffecb1c0000 - 0x00007ffecb1dd000 	C:\WINDOWS\system32\NLAapi.dll
0x00007ffeb8090000 - 0x00007ffeb80a2000 	C:\WINDOWS\System32\winrnr.dll
0x00007ffec6800000 - 0x00007ffec680a000 	C:\Windows\System32\rasadhlp.dll
0x00007ffec4c30000 - 0x00007ffec4cb0000 	C:\WINDOWS\System32\fwpuclnt.dll
0x00007ffeca1b0000 - 0x00007ffeca1b9000 	C:\Program Files\Java\jdk-11.0.14\bin\management.dll
0x00007ffeca190000 - 0x00007ffeca19b000 	C:\Program Files\Java\jdk-11.0.14\bin\management_ext.dll
0x00007ffec4270000 - 0x00007ffec427d000 	C:\Program Files\Java\jdk-11.0.14\bin\sunmscapi.dll
0x00007ffecdf70000 - 0x00007ffece0cc000 	C:\WINDOWS\System32\CRYPT32.dll
0x00007ffecd8c0000 - 0x00007ffecd8e7000 	C:\WINDOWS\SYSTEM32\ncrypt.dll
0x00007ffecd880000 - 0x00007ffecd8bb000 	C:\WINDOWS\SYSTEM32\NTASN1.dll
0x00007ffec0570000 - 0x00007ffec0595000 	C:\Program Files\Java\jdk-11.0.14\bin\sunec.dll

dbghelp: loaded successfully - version: 4.0.5 - missing functions: none
symbol engine: initialized successfully - sym options: 0x614 - pdb path: .;C:\Program Files\Java\jdk-11.0.14\bin;C:\WINDOWS\SYSTEM32;C:\WINDOWS\WinSxS\amd64_microsoft.windows.common-controls_6595b64144ccf1df_6.0.19041.4355_none_60b8b9eb71f62e16;C:\Program Files (x86)\360\Total Security\safemon;C:\Program Files\Java\jdk-11.0.14\bin\server;C:\Program Files\JetBrains\IntelliJ IDEA Community Edition 2023.1.5\bin

VM Arguments:
jvm_args: -ea -javaagent:C:\Users\amit\.m2\repository/org/aspectj/aspectjweaver/1.9.20.1/aspectjweaver-1.9.20.1.jar -Didea.test.cyclic.buffer.size=1048576 -javaagent:C:\Program Files\JetBrains\IntelliJ IDEA Community Edition 2023.1.5\lib\idea_rt.jar=45360:C:\Program Files\JetBrains\IntelliJ IDEA Community Edition 2023.1.5\bin -Dfile.encoding=UTF-8 
java_command: com.intellij.rt.testng.RemoteTestNGStarter -usedefaultlisteners false -socket45359 @w@C:\Users\amit\AppData\Local\Temp\idea_working_dirs_testng.tmp -temp C:\Users\amit\AppData\Local\Temp\idea_testng.tmp
java_class_path (initial): C:\Program Files\JetBrains\IntelliJ IDEA Community Edition 2023.1.5\lib\idea_rt.jar;C:\Program Files\JetBrains\IntelliJ IDEA Community Edition 2023.1.5\plugins\testng\lib\testng-rt.jar;J:\3. automation testing testing acadmey\day41--selenium -UI elements\AssignmentAnswers\Appolo-Tools\target\test-classes;J:\3. automation testing testing acadmey\day41--selenium -UI elements\AssignmentAnswers\Appolo-Tools\target\classes;C:\Users\amit\.m2\repository\org\seleniumhq\selenium\selenium-java\4.9.1\selenium-java-4.9.1.jar;C:\Users\amit\.m2\repository\org\seleniumhq\selenium\selenium-api\4.9.1\selenium-api-4.9.1.jar;C:\Users\amit\.m2\repository\org\seleniumhq\selenium\selenium-devtools-v111\4.9.1\selenium-devtools-v111-4.9.1.jar;C:\Users\amit\.m2\repository\org\seleniumhq\selenium\selenium-devtools-v112\4.9.1\selenium-devtools-v112-4.9.1.jar;C:\Users\amit\.m2\repository\org\seleniumhq\selenium\selenium-devtools-v113\4.9.1\selenium-devtools-v113-4.9.1.jar;C:\Users\amit\.m2\repository\org\seleniumhq\selenium\selenium-devtools-v85\4.9.1\selenium-devtools-v85-4.9.1.jar;C:\Users\amit\.m2\repository\org\seleniumhq\selenium\selenium-edge-driver\4.9.1\selenium-edge-driver-4.9.1.jar;C:\Users\amit\.m2\repository\org\seleniumhq\selenium\selenium-firefox-driver\4.9.1\selenium-firefox-driver-4.9.1.jar;C:\Users\amit\.m2\repository\org\seleniumhq\selenium\selenium-http\4.9.1\selenium-http-4.9.1.jar;C:\Users\amit\.m2\repository\dev\failsafe\failsafe\3.3.1\failsafe-3.3.1.jar;C:\Users\amit\.m2\repository\org\seleniumhq\selenium\selenium-ie-driver\4.9.1\selenium-ie-driver-4.9.1.jar;C:\Users\amit\.m2\repository\org\seleniumhq\selenium\selenium-remote-driver\4.9.1\selenium-remote-driver-4.9.1.jar;C:\Users\amit\.m2\repository\io\netty\netty-buffer\4.1.91.Final\netty-buffer-4.1.91.Final.jar;C:\Users\amit\.m2\repository\io\netty\netty-codec-http\4.1.91.Final\netty-codec-http-4.1.91.Final.jar;C:\Users\amit\.m2\repository\io\netty\netty-codec\4.1.91.Final\netty-codec-4.1.9
Launcher Type: SUN_STANDARD

[Global flags]
     intx CICompilerCount                          = 3                                         {product} {ergonomic}
     uint ConcGCThreads                            = 1                                         {product} {ergonomic}
     uint G1ConcRefinementThreads                  = 4                                         {product} {ergonomic}
   size_t G1HeapRegionSize                         = 1048576                                   {product} {ergonomic}
    uintx GCDrainStackTargetSize                   = 64                                        {product} {ergonomic}
   size_t InitialHeapSize                          = 134217728                                 {product} {ergonomic}
   size_t MarkStackSize                            = 4194304                                   {product} {ergonomic}
   size_t MaxHeapSize                              = 2122317824                                {product} {ergonomic}
   size_t MaxNewSize                               = 1272971264                                {product} {ergonomic}
   size_t MinHeapDeltaBytes                        = 1048576                                   {product} {ergonomic}
    uintx NonNMethodCodeHeapSize                   = 5830732                                {pd product} {ergonomic}
    uintx NonProfiledCodeHeapSize                  = 122913754                              {pd product} {ergonomic}
    uintx ProfiledCodeHeapSize                     = 122913754                              {pd product} {ergonomic}
    uintx ReservedCodeCacheSize                    = 251658240                              {pd product} {ergonomic}
     bool SegmentedCodeCache                       = true                                      {product} {ergonomic}
     bool UseCompressedClassPointers               = true                                 {lp64_product} {ergonomic}
     bool UseCompressedOops                        = true                                 {lp64_product} {ergonomic}
     bool UseG1GC                                  = true                                      {product} {ergonomic}
     bool UseLargePagesIndividualAllocation        = false                                  {pd product} {ergonomic}

Logging:
Log output configuration:
 #0: stdout all=warning uptime,level,tags
 #1: stderr all=off uptime,level,tags

Environment Variables:
JAVA_HOME=C:\Program Files\Java\jdk-11.0.14
CLASSPATH=E:\cdac pune\6.core java\day2\assignment 2\bin;E:\cdac pune\6.core java\day1\day1 (assignment)\q4\bin
PATH=C:\Program Files\Java\jdk-11.0.14\bin;C:\Users\amit\AppData\Local\Android\Sdk\platform-tools;C:\Users\amit\AppData\Local\Android\Sdk\tools;C:\TDM-GCC-64\bin;C:\Program Files\Common Files\Oracle\Java\javapath;C:\Program Files (x86)\Common Files\Oracle\Java\javapath;C:\PROGRAMDATA\ORACLE\JAVA\JAVAPATH;C:\PROGRAM FILES (X86)\INTEL\ICLS CLIENT\;C:\PROGRAM FILES\INTEL\ICLS CLIENT\;C:\WINDOWS\SYSTEM32;C:\WINDOWS;C:\WINDOWS\SYSTEM32\WBEM;C:\WINDOWS\SYSTEM32\WINDOWSPOWERSHELL\V1.0\;C:\PROGRAM FILES\INTEL\INTEL(R) MANAGEMENT ENGINE COMPONENTS\DAL;C:\PROGRAM FILES\INTEL\INTEL(R) MANAGEMENT ENGINE COMPONENTS\IPT;C:\PROGRAM FILES (X86)\INTEL\INTEL(R) MANAGEMENT ENGINE COMPONENTS\DAL;C:\PROGRAM FILES (X86)\INTEL\INTEL(R) MANAGEMENT ENGINE COMPONENTS\IPT;C:\PROGRAM FILES (X86)\COMMON FILES\LENOVO\EASYPLUSSDK\BIN;C:\Program Files\WIDCOMM\Bluetooth Software\;C:\Program Files\WIDCOMM\Bluetooth Software\syswow64;C:\WINDOWS\system32;C:\WINDOWS\System32\Wbem;C:\WINDOWS\System32\WindowsPowerShell\v1.0\;C:\Program Files (x86)\NVIDIA Corporation\PhysX\Common;C:\Users\amit\AppData\Local\Microsoft\WindowsApps;C:\Users\amit\AppData\Roaming\Dashl;C:\WINDOWS\System32\OpenSSH\;C:\Program Files (x86)\Microsoft VS Code\bin;C:\Program Files\MySQL\MySQL Server 8.0\bin;C:\Program Files\dotnet\;C:\Program Files\Microsoft SQL Server\130\Tools\Binn\;C:\Program Files\Microsoft SQL Server\Client SDK\ODBC\170\Tools\Binn\;C:\Program Files\nodejs\;C:\Users\amit\Desktop\curl-8.0.1_7-win64-mingw;C:\apache-maven-3.9.3\bin;C:\allure-2.10.0\bin;C:\Windows\System32\wsl.exe;C:\Program Files\Go\bin;C:\sqlite-tools-win32-x86-3430100;C:\Program Files\PuTTY\;C:\Program Files\Amazon\AWSCLIV2\;C:\Program Files\Git\cmd;C:\Program Files\Git LFS;C:\Users\amit\AppData\Local\Android\Sdk\tools\bin;C:\Users\amit\AppData\Local\Android\Sdk\build-tools\35.0.0-rc4;C:\WINDOWS\system32;C:\WINDOWS;C:\WINDOWS\System32\Wbem;C:\WINDOWS\System32\WindowsPowerShell\v1.0\;C:\WINDOWS\System32\OpenSSH\;C:\Program Files\Docker\Docker\resourc
USERNAME=sumit
OS=Windows_NT
PROCESSOR_IDENTIFIER=Intel64 Family 6 Model 69 Stepping 1, GenuineIntel



---------------  S Y S T E M  ---------------

OS: Windows 10 , 64 bit Build 19041 (10.0.19041.4957)
Hyper-V role detected

CPU:total 4 (initial active 4) (2 cores per cpu, 2 threads per core) family 6 model 69 stepping 1 microcode 0x25, cmov, cx8, fxsr, mmx, sse, sse2, sse3, ssse3, sse4.1, sse4.2, popcnt, avx, avx2, aes, clmul, erms, lzcnt, ht, tsc, tscinvbit, bmi1, bmi2, fma

Memory: 4k page, system-wide physical 8095M (808M free)
TotalPageFile size 11538M (AvailPageFile size 6M)
current process WorkingSet (physical memory assigned to process): 319M, peak: 343M
current process commit charge ("private bytes"): 354M, peak: 375M

vm_info: Java HotSpot(TM) 64-Bit Server VM (11.0.14+8-LTS-263) for windows-amd64 JRE (11.0.14+8-LTS-263), built on Dec  7 2021 21:53:57 by "mach5one" with MS VC++ 15.9 (VS2017)

END.
