#
# There is insufficient memory for the Java Runtime Environment to continue.
# Native memory allocation (malloc) failed to allocate 881856 bytes for Chunk::new
# Possible reasons:
#   The system is out of physical RAM or swap space
#   The process is running with CompressedOops enabled, and the Java Heap may be blocking the growth of the native heap
# Possible solutions:
#   Reduce memory load on the system
#   Increase physical memory or swap space
#   Check if swap backing store is full
#   Decrease Java heap size (-Xmx/-Xms)
#   Decrease number of Java threads
#   Decrease Java thread stack sizes (-Xss)
#   Set larger code cache with -XX:ReservedCodeCacheSize=
#   JVM is running with Unscaled Compressed Oops mode in which the Java heap is
#     placed in the first 4GB address space. The Java Heap base address is the
#     maximum limit for the native heap growth. Please use -XX:HeapBaseMinAddress
#     to set the Java Heap base and to place the Java Heap above 4GB virtual address.
# This output file may be truncated or incomplete.
#
#  Out of Memory Error (./open/src/hotspot/share/memory/arena.cpp:197), pid=16244, tid=17584
#
# JRE version: Java(TM) SE Runtime Environment 18.9 (11.0.14+8) (build 11.0.14+8-LTS-263)
# Java VM: Java HotSpot(TM) 64-Bit Server VM 18.9 (11.0.14+8-LTS-263, mixed mode, tiered, compressed oops, g1 gc, windows-amd64)
# No core dump will be written. Minidumps are not enabled by default on client versions of Windows
#

---------------  S U M M A R Y ------------

Command Line: -ea -javaagent:C:\Users\amit\.m2\repository/org/aspectj/aspectjweaver/1.9.20.1/aspectjweaver-1.9.20.1.jar -Didea.test.cyclic.buffer.size=1048576 -javaagent:C:\Program Files\JetBrains\IntelliJ IDEA Community Edition 2024.3.1.1\lib\idea_rt.jar=38653:C:\Program Files\JetBrains\IntelliJ IDEA Community Edition 2024.3.1.1\bin -javaagent:C:\Users\amit\AppData\Local\JetBrains\IdeaIC2024.3\captureAgent\debugger-agent.jar -Dkotlinx.coroutines.debug.enable.creation.stack.trace=false -Ddebugger.agent.enable.coroutines=true -Dkotlinx.coroutines.debug.enable.flows.stack.trace=true -Dkotlinx.coroutines.debug.enable.mutable.state.flows.stack.trace=true -Dfile.encoding=UTF-8 com.intellij.rt.testng.RemoteTestNGStarter -usedefaultlisteners false -socket38652 @w@C:\Users\amit\AppData\Local\Temp\idea_working_dirs_testng.tmp -temp C:\Users\amit\AppData\Local\Temp\idea_testng.tmp

Host: Intel(R) Core(TM) i3-4005U CPU @ 1.70GHz, 4 cores, 7G,  Windows 10 , 64 bit Build 19041 (10.0.19041.5198)
Time: Sun Jan 12 19:51:59 2025 India Standard Time elapsed time: 164.780983 seconds (0d 0h 2m 44s)

---------------  T H R E A D  ---------------

Current thread (0x000001d5d7bf9000):  JavaThread "C2 CompilerThread0" daemon [_thread_in_native, id=17584, stack(0x0000004e07000000,0x0000004e07100000)]


Current CompileTask:
C2: 164782 4474       4       java.lang.invoke.InvokerBytecodeGenerator::emitImplicitConversion (159 bytes)

Stack: [0x0000004e07000000,0x0000004e07100000]
Native frames: (J=compiled Java code, j=interpreted, Vv=VM code, C=native code)
V  [jvm.dll+0x6296da]
V  [jvm.dll+0x76323f]
V  [jvm.dll+0x7648e9]
V  [jvm.dll+0x764f73]
V  [jvm.dll+0x23d7c8]
V  [jvm.dll+0xb297c]
V  [jvm.dll+0xb2f3c]
V  [jvm.dll+0x2ae594]
V  [jvm.dll+0x53cec6]
V  [jvm.dll+0x20069d]
V  [jvm.dll+0x1fa44a]
V  [jvm.dll+0x1f742d]
V  [jvm.dll+0x177b21]
V  [jvm.dll+0x206e26]
V  [jvm.dll+0x204fbb]
V  [jvm.dll+0x729170]
V  [jvm.dll+0x721d44]
V  [jvm.dll+0x6285d6]
C  [ucrtbase.dll+0x21bb2]
C  [KERNEL32.DLL+0x17374]
C  [ntdll.dll+0x4cc91]


---------------  P R O C E S S  ---------------

Threads class SMR info:
_java_thread_list=0x000001d5df0005c0, length=17, elements={
0x000001d5ba553000, 0x000001d5d8406000, 0x000001d5d8410000, 0x000001d5d845e800,
0x000001d5d8461800, 0x000001d5d8463800, 0x000001d5d7bf9000, 0x000001d5d7bfc000,
0x000001d5d8471000, 0x000001d5d877d000, 0x000001d5d9823800, 0x000001d5dc238000,
0x000001d5db5f1000, 0x000001d5d963e800, 0x000001d5dc2f6800, 0x000001d5d8522000,
0x000001d5dba1a800
}

Java Threads: ( => current thread )
  0x000001d5ba553000 JavaThread "main" [_thread_blocked, id=13700, stack(0x0000004e06400000,0x0000004e06500000)]
  0x000001d5d8406000 JavaThread "Reference Handler" daemon [_thread_blocked, id=5800, stack(0x0000004e06b00000,0x0000004e06c00000)]
  0x000001d5d8410000 JavaThread "Finalizer" daemon [_thread_blocked, id=12488, stack(0x0000004e06c00000,0x0000004e06d00000)]
  0x000001d5d845e800 JavaThread "Signal Dispatcher" daemon [_thread_blocked, id=2248, stack(0x0000004e06d00000,0x0000004e06e00000)]
  0x000001d5d8461800 JavaThread "Attach Listener" daemon [_thread_blocked, id=13428, stack(0x0000004e06e00000,0x0000004e06f00000)]
  0x000001d5d8463800 JavaThread "Service Thread" daemon [_thread_blocked, id=8788, stack(0x0000004e06f00000,0x0000004e07000000)]
=>0x000001d5d7bf9000 JavaThread "C2 CompilerThread0" daemon [_thread_in_native, id=17584, stack(0x0000004e07000000,0x0000004e07100000)]
  0x000001d5d7bfc000 JavaThread "C1 CompilerThread0" daemon [_thread_blocked, id=19744, stack(0x0000004e07100000,0x0000004e07200000)]
  0x000001d5d8471000 JavaThread "Sweeper thread" daemon [_thread_blocked, id=11640, stack(0x0000004e07200000,0x0000004e07300000)]
  0x000001d5d877d000 JavaThread "Common-Cleaner" daemon [_thread_blocked, id=2364, stack(0x0000004e07300000,0x0000004e07400000)]
  0x000001d5d9823800 JavaThread "Monitor Ctrl-Break" daemon [_thread_in_native, id=7536, stack(0x0000004e07600000,0x0000004e07700000)]
  0x000001d5dc238000 JavaThread "TestNG-test=J:/3. automation testing testing acadmey/day41--selenium -UI elements/AssignmentAnswers/Appolo-Tools/src/test/java/org/example/TestCases/Five/sametwobrowsertwothreads/AppVWOChallengeFiveTest.java-1" [_thread_in_Java, id=17344, stack(0x0000004e07b00000,0x0000004e07c00000)]
  0x000001d5db5f1000 JavaThread "TestNG-test=J:/3. automation testing testing acadmey/day41--selenium -UI elements/AssignmentAnswers/Appolo-Tools/src/test/java/org/example/TestCases/Five/sametwobrowsertwothreads/AppVWOChallengeFiveTest.java-2" [_thread_blocked, id=19576, stack(0x0000004e07c00000,0x0000004e07d00000)]
  0x000001d5d963e800 JavaThread "ForkJoinPool.commonPool-worker-7" daemon [_thread_blocked, id=16296, stack(0x0000004e07d00000,0x0000004e07e00000)]
  0x000001d5dc2f6800 JavaThread "AsyncHttpClient-1-1" daemon [_thread_blocked, id=3236, stack(0x0000004e07f00000,0x0000004e08000000)]
  0x000001d5d8522000 JavaThread "AsyncHttpClient-1-2" daemon [_thread_in_native, id=19376, stack(0x0000004e08000000,0x0000004e08100000)]
  0x000001d5dba1a800 JavaThread "AsyncHttpClient-1-3" daemon [_thread_in_native, id=832, stack(0x0000004e08100000,0x0000004e08200000)]

Other Threads:
  0x000001d5d7bd1000 VMThread "VM Thread" [stack: 0x0000004e06a00000,0x0000004e06b00000] [id=19280]
  0x000001d5d8fd7800 WatcherThread [stack: 0x0000004e07700000,0x0000004e07800000] [id=6704]
  0x000001d5ba56a000 GCTaskThread "GC Thread#0" [stack: 0x0000004e06500000,0x0000004e06600000] [id=2136]
  0x000001d5d8c74800 GCTaskThread "GC Thread#1" [stack: 0x0000004e07400000,0x0000004e07500000] [id=15852]
  0x000001d5d8c10800 GCTaskThread "GC Thread#2" [stack: 0x0000004e07500000,0x0000004e07600000] [id=12592]
  0x000001d5dd3c4800 GCTaskThread "GC Thread#3" [stack: 0x0000004e07e00000,0x0000004e07f00000] [id=11316]
  0x000001d5ba599000 ConcurrentGCThread "G1 Main Marker" [stack: 0x0000004e06600000,0x0000004e06700000] [id=16520]
  0x000001d5ba59a000 ConcurrentGCThread "G1 Conc#0" [stack: 0x0000004e06700000,0x0000004e06800000] [id=2540]
  0x000001d5d7a3e800 ConcurrentGCThread "G1 Refine#0" [stack: 0x0000004e06800000,0x0000004e06900000] [id=12884]
  0x000001d5d7a40000 ConcurrentGCThread "G1 Young RemSet Sampling" [stack: 0x0000004e06900000,0x0000004e06a00000] [id=10244]

Threads with active compile tasks:
C2 CompilerThread0 169795 4474       4       java.lang.invoke.InvokerBytecodeGenerator::emitImplicitConversion (159 bytes)
C1 CompilerThread0 169796 4528       2       java.util.concurrent.atomic.AtomicLongArray::get (12 bytes)

VM state:not at safepoint (normal execution)

VM Mutex/Monitor currently owned by a thread: None

Heap address: 0x0000000081800000, size: 2024 MB, Compressed Oops mode: 32-bit
Narrow klass base: 0x0000000000000000, Narrow klass shift: 3
Compressed class space size: 1073741824 Address: 0x0000000100000000

Heap:
 garbage-first heap   total 131072K, used 89782K [0x0000000081800000, 0x0000000100000000)
  region size 1024K, 31 young (31744K), 7 survivors (7168K)
 Metaspace       used 41464K, capacity 42823K, committed 43008K, reserved 1087488K
  class space    used 4700K, capacity 5267K, committed 5376K, reserved 1048576K
Heap Regions: E=young(eden), S=young(survivor), O=old, HS=humongous(starts), HC=humongous(continues), CS=collection set, F=free, A=archive, TAMS=top-at-mark-start (previous, next)
|   0|0x0000000081800000, 0x0000000081900000, 0x0000000081900000|100%|HS|  |TAMS 0x0000000081900000, 0x0000000081800000| Complete 
|   1|0x0000000081900000, 0x0000000081a00000, 0x0000000081a00000|100%| O|  |TAMS 0x0000000081a00000, 0x0000000081900000| Untracked 
|   2|0x0000000081a00000, 0x0000000081b00000, 0x0000000081b00000|100%| O|  |TAMS 0x0000000081b00000, 0x0000000081a00000| Untracked 
|   3|0x0000000081b00000, 0x0000000081c00000, 0x0000000081c00000|100%| O|  |TAMS 0x0000000081c00000, 0x0000000081b00000| Untracked 
|   4|0x0000000081c00000, 0x0000000081d00000, 0x0000000081d00000|100%| O|  |TAMS 0x0000000081d00000, 0x0000000081c00000| Untracked 
|   5|0x0000000081d00000, 0x0000000081e00000, 0x0000000081e00000|100%| O|  |TAMS 0x0000000081e00000, 0x0000000081d00000| Untracked 
|   6|0x0000000081e00000, 0x0000000081f00000, 0x0000000081f00000|100%| O|  |TAMS 0x0000000081f00000, 0x0000000081e00000| Untracked 
|   7|0x0000000081f00000, 0x0000000082000000, 0x0000000082000000|100%| O|  |TAMS 0x0000000082000000, 0x0000000081f00000| Untracked 
|   8|0x0000000082000000, 0x0000000082100000, 0x0000000082100000|100%| O|  |TAMS 0x0000000082100000, 0x0000000082000000| Untracked 
|   9|0x0000000082100000, 0x0000000082200000, 0x0000000082200000|100%| O|  |TAMS 0x0000000082200000, 0x0000000082100000| Untracked 
|  10|0x0000000082200000, 0x0000000082300000, 0x0000000082300000|100%| O|  |TAMS 0x0000000082300000, 0x0000000082200000| Untracked 
|  11|0x0000000082300000, 0x0000000082400000, 0x0000000082400000|100%| O|  |TAMS 0x0000000082400000, 0x0000000082300000| Untracked 
|  12|0x0000000082400000, 0x0000000082500000, 0x0000000082500000|100%| O|  |TAMS 0x0000000082500000, 0x0000000082400000| Untracked 
|  13|0x0000000082500000, 0x0000000082600000, 0x0000000082600000|100%| O|  |TAMS 0x0000000082600000, 0x0000000082500000| Untracked 
|  14|0x0000000082600000, 0x0000000082700000, 0x0000000082700000|100%| O|  |TAMS 0x0000000082700000, 0x0000000082600000| Untracked 
|  15|0x0000000082700000, 0x0000000082800000, 0x0000000082800000|100%| O|  |TAMS 0x0000000082800000, 0x0000000082700000| Untracked 
|  16|0x0000000082800000, 0x0000000082900000, 0x0000000082900000|100%| O|  |TAMS 0x0000000082900000, 0x0000000082800000| Untracked 
|  17|0x0000000082900000, 0x0000000082a00000, 0x0000000082a00000|100%| O|  |TAMS 0x0000000082a00000, 0x0000000082900000| Untracked 
|  18|0x0000000082a00000, 0x0000000082b00000, 0x0000000082b00000|100%| O|  |TAMS 0x0000000082b00000, 0x0000000082a00000| Untracked 
|  19|0x0000000082b00000, 0x0000000082c00000, 0x0000000082c00000|100%| O|  |TAMS 0x0000000082c00000, 0x0000000082b00000| Untracked 
|  20|0x0000000082c00000, 0x0000000082d00000, 0x0000000082d00000|100%| O|  |TAMS 0x0000000082d00000, 0x0000000082c00000| Untracked 
|  21|0x0000000082d00000, 0x0000000082e00000, 0x0000000082e00000|100%| O|  |TAMS 0x0000000082e00000, 0x0000000082d00000| Untracked 
|  22|0x0000000082e00000, 0x0000000082f00000, 0x0000000082f00000|100%| O|  |TAMS 0x0000000082f00000, 0x0000000082e00000| Untracked 
|  23|0x0000000082f00000, 0x0000000083000000, 0x0000000083000000|100%| O|  |TAMS 0x0000000083000000, 0x0000000082f00000| Untracked 
|  24|0x0000000083000000, 0x0000000083100000, 0x0000000083100000|100%| O|  |TAMS 0x0000000083100000, 0x0000000083000000| Untracked 
|  25|0x0000000083100000, 0x0000000083200000, 0x0000000083200000|100%| O|  |TAMS 0x0000000083200000, 0x0000000083100000| Untracked 
|  26|0x0000000083200000, 0x0000000083300000, 0x0000000083300000|100%| O|  |TAMS 0x0000000083300000, 0x0000000083200000| Untracked 
|  27|0x0000000083300000, 0x0000000083400000, 0x0000000083400000|100%| O|  |TAMS 0x0000000083400000, 0x0000000083300000| Untracked 
|  28|0x0000000083400000, 0x0000000083500000, 0x0000000083500000|100%| O|  |TAMS 0x0000000083500000, 0x0000000083400000| Untracked 
|  29|0x0000000083500000, 0x0000000083600000, 0x0000000083600000|100%| O|  |TAMS 0x0000000083600000, 0x0000000083500000| Untracked 
|  30|0x0000000083600000, 0x0000000083700000, 0x0000000083700000|100%| O|  |TAMS 0x0000000083700000, 0x0000000083600000| Untracked 
|  31|0x0000000083700000, 0x0000000083800000, 0x0000000083800000|100%| O|  |TAMS 0x0000000083800000, 0x0000000083700000| Untracked 
|  32|0x0000000083800000, 0x0000000083900000, 0x0000000083900000|100%| O|  |TAMS 0x0000000083900000, 0x0000000083800000| Untracked 
|  33|0x0000000083900000, 0x0000000083a00000, 0x0000000083a00000|100%| O|  |TAMS 0x0000000083a00000, 0x0000000083900000| Untracked 
|  34|0x0000000083a00000, 0x0000000083b00000, 0x0000000083b00000|100%| O|  |TAMS 0x0000000083b00000, 0x0000000083a00000| Untracked 
|  35|0x0000000083b00000, 0x0000000083c00000, 0x0000000083c00000|100%| O|  |TAMS 0x0000000083c00000, 0x0000000083b00000| Untracked 
|  36|0x0000000083c00000, 0x0000000083d00000, 0x0000000083d00000|100%| O|  |TAMS 0x0000000083d00000, 0x0000000083c00000| Untracked 
|  37|0x0000000083d00000, 0x0000000083e00000, 0x0000000083e00000|100%| O|  |TAMS 0x0000000083e00000, 0x0000000083d00000| Untracked 
|  38|0x0000000083e00000, 0x0000000083f00000, 0x0000000083f00000|100%| O|  |TAMS 0x0000000083f00000, 0x0000000083e00000| Untracked 
|  39|0x0000000083f00000, 0x0000000084000000, 0x0000000084000000|100%| O|  |TAMS 0x0000000083f51a00, 0x0000000083f00000| Untracked 
|  40|0x0000000084000000, 0x0000000084100000, 0x0000000084100000|100%| O|  |TAMS 0x0000000084000000, 0x0000000084000000| Untracked 
|  41|0x0000000084100000, 0x0000000084200000, 0x0000000084200000|100%| O|  |TAMS 0x0000000084100000, 0x0000000084100000| Untracked 
|  42|0x0000000084200000, 0x0000000084300000, 0x0000000084300000|100%| O|  |TAMS 0x0000000084200000, 0x0000000084200000| Untracked 
|  43|0x0000000084300000, 0x0000000084400000, 0x0000000084400000|100%| O|  |TAMS 0x0000000084300000, 0x0000000084300000| Untracked 
|  44|0x0000000084400000, 0x0000000084500000, 0x0000000084500000|100%| O|  |TAMS 0x0000000084400000, 0x0000000084400000| Untracked 
|  45|0x0000000084500000, 0x0000000084600000, 0x0000000084600000|100%|HS|  |TAMS 0x0000000084500000, 0x0000000084500000| Complete 
|  46|0x0000000084600000, 0x0000000084700000, 0x0000000084700000|100%|HC|  |TAMS 0x0000000084600000, 0x0000000084600000| Complete 
|  47|0x0000000084700000, 0x0000000084800000, 0x0000000084800000|100%|HC|  |TAMS 0x0000000084700000, 0x0000000084700000| Complete 
|  48|0x0000000084800000, 0x0000000084900000, 0x0000000084900000|100%|HC|  |TAMS 0x0000000084800000, 0x0000000084800000| Complete 
|  49|0x0000000084900000, 0x0000000084a00000, 0x0000000084a00000|100%|HC|  |TAMS 0x0000000084900000, 0x0000000084900000| Complete 
|  50|0x0000000084a00000, 0x0000000084b00000, 0x0000000084b00000|100%|HS|  |TAMS 0x0000000084a00000, 0x0000000084a00000| Complete 
|  51|0x0000000084b00000, 0x0000000084c00000, 0x0000000084c00000|100%|HC|  |TAMS 0x0000000084b00000, 0x0000000084b00000| Complete 
|  52|0x0000000084c00000, 0x0000000084d00000, 0x0000000084d00000|100%|HC|  |TAMS 0x0000000084c00000, 0x0000000084c00000| Complete 
|  53|0x0000000084d00000, 0x0000000084e00000, 0x0000000084e00000|100%|HC|  |TAMS 0x0000000084d00000, 0x0000000084d00000| Complete 
|  54|0x0000000084e00000, 0x0000000084f00000, 0x0000000084f00000|100%|HC|  |TAMS 0x0000000084e00000, 0x0000000084e00000| Complete 
|  55|0x0000000084f00000, 0x0000000085000000, 0x0000000085000000|100%| O|  |TAMS 0x0000000084f00000, 0x0000000084f00000| Untracked 
|  56|0x0000000085000000, 0x0000000085100000, 0x0000000085100000|100%| O|  |TAMS 0x0000000085000000, 0x0000000085000000| Untracked 
|  57|0x0000000085100000, 0x0000000085200000, 0x0000000085200000|100%| O|  |TAMS 0x0000000085100000, 0x0000000085100000| Untracked 
|  58|0x0000000085200000, 0x0000000085261800, 0x0000000085300000| 38%| O|  |TAMS 0x0000000085200000, 0x0000000085200000| Untracked 
|  59|0x0000000085300000, 0x0000000085300000, 0x0000000085400000|  0%| F|  |TAMS 0x0000000085300000, 0x0000000085300000| Untracked 
|  60|0x0000000085400000, 0x0000000085400000, 0x0000000085500000|  0%| F|  |TAMS 0x0000000085400000, 0x0000000085400000| Untracked 
|  61|0x0000000085500000, 0x0000000085500000, 0x0000000085600000|  0%| F|  |TAMS 0x0000000085500000, 0x0000000085500000| Untracked 
|  62|0x0000000085600000, 0x0000000085600000, 0x0000000085700000|  0%| F|  |TAMS 0x0000000085600000, 0x0000000085600000| Untracked 
|  63|0x0000000085700000, 0x0000000085700000, 0x0000000085800000|  0%| F|  |TAMS 0x0000000085700000, 0x0000000085700000| Untracked 
|  64|0x0000000085800000, 0x0000000085800000, 0x0000000085900000|  0%| F|  |TAMS 0x0000000085800000, 0x0000000085800000| Untracked 
|  65|0x0000000085900000, 0x0000000085900000, 0x0000000085a00000|  0%| F|  |TAMS 0x0000000085900000, 0x0000000085900000| Untracked 
|  66|0x0000000085a00000, 0x0000000085a00000, 0x0000000085b00000|  0%| F|  |TAMS 0x0000000085a00000, 0x0000000085a00000| Untracked 
|  67|0x0000000085b00000, 0x0000000085b00000, 0x0000000085c00000|  0%| F|  |TAMS 0x0000000085b00000, 0x0000000085b00000| Untracked 
|  68|0x0000000085c00000, 0x0000000085c00000, 0x0000000085d00000|  0%| F|  |TAMS 0x0000000085c00000, 0x0000000085c00000| Untracked 
|  69|0x0000000085d00000, 0x0000000085d00000, 0x0000000085e00000|  0%| F|  |TAMS 0x0000000085d00000, 0x0000000085d00000| Untracked 
|  70|0x0000000085e00000, 0x0000000085e00000, 0x0000000085f00000|  0%| F|  |TAMS 0x0000000085e00000, 0x0000000085e00000| Untracked 
|  71|0x0000000085f00000, 0x0000000085f00000, 0x0000000086000000|  0%| F|  |TAMS 0x0000000085f00000, 0x0000000085f00000| Untracked 
|  72|0x0000000086000000, 0x0000000086000000, 0x0000000086100000|  0%| F|  |TAMS 0x0000000086000000, 0x0000000086000000| Untracked 
|  73|0x0000000086100000, 0x0000000086100000, 0x0000000086200000|  0%| F|  |TAMS 0x0000000086100000, 0x0000000086100000| Untracked 
|  74|0x0000000086200000, 0x0000000086200000, 0x0000000086300000|  0%| F|  |TAMS 0x0000000086200000, 0x0000000086200000| Untracked 
|  75|0x0000000086300000, 0x0000000086300000, 0x0000000086400000|  0%| F|  |TAMS 0x0000000086300000, 0x0000000086300000| Untracked 
|  76|0x0000000086400000, 0x0000000086400000, 0x0000000086500000|  0%| F|  |TAMS 0x0000000086400000, 0x0000000086400000| Untracked 
|  77|0x0000000086500000, 0x0000000086500000, 0x0000000086600000|  0%| F|  |TAMS 0x0000000086500000, 0x0000000086500000| Untracked 
|  78|0x0000000086600000, 0x0000000086600000, 0x0000000086700000|  0%| F|  |TAMS 0x0000000086600000, 0x0000000086600000| Untracked 
|  79|0x0000000086700000, 0x000000008674c108, 0x0000000086800000| 29%| S|CS|TAMS 0x0000000086700000, 0x0000000086700000| Complete 
|  80|0x0000000086800000, 0x0000000086900000, 0x0000000086900000|100%| S|CS|TAMS 0x0000000086800000, 0x0000000086800000| Complete 
|  81|0x0000000086900000, 0x0000000086a00000, 0x0000000086a00000|100%| S|CS|TAMS 0x0000000086900000, 0x0000000086900000| Complete 
|  82|0x0000000086a00000, 0x0000000086b00000, 0x0000000086b00000|100%| S|CS|TAMS 0x0000000086a00000, 0x0000000086a00000| Complete 
|  83|0x0000000086b00000, 0x0000000086c00000, 0x0000000086c00000|100%| S|CS|TAMS 0x0000000086b00000, 0x0000000086b00000| Complete 
|  84|0x0000000086c00000, 0x0000000086d00000, 0x0000000086d00000|100%| S|CS|TAMS 0x0000000086c00000, 0x0000000086c00000| Complete 
|  85|0x0000000086d00000, 0x0000000086e00000, 0x0000000086e00000|100%| S|CS|TAMS 0x0000000086d00000, 0x0000000086d00000| Complete 
|  86|0x0000000086e00000, 0x0000000086e00000, 0x0000000086f00000|  0%| F|  |TAMS 0x0000000086e00000, 0x0000000086e00000| Untracked 
|  87|0x0000000086f00000, 0x0000000086f00000, 0x0000000087000000|  0%| F|  |TAMS 0x0000000086f00000, 0x0000000086f00000| Untracked 
|  88|0x0000000087000000, 0x0000000087000000, 0x0000000087100000|  0%| F|  |TAMS 0x0000000087000000, 0x0000000087000000| Untracked 
|  89|0x0000000087100000, 0x0000000087100000, 0x0000000087200000|  0%| F|  |TAMS 0x0000000087100000, 0x0000000087100000| Untracked 
|  90|0x0000000087200000, 0x0000000087200000, 0x0000000087300000|  0%| F|  |TAMS 0x0000000087200000, 0x0000000087200000| Untracked 
|  91|0x0000000087300000, 0x0000000087300000, 0x0000000087400000|  0%| F|  |TAMS 0x0000000087300000, 0x0000000087300000| Untracked 
|  92|0x0000000087400000, 0x0000000087400000, 0x0000000087500000|  0%| F|  |TAMS 0x0000000087400000, 0x0000000087400000| Untracked 
|  93|0x0000000087500000, 0x0000000087500000, 0x0000000087600000|  0%| F|  |TAMS 0x0000000087500000, 0x0000000087500000| Untracked 
|  94|0x0000000087600000, 0x0000000087600000, 0x0000000087700000|  0%| F|  |TAMS 0x0000000087600000, 0x0000000087600000| Untracked 
|  95|0x0000000087700000, 0x0000000087700000, 0x0000000087800000|  0%| F|  |TAMS 0x0000000087700000, 0x0000000087700000| Untracked 
|  96|0x0000000087800000, 0x0000000087800000, 0x0000000087900000|  0%| F|  |TAMS 0x0000000087800000, 0x0000000087800000| Untracked 
|  97|0x0000000087900000, 0x0000000087900000, 0x0000000087a00000|  0%| F|  |TAMS 0x0000000087900000, 0x0000000087900000| Untracked 
|  98|0x0000000087a00000, 0x0000000087a00000, 0x0000000087b00000|  0%| F|  |TAMS 0x0000000087a00000, 0x0000000087a00000| Untracked 
|  99|0x0000000087b00000, 0x0000000087b00000, 0x0000000087c00000|  0%| F|  |TAMS 0x0000000087b00000, 0x0000000087b00000| Untracked 
| 100|0x0000000087c00000, 0x0000000087c00000, 0x0000000087d00000|  0%| F|  |TAMS 0x0000000087c00000, 0x0000000087c00000| Untracked 
| 101|0x0000000087d00000, 0x0000000087d00000, 0x0000000087e00000|  0%| F|  |TAMS 0x0000000087d00000, 0x0000000087d00000| Untracked 
| 102|0x0000000087e00000, 0x0000000087e00000, 0x0000000087f00000|  0%| F|  |TAMS 0x0000000087e00000, 0x0000000087e00000| Untracked 
| 103|0x0000000087f00000, 0x0000000087f80800, 0x0000000088000000| 50%| E|  |TAMS 0x0000000087f00000, 0x0000000087f00000| Complete 
| 104|0x0000000088000000, 0x0000000088100000, 0x0000000088100000|100%| E|CS|TAMS 0x0000000088000000, 0x0000000088000000| Complete 
| 105|0x0000000088100000, 0x0000000088200000, 0x0000000088200000|100%| E|CS|TAMS 0x0000000088100000, 0x0000000088100000| Complete 
| 106|0x0000000088200000, 0x0000000088300000, 0x0000000088300000|100%| E|CS|TAMS 0x0000000088200000, 0x0000000088200000| Complete 
| 107|0x0000000088300000, 0x0000000088400000, 0x0000000088400000|100%| E|CS|TAMS 0x0000000088300000, 0x0000000088300000| Complete 
| 108|0x0000000088400000, 0x0000000088500000, 0x0000000088500000|100%| E|CS|TAMS 0x0000000088400000, 0x0000000088400000| Complete 
| 109|0x0000000088500000, 0x0000000088600000, 0x0000000088600000|100%| E|CS|TAMS 0x0000000088500000, 0x0000000088500000| Complete 
| 110|0x0000000088600000, 0x0000000088700000, 0x0000000088700000|100%| E|CS|TAMS 0x0000000088600000, 0x0000000088600000| Complete 
| 111|0x0000000088700000, 0x0000000088800000, 0x0000000088800000|100%| E|CS|TAMS 0x0000000088700000, 0x0000000088700000| Complete 
| 112|0x0000000088800000, 0x0000000088900000, 0x0000000088900000|100%| E|CS|TAMS 0x0000000088800000, 0x0000000088800000| Complete 
| 113|0x0000000088900000, 0x0000000088a00000, 0x0000000088a00000|100%| E|CS|TAMS 0x0000000088900000, 0x0000000088900000| Complete 
| 114|0x0000000088a00000, 0x0000000088b00000, 0x0000000088b00000|100%| E|CS|TAMS 0x0000000088a00000, 0x0000000088a00000| Complete 
| 115|0x0000000088b00000, 0x0000000088c00000, 0x0000000088c00000|100%| E|CS|TAMS 0x0000000088b00000, 0x0000000088b00000| Complete 
| 116|0x0000000088c00000, 0x0000000088d00000, 0x0000000088d00000|100%| E|CS|TAMS 0x0000000088c00000, 0x0000000088c00000| Complete 
| 117|0x0000000088d00000, 0x0000000088e00000, 0x0000000088e00000|100%| E|CS|TAMS 0x0000000088d00000, 0x0000000088d00000| Complete 
| 118|0x0000000088e00000, 0x0000000088f00000, 0x0000000088f00000|100%| E|CS|TAMS 0x0000000088e00000, 0x0000000088e00000| Complete 
| 119|0x0000000088f00000, 0x0000000089000000, 0x0000000089000000|100%| E|CS|TAMS 0x0000000088f00000, 0x0000000088f00000| Complete 
| 120|0x0000000089000000, 0x0000000089100000, 0x0000000089100000|100%| E|CS|TAMS 0x0000000089000000, 0x0000000089000000| Complete 
| 121|0x0000000089100000, 0x0000000089200000, 0x0000000089200000|100%| E|CS|TAMS 0x0000000089100000, 0x0000000089100000| Complete 
| 122|0x0000000089200000, 0x0000000089300000, 0x0000000089300000|100%| E|CS|TAMS 0x0000000089200000, 0x0000000089200000| Complete 
| 123|0x0000000089300000, 0x0000000089400000, 0x0000000089400000|100%| E|CS|TAMS 0x0000000089300000, 0x0000000089300000| Complete 
| 124|0x0000000089400000, 0x0000000089500000, 0x0000000089500000|100%| E|CS|TAMS 0x0000000089400000, 0x0000000089400000| Complete 
| 125|0x0000000089500000, 0x0000000089600000, 0x0000000089600000|100%| E|CS|TAMS 0x0000000089500000, 0x0000000089500000| Complete 
| 126|0x0000000089600000, 0x0000000089700000, 0x0000000089700000|100%| E|CS|TAMS 0x0000000089600000, 0x0000000089600000| Complete 
| 127|0x0000000089700000, 0x0000000089800000, 0x0000000089800000|100%| E|CS|TAMS 0x0000000089700000, 0x0000000089700000| Complete 

Card table byte_map: [0x000001d5d0f90000,0x000001d5d1390000] _byte_map_base: 0x000001d5d0b84000

Marking Bits (Prev, Next): (CMBitMap*) 0x000001d5ba590148, (CMBitMap*) 0x000001d5ba590180
 Prev Bits: [0x000001d5d1790000, 0x000001d5d3730000)
 Next Bits: [0x000001d5d3730000, 0x000001d5d56d0000)

Polling page: 0x000001d5b8440000

Metaspace:

Usage:
  Non-class:     36.68 MB capacity,    35.94 MB ( 98%) used,   593.95 KB (  2%) free+waste,   157.44 KB ( <1%) overhead. 
      Class:      5.14 MB capacity,     4.59 MB ( 89%) used,   483.23 KB (  9%) free+waste,    79.75 KB (  2%) overhead. 
       Both:     41.82 MB capacity,    40.54 MB ( 97%) used,     1.05 MB (  3%) free+waste,   237.19 KB ( <1%) overhead. 

Virtual space:
  Non-class space:       38.00 MB reserved,      36.75 MB ( 97%) committed 
      Class space:        1.00 GB reserved,       5.25 MB ( <1%) committed 
             Both:        1.04 GB reserved,      42.00 MB (  4%) committed 

Chunk freelists:
   Non-Class:  1.50 KB
       Class:  1.63 KB
        Both:  3.13 KB

CodeHeap 'non-profiled nmethods': size=120064Kb used=3912Kb max_used=3912Kb free=116151Kb
 bounds [0x000001d5c9650000, 0x000001d5c9a30000, 0x000001d5d0b90000]
CodeHeap 'profiled nmethods': size=120000Kb used=10251Kb max_used=10251Kb free=109748Kb
 bounds [0x000001d5c2120000, 0x000001d5c2b30000, 0x000001d5c9650000]
CodeHeap 'non-nmethods': size=5696Kb used=1244Kb max_used=1290Kb free=4451Kb
 bounds [0x000001d5c1b90000, 0x000001d5c1e00000, 0x000001d5c2120000]
 total_blobs=5081 nmethods=4459 adapters=532
 compilation: enabled
              stopped_count=0, restarted_count=0
 full_count=0

Compilation events (10 events):
Event: 163.210 Thread 0x000001d5d7bf9000 nmethod 4481 0x000001d5c9a1e810 code [0x000001d5c9a1e9a0, 0x000001d5c9a1ec38]
Event: 163.211 Thread 0x000001d5d7bf9000 4472       4       jdk.internal.org.objectweb.asm.Frame::push (110 bytes)
Event: 163.212 Thread 0x000001d5d7bfc000 4488       3       java.util.stream.Collectors$$Lambda$117/0x000000010023f840::get (16 bytes)
Event: 163.212 Thread 0x000001d5d7bfc000 nmethod 4488 0x000001d5c2b05f10 code [0x000001d5c2b060c0, 0x000001d5c2b062c8]
Event: 163.212 Thread 0x000001d5d7bfc000 4489       3       java.util.stream.Collectors$$Lambda$120/0x000000010023f440::apply (8 bytes)
Event: 163.213 Thread 0x000001d5d7bfc000 nmethod 4489 0x000001d5c2b06410 code [0x000001d5c2b065c0, 0x000001d5c2b067e8]
Event: 163.213 Thread 0x000001d5d7bfc000 4490       3       java.util.stream.Collectors::lambda$joining$11 (11 bytes)
Event: 163.213 Thread 0x000001d5d7bfc000 nmethod 4490 0x000001d5c2b06910 code [0x000001d5c2b06ac0, 0x000001d5c2b06c48]
Event: 163.228 Thread 0x000001d5d7bf9000 nmethod 4472 0x000001d5c9a1ee10 code [0x000001d5c9a1efa0, 0x000001d5c9a1f518]
Event: 163.228 Thread 0x000001d5d7bf9000 4474       4       java.lang.invoke.InvokerBytecodeGenerator::emitImplicitConversion (159 bytes)

GC Heap History (10 events):
Event: 33.271 GC heap before
{Heap before GC invocations=9 (full 0):
 garbage-first heap   total 131072K, used 97367K [0x0000000081800000, 0x0000000100000000)
  region size 1024K, 70 young (71680K), 9 survivors (9216K)
 Metaspace       used 29863K, capacity 30871K, committed 31104K, reserved 1077248K
  class space    used 3215K, capacity 3662K, committed 3712K, reserved 1048576K
}
Event: 33.302 GC heap after
{Heap after GC invocations=10 (full 0):
 garbage-first heap   total 131072K, used 40384K [0x0000000081800000, 0x0000000100000000)
  region size 1024K, 6 young (6144K), 6 survivors (6144K)
 Metaspace       used 29863K, capacity 30871K, committed 31104K, reserved 1077248K
  class space    used 3215K, capacity 3662K, committed 3712K, reserved 1048576K
}
Event: 36.533 GC heap before
{Heap before GC invocations=10 (full 0):
 garbage-first heap   total 131072K, used 91584K [0x0000000081800000, 0x0000000100000000)
  region size 1024K, 57 young (58368K), 6 survivors (6144K)
 Metaspace       used 34693K, capacity 35769K, committed 35840K, reserved 1081344K
  class space    used 3761K, capacity 4205K, committed 4224K, reserved 1048576K
}
Event: 36.556 GC heap after
{Heap after GC invocations=11 (full 0):
 garbage-first heap   total 131072K, used 45382K [0x0000000081800000, 0x0000000100000000)
  region size 1024K, 5 young (5120K), 5 survivors (5120K)
 Metaspace       used 34693K, capacity 35769K, committed 35840K, reserved 1081344K
  class space    used 3761K, capacity 4205K, committed 4224K, reserved 1048576K
}
Event: 38.647 GC heap before
{Heap before GC invocations=12 (full 0):
 garbage-first heap   total 131072K, used 100678K [0x0000000081800000, 0x0000000100000000)
  region size 1024K, 59 young (60416K), 5 survivors (5120K)
 Metaspace       used 36622K, capacity 37806K, committed 37888K, reserved 1083392K
  class space    used 4075K, capacity 4592K, committed 4608K, reserved 1048576K
}
Event: 38.666 GC heap after
{Heap after GC invocations=13 (full 0):
 garbage-first heap   total 131072K, used 49397K [0x0000000081800000, 0x0000000100000000)
  region size 1024K, 4 young (4096K), 4 survivors (4096K)
 Metaspace       used 36622K, capacity 37806K, committed 37888K, reserved 1083392K
  class space    used 4075K, capacity 4592K, committed 4608K, reserved 1048576K
}
Event: 48.050 GC heap before
{Heap before GC invocations=13 (full 0):
 garbage-first heap   total 131072K, used 112885K [0x0000000081800000, 0x0000000100000000)
  region size 1024K, 56 young (57344K), 4 survivors (4096K)
 Metaspace       used 38997K, capacity 40204K, committed 40320K, reserved 1085440K
  class space    used 4391K, capacity 4902K, committed 4992K, reserved 1048576K
}
Event: 48.072 GC heap after
{Heap after GC invocations=14 (full 0):
 garbage-first heap   total 131072K, used 63465K [0x0000000081800000, 0x0000000100000000)
  region size 1024K, 7 young (7168K), 7 survivors (7168K)
 Metaspace       used 38997K, capacity 40204K, committed 40320K, reserved 1085440K
  class space    used 4391K, capacity 4902K, committed 4992K, reserved 1048576K
}
Event: 150.318 GC heap before
{Heap before GC invocations=14 (full 0):
 garbage-first heap   total 131072K, used 105449K [0x0000000081800000, 0x0000000100000000)
  region size 1024K, 49 young (50176K), 7 survivors (7168K)
 Metaspace       used 40601K, capacity 41847K, committed 42112K, reserved 1085440K
  class space    used 4596K, capacity 5150K, committed 5248K, reserved 1048576K
}
Event: 150.351 GC heap after
{Heap after GC invocations=15 (full 0):
 garbage-first heap   total 131072K, used 66230K [0x0000000081800000, 0x0000000100000000)
  region size 1024K, 7 young (7168K), 7 survivors (7168K)
 Metaspace       used 40601K, capacity 41847K, committed 42112K, reserved 1085440K
  class space    used 4596K, capacity 5150K, committed 5248K, reserved 1048576K
}

Deoptimization events (10 events):
Event: 44.561 Thread 0x000001d5dba1a800 Uncommon trap: reason=class_check action=maybe_recompile pc=0x000001d5c986b554 method=org.aspectj.weaver.bcel.BcelMethod.hasAnnotation(Lorg/aspectj/weaver/UnresolvedType;)Z @ 30 c2
Event: 44.665 Thread 0x000001d5d8522000 Uncommon trap: reason=class_check action=maybe_recompile pc=0x000001d5c96ebcec method=java.nio.DirectByteBuffer.<init>(Lsun/nio/ch/DirectBuffer;IIIII)V @ 12 c2
Event: 44.665 Thread 0x000001d5d8522000 Uncommon trap: reason=class_check action=maybe_recompile pc=0x000001d5c96ebcec method=java.nio.DirectByteBuffer.<init>(Lsun/nio/ch/DirectBuffer;IIIII)V @ 12 c2
Event: 44.667 Thread 0x000001d5dba1a800 Uncommon trap: reason=class_check action=maybe_recompile pc=0x000001d5c96ebcec method=java.nio.DirectByteBuffer.<init>(Lsun/nio/ch/DirectBuffer;IIIII)V @ 12 c2
Event: 44.667 Thread 0x000001d5dba1a800 Uncommon trap: reason=class_check action=maybe_recompile pc=0x000001d5c96ebcec method=java.nio.DirectByteBuffer.<init>(Lsun/nio/ch/DirectBuffer;IIIII)V @ 12 c2
Event: 48.516 Thread 0x000001d5dc238000 Uncommon trap: reason=unstable_if action=reinterpret pc=0x000001d5c9676818 method=java.lang.AbstractStringBuilder.append(Ljava/lang/String;)Ljava/lang/AbstractStringBuilder; @ 1 c2
Event: 48.516 Thread 0x000001d5dc238000 Uncommon trap: reason=unstable_if action=reinterpret pc=0x000001d5c96811f8 method=java.lang.AbstractStringBuilder.append(Ljava/lang/String;)Ljava/lang/AbstractStringBuilder; @ 1 c2
Event: 48.581 Thread 0x000001d5dc238000 Uncommon trap: reason=unstable_if action=reinterpret pc=0x000001d5c9709eb8 method=java.io.DataInputStream.readUTF(Ljava/io/DataInput;)Ljava/lang/String; @ 154 c2
Event: 49.981 Thread 0x000001d5d8522000 Uncommon trap: reason=unstable_if action=reinterpret pc=0x000001d5c96c5254 method=java.io.ByteArrayInputStream.read()I @ 8 c2
Event: 139.296 Thread 0x000001d5db5f1000 Uncommon trap: reason=unstable_if action=reinterpret pc=0x000001d5c9760420 method=java.lang.String.indexOf([BBILjava/lang/String;I)I @ 21 c2

Classes redefined (1 events):
Event: 16.848 Thread 0x000001d5d7bd1000 redefined class name=java.lang.Throwable, count=1

Internal exceptions (10 events):
Event: 163.175 Thread 0x000001d5dc238000 Exception <a 'java/lang/NoSuchMethodError'{0x000000008947cfb0}: java.lang.invoke.DelegatingMethodHandle$Holder.reinvoke_L(Ljava/lang/Object;IIILjava/lang/Object;Ljava/lang/Object;Ljava/lang/Object;Ljava/lang/Object;Ljava/lang/Object;Ljava/lang/Object;)Lja
Event: 163.191 Thread 0x000001d5dc238000 Exception <a 'java/lang/NoSuchMethodError'{0x00000000894d8ec0}: java.lang.invoke.DirectMethodHandle$Holder.invokeStatic(Ljava/lang/Object;Ljava/lang/Object;Ljava/lang/Object;Ljava/lang/Object;Ljava/lang/Object;Ljava/lang/Object;Ljava/lang/Object;Ljava/lan
Event: 163.201 Thread 0x000001d5dc238000 Exception <a 'java/lang/NoSuchMethodError'{0x00000000894fd420}: java.lang.invoke.DirectMethodHandle$Holder.invokeStatic(Ljava/lang/Object;Ljava/lang/Object;Ljava/lang/Object;Ljava/lang/Object;Ljava/lang/Object;Ljava/lang/Object;Ljava/lang/Object;Ljava/lan
Event: 163.205 Thread 0x000001d5dc238000 Exception <a 'java/lang/reflect/InvocationTargetException'{0x0000000089315f98}> (0x0000000089315f98) thrown at [./open/src/hotspot/share/runtime/reflection.cpp, line 1242]
Event: 163.503 Thread 0x000001d5dc238000 Exception <a 'java/lang/IncompatibleClassChangeError'{0x0000000089396750}: Found class java.lang.Object, but interface was expected> (0x0000000089396750) thrown at [./open/src/hotspot/share/interpreter/linkResolver.cpp, line 838]
Event: 163.504 Thread 0x000001d5dc238000 Exception <a 'java/lang/IncompatibleClassChangeError'{0x00000000893994b0}: Found class java.lang.Object, but interface was expected> (0x00000000893994b0) thrown at [./open/src/hotspot/share/interpreter/linkResolver.cpp, line 838]
Event: 163.505 Thread 0x000001d5dc238000 Exception <a 'java/lang/IncompatibleClassChangeError'{0x000000008939c1b0}: Found class java.lang.Object, but interface was expected> (0x000000008939c1b0) thrown at [./open/src/hotspot/share/interpreter/linkResolver.cpp, line 838]
Event: 163.506 Thread 0x000001d5dc238000 Exception <a 'java/lang/IncompatibleClassChangeError'{0x000000008939ee88}: Found class java.lang.Object, but interface was expected> (0x000000008939ee88) thrown at [./open/src/hotspot/share/interpreter/linkResolver.cpp, line 838]
Event: 163.507 Thread 0x000001d5dc238000 Exception <a 'java/lang/IncompatibleClassChangeError'{0x00000000893a1b80}: Found class java.lang.Object, but interface was expected> (0x00000000893a1b80) thrown at [./open/src/hotspot/share/interpreter/linkResolver.cpp, line 838]
Event: 163.509 Thread 0x000001d5dc238000 Exception <a 'sun/nio/fs/WindowsException'{0x00000000893a4b40}> (0x00000000893a4b40) thrown at [./open/src/hotspot/share/prims/jni.cpp, line 611]

Events (10 events):
Event: 163.503 loading class io/qameta/allure/model/TestResult done
Event: 163.504 loading class io/qameta/allure/model/TestResult
Event: 163.504 loading class io/qameta/allure/model/TestResult done
Event: 163.505 loading class io/qameta/allure/model/TestResult
Event: 163.505 loading class io/qameta/allure/model/TestResult done
Event: 163.506 loading class io/qameta/allure/model/TestResult
Event: 163.506 loading class io/qameta/allure/model/TestResult done
Event: 163.507 loading class io/qameta/allure/model/TestResult
Event: 163.507 loading class io/qameta/allure/model/TestResult done
Event: 163.509 loading class java/nio/file/FileAlreadyExistsException


Dynamic libraries:
0x00007ff6cc9c0000 - 0x00007ff6cc9cf000 	C:\Program Files\Java\jdk-11.0.14\bin\java.exe
0x00007ffe11190000 - 0x00007ffe11388000 	C:\WINDOWS\SYSTEM32\ntdll.dll
0x00007ffe10d60000 - 0x00007ffe10e22000 	C:\WINDOWS\System32\KERNEL32.DLL
0x00007ffe0e830000 - 0x00007ffe0eb2e000 	C:\WINDOWS\System32\KERNELBASE.dll
0x00007ffe0ef30000 - 0x00007ffe0f030000 	C:\WINDOWS\System32\ucrtbase.dll
0x00007ffe0c880000 - 0x00007ffe0c895000 	C:\Program Files\Java\jdk-11.0.14\bin\VCRUNTIME140.dll
0x00007ffe0c770000 - 0x00007ffe0c788000 	C:\Program Files\Java\jdk-11.0.14\bin\jli.dll
0x00007ffe10ad0000 - 0x00007ffe10b81000 	C:\WINDOWS\System32\ADVAPI32.dll
0x00007ffe10e30000 - 0x00007ffe10ece000 	C:\WINDOWS\System32\msvcrt.dll
0x00007ffe0f760000 - 0x00007ffe0f7ff000 	C:\WINDOWS\System32\sechost.dll
0x00007ffe10f40000 - 0x00007ffe11063000 	C:\WINDOWS\System32\RPCRT4.dll
0x00007ffe0f180000 - 0x00007ffe0f1a7000 	C:\WINDOWS\System32\bcrypt.dll
0x00007ffe0f890000 - 0x00007ffe0fa2d000 	C:\WINDOWS\System32\USER32.dll
0x00007ffe0ebd0000 - 0x00007ffe0ebf2000 	C:\WINDOWS\System32\win32u.dll
0x00007ffe11080000 - 0x00007ffe110ab000 	C:\WINDOWS\System32\GDI32.dll
0x00007ffe0ecb0000 - 0x00007ffe0edc7000 	C:\WINDOWS\System32\gdi32full.dll
0x00007ffe0eb30000 - 0x00007ffe0ebcd000 	C:\WINDOWS\System32\msvcp_win.dll
0x00007ffe0da30000 - 0x00007ffe0dcca000 	C:\WINDOWS\WinSxS\amd64_microsoft.windows.common-controls_6595b64144ccf1df_6.0.19041.4355_none_60b8b9eb71f62e16\COMCTL32.dll
0x00007ffe0e080000 - 0x00007ffe0e08a000 	C:\WINDOWS\SYSTEM32\VERSION.dll
0x00007ffe110c0000 - 0x00007ffe110ef000 	C:\WINDOWS\System32\IMM32.DLL
0x0000000077d00000 - 0x0000000077d0c000 	C:\Program Files (x86)\360\Total Security\safemon\SafeWrapper.dll
0x00007ffdc7380000 - 0x00007ffdc742c000 	C:\Program Files (x86)\360\Total Security\safemon\libzdtp64.dll
0x00007ffe0fbe0000 - 0x00007ffe1034d000 	C:\WINDOWS\System32\SHELL32.dll
0x00007ffe0f1b0000 - 0x00007ffe0f205000 	C:\WINDOWS\System32\SHLWAPI.dll
0x00007ffe06740000 - 0x00007ffe067db000 	C:\Program Files\Java\jdk-11.0.14\bin\msvcp140.dll
0x00007ffdad1d0000 - 0x00007ffdadce6000 	C:\Program Files\Java\jdk-11.0.14\bin\server\jvm.dll
0x00007ffe11070000 - 0x00007ffe11078000 	C:\WINDOWS\System32\PSAPI.DLL
0x00007ffe04390000 - 0x00007ffe043b7000 	C:\WINDOWS\SYSTEM32\WINMM.dll
0x00007ffdff660000 - 0x00007ffdff669000 	C:\WINDOWS\SYSTEM32\WSOCK32.dll
0x00007ffe10ed0000 - 0x00007ffe10f3b000 	C:\WINDOWS\System32\WS2_32.dll
0x00007ffe0b7f0000 - 0x00007ffe0b802000 	C:\WINDOWS\SYSTEM32\kernel.appcore.dll
0x00007ffe0c900000 - 0x00007ffe0c910000 	C:\Program Files\Java\jdk-11.0.14\bin\verify.dll
0x00007ffe0e1b0000 - 0x00007ffe0e394000 	C:\WINDOWS\SYSTEM32\DBGHELP.DLL
0x00007ffe0ddf0000 - 0x00007ffe0de24000 	C:\WINDOWS\SYSTEM32\dbgcore.DLL
0x00007ffe0f0f0000 - 0x00007ffe0f172000 	C:\WINDOWS\System32\bcryptPrimitives.dll
0x00007ffe07ff0000 - 0x00007ffe08018000 	C:\Program Files\Java\jdk-11.0.14\bin\java.dll
0x00007ffe0c8c0000 - 0x00007ffe0c8ca000 	C:\Program Files\Java\jdk-11.0.14\bin\jimage.dll
0x00007ffe0c810000 - 0x00007ffe0c81e000 	C:\Program Files\Java\jdk-11.0.14\bin\instrument.dll
0x00007ffe0c750000 - 0x00007ffe0c766000 	C:\Program Files\Java\jdk-11.0.14\bin\zip.dll
0x00007ffe0b9f0000 - 0x00007ffe0c194000 	C:\WINDOWS\SYSTEM32\windows.storage.dll
0x00007ffe10690000 - 0x00007ffe109e3000 	C:\WINDOWS\System32\combase.dll
0x00007ffe0d9c0000 - 0x00007ffe0d9ee000 	C:\WINDOWS\SYSTEM32\Wldp.dll
0x00007ffe10a00000 - 0x00007ffe10acd000 	C:\WINDOWS\System32\OLEAUT32.dll
0x00007ffe10b90000 - 0x00007ffe10c3d000 	C:\WINDOWS\System32\SHCORE.dll
0x00007ffe0e760000 - 0x00007ffe0e784000 	C:\WINDOWS\SYSTEM32\profapi.dll
0x00007ffe0afc0000 - 0x00007ffe0afd9000 	C:\Program Files\Java\jdk-11.0.14\bin\net.dll
0x00007ffe06e20000 - 0x00007ffe06f2d000 	C:\WINDOWS\SYSTEM32\WINHTTP.dll
0x00007ffe0d900000 - 0x00007ffe0d96a000 	C:\WINDOWS\system32\mswsock.dll
0x00007ffe07fd0000 - 0x00007ffe07fe2000 	C:\Program Files\Java\jdk-11.0.14\bin\nio.dll
0x00007ffe06ab0000 - 0x00007ffe06aca000 	C:\Program Files\JetBrains\IntelliJ IDEA Community Edition 2024.3.1.1\bin\breakgen64.dll
0x00007ffe0e520000 - 0x00007ffe0e538000 	C:\WINDOWS\SYSTEM32\CRYPTSP.dll
0x00007ffe0d120000 - 0x00007ffe0d154000 	C:\WINDOWS\system32\rsaenh.dll
0x00007ffe0e6e0000 - 0x00007ffe0e70e000 	C:\WINDOWS\SYSTEM32\USERENV.dll
0x00007ffe0d7f0000 - 0x00007ffe0d7fc000 	C:\WINDOWS\SYSTEM32\CRYPTBASE.dll
0x00007ffe0d480000 - 0x00007ffe0d4bb000 	C:\WINDOWS\SYSTEM32\IPHLPAPI.DLL
0x00007ffe110b0000 - 0x00007ffe110b8000 	C:\WINDOWS\System32\NSI.dll
0x00007ffe05fe0000 - 0x00007ffe05ff7000 	C:\WINDOWS\SYSTEM32\dhcpcsvc6.DLL
0x00007ffe05fc0000 - 0x00007ffe05fdd000 	C:\WINDOWS\SYSTEM32\dhcpcsvc.DLL
0x00007ffe0d510000 - 0x00007ffe0d5da000 	C:\WINDOWS\SYSTEM32\DNSAPI.dll
0x00007ffe00450000 - 0x00007ffe00467000 	C:\WINDOWS\system32\napinsp.dll
0x00007ffdffff0000 - 0x00007ffe0000b000 	C:\WINDOWS\system32\pnrpnsp.dll
0x00007ffe07550000 - 0x00007ffe07565000 	C:\WINDOWS\system32\wshbth.dll
0x00007ffe094a0000 - 0x00007ffe094bd000 	C:\WINDOWS\system32\NLAapi.dll
0x00007ffdfffd0000 - 0x00007ffdfffe2000 	C:\WINDOWS\System32\winrnr.dll
0x00007ffdfd860000 - 0x00007ffdfd86a000 	C:\Windows\System32\rasadhlp.dll
0x00007ffe064c0000 - 0x00007ffe06540000 	C:\WINDOWS\System32\fwpuclnt.dll
0x00007ffe02b20000 - 0x00007ffe02b29000 	C:\Program Files\Java\jdk-11.0.14\bin\management.dll
0x00007ffe02b10000 - 0x00007ffe02b1b000 	C:\Program Files\Java\jdk-11.0.14\bin\management_ext.dll
0x00007ffe02b00000 - 0x00007ffe02b0d000 	C:\Program Files\Java\jdk-11.0.14\bin\sunmscapi.dll
0x00007ffe0edd0000 - 0x00007ffe0ef2c000 	C:\WINDOWS\System32\CRYPT32.dll
0x00007ffe0dcd0000 - 0x00007ffe0dcf7000 	C:\WINDOWS\SYSTEM32\ncrypt.dll
0x00007ffe0d9f0000 - 0x00007ffe0da2b000 	C:\WINDOWS\SYSTEM32\NTASN1.dll
0x00007ffe02ad0000 - 0x00007ffe02af5000 	C:\Program Files\Java\jdk-11.0.14\bin\sunec.dll

dbghelp: loaded successfully - version: 4.0.5 - missing functions: none
symbol engine: initialized successfully - sym options: 0x614 - pdb path: .;C:\Program Files\Java\jdk-11.0.14\bin;C:\WINDOWS\SYSTEM32;C:\WINDOWS\WinSxS\amd64_microsoft.windows.common-controls_6595b64144ccf1df_6.0.19041.4355_none_60b8b9eb71f62e16;C:\Program Files (x86)\360\Total Security\safemon;C:\Program Files\Java\jdk-11.0.14\bin\server;C:\Program Files\JetBrains\IntelliJ IDEA Community Edition 2024.3.1.1\bin

VM Arguments:
jvm_args: -ea -javaagent:C:\Users\amit\.m2\repository/org/aspectj/aspectjweaver/1.9.20.1/aspectjweaver-1.9.20.1.jar -Didea.test.cyclic.buffer.size=1048576 -javaagent:C:\Program Files\JetBrains\IntelliJ IDEA Community Edition 2024.3.1.1\lib\idea_rt.jar=38653:C:\Program Files\JetBrains\IntelliJ IDEA Community Edition 2024.3.1.1\bin -javaagent:C:\Users\amit\AppData\Local\JetBrains\IdeaIC2024.3\captureAgent\debugger-agent.jar -Dkotlinx.coroutines.debug.enable.creation.stack.trace=false -Ddebugger.agent.enable.coroutines=true -Dkotlinx.coroutines.debug.enable.flows.stack.trace=true -Dkotlinx.coroutines.debug.enable.mutable.state.flows.stack.trace=true -Dfile.encoding=UTF-8 
java_command: com.intellij.rt.testng.RemoteTestNGStarter -usedefaultlisteners false -socket38652 @w@C:\Users\amit\AppData\Local\Temp\idea_working_dirs_testng.tmp -temp C:\Users\amit\AppData\Local\Temp\idea_testng.tmp
java_class_path (initial): C:\Program Files\JetBrains\IntelliJ IDEA Community Edition 2024.3.1.1\lib\idea_rt.jar;C:\Program Files\JetBrains\IntelliJ IDEA Community Edition 2024.3.1.1\plugins\testng\lib\testng-rt.jar;J:\3. automation testing testing acadmey\day41--selenium -UI elements\AssignmentAnswers\Appolo-Tools\target\test-classes;J:\3. automation testing testing acadmey\day41--selenium -UI elements\AssignmentAnswers\Appolo-Tools\target\classes;C:\Users\amit\.m2\repository\org\seleniumhq\selenium\selenium-java\4.9.1\selenium-java-4.9.1.jar;C:\Users\amit\.m2\repository\org\seleniumhq\selenium\selenium-api\4.9.1\selenium-api-4.9.1.jar;C:\Users\amit\.m2\repository\org\seleniumhq\selenium\selenium-devtools-v111\4.9.1\selenium-devtools-v111-4.9.1.jar;C:\Users\amit\.m2\repository\org\seleniumhq\selenium\selenium-devtools-v112\4.9.1\selenium-devtools-v112-4.9.1.jar;C:\Users\amit\.m2\repository\org\seleniumhq\selenium\selenium-devtools-v113\4.9.1\selenium-devtools-v113-4.9.1.jar;C:\Users\amit\.m2\repository\org\seleniumhq\selenium\selenium-devtools-v85\4.9.1\selenium-devtools-v85-4.9.1.jar;C:\Users\amit\.m2\repository\org\seleniumhq\selenium\selenium-edge-driver\4.9.1\selenium-edge-driver-4.9.1.jar;C:\Users\amit\.m2\repository\org\seleniumhq\selenium\selenium-firefox-driver\4.9.1\selenium-firefox-driver-4.9.1.jar;C:\Users\amit\.m2\repository\org\seleniumhq\selenium\selenium-http\4.9.1\selenium-http-4.9.1.jar;C:\Users\amit\.m2\repository\dev\failsafe\failsafe\3.3.1\failsafe-3.3.1.jar;C:\Users\amit\.m2\repository\org\seleniumhq\selenium\selenium-ie-driver\4.9.1\selenium-ie-driver-4.9.1.jar;C:\Users\amit\.m2\repository\org\seleniumhq\selenium\selenium-remote-driver\4.9.1\selenium-remote-driver-4.9.1.jar;C:\Users\amit\.m2\repository\io\netty\netty-buffer\4.1.91.Final\netty-buffer-4.1.91.Final.jar;C:\Users\amit\.m2\repository\io\netty\netty-codec-http\4.1.91.Final\netty-codec-http-4.1.91.Final.jar;C:\Users\amit\.m2\repository\io\netty\netty-codec\4.1.91.Final\netty-codec-4
Launcher Type: SUN_STANDARD

[Global flags]
     intx CICompilerCount                          = 3                                         {product} {ergonomic}
     uint ConcGCThreads                            = 1                                         {product} {ergonomic}
     uint G1ConcRefinementThreads                  = 4                                         {product} {ergonomic}
   size_t G1HeapRegionSize                         = 1048576                                   {product} {ergonomic}
    uintx GCDrainStackTargetSize                   = 64                                        {product} {ergonomic}
   size_t InitialHeapSize                          = 134217728                                 {product} {ergonomic}
   size_t MarkStackSize                            = 4194304                                   {product} {ergonomic}
   size_t MaxHeapSize                              = 2122317824                                {product} {ergonomic}
   size_t MaxNewSize                               = 1272971264                                {product} {ergonomic}
   size_t MinHeapDeltaBytes                        = 1048576                                   {product} {ergonomic}
    uintx NonNMethodCodeHeapSize                   = 5830732                                {pd product} {ergonomic}
    uintx NonProfiledCodeHeapSize                  = 122913754                              {pd product} {ergonomic}
    uintx ProfiledCodeHeapSize                     = 122913754                              {pd product} {ergonomic}
    uintx ReservedCodeCacheSize                    = 251658240                              {pd product} {ergonomic}
     bool SegmentedCodeCache                       = true                                      {product} {ergonomic}
     bool UseCompressedClassPointers               = true                                 {lp64_product} {ergonomic}
     bool UseCompressedOops                        = true                                 {lp64_product} {ergonomic}
     bool UseG1GC                                  = true                                      {product} {ergonomic}
     bool UseLargePagesIndividualAllocation        = false                                  {pd product} {ergonomic}

Logging:
Log output configuration:
 #0: stdout all=warning uptime,level,tags
 #1: stderr all=off uptime,level,tags

Environment Variables:
JAVA_HOME=C:\Program Files\Java\jdk-11.0.14
CLASSPATH=E:\cdac pune\6.core java\day2\assignment 2\bin;E:\cdac pune\6.core java\day1\day1 (assignment)\q4\bin
PATH=C:\Program Files\Java\jdk-11.0.14\bin;C:\Users\amit\AppData\Local\Android\Sdk\platform-tools;C:\Users\amit\AppData\Local\Android\Sdk\tools;C:\TDM-GCC-64\bin;C:\Program Files\Common Files\Oracle\Java\javapath;C:\Program Files (x86)\Common Files\Oracle\Java\javapath;C:\PROGRAMDATA\ORACLE\JAVA\JAVAPATH;C:\PROGRAM FILES (X86)\INTEL\ICLS CLIENT\;C:\PROGRAM FILES\INTEL\ICLS CLIENT\;C:\WINDOWS\SYSTEM32;C:\WINDOWS;C:\WINDOWS\SYSTEM32\WBEM;C:\WINDOWS\SYSTEM32\WINDOWSPOWERSHELL\V1.0\;C:\PROGRAM FILES\INTEL\INTEL(R) MANAGEMENT ENGINE COMPONENTS\DAL;C:\PROGRAM FILES\INTEL\INTEL(R) MANAGEMENT ENGINE COMPONENTS\IPT;C:\PROGRAM FILES (X86)\INTEL\INTEL(R) MANAGEMENT ENGINE COMPONENTS\DAL;C:\PROGRAM FILES (X86)\INTEL\INTEL(R) MANAGEMENT ENGINE COMPONENTS\IPT;C:\PROGRAM FILES (X86)\COMMON FILES\LENOVO\EASYPLUSSDK\BIN;C:\Program Files\WIDCOMM\Bluetooth Software\;C:\Program Files\WIDCOMM\Bluetooth Software\syswow64;C:\WINDOWS\system32;C:\WINDOWS\System32\Wbem;C:\WINDOWS\System32\WindowsPowerShell\v1.0\;C:\Program Files (x86)\NVIDIA Corporation\PhysX\Common;C:\Users\amit\AppData\Local\Microsoft\WindowsApps;C:\Users\amit\AppData\Roaming\Dashl;C:\WINDOWS\System32\OpenSSH\;C:\Program Files (x86)\Microsoft VS Code\bin;C:\Program Files\MySQL\MySQL Server 8.0\bin;C:\Program Files\Microsoft SQL Server\130\Tools\Binn\;C:\Program Files\nodejs\;C:\Users\amit\Desktop\curl-8.0.1_7-win64-mingw;C:\apache-maven-3.9.3\bin;C:\allure-2.10.0\bin;C:\Windows\System32\wsl.exe;C:\Program Files\Go\bin;C:\sqlite-tools-win32-x86-3430100;C:\Program Files\PuTTY\;C:\Program Files\Amazon\AWSCLIV2\;C:\Program Files\Git\cmd;C:\Program Files\Git LFS;C:\Users\amit\AppData\Local\Android\Sdk\tools\bin;C:\Users\amit\AppData\Local\Android\Sdk\build-tools\35.0.0-rc4;C:\WINDOWS\system32;C:\WINDOWS;C:\WINDOWS\System32\Wbem;C:\WINDOWS\System32\WindowsPowerShell\v1.0\;C:\WINDOWS\System32\OpenSSH\;C:\ngrok;;C:\Program Files\Docker\Docker\resources\bin;C:\Users\amit\AppData\Local\Programs\Python\Python311\Scripts\;C:\Users\amit\A
USERNAME=sumit
OS=Windows_NT
PROCESSOR_IDENTIFIER=Intel64 Family 6 Model 69 Stepping 1, GenuineIntel



---------------  S Y S T E M  ---------------

OS: Windows 10 , 64 bit Build 19041 (10.0.19041.5198)
Hyper-V role detected

CPU:total 4 (initial active 4) (2 cores per cpu, 2 threads per core) family 6 model 69 stepping 1 microcode 0x25, cmov, cx8, fxsr, mmx, sse, sse2, sse3, ssse3, sse4.1, sse4.2, popcnt, avx, avx2, aes, clmul, erms, lzcnt, ht, tsc, tscinvbit, bmi1, bmi2, fma

Memory: 4k page, system-wide physical 8095M (389M free)
TotalPageFile size 11538M (AvailPageFile size 24M)
current process WorkingSet (physical memory assigned to process): 275M, peak: 316M
current process commit charge ("private bytes"): 307M, peak: 349M

vm_info: Java HotSpot(TM) 64-Bit Server VM (11.0.14+8-LTS-263) for windows-amd64 JRE (11.0.14+8-LTS-263), built on Dec  7 2021 21:53:57 by "mach5one" with MS VC++ 15.9 (VS2017)

END.
