#
# There is insufficient memory for the Java Runtime Environment to continue.
# Native memory allocation (malloc) failed to allocate 213776 bytes for Chunk::new
# Possible reasons:
#   The system is out of physical RAM or swap space
#   The process is running with CompressedOops enabled, and the Java Heap may be blocking the growth of the native heap
# Possible solutions:
#   Reduce memory load on the system
#   Increase physical memory or swap space
#   Check if swap backing store is full
#   Decrease Java heap size (-Xmx/-Xms)
#   Decrease number of Java threads
#   Decrease Java thread stack sizes (-Xss)
#   Set larger code cache with -XX:ReservedCodeCacheSize=
#   JVM is running with Unscaled Compressed Oops mode in which the Java heap is
#     placed in the first 4GB address space. The Java Heap base address is the
#     maximum limit for the native heap growth. Please use -XX:HeapBaseMinAddress
#     to set the Java Heap base and to place the Java Heap above 4GB virtual address.
# This output file may be truncated or incomplete.
#
#  Out of Memory Error (./open/src/hotspot/share/memory/arena.cpp:197), pid=21516, tid=21676
#
# JRE version: Java(TM) SE Runtime Environment 18.9 (11.0.14+8) (build 11.0.14+8-LTS-263)
# Java VM: Java HotSpot(TM) 64-Bit Server VM 18.9 (11.0.14+8-LTS-263, mixed mode, tiered, compressed oops, g1 gc, windows-amd64)
# No core dump will be written. Minidumps are not enabled by default on client versions of Windows
#

---------------  S U M M A R Y ------------

Command Line: -ea -javaagent:C:\Users\amit\.m2\repository/org/aspectj/aspectjweaver/1.9.20.1/aspectjweaver-1.9.20.1.jar -Didea.test.cyclic.buffer.size=1048576 -javaagent:C:\Program Files\JetBrains\IntelliJ IDEA Community Edition 2023.1.5\lib\idea_rt.jar=41239:C:\Program Files\JetBrains\IntelliJ IDEA Community Edition 2023.1.5\bin -Dfile.encoding=UTF-8 com.intellij.rt.testng.RemoteTestNGStarter -usedefaultlisteners false -socket41238 @w@C:\Users\amit\AppData\Local\Temp\idea_working_dirs_testng.tmp -temp C:\Users\amit\AppData\Local\Temp\idea_testng.tmp

Host: Intel(R) Core(TM) i3-4005U CPU @ 1.70GHz, 4 cores, 7G,  Windows 10 , 64 bit Build 19041 (10.0.19041.4597)
Time: Thu Aug 15 00:26:15 2024 India Standard Time elapsed time: 132.207331 seconds (0d 0h 2m 12s)

---------------  T H R E A D  ---------------

Current thread (0x000001c7d54be800):  JavaThread "C2 CompilerThread0" daemon [_thread_in_native, id=21676, stack(0x000000bdd7300000,0x000000bdd7400000)]


Current CompileTask:
C2: 132207 4385       4       sun.invoke.util.BytecodeDescriptor::unparseSig (91 bytes)

Stack: [0x000000bdd7300000,0x000000bdd7400000]
Native frames: (J=compiled Java code, j=interpreted, Vv=VM code, C=native code)
V  [jvm.dll+0x6296da]
V  [jvm.dll+0x76323f]
V  [jvm.dll+0x7648e9]
V  [jvm.dll+0x764f73]
V  [jvm.dll+0x23d7c8]
V  [jvm.dll+0xb297c]
V  [jvm.dll+0xb2f3c]
V  [jvm.dll+0x2ae594]
V  [jvm.dll+0x53cec6]
V  [jvm.dll+0x1f9e99]
V  [jvm.dll+0x1f742d]
V  [jvm.dll+0x177b21]
V  [jvm.dll+0x206e26]
V  [jvm.dll+0x204fbb]
V  [jvm.dll+0x729170]
V  [jvm.dll+0x721d44]
V  [jvm.dll+0x6285d6]
C  [ucrtbase.dll+0x21bb2]
C  [KERNEL32.DLL+0x17374]
C  [ntdll.dll+0x4cc91]


---------------  P R O C E S S  ---------------

Threads class SMR info:
_java_thread_list=0x000001c7d8948620, length=31, elements={
0x000001c7b6dd0000, 0x000001c7d4c22800, 0x000001c7d4c24800, 0x000001c7d54b3800,
0x000001c7d54b4800, 0x000001c7d54b8800, 0x000001c7d54be800, 0x000001c7d54c3800,
0x000001c7d54cf800, 0x000001c7d4bdf000, 0x000001c7d6a02000, 0x000001c7d791c800,
0x000001c7d6e40800, 0x000001c7d8c0d000, 0x000001c7da6f1000, 0x000001c7d6ef4000,
0x000001c7d8245800, 0x000001c7d6c8f800, 0x000001c7d6f21000, 0x000001c7d6f1f000,
0x000001c7d6f21800, 0x000001c7d6f22800, 0x000001c7d6f1c800, 0x000001c7d6f1d800,
0x000001c7d6f20000, 0x000001c7d6f23000, 0x000001c7d6f1e800, 0x000001c7dab45800,
0x000001c7dab48000, 0x000001c7dab46800, 0x000001c7dab44000
}

Java Threads: ( => current thread )
  0x000001c7b6dd0000 JavaThread "Forwarding findElement on session 8a73c13d7c629e60464d8854cafa81ef to remote" [_thread_blocked, id=15116, stack(0x000000bdd6700000,0x000000bdd6800000)]
  0x000001c7d4c22800 JavaThread "Reference Handler" daemon [_thread_blocked, id=22668, stack(0x000000bdd6e00000,0x000000bdd6f00000)]
  0x000001c7d4c24800 JavaThread "Finalizer" daemon [_thread_blocked, id=8232, stack(0x000000bdd6f00000,0x000000bdd7000000)]
  0x000001c7d54b3800 JavaThread "Signal Dispatcher" daemon [_thread_blocked, id=2768, stack(0x000000bdd7000000,0x000000bdd7100000)]
  0x000001c7d54b4800 JavaThread "Attach Listener" daemon [_thread_blocked, id=20604, stack(0x000000bdd7100000,0x000000bdd7200000)]
  0x000001c7d54b8800 JavaThread "Service Thread" daemon [_thread_blocked, id=21848, stack(0x000000bdd7200000,0x000000bdd7300000)]
=>0x000001c7d54be800 JavaThread "C2 CompilerThread0" daemon [_thread_in_native, id=21676, stack(0x000000bdd7300000,0x000000bdd7400000)]
  0x000001c7d54c3800 JavaThread "C1 CompilerThread0" daemon [_thread_blocked, id=21620, stack(0x000000bdd7400000,0x000000bdd7500000)]
  0x000001c7d54cf800 JavaThread "Sweeper thread" daemon [_thread_blocked, id=2912, stack(0x000000bdd7500000,0x000000bdd7600000)]
  0x000001c7d4bdf000 JavaThread "Common-Cleaner" daemon [_thread_blocked, id=5236, stack(0x000000bdd7600000,0x000000bdd7700000)]
  0x000001c7d6a02000 JavaThread "Monitor Ctrl-Break" daemon [_thread_in_native, id=16728, stack(0x000000bdd7a00000,0x000000bdd7b00000)]
  0x000001c7d791c800 JavaThread "ForkJoinPool.commonPool-worker-3" daemon [_thread_blocked, id=23460, stack(0x000000bdd7c00000,0x000000bdd7d00000)]
  0x000001c7d6e40800 JavaThread "ForkJoinPool.commonPool-worker-5" daemon [_thread_blocked, id=12408, stack(0x000000bdd7d00000,0x000000bdd7e00000)]
  0x000001c7d8c0d000 JavaThread "AsyncHttpClient-1-1" daemon [_thread_blocked, id=24460, stack(0x000000bdd7f00000,0x000000bdd8000000)]
  0x000001c7da6f1000 JavaThread "Exec Default Executor" daemon [_thread_in_native, id=23456, stack(0x000000bdd8000000,0x000000bdd8100000)]
  0x000001c7d6ef4000 JavaThread "Exec Stream Pumper" daemon [_thread_in_native, id=13300, stack(0x000000bdd8100000,0x000000bdd8200000)]
  0x000001c7d8245800 JavaThread "Exec Stream Pumper" daemon [_thread_in_native, id=19744, stack(0x000000bdd8200000,0x000000bdd8300000)]
  0x000001c7d6c8f800 JavaThread "Driver Service Executor" daemon [_thread_blocked, id=21416, stack(0x000000bdd8300000,0x000000bdd8400000)]
  0x000001c7d6f21000 JavaThread "Driver Service Executor" daemon [_thread_blocked, id=17952, stack(0x000000bdd8400000,0x000000bdd8500000)]
  0x000001c7d6f1f000 JavaThread "UrlChecker-2" daemon [_thread_blocked, id=18644, stack(0x000000bdd8500000,0x000000bdd8600000)]
  0x000001c7d6f21800 JavaThread "AsyncHttpClient-1-2" daemon [_thread_in_native, id=15572, stack(0x000000bdd8800000,0x000000bdd8900000)]
  0x000001c7d6f22800 JavaThread "AsyncHttpClient-1-3" daemon [_thread_in_native, id=18276, stack(0x000000bdd8900000,0x000000bdd8a00000)]
  0x000001c7d6f1c800 JavaThread "AsyncHttpClient-1-4" daemon [_thread_in_native, id=21828, stack(0x000000bdd8a00000,0x000000bdd8b00000)]
  0x000001c7d6f1d800 JavaThread "Exec Default Executor" daemon [_thread_in_native, id=21684, stack(0x000000bdd6400000,0x000000bdd6500000)]
  0x000001c7d6f20000 JavaThread "Exec Stream Pumper" daemon [_thread_in_native, id=7052, stack(0x000000bdd6500000,0x000000bdd6600000)]
  0x000001c7d6f23000 JavaThread "Exec Stream Pumper" daemon [_thread_in_native, id=8272, stack(0x000000bdd6600000,0x000000bdd6700000)]
  0x000001c7d6f1e800 JavaThread "Driver Service Executor" daemon [_thread_blocked, id=756, stack(0x000000bdd8b00000,0x000000bdd8c00000)]
  0x000001c7dab45800 JavaThread "Driver Service Executor" daemon [_thread_blocked, id=21796, stack(0x000000bdd8c00000,0x000000bdd8d00000)]
  0x000001c7dab48000 JavaThread "AsyncHttpClient-1-5" daemon [_thread_in_native, id=23504, stack(0x000000bdd8e00000,0x000000bdd8f00000)]
  0x000001c7dab46800 JavaThread "AsyncHttpClient-1-6" daemon [_thread_in_native, id=23308, stack(0x000000bdd7e00000,0x000000bdd7f00000)]
  0x000001c7dab44000 JavaThread "AsyncHttpClient-1-7" daemon [_thread_in_native, id=15156, stack(0x000000bdd8d00000,0x000000bdd8e00000)]

Other Threads:
  0x000001c7d4c49800 VMThread "VM Thread" [stack: 0x000000bdd6d00000,0x000000bdd6e00000] [id=23192]
  0x000001c7d6a03000 WatcherThread [stack: 0x000000bdd7b00000,0x000000bdd7c00000] [id=15596]
  0x000001c7b6de6800 GCTaskThread "GC Thread#0" [stack: 0x000000bdd6800000,0x000000bdd6900000] [id=7244]
  0x000001c7d5c3c000 GCTaskThread "GC Thread#1" [stack: 0x000000bdd7700000,0x000000bdd7800000] [id=24348]
  0x000001c7d611c800 GCTaskThread "GC Thread#2" [stack: 0x000000bdd7800000,0x000000bdd7900000] [id=24380]
  0x000001c7b6e17800 ConcurrentGCThread "G1 Main Marker" [stack: 0x000000bdd6900000,0x000000bdd6a00000] [id=10916]
  0x000001c7b6e19800 ConcurrentGCThread "G1 Conc#0" [stack: 0x000000bdd6a00000,0x000000bdd6b00000] [id=13596]
  0x000001c7b6e6e000 ConcurrentGCThread "G1 Refine#0" [stack: 0x000000bdd6b00000,0x000000bdd6c00000] [id=16372]
  0x000001c7d4a8f800 ConcurrentGCThread "G1 Young RemSet Sampling" [stack: 0x000000bdd6c00000,0x000000bdd6d00000] [id=22628]

Threads with active compile tasks:
C2 CompilerThread0 133292 4385       4       sun.invoke.util.BytecodeDescriptor::unparseSig (91 bytes)

VM state:not at safepoint (normal execution)

VM Mutex/Monitor currently owned by a thread: None

Heap address: 0x0000000081800000, size: 2024 MB, Compressed Oops mode: 32-bit
Narrow klass base: 0x0000000000000000, Narrow klass shift: 3
Compressed class space size: 1073741824 Address: 0x0000000100000000

Heap:
 garbage-first heap   total 157696K, used 123694K [0x0000000081800000, 0x0000000100000000)
  region size 1024K, 62 young (63488K), 8 survivors (8192K)
 Metaspace       used 41947K, capacity 43142K, committed 43384K, reserved 1087488K
  class space    used 4781K, capacity 5279K, committed 5324K, reserved 1048576K
Heap Regions: E=young(eden), S=young(survivor), O=old, HS=humongous(starts), HC=humongous(continues), CS=collection set, F=free, A=archive, TAMS=top-at-mark-start (previous, next)
|   0|0x0000000081800000, 0x0000000081900000, 0x0000000081900000|100%| O|  |TAMS 0x0000000081900000, 0x0000000081800000| Untracked 
|   1|0x0000000081900000, 0x0000000081a00000, 0x0000000081a00000|100%| O|  |TAMS 0x0000000081a00000, 0x0000000081900000| Untracked 
|   2|0x0000000081a00000, 0x0000000081b00000, 0x0000000081b00000|100%| O|  |TAMS 0x0000000081b00000, 0x0000000081a00000| Untracked 
|   3|0x0000000081b00000, 0x0000000081c00000, 0x0000000081c00000|100%| O|  |TAMS 0x0000000081c00000, 0x0000000081b00000| Untracked 
|   4|0x0000000081c00000, 0x0000000081d00000, 0x0000000081d00000|100%| O|  |TAMS 0x0000000081d00000, 0x0000000081c00000| Untracked 
|   5|0x0000000081d00000, 0x0000000081e00000, 0x0000000081e00000|100%| O|  |TAMS 0x0000000081e00000, 0x0000000081d00000| Untracked 
|   6|0x0000000081e00000, 0x0000000081f00000, 0x0000000081f00000|100%| O|  |TAMS 0x0000000081f00000, 0x0000000081e00000| Untracked 
|   7|0x0000000081f00000, 0x0000000082000000, 0x0000000082000000|100%| O|  |TAMS 0x0000000082000000, 0x0000000081f00000| Untracked 
|   8|0x0000000082000000, 0x0000000082100000, 0x0000000082100000|100%| O|  |TAMS 0x0000000082100000, 0x0000000082000000| Untracked 
|   9|0x0000000082100000, 0x0000000082200000, 0x0000000082200000|100%| O|  |TAMS 0x0000000082200000, 0x0000000082100000| Untracked 
|  10|0x0000000082200000, 0x0000000082300000, 0x0000000082300000|100%| O|  |TAMS 0x0000000082300000, 0x0000000082200000| Untracked 
|  11|0x0000000082300000, 0x0000000082400000, 0x0000000082400000|100%| O|  |TAMS 0x0000000082400000, 0x0000000082300000| Untracked 
|  12|0x0000000082400000, 0x0000000082500000, 0x0000000082500000|100%| O|  |TAMS 0x0000000082500000, 0x0000000082400000| Untracked 
|  13|0x0000000082500000, 0x0000000082600000, 0x0000000082600000|100%| O|  |TAMS 0x0000000082600000, 0x0000000082500000| Untracked 
|  14|0x0000000082600000, 0x0000000082700000, 0x0000000082700000|100%| O|  |TAMS 0x0000000082700000, 0x0000000082600000| Untracked 
|  15|0x0000000082700000, 0x0000000082800000, 0x0000000082800000|100%| O|  |TAMS 0x0000000082800000, 0x0000000082700000| Untracked 
|  16|0x0000000082800000, 0x0000000082900000, 0x0000000082900000|100%| O|  |TAMS 0x0000000082900000, 0x0000000082800000| Untracked 
|  17|0x0000000082900000, 0x0000000082a00000, 0x0000000082a00000|100%| O|  |TAMS 0x0000000082a00000, 0x0000000082900000| Untracked 
|  18|0x0000000082a00000, 0x0000000082b00000, 0x0000000082b00000|100%| O|  |TAMS 0x0000000082b00000, 0x0000000082a00000| Untracked 
|  19|0x0000000082b00000, 0x0000000082c00000, 0x0000000082c00000|100%| O|  |TAMS 0x0000000082c00000, 0x0000000082b00000| Untracked 
|  20|0x0000000082c00000, 0x0000000082d00000, 0x0000000082d00000|100%| O|  |TAMS 0x0000000082d00000, 0x0000000082c00000| Untracked 
|  21|0x0000000082d00000, 0x0000000082e00000, 0x0000000082e00000|100%| O|  |TAMS 0x0000000082e00000, 0x0000000082d00000| Untracked 
|  22|0x0000000082e00000, 0x0000000082f00000, 0x0000000082f00000|100%| O|  |TAMS 0x0000000082f00000, 0x0000000082e00000| Untracked 
|  23|0x0000000082f00000, 0x0000000083000000, 0x0000000083000000|100%| O|  |TAMS 0x0000000083000000, 0x0000000082f00000| Untracked 
|  24|0x0000000083000000, 0x0000000083100000, 0x0000000083100000|100%| O|  |TAMS 0x0000000083100000, 0x0000000083000000| Untracked 
|  25|0x0000000083100000, 0x0000000083200000, 0x0000000083200000|100%| O|  |TAMS 0x0000000083200000, 0x0000000083100000| Untracked 
|  26|0x0000000083200000, 0x0000000083300000, 0x0000000083300000|100%| O|  |TAMS 0x0000000083300000, 0x0000000083200000| Untracked 
|  27|0x0000000083300000, 0x0000000083400000, 0x0000000083400000|100%| O|  |TAMS 0x0000000083400000, 0x0000000083300000| Untracked 
|  28|0x0000000083400000, 0x0000000083500000, 0x0000000083500000|100%| O|  |TAMS 0x0000000083500000, 0x0000000083400000| Untracked 
|  29|0x0000000083500000, 0x0000000083600000, 0x0000000083600000|100%| O|  |TAMS 0x0000000083600000, 0x0000000083500000| Untracked 
|  30|0x0000000083600000, 0x0000000083700000, 0x0000000083700000|100%| O|  |TAMS 0x0000000083700000, 0x0000000083600000| Untracked 
|  31|0x0000000083700000, 0x0000000083800000, 0x0000000083800000|100%| O|  |TAMS 0x0000000083800000, 0x0000000083700000| Untracked 
|  32|0x0000000083800000, 0x0000000083900000, 0x0000000083900000|100%| O|  |TAMS 0x0000000083900000, 0x0000000083800000| Untracked 
|  33|0x0000000083900000, 0x0000000083a00000, 0x0000000083a00000|100%| O|  |TAMS 0x0000000083a00000, 0x0000000083900000| Untracked 
|  34|0x0000000083a00000, 0x0000000083b00000, 0x0000000083b00000|100%| O|  |TAMS 0x0000000083b00000, 0x0000000083a00000| Untracked 
|  35|0x0000000083b00000, 0x0000000083c00000, 0x0000000083c00000|100%| O|  |TAMS 0x0000000083c00000, 0x0000000083b00000| Untracked 
|  36|0x0000000083c00000, 0x0000000083d00000, 0x0000000083d00000|100%| O|  |TAMS 0x0000000083d00000, 0x0000000083c00000| Untracked 
|  37|0x0000000083d00000, 0x0000000083e00000, 0x0000000083e00000|100%| O|  |TAMS 0x0000000083e00000, 0x0000000083d00000| Untracked 
|  38|0x0000000083e00000, 0x0000000083f00000, 0x0000000083f00000|100%| O|  |TAMS 0x0000000083f00000, 0x0000000083e00000| Untracked 
|  39|0x0000000083f00000, 0x0000000084000000, 0x0000000084000000|100%| O|  |TAMS 0x0000000084000000, 0x0000000083f00000| Untracked 
|  40|0x0000000084000000, 0x0000000084100000, 0x0000000084100000|100%| O|  |TAMS 0x000000008406d600, 0x0000000084000000| Untracked 
|  41|0x0000000084100000, 0x0000000084200000, 0x0000000084200000|100%|HS|  |TAMS 0x0000000084100000, 0x0000000084100000| Complete 
|  42|0x0000000084200000, 0x0000000084300000, 0x0000000084300000|100%|HC|  |TAMS 0x0000000084200000, 0x0000000084200000| Complete 
|  43|0x0000000084300000, 0x0000000084400000, 0x0000000084400000|100%|HC|  |TAMS 0x0000000084300000, 0x0000000084300000| Complete 
|  44|0x0000000084400000, 0x0000000084500000, 0x0000000084500000|100%|HC|  |TAMS 0x0000000084400000, 0x0000000084400000| Complete 
|  45|0x0000000084500000, 0x0000000084600000, 0x0000000084600000|100%|HC|  |TAMS 0x0000000084500000, 0x0000000084500000| Complete 
|  46|0x0000000084600000, 0x0000000084700000, 0x0000000084700000|100%| O|  |TAMS 0x0000000084600000, 0x0000000084600000| Untracked 
|  47|0x0000000084700000, 0x0000000084800000, 0x0000000084800000|100%| O|  |TAMS 0x0000000084700000, 0x0000000084700000| Untracked 
|  48|0x0000000084800000, 0x0000000084900000, 0x0000000084900000|100%| O|  |TAMS 0x0000000084800000, 0x0000000084800000| Untracked 
|  49|0x0000000084900000, 0x0000000084a00000, 0x0000000084a00000|100%| O|  |TAMS 0x0000000084900000, 0x0000000084900000| Untracked 
|  50|0x0000000084a00000, 0x0000000084b00000, 0x0000000084b00000|100%| O|  |TAMS 0x0000000084a00000, 0x0000000084a00000| Untracked 
|  51|0x0000000084b00000, 0x0000000084c00000, 0x0000000084c00000|100%| O|  |TAMS 0x0000000084b00000, 0x0000000084b00000| Untracked 
|  52|0x0000000084c00000, 0x0000000084d00000, 0x0000000084d00000|100%| O|  |TAMS 0x0000000084c00000, 0x0000000084c00000| Untracked 
|  53|0x0000000084d00000, 0x0000000084e00000, 0x0000000084e00000|100%| O|  |TAMS 0x0000000084d00000, 0x0000000084d00000| Untracked 
|  54|0x0000000084e00000, 0x0000000084ecb800, 0x0000000084f00000| 79%| O|  |TAMS 0x0000000084e00000, 0x0000000084e00000| Untracked 
|  55|0x0000000084f00000, 0x0000000085000000, 0x0000000085000000|100%|HS|  |TAMS 0x0000000084f00000, 0x0000000084f00000| Complete 
|  56|0x0000000085000000, 0x0000000085100000, 0x0000000085100000|100%|HC|  |TAMS 0x0000000085000000, 0x0000000085000000| Complete 
|  57|0x0000000085100000, 0x0000000085200000, 0x0000000085200000|100%|HC|  |TAMS 0x0000000085100000, 0x0000000085100000| Complete 
|  58|0x0000000085200000, 0x0000000085300000, 0x0000000085300000|100%|HC|  |TAMS 0x0000000085200000, 0x0000000085200000| Complete 
|  59|0x0000000085300000, 0x0000000085400000, 0x0000000085400000|100%|HC|  |TAMS 0x0000000085300000, 0x0000000085300000| Complete 
|  60|0x0000000085400000, 0x0000000085400000, 0x0000000085500000|  0%| F|  |TAMS 0x0000000085400000, 0x0000000085400000| Untracked 
|  61|0x0000000085500000, 0x0000000085500000, 0x0000000085600000|  0%| F|  |TAMS 0x0000000085500000, 0x0000000085500000| Untracked 
|  62|0x0000000085600000, 0x0000000085600000, 0x0000000085700000|  0%| F|  |TAMS 0x0000000085600000, 0x0000000085600000| Untracked 
|  63|0x0000000085700000, 0x0000000085700000, 0x0000000085800000|  0%| F|  |TAMS 0x0000000085700000, 0x0000000085700000| Untracked 
|  64|0x0000000085800000, 0x0000000085800000, 0x0000000085900000|  0%| F|  |TAMS 0x0000000085800000, 0x0000000085800000| Untracked 
|  65|0x0000000085900000, 0x0000000085900000, 0x0000000085a00000|  0%| F|  |TAMS 0x0000000085900000, 0x0000000085900000| Untracked 
|  66|0x0000000085a00000, 0x0000000085a00000, 0x0000000085b00000|  0%| F|  |TAMS 0x0000000085a00000, 0x0000000085a00000| Untracked 
|  67|0x0000000085b00000, 0x0000000085b00000, 0x0000000085c00000|  0%| F|  |TAMS 0x0000000085b00000, 0x0000000085b00000| Untracked 
|  68|0x0000000085c00000, 0x0000000085c00000, 0x0000000085d00000|  0%| F|  |TAMS 0x0000000085c00000, 0x0000000085c00000| Untracked 
|  69|0x0000000085d00000, 0x0000000085d00000, 0x0000000085e00000|  0%| F|  |TAMS 0x0000000085d00000, 0x0000000085d00000| Untracked 
|  70|0x0000000085e00000, 0x0000000085e00000, 0x0000000085f00000|  0%| F|  |TAMS 0x0000000085e00000, 0x0000000085e00000| Untracked 
|  71|0x0000000085f00000, 0x0000000085f00000, 0x0000000086000000|  0%| F|  |TAMS 0x0000000085f00000, 0x0000000085f00000| Untracked 
|  72|0x0000000086000000, 0x0000000086000000, 0x0000000086100000|  0%| F|  |TAMS 0x0000000086000000, 0x0000000086000000| Untracked 
|  73|0x0000000086100000, 0x0000000086100000, 0x0000000086200000|  0%| F|  |TAMS 0x0000000086100000, 0x0000000086100000| Untracked 
|  74|0x0000000086200000, 0x0000000086300000, 0x0000000086300000|100%| S|CS|TAMS 0x0000000086200000, 0x0000000086200000| Complete 
|  75|0x0000000086300000, 0x0000000086400000, 0x0000000086400000|100%| S|CS|TAMS 0x0000000086300000, 0x0000000086300000| Complete 
|  76|0x0000000086400000, 0x0000000086500000, 0x0000000086500000|100%| S|CS|TAMS 0x0000000086400000, 0x0000000086400000| Complete 
|  77|0x0000000086500000, 0x0000000086600000, 0x0000000086600000|100%| S|CS|TAMS 0x0000000086500000, 0x0000000086500000| Complete 
|  78|0x0000000086600000, 0x0000000086600000, 0x0000000086700000|  0%| F|  |TAMS 0x0000000086600000, 0x0000000086600000| Untracked 
|  79|0x0000000086700000, 0x0000000086700000, 0x0000000086800000|  0%| F|  |TAMS 0x0000000086700000, 0x0000000086700000| Untracked 
|  80|0x0000000086800000, 0x0000000086800000, 0x0000000086900000|  0%| F|  |TAMS 0x0000000086800000, 0x0000000086800000| Untracked 
|  81|0x0000000086900000, 0x0000000086900000, 0x0000000086a00000|  0%| F|  |TAMS 0x0000000086900000, 0x0000000086900000| Untracked 
|  82|0x0000000086a00000, 0x0000000086a00000, 0x0000000086b00000|  0%| F|  |TAMS 0x0000000086a00000, 0x0000000086a00000| Untracked 
|  83|0x0000000086b00000, 0x0000000086b00000, 0x0000000086c00000|  0%| F|  |TAMS 0x0000000086b00000, 0x0000000086b00000| Untracked 
|  84|0x0000000086c00000, 0x0000000086c00000, 0x0000000086d00000|  0%| F|  |TAMS 0x0000000086c00000, 0x0000000086c00000| Untracked 
|  85|0x0000000086d00000, 0x0000000086d00000, 0x0000000086e00000|  0%| F|  |TAMS 0x0000000086d00000, 0x0000000086d00000| Untracked 
|  86|0x0000000086e00000, 0x0000000086e00000, 0x0000000086f00000|  0%| F|  |TAMS 0x0000000086e00000, 0x0000000086e00000| Untracked 
|  87|0x0000000086f00000, 0x0000000087000000, 0x0000000087000000|100%| S|CS|TAMS 0x0000000086f00000, 0x0000000086f00000| Complete 
|  88|0x0000000087000000, 0x0000000087100000, 0x0000000087100000|100%| S|CS|TAMS 0x0000000087000000, 0x0000000087000000| Complete 
|  89|0x0000000087100000, 0x0000000087200000, 0x0000000087200000|100%| S|CS|TAMS 0x0000000087100000, 0x0000000087100000| Complete 
|  90|0x0000000087200000, 0x0000000087300000, 0x0000000087300000|100%| S|CS|TAMS 0x0000000087200000, 0x0000000087200000| Complete 
|  91|0x0000000087300000, 0x0000000087300000, 0x0000000087400000|  0%| F|  |TAMS 0x0000000087300000, 0x0000000087300000| Untracked 
|  92|0x0000000087400000, 0x0000000087400000, 0x0000000087500000|  0%| F|  |TAMS 0x0000000087400000, 0x0000000087400000| Untracked 
|  93|0x0000000087500000, 0x0000000087500000, 0x0000000087600000|  0%| F|  |TAMS 0x0000000087500000, 0x0000000087500000| Untracked 
|  94|0x0000000087600000, 0x0000000087600000, 0x0000000087700000|  0%| F|  |TAMS 0x0000000087600000, 0x0000000087600000| Untracked 
|  95|0x0000000087700000, 0x0000000087700000, 0x0000000087800000|  0%| F|  |TAMS 0x0000000087700000, 0x0000000087700000| Untracked 
|  96|0x0000000087800000, 0x0000000087800000, 0x0000000087900000|  0%| F|  |TAMS 0x0000000087800000, 0x0000000087800000| Untracked 
|  97|0x0000000087900000, 0x0000000087900000, 0x0000000087a00000|  0%| F|  |TAMS 0x0000000087900000, 0x0000000087900000| Untracked 
|  98|0x0000000087a00000, 0x0000000087a00000, 0x0000000087b00000|  0%| F|  |TAMS 0x0000000087a00000, 0x0000000087a00000| Untracked 
|  99|0x0000000087b00000, 0x0000000087b00000, 0x0000000087c00000|  0%| F|  |TAMS 0x0000000087b00000, 0x0000000087b00000| Untracked 
| 100|0x0000000087c00000, 0x0000000087d00000, 0x0000000087d00000|100%| E|  |TAMS 0x0000000087c00000, 0x0000000087c00000| Complete 
| 101|0x0000000087d00000, 0x0000000087e00000, 0x0000000087e00000|100%| E|CS|TAMS 0x0000000087d00000, 0x0000000087d00000| Complete 
| 102|0x0000000087e00000, 0x0000000087f00000, 0x0000000087f00000|100%| E|CS|TAMS 0x0000000087e00000, 0x0000000087e00000| Complete 
| 103|0x0000000087f00000, 0x0000000088000000, 0x0000000088000000|100%| E|CS|TAMS 0x0000000087f00000, 0x0000000087f00000| Complete 
| 104|0x0000000088000000, 0x0000000088100000, 0x0000000088100000|100%| E|CS|TAMS 0x0000000088000000, 0x0000000088000000| Complete 
| 105|0x0000000088100000, 0x0000000088200000, 0x0000000088200000|100%| E|CS|TAMS 0x0000000088100000, 0x0000000088100000| Complete 
| 106|0x0000000088200000, 0x0000000088300000, 0x0000000088300000|100%| E|CS|TAMS 0x0000000088200000, 0x0000000088200000| Complete 
| 107|0x0000000088300000, 0x0000000088400000, 0x0000000088400000|100%| E|CS|TAMS 0x0000000088300000, 0x0000000088300000| Complete 
| 108|0x0000000088400000, 0x0000000088500000, 0x0000000088500000|100%| E|CS|TAMS 0x0000000088400000, 0x0000000088400000| Complete 
| 109|0x0000000088500000, 0x0000000088600000, 0x0000000088600000|100%| E|CS|TAMS 0x0000000088500000, 0x0000000088500000| Complete 
| 110|0x0000000088600000, 0x0000000088700000, 0x0000000088700000|100%| E|CS|TAMS 0x0000000088600000, 0x0000000088600000| Complete 
| 111|0x0000000088700000, 0x0000000088800000, 0x0000000088800000|100%| E|CS|TAMS 0x0000000088700000, 0x0000000088700000| Complete 
| 112|0x0000000088800000, 0x0000000088900000, 0x0000000088900000|100%| E|CS|TAMS 0x0000000088800000, 0x0000000088800000| Complete 
| 113|0x0000000088900000, 0x0000000088a00000, 0x0000000088a00000|100%| E|CS|TAMS 0x0000000088900000, 0x0000000088900000| Complete 
| 114|0x0000000088a00000, 0x0000000088b00000, 0x0000000088b00000|100%| E|CS|TAMS 0x0000000088a00000, 0x0000000088a00000| Complete 
| 115|0x0000000088b00000, 0x0000000088c00000, 0x0000000088c00000|100%| E|CS|TAMS 0x0000000088b00000, 0x0000000088b00000| Complete 
| 116|0x0000000088c00000, 0x0000000088d00000, 0x0000000088d00000|100%| E|CS|TAMS 0x0000000088c00000, 0x0000000088c00000| Complete 
| 117|0x0000000088d00000, 0x0000000088e00000, 0x0000000088e00000|100%| E|CS|TAMS 0x0000000088d00000, 0x0000000088d00000| Complete 
| 118|0x0000000088e00000, 0x0000000088f00000, 0x0000000088f00000|100%| E|CS|TAMS 0x0000000088e00000, 0x0000000088e00000| Complete 
| 119|0x0000000088f00000, 0x0000000089000000, 0x0000000089000000|100%| E|CS|TAMS 0x0000000088f00000, 0x0000000088f00000| Complete 
| 120|0x0000000089000000, 0x0000000089100000, 0x0000000089100000|100%| E|CS|TAMS 0x0000000089000000, 0x0000000089000000| Complete 
| 121|0x0000000089100000, 0x0000000089200000, 0x0000000089200000|100%| E|CS|TAMS 0x0000000089100000, 0x0000000089100000| Complete 
| 122|0x0000000089200000, 0x0000000089300000, 0x0000000089300000|100%| E|CS|TAMS 0x0000000089200000, 0x0000000089200000| Complete 
| 123|0x0000000089300000, 0x0000000089400000, 0x0000000089400000|100%| E|CS|TAMS 0x0000000089300000, 0x0000000089300000| Complete 
| 124|0x0000000089400000, 0x0000000089500000, 0x0000000089500000|100%| E|CS|TAMS 0x0000000089400000, 0x0000000089400000| Complete 
| 125|0x0000000089500000, 0x0000000089600000, 0x0000000089600000|100%| E|CS|TAMS 0x0000000089500000, 0x0000000089500000| Complete 
| 126|0x0000000089600000, 0x0000000089700000, 0x0000000089700000|100%| E|CS|TAMS 0x0000000089600000, 0x0000000089600000| Complete 
| 127|0x0000000089700000, 0x0000000089800000, 0x0000000089800000|100%| E|CS|TAMS 0x0000000089700000, 0x0000000089700000| Complete 
| 128|0x0000000089800000, 0x0000000089900000, 0x0000000089900000|100%| E|CS|TAMS 0x0000000089800000, 0x0000000089800000| Complete 
| 129|0x0000000089900000, 0x0000000089a00000, 0x0000000089a00000|100%| E|CS|TAMS 0x0000000089900000, 0x0000000089900000| Complete 
| 130|0x0000000089a00000, 0x0000000089b00000, 0x0000000089b00000|100%| E|CS|TAMS 0x0000000089a00000, 0x0000000089a00000| Complete 
| 131|0x0000000089b00000, 0x0000000089c00000, 0x0000000089c00000|100%| E|CS|TAMS 0x0000000089b00000, 0x0000000089b00000| Complete 
| 132|0x0000000089c00000, 0x0000000089d00000, 0x0000000089d00000|100%| E|CS|TAMS 0x0000000089c00000, 0x0000000089c00000| Complete 
| 133|0x0000000089d00000, 0x0000000089e00000, 0x0000000089e00000|100%| E|CS|TAMS 0x0000000089d00000, 0x0000000089d00000| Complete 
| 134|0x0000000089e00000, 0x0000000089f00000, 0x0000000089f00000|100%| E|CS|TAMS 0x0000000089e00000, 0x0000000089e00000| Complete 
| 135|0x0000000089f00000, 0x000000008a000000, 0x000000008a000000|100%| E|CS|TAMS 0x0000000089f00000, 0x0000000089f00000| Complete 
| 136|0x000000008a000000, 0x000000008a100000, 0x000000008a100000|100%| E|CS|TAMS 0x000000008a000000, 0x000000008a000000| Complete 
| 137|0x000000008a100000, 0x000000008a200000, 0x000000008a200000|100%| E|CS|TAMS 0x000000008a100000, 0x000000008a100000| Complete 
| 138|0x000000008a200000, 0x000000008a300000, 0x000000008a300000|100%| E|CS|TAMS 0x000000008a200000, 0x000000008a200000| Complete 
| 139|0x000000008a300000, 0x000000008a400000, 0x000000008a400000|100%| E|CS|TAMS 0x000000008a300000, 0x000000008a300000| Complete 
| 140|0x000000008a400000, 0x000000008a500000, 0x000000008a500000|100%| E|CS|TAMS 0x000000008a400000, 0x000000008a400000| Complete 
| 141|0x000000008a500000, 0x000000008a600000, 0x000000008a600000|100%| E|CS|TAMS 0x000000008a500000, 0x000000008a500000| Complete 
| 142|0x000000008a600000, 0x000000008a700000, 0x000000008a700000|100%| E|CS|TAMS 0x000000008a600000, 0x000000008a600000| Complete 
| 143|0x000000008a700000, 0x000000008a800000, 0x000000008a800000|100%| E|CS|TAMS 0x000000008a700000, 0x000000008a700000| Complete 
| 144|0x000000008a800000, 0x000000008a900000, 0x000000008a900000|100%| E|CS|TAMS 0x000000008a800000, 0x000000008a800000| Complete 
| 145|0x000000008a900000, 0x000000008aa00000, 0x000000008aa00000|100%| E|CS|TAMS 0x000000008a900000, 0x000000008a900000| Complete 
| 146|0x000000008aa00000, 0x000000008ab00000, 0x000000008ab00000|100%| E|CS|TAMS 0x000000008aa00000, 0x000000008aa00000| Complete 
| 147|0x000000008ab00000, 0x000000008ac00000, 0x000000008ac00000|100%| E|CS|TAMS 0x000000008ab00000, 0x000000008ab00000| Complete 
| 148|0x000000008ac00000, 0x000000008ad00000, 0x000000008ad00000|100%| E|CS|TAMS 0x000000008ac00000, 0x000000008ac00000| Complete 
| 149|0x000000008ad00000, 0x000000008ae00000, 0x000000008ae00000|100%| E|CS|TAMS 0x000000008ad00000, 0x000000008ad00000| Complete 
| 150|0x000000008ae00000, 0x000000008af00000, 0x000000008af00000|100%| E|CS|TAMS 0x000000008ae00000, 0x000000008ae00000| Complete 
| 151|0x000000008af00000, 0x000000008b000000, 0x000000008b000000|100%| E|CS|TAMS 0x000000008af00000, 0x000000008af00000| Complete 
| 152|0x000000008b000000, 0x000000008b100000, 0x000000008b100000|100%| E|CS|TAMS 0x000000008b000000, 0x000000008b000000| Complete 
| 153|0x000000008b100000, 0x000000008b200000, 0x000000008b200000|100%| E|CS|TAMS 0x000000008b100000, 0x000000008b100000| Complete 

Card table byte_map: [0x000001c7cde70000,0x000001c7ce270000] _byte_map_base: 0x000001c7cda64000

Marking Bits (Prev, Next): (CMBitMap*) 0x000001c7b6e0e948, (CMBitMap*) 0x000001c7b6e0e980
 Prev Bits: [0x000001c7ce670000, 0x000001c7d0610000)
 Next Bits: [0x000001c7d0610000, 0x000001c7d25b0000)

Polling page: 0x000001c7b6e70000

Metaspace:

Usage:
  Non-class:     36.98 MB capacity,    36.29 MB ( 98%) used,   556.39 KB (  1%) free+waste,   141.00 KB ( <1%) overhead. 
      Class:      5.16 MB capacity,     4.67 MB ( 91%) used,   426.42 KB (  8%) free+waste,    70.81 KB (  1%) overhead. 
       Both:     42.13 MB capacity,    40.96 MB ( 97%) used,   982.81 KB (  2%) free+waste,   211.81 KB ( <1%) overhead. 

Virtual space:
  Non-class space:       38.00 MB reserved,      37.17 MB ( 98%) committed 
      Class space:        1.00 GB reserved,       5.20 MB ( <1%) committed 
             Both:        1.04 GB reserved,      42.37 MB (  4%) committed 

Chunk freelists:
   Non-Class:  640 bytes
       Class:  0 bytes
        Both:  640 bytes

CodeHeap 'non-profiled nmethods': size=120064Kb used=4202Kb max_used=4202Kb free=115861Kb
 bounds [0x000001c7c5f10000, 0x000001c7c6330000, 0x000001c7cd450000]
CodeHeap 'profiled nmethods': size=120000Kb used=10811Kb max_used=10811Kb free=109189Kb
 bounds [0x000001c7be9e0000, 0x000001c7bf470000, 0x000001c7c5f10000]
CodeHeap 'non-nmethods': size=5696Kb used=1229Kb max_used=1306Kb free=4467Kb
 bounds [0x000001c7be450000, 0x000001c7be6c0000, 0x000001c7be9e0000]
 total_blobs=4965 nmethods=4366 adapters=509
 compilation: enabled
              stopped_count=0, restarted_count=0
 full_count=0

Compilation events (10 events):
Event: 132.099 Thread 0x000001c7d54be800 nmethod 4379 0x000001c7c6329210 code [0x000001c7c6329380, 0x000001c7c63295b8]
Event: 132.099 Thread 0x000001c7d54c3800 4384       1       io.netty.channel.AbstractChannel::access$100 (5 bytes)
Event: 132.099 Thread 0x000001c7d54c3800 nmethod 4384 0x000001c7c6329690 code [0x000001c7c6329820, 0x000001c7c63298b8]
Event: 132.099 Thread 0x000001c7d54be800 4385       4       sun.invoke.util.BytecodeDescriptor::unparseSig (91 bytes)
Event: 132.101 Thread 0x000001c7d54c3800 4386       3       java.lang.System::lineSeparator (4 bytes)
Event: 132.101 Thread 0x000001c7d54c3800 nmethod 4386 0x000001c7bf45f590 code [0x000001c7bf45f720, 0x000001c7bf45f818]
Event: 132.101 Thread 0x000001c7d54c3800 4387       3       java.io.PrintWriter::ensureOpen (18 bytes)
Event: 132.102 Thread 0x000001c7d54c3800 nmethod 4387 0x000001c7bf45f890 code [0x000001c7bf45fa40, 0x000001c7bf45fc48]
Event: 132.126 Thread 0x000001c7d54c3800 4388       1       io.qameta.allure.internal.shadowed.jackson.core.io.SerializedString::getValue (5 bytes)
Event: 132.127 Thread 0x000001c7d54c3800 nmethod 4388 0x000001c7c6329990 code [0x000001c7c6329b20, 0x000001c7c6329bd8]

GC Heap History (10 events):
Event: 24.202 GC heap before
{Heap before GC invocations=8 (full 0):
 garbage-first heap   total 131072K, used 91460K [0x0000000081800000, 0x0000000100000000)
  region size 1024K, 66 young (67584K), 6 survivors (6144K)
 Metaspace       used 26920K, capacity 27720K, committed 27776K, reserved 1073152K
  class space    used 2799K, capacity 3148K, committed 3200K, reserved 1048576K
}
Event: 24.232 GC heap after
{Heap after GC invocations=9 (full 0):
 garbage-first heap   total 131072K, used 35172K [0x0000000081800000, 0x0000000100000000)
  region size 1024K, 9 young (9216K), 9 survivors (9216K)
 Metaspace       used 26920K, capacity 27720K, committed 27776K, reserved 1073152K
  class space    used 2799K, capacity 3148K, committed 3200K, reserved 1048576K
}
Event: 27.348 GC heap before
{Heap before GC invocations=9 (full 0):
 garbage-first heap   total 131072K, used 95588K [0x0000000081800000, 0x0000000100000000)
  region size 1024K, 68 young (69632K), 9 survivors (9216K)
 Metaspace       used 31535K, capacity 32469K, committed 32768K, reserved 1079296K
  class space    used 3354K, capacity 3751K, committed 3840K, reserved 1048576K
}
Event: 27.389 GC heap after
{Heap after GC invocations=10 (full 0):
 garbage-first heap   total 131072K, used 41390K [0x0000000081800000, 0x0000000100000000)
  region size 1024K, 7 young (7168K), 7 survivors (7168K)
 Metaspace       used 31535K, capacity 32469K, committed 32768K, reserved 1079296K
  class space    used 3354K, capacity 3751K, committed 3840K, reserved 1048576K
}
Event: 30.960 GC heap before
{Heap before GC invocations=10 (full 0):
 garbage-first heap   total 131072K, used 91566K [0x0000000081800000, 0x0000000100000000)
  region size 1024K, 57 young (58368K), 7 survivors (7168K)
 Metaspace       used 34568K, capacity 35582K, committed 35628K, reserved 1081344K
  class space    used 3758K, capacity 4178K, committed 4224K, reserved 1048576K
}
Event: 30.990 GC heap after
{Heap after GC invocations=11 (full 0):
 garbage-first heap   total 157696K, used 46350K [0x0000000081800000, 0x0000000100000000)
  region size 1024K, 5 young (5120K), 5 survivors (5120K)
 Metaspace       used 34568K, capacity 35582K, committed 35628K, reserved 1081344K
  class space    used 3758K, capacity 4178K, committed 4224K, reserved 1048576K
}
Event: 44.761 GC heap before
{Heap before GC invocations=12 (full 0):
 garbage-first heap   total 157696K, used 120078K [0x0000000081800000, 0x0000000100000000)
  region size 1024K, 72 young (73728K), 5 survivors (5120K)
 Metaspace       used 37459K, capacity 38584K, committed 38904K, reserved 1083392K
  class space    used 4165K, capacity 4630K, committed 4684K, reserved 1048576K
}
Event: 44.790 GC heap after
{Heap after GC invocations=13 (full 0):
 garbage-first heap   total 157696K, used 56140K [0x0000000081800000, 0x0000000100000000)
  region size 1024K, 9 young (9216K), 9 survivors (9216K)
 Metaspace       used 37459K, capacity 38584K, committed 38904K, reserved 1083392K
  class space    used 4165K, capacity 4630K, committed 4684K, reserved 1048576K
}
Event: 59.573 GC heap before
{Heap before GC invocations=13 (full 0):
 garbage-first heap   total 157696K, used 120652K [0x0000000081800000, 0x0000000100000000)
  region size 1024K, 72 young (73728K), 9 survivors (9216K)
 Metaspace       used 39774K, capacity 40979K, committed 41080K, reserved 1085440K
  class space    used 4463K, capacity 4983K, committed 5068K, reserved 1048576K
}
Event: 59.616 GC heap after
{Heap after GC invocations=14 (full 0):
 garbage-first heap   total 157696K, used 64302K [0x0000000081800000, 0x0000000100000000)
  region size 1024K, 8 young (8192K), 8 survivors (8192K)
 Metaspace       used 39774K, capacity 40979K, committed 41080K, reserved 1085440K
  class space    used 4463K, capacity 4983K, committed 5068K, reserved 1048576K
}

Deoptimization events (10 events):
Event: 61.292 Thread 0x000001c7b6dd0000 Uncommon trap: reason=class_check action=maybe_recompile pc=0x000001c7c61d0ee4 method=org.aspectj.apache.bcel.generic.MethodGen.<init>(Lorg/aspectj/apache/bcel/classfile/Method;Ljava/lang/String;Lorg/aspectj/apache/bcel/classfile/ConstantPool;Z)V @ 958 c2
Event: 61.343 Thread 0x000001c7b6dd0000 Uncommon trap: reason=class_check action=maybe_recompile pc=0x000001c7c61d0ee4 method=org.aspectj.apache.bcel.generic.MethodGen.<init>(Lorg/aspectj/apache/bcel/classfile/Method;Ljava/lang/String;Lorg/aspectj/apache/bcel/classfile/ConstantPool;Z)V @ 958 c2
Event: 63.719 Thread 0x000001c7b6dd0000 Uncommon trap: reason=class_check action=maybe_recompile pc=0x000001c7c624c058 method=java.util.concurrent.ConcurrentHashMap.putVal(Ljava/lang/Object;Ljava/lang/Object;Z)Ljava/lang/Object; @ 242 c2
Event: 63.720 Thread 0x000001c7b6dd0000 Uncommon trap: reason=class_check action=maybe_recompile pc=0x000001c7c624c058 method=java.util.concurrent.ConcurrentHashMap.putVal(Ljava/lang/Object;Ljava/lang/Object;Z)Ljava/lang/Object; @ 242 c2
Event: 63.720 Thread 0x000001c7b6dd0000 Uncommon trap: reason=class_check action=maybe_recompile pc=0x000001c7c624bffc method=java.util.concurrent.ConcurrentHashMap.putVal(Ljava/lang/Object;Ljava/lang/Object;Z)Ljava/lang/Object; @ 159 c2
Event: 63.723 Thread 0x000001c7b6dd0000 Uncommon trap: reason=class_check action=maybe_recompile pc=0x000001c7c624bffc method=java.util.concurrent.ConcurrentHashMap.putVal(Ljava/lang/Object;Ljava/lang/Object;Z)Ljava/lang/Object; @ 159 c2
Event: 63.881 Thread 0x000001c7b6dd0000 Uncommon trap: reason=unstable_if action=reinterpret pc=0x000001c7c6040f08 method=java.util.concurrent.ConcurrentHashMap.get(Ljava/lang/Object;)Ljava/lang/Object; @ 152 c2
Event: 65.243 Thread 0x000001c7b6dd0000 Uncommon trap: reason=unstable_if action=reinterpret pc=0x000001c7c618f18c method=java.util.ArrayList.indexOfRange(Ljava/lang/Object;II)I @ 7 c2
Event: 74.061 Thread 0x000001c7b6dd0000 Uncommon trap: reason=class_check action=maybe_recompile pc=0x000001c7c62af0fc method=java.util.regex.Pattern$CharPropertyGreedy.match(Ljava/util/regex/Matcher;ILjava/lang/CharSequence;)Z @ 80 c2
Event: 74.738 Thread 0x000001c7b6dd0000 Uncommon trap: reason=class_check action=maybe_recompile pc=0x000001c7c62af0fc method=java.util.regex.Pattern$CharPropertyGreedy.match(Ljava/util/regex/Matcher;ILjava/lang/CharSequence;)Z @ 80 c2

Classes redefined (0 events):
No events

Internal exceptions (10 events):
Event: 65.243 Thread 0x000001c7b6dd0000 Implicit null exception at 0x000001c7c618eed7 to 0x000001c7c618f16c
Event: 74.065 Thread 0x000001c7b6dd0000 Exception <a 'sun/nio/fs/WindowsException'{0x00000000887e8708}> (0x00000000887e8708) thrown at [./open/src/hotspot/share/prims/jni.cpp, line 611]
Event: 74.601 Thread 0x000001c7b6dd0000 Exception <a 'sun/nio/fs/WindowsException'{0x0000000088396bf8}> (0x0000000088396bf8) thrown at [./open/src/hotspot/share/prims/jni.cpp, line 611]
Event: 75.432 Thread 0x000001c7d6f1f000 Exception <a 'java/net/SocketTimeoutException'{0x00000000881eb908}: connect timed out> (0x00000000881eb908) thrown at [./open/src/hotspot/share/prims/jni.cpp, line 632]
Event: 75.968 Thread 0x000001c7d6f1f000 Exception <a 'java/net/SocketTimeoutException'{0x00000000881ec880}: connect timed out> (0x00000000881ec880) thrown at [./open/src/hotspot/share/prims/jni.cpp, line 632]
Event: 76.507 Thread 0x000001c7d6f1f000 Exception <a 'java/net/SocketTimeoutException'{0x00000000881ed7f8}: connect timed out> (0x00000000881ed7f8) thrown at [./open/src/hotspot/share/prims/jni.cpp, line 632]
Event: 77.071 Thread 0x000001c7d6f1f000 Exception <a 'java/net/SocketTimeoutException'{0x00000000881ee770}: connect timed out> (0x00000000881ee770) thrown at [./open/src/hotspot/share/prims/jni.cpp, line 632]
Event: 77.676 Thread 0x000001c7d6f1f000 Exception <a 'java/net/SocketTimeoutException'{0x00000000881ef6e8}: connect timed out> (0x00000000881ef6e8) thrown at [./open/src/hotspot/share/prims/jni.cpp, line 632]
Event: 132.093 Thread 0x000001c7b6dd0000 Exception <a 'java/lang/reflect/InvocationTargetException'{0x0000000087f83308}> (0x0000000087f83308) thrown at [./open/src/hotspot/share/runtime/reflection.cpp, line 1242]
Event: 132.110 Thread 0x000001c7b6dd0000 Exception <a 'sun/nio/fs/WindowsException'{0x0000000087e450b0}> (0x0000000087e450b0) thrown at [./open/src/hotspot/share/prims/jni.cpp, line 611]

Events (10 events):
Event: 132.096 loading class org/openqa/selenium/WebDriverException
Event: 132.096 loading class org/openqa/selenium/WebDriverException done
Event: 132.101 loading class io/qameta/allure/model/Status
Event: 132.101 loading class io/qameta/allure/model/Status done
Event: 132.101 loading class io/qameta/allure/model/Status
Event: 132.101 loading class io/qameta/allure/model/Status done
Event: 132.136 loading class com/intellij/rt/execution/junit/ComparisonFailureData
Event: 132.136 loading class com/intellij/rt/execution/junit/ComparisonFailureData done
Event: 132.140 loading class org/junit/ComparisonFailure
Event: 132.140 loading class org/junit/ComparisonFailure done


Dynamic libraries:
0x00007ff672e70000 - 0x00007ff672e7f000 	C:\Program Files\Java\jdk-11.0.14\bin\java.exe
0x00007ffb09430000 - 0x00007ffb09628000 	C:\WINDOWS\SYSTEM32\ntdll.dll
0x00007ffb08c70000 - 0x00007ffb08d31000 	C:\WINDOWS\System32\KERNEL32.DLL
0x00007ffb06c90000 - 0x00007ffb06f86000 	C:\WINDOWS\System32\KERNELBASE.dll
0x00007ffb070d0000 - 0x00007ffb071d0000 	C:\WINDOWS\System32\ucrtbase.dll
0x00007ffafa410000 - 0x00007ffafa425000 	C:\Program Files\Java\jdk-11.0.14\bin\VCRUNTIME140.dll
0x00007ffaf7cb0000 - 0x00007ffaf7cc8000 	C:\Program Files\Java\jdk-11.0.14\bin\jli.dll
0x00007ffb080f0000 - 0x00007ffb081a0000 	C:\WINDOWS\System32\ADVAPI32.dll
0x00007ffb08ed0000 - 0x00007ffb08f6e000 	C:\WINDOWS\System32\msvcrt.dll
0x00007ffb091d0000 - 0x00007ffb09270000 	C:\WINDOWS\System32\sechost.dll
0x00007ffb09040000 - 0x00007ffb09163000 	C:\WINDOWS\System32\RPCRT4.dll
0x00007ffb07240000 - 0x00007ffb07267000 	C:\WINDOWS\System32\bcrypt.dll
0x00007ffb081a0000 - 0x00007ffb0833f000 	C:\WINDOWS\System32\USER32.dll
0x00007ffb07270000 - 0x00007ffb07292000 	C:\WINDOWS\System32\win32u.dll
0x00007ffb07a60000 - 0x00007ffb07a8b000 	C:\WINDOWS\System32\GDI32.dll
0x00007ffb07340000 - 0x00007ffb07457000 	C:\WINDOWS\System32\gdi32full.dll
0x00007ffb072a0000 - 0x00007ffb0733d000 	C:\WINDOWS\System32\msvcp_win.dll
0x00007ffaf4370000 - 0x00007ffaf460a000 	C:\WINDOWS\WinSxS\amd64_microsoft.windows.common-controls_6595b64144ccf1df_6.0.19041.4355_none_60b8b9eb71f62e16\COMCTL32.dll
0x00007ffb06460000 - 0x00007ffb0646a000 	C:\WINDOWS\SYSTEM32\VERSION.dll
0x00007ffb07a30000 - 0x00007ffb07a5f000 	C:\WINDOWS\System32\IMM32.DLL
0x0000000068af0000 - 0x0000000068afc000 	C:\Program Files (x86)\360\Total Security\safemon\SafeWrapper.dll
0x00007ffae1f20000 - 0x00007ffae1fcc000 	C:\Program Files (x86)\360\Total Security\safemon\libzdtp64.dll
0x00007ffb08340000 - 0x00007ffb08aac000 	C:\WINDOWS\System32\SHELL32.dll
0x00007ffb09170000 - 0x00007ffb091c5000 	C:\WINDOWS\System32\SHLWAPI.dll
0x00007ffaec600000 - 0x00007ffaec69b000 	C:\Program Files\Java\jdk-11.0.14\bin\msvcp140.dll
0x00007ffaae790000 - 0x00007ffaaf2a6000 	C:\Program Files\Java\jdk-11.0.14\bin\server\jvm.dll
0x00007ffb08c60000 - 0x00007ffb08c68000 	C:\WINDOWS\System32\PSAPI.DLL
0x00007ffaffbe0000 - 0x00007ffaffc07000 	C:\WINDOWS\SYSTEM32\WINMM.dll
0x00007ffb00970000 - 0x00007ffb00979000 	C:\WINDOWS\SYSTEM32\WSOCK32.dll
0x00007ffb07c10000 - 0x00007ffb07c7b000 	C:\WINDOWS\System32\WS2_32.dll
0x00007ffb048b0000 - 0x00007ffb048c2000 	C:\WINDOWS\SYSTEM32\kernel.appcore.dll
0x00007ffb00b00000 - 0x00007ffb00b10000 	C:\Program Files\Java\jdk-11.0.14\bin\verify.dll
0x00007ffaf5ab0000 - 0x00007ffaf5c94000 	C:\WINDOWS\SYSTEM32\DBGHELP.DLL
0x00007ffaf57c0000 - 0x00007ffaf57f4000 	C:\WINDOWS\SYSTEM32\dbgcore.DLL
0x00007ffb06f90000 - 0x00007ffb07012000 	C:\WINDOWS\System32\bcryptPrimitives.dll
0x00007ffaf6650000 - 0x00007ffaf6678000 	C:\Program Files\Java\jdk-11.0.14\bin\java.dll
0x00007ffaff2e0000 - 0x00007ffaff2ea000 	C:\Program Files\Java\jdk-11.0.14\bin\jimage.dll
0x00007ffaf6870000 - 0x00007ffaf687e000 	C:\Program Files\Java\jdk-11.0.14\bin\instrument.dll
0x00007ffaf5130000 - 0x00007ffaf5146000 	C:\Program Files\Java\jdk-11.0.14\bin\zip.dll
0x00007ffb04ab0000 - 0x00007ffb0524e000 	C:\WINDOWS\SYSTEM32\windows.storage.dll
0x00007ffb076d0000 - 0x00007ffb07a23000 	C:\WINDOWS\System32\combase.dll
0x00007ffb06340000 - 0x00007ffb0636e000 	C:\WINDOWS\SYSTEM32\Wldp.dll
0x00007ffb08f70000 - 0x00007ffb0903d000 	C:\WINDOWS\System32\OLEAUT32.dll
0x00007ffb07a90000 - 0x00007ffb07b3d000 	C:\WINDOWS\System32\SHCORE.dll
0x00007ffb06a10000 - 0x00007ffb06a34000 	C:\WINDOWS\SYSTEM32\profapi.dll
0x00007ffaf5110000 - 0x00007ffaf5129000 	C:\Program Files\Java\jdk-11.0.14\bin\net.dll
0x00007ffafeb90000 - 0x00007ffafec9a000 	C:\WINDOWS\SYSTEM32\WINHTTP.dll
0x00007ffb060c0000 - 0x00007ffb0612a000 	C:\WINDOWS\system32\mswsock.dll
0x00007ffaf3550000 - 0x00007ffaf3562000 	C:\Program Files\Java\jdk-11.0.14\bin\nio.dll
0x00007ffaf6830000 - 0x00007ffaf684a000 	C:\Program Files\JetBrains\IntelliJ IDEA Community Edition 2023.1.5\bin\breakgen64.dll
0x00007ffb067a0000 - 0x00007ffb067b8000 	C:\WINDOWS\SYSTEM32\CRYPTSP.dll
0x00007ffb05a00000 - 0x00007ffb05a34000 	C:\WINDOWS\system32\rsaenh.dll
0x00007ffb069c0000 - 0x00007ffb069ee000 	C:\WINDOWS\SYSTEM32\USERENV.dll
0x00007ffb062b0000 - 0x00007ffb062bc000 	C:\WINDOWS\SYSTEM32\CRYPTBASE.dll
0x00007ffb05dc0000 - 0x00007ffb05dfb000 	C:\WINDOWS\SYSTEM32\IPHLPAPI.DLL
0x00007ffb07460000 - 0x00007ffb07468000 	C:\WINDOWS\System32\NSI.dll
0x00007ffaffde0000 - 0x00007ffaffdf7000 	C:\WINDOWS\SYSTEM32\dhcpcsvc6.DLL
0x00007ffaffdc0000 - 0x00007ffaffddd000 	C:\WINDOWS\SYSTEM32\dhcpcsvc.DLL
0x00007ffb05e00000 - 0x00007ffb05eca000 	C:\WINDOWS\SYSTEM32\DNSAPI.dll
0x00007ffaf4dc0000 - 0x00007ffaf4dd7000 	C:\WINDOWS\system32\napinsp.dll
0x00007ffaf4d80000 - 0x00007ffaf4d9b000 	C:\WINDOWS\system32\pnrpnsp.dll
0x00007ffaff500000 - 0x00007ffaff515000 	C:\WINDOWS\system32\wshbth.dll
0x00007ffb00500000 - 0x00007ffb0051d000 	C:\WINDOWS\system32\NLAapi.dll
0x00007ffaf3f00000 - 0x00007ffaf3f12000 	C:\WINDOWS\System32\winrnr.dll
0x00007ffafcb20000 - 0x00007ffafcb2a000 	C:\Windows\System32\rasadhlp.dll
0x00007ffafcaa0000 - 0x00007ffafcb20000 	C:\WINDOWS\System32\fwpuclnt.dll
0x00007ffafacb0000 - 0x00007ffafacb9000 	C:\Program Files\Java\jdk-11.0.14\bin\management.dll
0x00007ffaf7ba0000 - 0x00007ffaf7bab000 	C:\Program Files\Java\jdk-11.0.14\bin\management_ext.dll
0x00007ffaf3520000 - 0x00007ffaf3545000 	C:\Program Files\Java\jdk-11.0.14\bin\sunec.dll

dbghelp: loaded successfully - version: 4.0.5 - missing functions: none
symbol engine: initialized successfully - sym options: 0x614 - pdb path: .;C:\Program Files\Java\jdk-11.0.14\bin;C:\WINDOWS\SYSTEM32;C:\WINDOWS\WinSxS\amd64_microsoft.windows.common-controls_6595b64144ccf1df_6.0.19041.4355_none_60b8b9eb71f62e16;C:\Program Files (x86)\360\Total Security\safemon;C:\Program Files\Java\jdk-11.0.14\bin\server;C:\Program Files\JetBrains\IntelliJ IDEA Community Edition 2023.1.5\bin

VM Arguments:
jvm_args: -ea -javaagent:C:\Users\amit\.m2\repository/org/aspectj/aspectjweaver/1.9.20.1/aspectjweaver-1.9.20.1.jar -Didea.test.cyclic.buffer.size=1048576 -javaagent:C:\Program Files\JetBrains\IntelliJ IDEA Community Edition 2023.1.5\lib\idea_rt.jar=41239:C:\Program Files\JetBrains\IntelliJ IDEA Community Edition 2023.1.5\bin -Dfile.encoding=UTF-8 
java_command: com.intellij.rt.testng.RemoteTestNGStarter -usedefaultlisteners false -socket41238 @w@C:\Users\amit\AppData\Local\Temp\idea_working_dirs_testng.tmp -temp C:\Users\amit\AppData\Local\Temp\idea_testng.tmp
java_class_path (initial): C:\Program Files\JetBrains\IntelliJ IDEA Community Edition 2023.1.5\lib\idea_rt.jar;C:\Program Files\JetBrains\IntelliJ IDEA Community Edition 2023.1.5\plugins\testng\lib\testng-rt.jar;J:\3. automation testing testing acadmey\day41--selenium -UI elements\AssignmentAnswers\Appolo-Tools\target\test-classes;J:\3. automation testing testing acadmey\day41--selenium -UI elements\AssignmentAnswers\Appolo-Tools\target\classes;C:\Users\amit\.m2\repository\org\seleniumhq\selenium\selenium-java\4.9.1\selenium-java-4.9.1.jar;C:\Users\amit\.m2\repository\org\seleniumhq\selenium\selenium-api\4.9.1\selenium-api-4.9.1.jar;C:\Users\amit\.m2\repository\org\seleniumhq\selenium\selenium-devtools-v111\4.9.1\selenium-devtools-v111-4.9.1.jar;C:\Users\amit\.m2\repository\org\seleniumhq\selenium\selenium-devtools-v112\4.9.1\selenium-devtools-v112-4.9.1.jar;C:\Users\amit\.m2\repository\org\seleniumhq\selenium\selenium-devtools-v113\4.9.1\selenium-devtools-v113-4.9.1.jar;C:\Users\amit\.m2\repository\org\seleniumhq\selenium\selenium-devtools-v85\4.9.1\selenium-devtools-v85-4.9.1.jar;C:\Users\amit\.m2\repository\org\seleniumhq\selenium\selenium-edge-driver\4.9.1\selenium-edge-driver-4.9.1.jar;C:\Users\amit\.m2\repository\org\seleniumhq\selenium\selenium-firefox-driver\4.9.1\selenium-firefox-driver-4.9.1.jar;C:\Users\amit\.m2\repository\org\seleniumhq\selenium\selenium-http\4.9.1\selenium-http-4.9.1.jar;C:\Users\amit\.m2\repository\dev\failsafe\failsafe\3.3.1\failsafe-3.3.1.jar;C:\Users\amit\.m2\repository\org\seleniumhq\selenium\selenium-ie-driver\4.9.1\selenium-ie-driver-4.9.1.jar;C:\Users\amit\.m2\repository\org\seleniumhq\selenium\selenium-remote-driver\4.9.1\selenium-remote-driver-4.9.1.jar;C:\Users\amit\.m2\repository\io\netty\netty-buffer\4.1.91.Final\netty-buffer-4.1.91.Final.jar;C:\Users\amit\.m2\repository\io\netty\netty-codec-http\4.1.91.Final\netty-codec-http-4.1.91.Final.jar;C:\Users\amit\.m2\repository\io\netty\netty-codec\4.1.91.Final\netty-codec-4.1.9
Launcher Type: SUN_STANDARD

[Global flags]
     intx CICompilerCount                          = 3                                         {product} {ergonomic}
     uint ConcGCThreads                            = 1                                         {product} {ergonomic}
     uint G1ConcRefinementThreads                  = 4                                         {product} {ergonomic}
   size_t G1HeapRegionSize                         = 1048576                                   {product} {ergonomic}
    uintx GCDrainStackTargetSize                   = 64                                        {product} {ergonomic}
   size_t InitialHeapSize                          = 134217728                                 {product} {ergonomic}
   size_t MarkStackSize                            = 4194304                                   {product} {ergonomic}
   size_t MaxHeapSize                              = 2122317824                                {product} {ergonomic}
   size_t MaxNewSize                               = 1272971264                                {product} {ergonomic}
   size_t MinHeapDeltaBytes                        = 1048576                                   {product} {ergonomic}
    uintx NonNMethodCodeHeapSize                   = 5830732                                {pd product} {ergonomic}
    uintx NonProfiledCodeHeapSize                  = 122913754                              {pd product} {ergonomic}
    uintx ProfiledCodeHeapSize                     = 122913754                              {pd product} {ergonomic}
    uintx ReservedCodeCacheSize                    = 251658240                              {pd product} {ergonomic}
     bool SegmentedCodeCache                       = true                                      {product} {ergonomic}
     bool UseCompressedClassPointers               = true                                 {lp64_product} {ergonomic}
     bool UseCompressedOops                        = true                                 {lp64_product} {ergonomic}
     bool UseG1GC                                  = true                                      {product} {ergonomic}
     bool UseLargePagesIndividualAllocation        = false                                  {pd product} {ergonomic}

Logging:
Log output configuration:
 #0: stdout all=warning uptime,level,tags
 #1: stderr all=off uptime,level,tags

Environment Variables:
JAVA_HOME=C:\Program Files\Java\jdk-11.0.14
CLASSPATH=E:\cdac pune\6.core java\day2\assignment 2\bin;E:\cdac pune\6.core java\day1\day1 (assignment)\q4\bin
PATH=C:\Program Files\Java\jdk-11.0.14\bin;C:\Users\amit\AppData\Local\Android\Sdk\platform-tools;C:\Users\amit\AppData\Local\Android\Sdk\tools;C:\TDM-GCC-64\bin;C:\Program Files\Common Files\Oracle\Java\javapath;C:\Program Files (x86)\Common Files\Oracle\Java\javapath;C:\PROGRAMDATA\ORACLE\JAVA\JAVAPATH;C:\PROGRAM FILES (X86)\INTEL\ICLS CLIENT\;C:\PROGRAM FILES\INTEL\ICLS CLIENT\;C:\WINDOWS\SYSTEM32;C:\WINDOWS;C:\WINDOWS\SYSTEM32\WBEM;C:\WINDOWS\SYSTEM32\WINDOWSPOWERSHELL\V1.0\;C:\PROGRAM FILES\INTEL\INTEL(R) MANAGEMENT ENGINE COMPONENTS\DAL;C:\PROGRAM FILES\INTEL\INTEL(R) MANAGEMENT ENGINE COMPONENTS\IPT;C:\PROGRAM FILES (X86)\INTEL\INTEL(R) MANAGEMENT ENGINE COMPONENTS\DAL;C:\PROGRAM FILES (X86)\INTEL\INTEL(R) MANAGEMENT ENGINE COMPONENTS\IPT;C:\PROGRAM FILES (X86)\COMMON FILES\LENOVO\EASYPLUSSDK\BIN;C:\Program Files\WIDCOMM\Bluetooth Software\;C:\Program Files\WIDCOMM\Bluetooth Software\syswow64;C:\WINDOWS\system32;C:\WINDOWS\System32\Wbem;C:\WINDOWS\System32\WindowsPowerShell\v1.0\;C:\Program Files (x86)\NVIDIA Corporation\PhysX\Common;C:\Users\amit\AppData\Local\Microsoft\WindowsApps;C:\Users\amit\AppData\Roaming\Dashl;C:\WINDOWS\System32\OpenSSH\;C:\Program Files (x86)\Microsoft VS Code\bin;C:\Program Files\MySQL\MySQL Server 8.0\bin;C:\Program Files\dotnet\;C:\Program Files\Microsoft SQL Server\130\Tools\Binn\;C:\Program Files\Microsoft SQL Server\Client SDK\ODBC\170\Tools\Binn\;C:\Program Files\nodejs\;C:\Users\amit\Desktop\curl-8.0.1_7-win64-mingw;C:\apache-maven-3.9.3\bin;C:\allure-2.10.0\bin;C:\Windows\System32\wsl.exe;C:\Program Files\Go\bin;C:\sqlite-tools-win32-x86-3430100;C:\Program Files\PuTTY\;C:\Program Files\Amazon\AWSCLIV2\;C:\Program Files\Git\cmd;C:\Program Files\Git LFS;C:\Users\amit\AppData\Local\Android\Sdk\tools\bin;C:\Users\amit\AppData\Local\Android\Sdk\build-tools\35.0.0-rc4;C:\WINDOWS\system32;C:\WINDOWS;C:\WINDOWS\System32\Wbem;C:\WINDOWS\System32\WindowsPowerShell\v1.0\;C:\WINDOWS\System32\OpenSSH\;C:\Program Files\Docker\Docker\resourc
USERNAME=sumit
OS=Windows_NT
PROCESSOR_IDENTIFIER=Intel64 Family 6 Model 69 Stepping 1, GenuineIntel



---------------  S Y S T E M  ---------------

OS: Windows 10 , 64 bit Build 19041 (10.0.19041.4597)
Hyper-V role detected

CPU:total 4 (initial active 4) (2 cores per cpu, 2 threads per core) family 6 model 69 stepping 1 microcode 0x25, cmov, cx8, fxsr, mmx, sse, sse2, sse3, ssse3, sse4.1, sse4.2, popcnt, avx, avx2, aes, clmul, erms, lzcnt, ht, tsc, tscinvbit, bmi1, bmi2, fma

Memory: 4k page, system-wide physical 8095M (622M free)
TotalPageFile size 11538M (AvailPageFile size 39M)
current process WorkingSet (physical memory assigned to process): 292M, peak: 339M
current process commit charge ("private bytes"): 327M, peak: 373M

vm_info: Java HotSpot(TM) 64-Bit Server VM (11.0.14+8-LTS-263) for windows-amd64 JRE (11.0.14+8-LTS-263), built on Dec  7 2021 21:53:57 by "mach5one" with MS VC++ 15.9 (VS2017)

END.
