#
# There is insufficient memory for the Java Runtime Environment to continue.
# Native memory allocation (mmap) failed to map 27262976 bytes for Failed to commit area from 0x0000000089800000 to 0x000000008b200000 of length 27262976.
# Possible reasons:
#   The system is out of physical RAM or swap space
#   The process is running with CompressedOops enabled, and the Java Heap may be blocking the growth of the native heap
# Possible solutions:
#   Reduce memory load on the system
#   Increase physical memory or swap space
#   Check if swap backing store is full
#   Decrease Java heap size (-Xmx/-Xms)
#   Decrease number of Java threads
#   Decrease Java thread stack sizes (-Xss)
#   Set larger code cache with -XX:ReservedCodeCacheSize=
#   JVM is running with Unscaled Compressed Oops mode in which the Java heap is
#     placed in the first 4GB address space. The Java Heap base address is the
#     maximum limit for the native heap growth. Please use -XX:HeapBaseMinAddress
#     to set the Java Heap base and to place the Java Heap above 4GB virtual address.
# This output file may be truncated or incomplete.
#
#  Out of Memory Error (./open/src/hotspot/os/windows/os_windows.cpp:3284), pid=3048, tid=3240
#
# JRE version: Java(TM) SE Runtime Environment 18.9 (11.0.14+8) (build 11.0.14+8-LTS-263)
# Java VM: Java HotSpot(TM) 64-Bit Server VM 18.9 (11.0.14+8-LTS-263, mixed mode, tiered, compressed oops, g1 gc, windows-amd64)
# No core dump will be written. Minidumps are not enabled by default on client versions of Windows
#

---------------  S U M M A R Y ------------

Command Line: -ea -javaagent:C:\Users\amit\.m2\repository/org/aspectj/aspectjweaver/1.9.20.1/aspectjweaver-1.9.20.1.jar -Didea.test.cyclic.buffer.size=1048576 -javaagent:C:\Program Files\JetBrains\IntelliJ IDEA Community Edition 2024.3.1.1\lib\idea_rt.jar=18771:C:\Program Files\JetBrains\IntelliJ IDEA Community Edition 2024.3.1.1\bin -javaagent:C:\Users\amit\AppData\Local\JetBrains\IdeaIC2024.3\captureAgent\debugger-agent.jar -Dkotlinx.coroutines.debug.enable.creation.stack.trace=false -Ddebugger.agent.enable.coroutines=true -Dkotlinx.coroutines.debug.enable.flows.stack.trace=true -Dkotlinx.coroutines.debug.enable.mutable.state.flows.stack.trace=true -Dfile.encoding=UTF-8 com.intellij.rt.testng.RemoteTestNGStarter -usedefaultlisteners false -socket18770 @w@C:\Users\amit\AppData\Local\Temp\idea_working_dirs_testng.tmp -temp C:\Users\amit\AppData\Local\Temp\idea_testng.tmp

Host: Intel(R) Core(TM) i3-4005U CPU @ 1.70GHz, 4 cores, 7G,  Windows 10 , 64 bit Build 19041 (10.0.19041.5198)
Time: Sun Jan 12 15:10:06 2025 India Standard Time elapsed time: 16.923251 seconds (0d 0h 0m 16s)

---------------  T H R E A D  ---------------

Current thread (0x0000020a3ec1c800):  VMThread "VM Thread" [stack: 0x00000062e2400000,0x00000062e2500000] [id=3240]

Stack: [0x00000062e2400000,0x00000062e2500000]
[error occurred during error reporting (printing stack bounds), id 0xc0000005, EXCEPTION_ACCESS_VIOLATION (0xc0000005) at pc=0x0000020a28bb0f2d]

Native frames: (J=compiled Java code, j=interpreted, Vv=VM code, C=native code)
V  [jvm.dll+0x6296da]
V  [jvm.dll+0x76323f]
V  [jvm.dll+0x7648e9]
V  [jvm.dll+0x764ed5]
V  [jvm.dll+0x764e8b]
V  [jvm.dll+0x628c23]
V  [jvm.dll+0x6292d8]
C  [ntdll.dll+0xa28bf]
C  [ntdll.dll+0x52554]
C  [ntdll.dll+0xa13ce]
C  0x0000020a28bb0f2d

VM_Operation (0x00000062e1efcfc0): G1CollectForAllocation, mode: safepoint, requested by thread 0x0000020a21573800


---------------  P R O C E S S  ---------------

Threads class SMR info:
_java_thread_list=0x0000020a452c3e80, length=15, elements={
0x0000020a21573800, 0x0000020a3ebf6800, 0x0000020a3ebf8800, 0x0000020a3f488800,
0x0000020a3f48b800, 0x0000020a3f48c800, 0x0000020a3f490000, 0x0000020a3f4ed800,
0x0000020a3f50b000, 0x0000020a3ebb1800, 0x0000020a40bb2800, 0x0000020a40b0d800,
0x0000020a41a59000, 0x0000020a4246f000, 0x0000020a4555e000
}

Java Threads: ( => current thread )
  0x0000020a21573800 JavaThread "main" [_thread_blocked, id=15304, stack(0x00000062e1e00000,0x00000062e1f00000)]
  0x0000020a3ebf6800 JavaThread "Reference Handler" daemon [_thread_blocked, id=5808, stack(0x00000062e2500000,0x00000062e2600000)]
  0x0000020a3ebf8800 JavaThread "Finalizer" daemon [_thread_blocked, id=3256, stack(0x00000062e2600000,0x00000062e2700000)]
  0x0000020a3f488800 JavaThread "Signal Dispatcher" daemon [_thread_blocked, id=9864, stack(0x00000062e2700000,0x00000062e2800000)]
  0x0000020a3f48b800 JavaThread "Attach Listener" daemon [_thread_blocked, id=11688, stack(0x00000062e2800000,0x00000062e2900000)]
  0x0000020a3f48c800 JavaThread "Service Thread" daemon [_thread_blocked, id=12480, stack(0x00000062e2900000,0x00000062e2a00000)]
  0x0000020a3f490000 JavaThread "C2 CompilerThread0" daemon [_thread_blocked, id=10100, stack(0x00000062e2a00000,0x00000062e2b00000)]
  0x0000020a3f4ed800 JavaThread "C1 CompilerThread0" daemon [_thread_blocked, id=11980, stack(0x00000062e2b00000,0x00000062e2c00000)]
  0x0000020a3f50b000 JavaThread "Sweeper thread" daemon [_thread_blocked, id=12116, stack(0x00000062e2c00000,0x00000062e2d00000)]
  0x0000020a3ebb1800 JavaThread "Common-Cleaner" daemon [_thread_blocked, id=7972, stack(0x00000062e2d00000,0x00000062e2e00000)]
  0x0000020a40bb2800 JavaThread "Monitor Ctrl-Break" daemon [_thread_in_native, id=3636, stack(0x00000062e3100000,0x00000062e3200000)]
  0x0000020a40b0d800 JavaThread "C2 CompilerThread1" daemon [_thread_in_native, id=7740, stack(0x00000062e3000000,0x00000062e3100000)]
  0x0000020a41a59000 JavaThread "ForkJoinPool.commonPool-worker-3" daemon [_thread_blocked, id=11868, stack(0x00000062e3300000,0x00000062e3400000)]
  0x0000020a4246f000 JavaThread "ForkJoinPool.commonPool-worker-5" daemon [_thread_blocked, id=14984, stack(0x00000062e3400000,0x00000062e3500000)]
  0x0000020a4555e000 JavaThread "ForkJoinPool.commonPool-worker-7" daemon [_thread_blocked, id=12588, stack(0x00000062e3500000,0x00000062e3600000)]

Other Threads:
=>0x0000020a3ec1c800 VMThread "VM Thread" [stack: 0x00000062e2400000,0x00000062e2500000] [id=3240]
  0x0000020a40dd8800 WatcherThread [stack: 0x00000062e3200000,0x00000062e3300000] [id=17172]
  0x0000020a2158a000 GCTaskThread "GC Thread#0" [stack: 0x00000062e1f00000,0x00000062e2000000] [id=6248]
  0x0000020a3fd70800 GCTaskThread "GC Thread#1" [stack: 0x00000062e2e00000,0x00000062e2f00000] [id=16604]
  0x0000020a3fd71000 GCTaskThread "GC Thread#2" [stack: 0x00000062e2f00000,0x00000062e3000000] [id=2344]
  0x0000020a215bb800 ConcurrentGCThread "G1 Main Marker" [stack: 0x00000062e2000000,0x00000062e2100000] [id=5268]
  0x0000020a215bd000 ConcurrentGCThread "G1 Conc#0" [stack: 0x00000062e2100000,0x00000062e2200000] [id=10044]
  0x0000020a3ea60800 ConcurrentGCThread "G1 Refine#0" [stack: 0x00000062e2200000,0x00000062e2300000] [id=17180]
  0x0000020a3ea62800 ConcurrentGCThread "G1 Young RemSet Sampling" [stack: 0x00000062e2300000,0x00000062e2400000] [id=13888]

Threads with active compile tasks:
C2 CompilerThread0  17263 2807       4       jdk.internal.org.objectweb.asm.ClassWriter::newUTF8 (70 bytes)
C2 CompilerThread1  17263 2578       4       java.lang.invoke.LambdaForm$Name::replaceNames (174 bytes)

VM state:at safepoint (normal execution)

VM Mutex/Monitor currently owned by a thread:  ([mutex/lock_event])
[0x0000020a2156f960] Threads_lock - owner thread: 0x0000020a3ec1c800
[0x0000020a2156e6d0] Heap_lock - owner thread: 0x0000020a21573800

Heap address: 0x0000000081800000, size: 2024 MB, Compressed Oops mode: 32-bit
Narrow klass base: 0x0000000000000000, Narrow klass shift: 3
Compressed class space size: 1073741824 Address: 0x0000000100000000

Heap:
 garbage-first heap   total 157696K, used 34193K [0x0000000081800000, 0x0000000100000000)
  region size 1024K, 6 young (6144K), 6 survivors (6144K)
 Metaspace       used 24119K, capacity 24713K, committed 24956K, reserved 1071104K
  class space    used 2366K, capacity 2623K, committed 2688K, reserved 1048576K
Heap Regions: E=young(eden), S=young(survivor), O=old, HS=humongous(starts), HC=humongous(continues), CS=collection set, F=free, A=archive, TAMS=top-at-mark-start (previous, next)
|   0|0x0000000081800000, 0x0000000081900000, 0x0000000081900000|100%|HS|  |TAMS 0x0000000081900000, 0x0000000081800000| Complete 
|   1|0x0000000081900000, 0x0000000081a00000, 0x0000000081a00000|100%| O|  |TAMS 0x0000000081a00000, 0x0000000081900000| Untracked 
|   2|0x0000000081a00000, 0x0000000081b00000, 0x0000000081b00000|100%| O|  |TAMS 0x0000000081b00000, 0x0000000081a00000| Untracked 
|   3|0x0000000081b00000, 0x0000000081c00000, 0x0000000081c00000|100%| O|  |TAMS 0x0000000081c00000, 0x0000000081b00000| Untracked 
|   4|0x0000000081c00000, 0x0000000081d00000, 0x0000000081d00000|100%| O|  |TAMS 0x0000000081d00000, 0x0000000081c00000| Untracked 
|   5|0x0000000081d00000, 0x0000000081e00000, 0x0000000081e00000|100%| O|  |TAMS 0x0000000081e00000, 0x0000000081d00000| Untracked 
|   6|0x0000000081e00000, 0x0000000081f00000, 0x0000000081f00000|100%| O|  |TAMS 0x0000000081f00000, 0x0000000081e00000| Untracked 
|   7|0x0000000081f00000, 0x0000000082000000, 0x0000000082000000|100%| O|  |TAMS 0x0000000082000000, 0x0000000081f00000| Untracked 
|   8|0x0000000082000000, 0x0000000082100000, 0x0000000082100000|100%| O|  |TAMS 0x0000000082100000, 0x0000000082000000| Untracked 
|   9|0x0000000082100000, 0x0000000082200000, 0x0000000082200000|100%| O|  |TAMS 0x0000000082200000, 0x0000000082100000| Untracked 
|  10|0x0000000082200000, 0x0000000082300000, 0x0000000082300000|100%| O|  |TAMS 0x0000000082300000, 0x0000000082200000| Untracked 
|  11|0x0000000082300000, 0x0000000082400000, 0x0000000082400000|100%| O|  |TAMS 0x0000000082400000, 0x0000000082300000| Untracked 
|  12|0x0000000082400000, 0x0000000082500000, 0x0000000082500000|100%| O|  |TAMS 0x0000000082500000, 0x0000000082400000| Untracked 
|  13|0x0000000082500000, 0x0000000082600000, 0x0000000082600000|100%| O|  |TAMS 0x0000000082600000, 0x0000000082500000| Untracked 
|  14|0x0000000082600000, 0x0000000082700000, 0x0000000082700000|100%| O|  |TAMS 0x0000000082700000, 0x0000000082600000| Untracked 
|  15|0x0000000082700000, 0x0000000082800000, 0x0000000082800000|100%| O|  |TAMS 0x0000000082800000, 0x0000000082700000| Untracked 
|  16|0x0000000082800000, 0x0000000082900000, 0x0000000082900000|100%| O|  |TAMS 0x0000000082900000, 0x0000000082800000| Untracked 
|  17|0x0000000082900000, 0x0000000082a00000, 0x0000000082a00000|100%| O|  |TAMS 0x0000000082a00000, 0x0000000082900000| Untracked 
|  18|0x0000000082a00000, 0x0000000082b00000, 0x0000000082b00000|100%| O|  |TAMS 0x0000000082b00000, 0x0000000082a00000| Untracked 
|  19|0x0000000082b00000, 0x0000000082c00000, 0x0000000082c00000|100%| O|  |TAMS 0x0000000082c00000, 0x0000000082b00000| Untracked 
|  20|0x0000000082c00000, 0x0000000082d00000, 0x0000000082d00000|100%| O|  |TAMS 0x0000000082d00000, 0x0000000082c00000| Untracked 
|  21|0x0000000082d00000, 0x0000000082e00000, 0x0000000082e00000|100%| O|  |TAMS 0x0000000082e00000, 0x0000000082d00000| Untracked 
|  22|0x0000000082e00000, 0x0000000082f00000, 0x0000000082f00000|100%| O|  |TAMS 0x0000000082f00000, 0x0000000082e00000| Untracked 
|  23|0x0000000082f00000, 0x0000000083000000, 0x0000000083000000|100%| O|  |TAMS 0x0000000083000000, 0x0000000082f00000| Untracked 
|  24|0x0000000083000000, 0x0000000083100000, 0x0000000083100000|100%| O|  |TAMS 0x0000000083100000, 0x0000000083000000| Untracked 
|  25|0x0000000083100000, 0x0000000083200000, 0x0000000083200000|100%| O|  |TAMS 0x0000000083200000, 0x0000000083100000| Untracked 
|  26|0x0000000083200000, 0x0000000083300000, 0x0000000083300000|100%| O|  |TAMS 0x0000000083300000, 0x0000000083200000| Untracked 
|  27|0x0000000083300000, 0x0000000083370200, 0x0000000083400000| 43%| O|  |TAMS 0x0000000083370200, 0x0000000083300000| Untracked 
|  28|0x0000000083400000, 0x0000000083400000, 0x0000000083500000|  0%| F|  |TAMS 0x0000000083400000, 0x0000000083400000| Untracked 
|  29|0x0000000083500000, 0x0000000083500000, 0x0000000083600000|  0%| F|  |TAMS 0x0000000083500000, 0x0000000083500000| Untracked 
|  30|0x0000000083600000, 0x0000000083600000, 0x0000000083700000|  0%| F|  |TAMS 0x0000000083600000, 0x0000000083600000| Untracked 
|  31|0x0000000083700000, 0x0000000083700000, 0x0000000083800000|  0%| F|  |TAMS 0x0000000083700000, 0x0000000083700000| Untracked 
|  32|0x0000000083800000, 0x0000000083800000, 0x0000000083900000|  0%| F|  |TAMS 0x0000000083800000, 0x0000000083800000| Untracked 
|  33|0x0000000083900000, 0x0000000083900000, 0x0000000083a00000|  0%| F|  |TAMS 0x0000000083900000, 0x0000000083900000| Untracked 
|  34|0x0000000083a00000, 0x0000000083a00000, 0x0000000083b00000|  0%| F|  |TAMS 0x0000000083a00000, 0x0000000083a00000| Untracked 
|  35|0x0000000083b00000, 0x0000000083b00000, 0x0000000083c00000|  0%| F|  |TAMS 0x0000000083b00000, 0x0000000083b00000| Untracked 
|  36|0x0000000083c00000, 0x0000000083c00000, 0x0000000083d00000|  0%| F|  |TAMS 0x0000000083c00000, 0x0000000083c00000| Untracked 
|  37|0x0000000083d00000, 0x0000000083d00000, 0x0000000083e00000|  0%| F|  |TAMS 0x0000000083d00000, 0x0000000083d00000| Untracked 
|  38|0x0000000083e00000, 0x0000000083e00000, 0x0000000083f00000|  0%| F|  |TAMS 0x0000000083e00000, 0x0000000083e00000| Untracked 
|  39|0x0000000083f00000, 0x0000000083f00000, 0x0000000084000000|  0%| F|  |TAMS 0x0000000083f00000, 0x0000000083f00000| Untracked 
|  40|0x0000000084000000, 0x0000000084000000, 0x0000000084100000|  0%| F|  |TAMS 0x0000000084000000, 0x0000000084000000| Untracked 
|  41|0x0000000084100000, 0x0000000084100000, 0x0000000084200000|  0%| F|  |TAMS 0x0000000084100000, 0x0000000084100000| Untracked 
|  42|0x0000000084200000, 0x0000000084200000, 0x0000000084300000|  0%| F|  |TAMS 0x0000000084200000, 0x0000000084200000| Untracked 
|  43|0x0000000084300000, 0x0000000084300000, 0x0000000084400000|  0%| F|  |TAMS 0x0000000084300000, 0x0000000084300000| Untracked 
|  44|0x0000000084400000, 0x0000000084400000, 0x0000000084500000|  0%| F|  |TAMS 0x0000000084400000, 0x0000000084400000| Untracked 
|  45|0x0000000084500000, 0x0000000084500000, 0x0000000084600000|  0%| F|  |TAMS 0x0000000084500000, 0x0000000084500000| Untracked 
|  46|0x0000000084600000, 0x0000000084600000, 0x0000000084700000|  0%| F|  |TAMS 0x0000000084600000, 0x0000000084600000| Untracked 
|  47|0x0000000084700000, 0x0000000084700000, 0x0000000084800000|  0%| F|  |TAMS 0x0000000084700000, 0x0000000084700000| Untracked 
|  48|0x0000000084800000, 0x0000000084800000, 0x0000000084900000|  0%| F|  |TAMS 0x0000000084800000, 0x0000000084800000| Untracked 
|  49|0x0000000084900000, 0x0000000084900000, 0x0000000084a00000|  0%| F|  |TAMS 0x0000000084900000, 0x0000000084900000| Untracked 
|  50|0x0000000084a00000, 0x0000000084a00000, 0x0000000084b00000|  0%| F|  |TAMS 0x0000000084a00000, 0x0000000084a00000| Untracked 
|  51|0x0000000084b00000, 0x0000000084b00000, 0x0000000084c00000|  0%| F|  |TAMS 0x0000000084b00000, 0x0000000084b00000| Untracked 
|  52|0x0000000084c00000, 0x0000000084c00000, 0x0000000084d00000|  0%| F|  |TAMS 0x0000000084c00000, 0x0000000084c00000| Untracked 
|  53|0x0000000084d00000, 0x0000000084d00000, 0x0000000084e00000|  0%| F|  |TAMS 0x0000000084d00000, 0x0000000084d00000| Untracked 
|  54|0x0000000084e00000, 0x0000000084e00000, 0x0000000084f00000|  0%| F|  |TAMS 0x0000000084e00000, 0x0000000084e00000| Untracked 
|  55|0x0000000084f00000, 0x0000000084f00000, 0x0000000085000000|  0%| F|  |TAMS 0x0000000084f00000, 0x0000000084f00000| Untracked 
|  56|0x0000000085000000, 0x0000000085000000, 0x0000000085100000|  0%| F|  |TAMS 0x0000000085000000, 0x0000000085000000| Untracked 
|  57|0x0000000085100000, 0x0000000085100000, 0x0000000085200000|  0%| F|  |TAMS 0x0000000085100000, 0x0000000085100000| Untracked 
|  58|0x0000000085200000, 0x0000000085200000, 0x0000000085300000|  0%| F|  |TAMS 0x0000000085200000, 0x0000000085200000| Untracked 
|  59|0x0000000085300000, 0x0000000085300000, 0x0000000085400000|  0%| F|  |TAMS 0x0000000085300000, 0x0000000085300000| Untracked 
|  60|0x0000000085400000, 0x00000000854f4360, 0x0000000085500000| 95%| S|CS|TAMS 0x0000000085400000, 0x0000000085400000| Complete 
|  61|0x0000000085500000, 0x0000000085600000, 0x0000000085600000|100%| S|CS|TAMS 0x0000000085500000, 0x0000000085500000| Complete 
|  62|0x0000000085600000, 0x0000000085700000, 0x0000000085700000|100%| S|CS|TAMS 0x0000000085600000, 0x0000000085600000| Complete 
|  63|0x0000000085700000, 0x0000000085800000, 0x0000000085800000|100%| S|CS|TAMS 0x0000000085700000, 0x0000000085700000| Complete 
|  64|0x0000000085800000, 0x0000000085900000, 0x0000000085900000|100%| S|CS|TAMS 0x0000000085800000, 0x0000000085800000| Complete 
|  65|0x0000000085900000, 0x0000000085a00000, 0x0000000085a00000|100%| S|CS|TAMS 0x0000000085900000, 0x0000000085900000| Complete 
|  66|0x0000000085a00000, 0x0000000085a00000, 0x0000000085b00000|  0%| F|  |TAMS 0x0000000085a00000, 0x0000000085a00000| Untracked 
|  67|0x0000000085b00000, 0x0000000085b00000, 0x0000000085c00000|  0%| F|  |TAMS 0x0000000085b00000, 0x0000000085b00000| Untracked 
|  68|0x0000000085c00000, 0x0000000085c00000, 0x0000000085d00000|  0%| F|  |TAMS 0x0000000085c00000, 0x0000000085c00000| Untracked 
|  69|0x0000000085d00000, 0x0000000085d00000, 0x0000000085e00000|  0%| F|  |TAMS 0x0000000085d00000, 0x0000000085d00000| Untracked 
|  70|0x0000000085e00000, 0x0000000085e00000, 0x0000000085f00000|  0%| F|  |TAMS 0x0000000085e00000, 0x0000000085e00000| Untracked 
|  71|0x0000000085f00000, 0x0000000085f00000, 0x0000000086000000|  0%| F|  |TAMS 0x0000000085f00000, 0x0000000085f00000| Untracked 
|  72|0x0000000086000000, 0x0000000086000000, 0x0000000086100000|  0%| F|  |TAMS 0x0000000086000000, 0x0000000086000000| Untracked 
|  73|0x0000000086100000, 0x0000000086100000, 0x0000000086200000|  0%| F|  |TAMS 0x0000000086100000, 0x0000000086100000| Untracked 
|  74|0x0000000086200000, 0x0000000086200000, 0x0000000086300000|  0%| F|  |TAMS 0x0000000086200000, 0x0000000086200000| Untracked 
|  75|0x0000000086300000, 0x0000000086300000, 0x0000000086400000|  0%| F|  |TAMS 0x0000000086300000, 0x0000000086300000| Untracked 
|  76|0x0000000086400000, 0x0000000086400000, 0x0000000086500000|  0%| F|  |TAMS 0x0000000086400000, 0x0000000086400000| Untracked 
|  77|0x0000000086500000, 0x0000000086500000, 0x0000000086600000|  0%| F|  |TAMS 0x0000000086500000, 0x0000000086500000| Untracked 
|  78|0x0000000086600000, 0x0000000086600000, 0x0000000086700000|  0%| F|  |TAMS 0x0000000086600000, 0x0000000086600000| Untracked 
|  79|0x0000000086700000, 0x0000000086700000, 0x0000000086800000|  0%| F|  |TAMS 0x0000000086700000, 0x0000000086700000| Untracked 
|  80|0x0000000086800000, 0x0000000086800000, 0x0000000086900000|  0%| F|  |TAMS 0x0000000086800000, 0x0000000086800000| Untracked 
|  81|0x0000000086900000, 0x0000000086900000, 0x0000000086a00000|  0%| F|  |TAMS 0x0000000086900000, 0x0000000086900000| Untracked 
|  82|0x0000000086a00000, 0x0000000086a00000, 0x0000000086b00000|  0%| F|  |TAMS 0x0000000086a00000, 0x0000000086a00000| Untracked 
|  83|0x0000000086b00000, 0x0000000086b00000, 0x0000000086c00000|  0%| F|  |TAMS 0x0000000086b00000, 0x0000000086b00000| Untracked 
|  84|0x0000000086c00000, 0x0000000086c00000, 0x0000000086d00000|  0%| F|  |TAMS 0x0000000086c00000, 0x0000000086c00000| Untracked 
|  85|0x0000000086d00000, 0x0000000086d00000, 0x0000000086e00000|  0%| F|  |TAMS 0x0000000086d00000, 0x0000000086d00000| Untracked 
|  86|0x0000000086e00000, 0x0000000086e00000, 0x0000000086f00000|  0%| F|  |TAMS 0x0000000086e00000, 0x0000000086e00000| Untracked 
|  87|0x0000000086f00000, 0x0000000086f00000, 0x0000000087000000|  0%| F|  |TAMS 0x0000000086f00000, 0x0000000086f00000| Untracked 
|  88|0x0000000087000000, 0x0000000087000000, 0x0000000087100000|  0%| F|  |TAMS 0x0000000087000000, 0x0000000087000000| Untracked 
|  89|0x0000000087100000, 0x0000000087100000, 0x0000000087200000|  0%| F|  |TAMS 0x0000000087100000, 0x0000000087100000| Untracked 
|  90|0x0000000087200000, 0x0000000087200000, 0x0000000087300000|  0%| F|  |TAMS 0x0000000087200000, 0x0000000087200000| Untracked 
|  91|0x0000000087300000, 0x0000000087300000, 0x0000000087400000|  0%| F|  |TAMS 0x0000000087300000, 0x0000000087300000| Untracked 
|  92|0x0000000087400000, 0x0000000087400000, 0x0000000087500000|  0%| F|  |TAMS 0x0000000087400000, 0x0000000087400000| Untracked 
|  93|0x0000000087500000, 0x0000000087500000, 0x0000000087600000|  0%| F|  |TAMS 0x0000000087500000, 0x0000000087500000| Untracked 
|  94|0x0000000087600000, 0x0000000087600000, 0x0000000087700000|  0%| F|  |TAMS 0x0000000087600000, 0x0000000087600000| Untracked 
|  95|0x0000000087700000, 0x0000000087700000, 0x0000000087800000|  0%| F|  |TAMS 0x0000000087700000, 0x0000000087700000| Untracked 
|  96|0x0000000087800000, 0x0000000087800000, 0x0000000087900000|  0%| F|  |TAMS 0x0000000087800000, 0x0000000087800000| Untracked 
|  97|0x0000000087900000, 0x0000000087900000, 0x0000000087a00000|  0%| F|  |TAMS 0x0000000087900000, 0x0000000087900000| Untracked 
|  98|0x0000000087a00000, 0x0000000087a00000, 0x0000000087b00000|  0%| F|  |TAMS 0x0000000087a00000, 0x0000000087a00000| Untracked 
|  99|0x0000000087b00000, 0x0000000087b00000, 0x0000000087c00000|  0%| F|  |TAMS 0x0000000087b00000, 0x0000000087b00000| Untracked 
| 100|0x0000000087c00000, 0x0000000087c00000, 0x0000000087d00000|  0%| F|  |TAMS 0x0000000087c00000, 0x0000000087c00000| Untracked 
| 101|0x0000000087d00000, 0x0000000087d00000, 0x0000000087e00000|  0%| F|  |TAMS 0x0000000087d00000, 0x0000000087d00000| Untracked 
| 102|0x0000000087e00000, 0x0000000087e00000, 0x0000000087f00000|  0%| F|  |TAMS 0x0000000087e00000, 0x0000000087e00000| Untracked 
| 103|0x0000000087f00000, 0x0000000087f00000, 0x0000000088000000|  0%| F|  |TAMS 0x0000000087f00000, 0x0000000087f00000| Untracked 
| 104|0x0000000088000000, 0x0000000088000000, 0x0000000088100000|  0%| F|  |TAMS 0x0000000088000000, 0x0000000088000000| Untracked 
| 105|0x0000000088100000, 0x0000000088100000, 0x0000000088200000|  0%| F|  |TAMS 0x0000000088100000, 0x0000000088100000| Untracked 
| 106|0x0000000088200000, 0x0000000088200000, 0x0000000088300000|  0%| F|  |TAMS 0x0000000088200000, 0x0000000088200000| Untracked 
| 107|0x0000000088300000, 0x0000000088300000, 0x0000000088400000|  0%| F|  |TAMS 0x0000000088300000, 0x0000000088300000| Untracked 
| 108|0x0000000088400000, 0x0000000088400000, 0x0000000088500000|  0%| F|  |TAMS 0x0000000088400000, 0x0000000088400000| Untracked 
| 109|0x0000000088500000, 0x0000000088500000, 0x0000000088600000|  0%| F|  |TAMS 0x0000000088500000, 0x0000000088500000| Untracked 
| 110|0x0000000088600000, 0x0000000088600000, 0x0000000088700000|  0%| F|  |TAMS 0x0000000088600000, 0x0000000088600000| Untracked 
| 111|0x0000000088700000, 0x0000000088700000, 0x0000000088800000|  0%| F|  |TAMS 0x0000000088700000, 0x0000000088700000| Untracked 
| 112|0x0000000088800000, 0x0000000088800000, 0x0000000088900000|  0%| F|  |TAMS 0x0000000088800000, 0x0000000088800000| Untracked 
| 113|0x0000000088900000, 0x0000000088900000, 0x0000000088a00000|  0%| F|  |TAMS 0x0000000088900000, 0x0000000088900000| Untracked 
| 114|0x0000000088a00000, 0x0000000088a00000, 0x0000000088b00000|  0%| F|  |TAMS 0x0000000088a00000, 0x0000000088a00000| Untracked 
| 115|0x0000000088b00000, 0x0000000088b00000, 0x0000000088c00000|  0%| F|  |TAMS 0x0000000088b00000, 0x0000000088b00000| Untracked 
| 116|0x0000000088c00000, 0x0000000088c00000, 0x0000000088d00000|  0%| F|  |TAMS 0x0000000088c00000, 0x0000000088c00000| Untracked 
| 117|0x0000000088d00000, 0x0000000088d00000, 0x0000000088e00000|  0%| F|  |TAMS 0x0000000088d00000, 0x0000000088d00000| Untracked 
| 118|0x0000000088e00000, 0x0000000088e00000, 0x0000000088f00000|  0%| F|  |TAMS 0x0000000088e00000, 0x0000000088e00000| Untracked 
| 119|0x0000000088f00000, 0x0000000088f00000, 0x0000000089000000|  0%| F|  |TAMS 0x0000000088f00000, 0x0000000088f00000| Untracked 
| 120|0x0000000089000000, 0x0000000089000000, 0x0000000089100000|  0%| F|  |TAMS 0x0000000089000000, 0x0000000089000000| Untracked 
| 121|0x0000000089100000, 0x0000000089100000, 0x0000000089200000|  0%| F|  |TAMS 0x0000000089100000, 0x0000000089100000| Untracked 
| 122|0x0000000089200000, 0x0000000089200000, 0x0000000089300000|  0%| F|  |TAMS 0x0000000089200000, 0x0000000089200000| Untracked 
| 123|0x0000000089300000, 0x0000000089300000, 0x0000000089400000|  0%| F|  |TAMS 0x0000000089300000, 0x0000000089300000| Untracked 
| 124|0x0000000089400000, 0x0000000089400000, 0x0000000089500000|  0%| F|  |TAMS 0x0000000089400000, 0x0000000089400000| Untracked 
| 125|0x0000000089500000, 0x0000000089500000, 0x0000000089600000|  0%| F|  |TAMS 0x0000000089500000, 0x0000000089500000| Untracked 
| 126|0x0000000089600000, 0x0000000089600000, 0x0000000089700000|  0%| F|  |TAMS 0x0000000089600000, 0x0000000089600000| Untracked 
| 127|0x0000000089700000, 0x0000000089700000, 0x0000000089800000|  0%| F|  |TAMS 0x0000000089700000, 0x0000000089700000| Untracked 

Card table byte_map: [0x0000020a37fb0000,0x0000020a383b0000] _byte_map_base: 0x0000020a37ba4000

Marking Bits (Prev, Next): (CMBitMap*) 0x0000020a215b2c80, (CMBitMap*) 0x0000020a215b2c48
 Prev Bits: [0x0000020a3a750000, 0x0000020a3c6f0000)
 Next Bits: [0x0000020a387b0000, 0x0000020a3a750000)

Polling page: 0x0000020a1f6d0000

Metaspace:

Usage:
  Non-class:     21.57 MB capacity,    21.24 MB ( 98%) used,   270.52 KB (  1%) free+waste,    67.19 KB ( <1%) overhead. 
      Class:      2.56 MB capacity,     2.31 MB ( 90%) used,   223.34 KB (  9%) free+waste,    32.88 KB (  1%) overhead. 
       Both:     24.13 MB capacity,    23.55 MB ( 98%) used,   493.86 KB (  2%) free+waste,   100.06 KB ( <1%) overhead. 

Virtual space:
  Non-class space:       22.00 MB reserved,      21.75 MB ( 99%) committed 
      Class space:        1.00 GB reserved,       2.63 MB ( <1%) committed 
             Both:        1.02 GB reserved,      24.37 MB (  2%) committed 

Chunk freelists:
   Non-Class:  0 bytes
       Class:  0 bytes
        Both:  0 bytes

CodeHeap 'non-profiled nmethods': size=120064Kb used=1921Kb max_used=1921Kb free=118142Kb
 bounds [0x0000020a30670000, 0x0000020a308e0000, 0x0000020a37bb0000]
CodeHeap 'profiled nmethods': size=120000Kb used=7432Kb max_used=7432Kb free=112567Kb
 bounds [0x0000020a29140000, 0x0000020a29890000, 0x0000020a30670000]
CodeHeap 'non-nmethods': size=5696Kb used=1148Kb max_used=1187Kb free=4547Kb
 bounds [0x0000020a28bb0000, 0x0000020a28e20000, 0x0000020a29140000]
 total_blobs=3306 nmethods=2817 adapters=400
 compilation: enabled
              stopped_count=0, restarted_count=0
 full_count=0

Compilation events (10 events):
Event: 16.830 Thread 0x0000020a3f4ed800 2833       3       java.lang.invoke.InvokerBytecodeGenerator::methodPrologue (29 bytes)
Event: 16.831 Thread 0x0000020a3f4ed800 nmethod 2833 0x0000020a2987ea90 code [0x0000020a2987ec60, 0x0000020a2987f078]
Event: 16.831 Thread 0x0000020a3f4ed800 2835       3       java.lang.invoke.InvokerBytecodeGenerator::emitReturn (107 bytes)
Event: 16.832 Thread 0x0000020a3f4ed800 nmethod 2835 0x0000020a2987f210 code [0x0000020a2987f420, 0x0000020a2987fa08]
Event: 16.832 Thread 0x0000020a3f4ed800 2836       3       java.lang.invoke.InvokerBytecodeGenerator::methodEpilogue (17 bytes)
Event: 16.833 Thread 0x0000020a3f4ed800 nmethod 2836 0x0000020a2987fd10 code [0x0000020a2987fec0, 0x0000020a29880158]
Event: 16.833 Thread 0x0000020a3f4ed800 2837       3       java.lang.invoke.LambdaFormEditor::addArgumentForm (121 bytes)
Event: 16.834 Thread 0x0000020a3f4ed800 nmethod 2837 0x0000020a29880290 code [0x0000020a298804c0, 0x0000020a29880af8]
Event: 16.841 Thread 0x0000020a3f4ed800 2840       3       java.lang.invoke.BoundMethodHandle$SpeciesData::extendWith (62 bytes)
Event: 16.843 Thread 0x0000020a3f4ed800 nmethod 2840 0x0000020a29880e10 code [0x0000020a298810a0, 0x0000020a29881cf8]

GC Heap History (10 events):
Event: 2.482 GC heap after
{Heap after GC invocations=2 (full 0):
 garbage-first heap   total 131072K, used 10352K [0x0000000081800000, 0x0000000100000000)
  region size 1024K, 1 young (1024K), 1 survivors (1024K)
 Metaspace       used 9205K, capacity 9416K, committed 9728K, reserved 1058816K
  class space    used 852K, capacity 928K, committed 1024K, reserved 1048576K
}
Event: 3.061 GC heap before
{Heap before GC invocations=2 (full 0):
 garbage-first heap   total 131072K, used 30832K [0x0000000081800000, 0x0000000100000000)
  region size 1024K, 22 young (22528K), 1 survivors (1024K)
 Metaspace       used 11179K, capacity 11371K, committed 11520K, reserved 1058816K
  class space    used 1062K, capacity 1153K, committed 1280K, reserved 1048576K
}
Event: 3.064 GC heap after
{Heap after GC invocations=3 (full 0):
 garbage-first heap   total 131072K, used 10605K [0x0000000081800000, 0x0000000100000000)
  region size 1024K, 1 young (1024K), 1 survivors (1024K)
 Metaspace       used 11179K, capacity 11371K, committed 11520K, reserved 1058816K
  class space    used 1062K, capacity 1153K, committed 1280K, reserved 1048576K
}
Event: 12.040 GC heap before
{Heap before GC invocations=3 (full 0):
 garbage-first heap   total 131072K, used 87405K [0x0000000081800000, 0x0000000100000000)
  region size 1024K, 76 young (77824K), 1 survivors (1024K)
 Metaspace       used 18095K, capacity 18303K, committed 18432K, reserved 1067008K
  class space    used 1670K, capacity 1762K, committed 1792K, reserved 1048576K
}
Event: 12.069 GC heap after
{Heap after GC invocations=4 (full 0):
 garbage-first heap   total 131072K, used 20068K [0x0000000081800000, 0x0000000100000000)
  region size 1024K, 10 young (10240K), 10 survivors (10240K)
 Metaspace       used 18095K, capacity 18303K, committed 18432K, reserved 1067008K
  class space    used 1670K, capacity 1762K, committed 1792K, reserved 1048576K
}
Event: 13.448 GC heap before
{Heap before GC invocations=4 (full 0):
 garbage-first heap   total 131072K, used 81508K [0x0000000081800000, 0x0000000100000000)
  region size 1024K, 70 young (71680K), 10 survivors (10240K)
 Metaspace       used 19864K, capacity 20128K, committed 20480K, reserved 1067008K
  class space    used 1800K, capacity 1922K, committed 2048K, reserved 1048576K
}
Event: 13.501 GC heap after
{Heap after GC invocations=5 (full 0):
 garbage-first heap   total 131072K, used 28247K [0x0000000081800000, 0x0000000100000000)
  region size 1024K, 9 young (9216K), 9 survivors (9216K)
 Metaspace       used 19864K, capacity 20128K, committed 20480K, reserved 1067008K
  class space    used 1800K, capacity 1922K, committed 2048K, reserved 1048576K
}
Event: 14.346 GC heap before
{Heap before GC invocations=5 (full 0):
 garbage-first heap   total 131072K, used 63063K [0x0000000081800000, 0x0000000100000000)
  region size 1024K, 44 young (45056K), 9 survivors (9216K)
 Metaspace       used 20942K, capacity 21184K, committed 21248K, reserved 1069056K
  class space    used 1917K, capacity 2018K, committed 2048K, reserved 1048576K
}
Event: 14.371 GC heap after
{Heap after GC invocations=6 (full 0):
 garbage-first heap   total 131072K, used 31168K [0x0000000081800000, 0x0000000100000000)
  region size 1024K, 3 young (3072K), 3 survivors (3072K)
 Metaspace       used 20942K, capacity 21184K, committed 21248K, reserved 1069056K
  class space    used 1917K, capacity 2018K, committed 2048K, reserved 1048576K
}
Event: 16.843 GC heap before
{Heap before GC invocations=7 (full 0):
 garbage-first heap   total 131072K, used 91584K [0x0000000081800000, 0x0000000100000000)
  region size 1024K, 62 young (63488K), 3 survivors (3072K)
 Metaspace       used 24119K, capacity 24713K, committed 24956K, reserved 1071104K
  class space    used 2366K, capacity 2623K, committed 2688K, reserved 1048576K
}

Deoptimization events (10 events):
Event: 13.582 Thread 0x0000020a21573800 Uncommon trap: reason=bimorphic_or_optimized_type_check action=maybe_recompile pc=0x0000020a30746aec method=java.util.HashMap.putVal(ILjava/lang/Object;Ljava/lang/Object;ZZ)Ljava/lang/Object; @ 91 c2
Event: 13.792 Thread 0x0000020a21573800 Uncommon trap: reason=class_check action=make_not_entrant pc=0x0000020a307dcfd4 method=java.util.ArrayList.toArray([Ljava/lang/Object;)[Ljava/lang/Object; @ 21 c2
Event: 13.994 Thread 0x0000020a21573800 Uncommon trap: reason=unstable_if action=reinterpret pc=0x0000020a3078e4e8 method=org.aspectj.weaver.World.resolve(Lorg/aspectj/weaver/UnresolvedType;Z)Lorg/aspectj/weaver/ResolvedType; @ 253 c2
Event: 14.060 Thread 0x0000020a21573800 Uncommon trap: reason=unstable_fused_if action=reinterpret pc=0x0000020a307ddd08 method=org.aspectj.apache.bcel.generic.Type.getSize()I @ 4 c2
Event: 14.232 Thread 0x0000020a21573800 Uncommon trap: reason=unstable_if action=reinterpret pc=0x0000020a3073da0c method=org.aspectj.weaver.World.resolve(Lorg/aspectj/weaver/UnresolvedType;Z)Lorg/aspectj/weaver/ResolvedType; @ 86 c2
Event: 14.239 Thread 0x0000020a21573800 Uncommon trap: reason=unstable_if action=reinterpret pc=0x0000020a307ce6ac method=org.aspectj.weaver.TypeFactory.createTypeFromSignature(Ljava/lang/String;)Lorg/aspectj/weaver/UnresolvedType; @ 330 c2
Event: 14.240 Thread 0x0000020a21573800 Uncommon trap: reason=bimorphic_or_optimized_type_check action=maybe_recompile pc=0x0000020a307cf3fc method=org.aspectj.weaver.TypeFactory.createTypeFromSignature(Ljava/lang/String;)Lorg/aspectj/weaver/UnresolvedType; @ 281 c2
Event: 14.377 Thread 0x0000020a21573800 Uncommon trap: reason=unstable_if action=reinterpret pc=0x0000020a307e7820 method=org.aspectj.weaver.UnresolvedType.signatureToName(Ljava/lang/String;)Ljava/lang/String; @ 5 c2
Event: 14.561 Thread 0x0000020a21573800 Uncommon trap: reason=bimorphic_or_optimized_type_check action=maybe_recompile pc=0x0000020a30746aec method=java.util.HashMap.putVal(ILjava/lang/Object;Ljava/lang/Object;ZZ)Ljava/lang/Object; @ 91 c2
Event: 16.608 Thread 0x0000020a21573800 Uncommon trap: reason=unstable_if action=reinterpret pc=0x0000020a306f73f8 method=java.lang.Integer.stringSize(I)I @ 19 c2

Classes redefined (1 events):
Event: 3.791 Thread 0x0000020a3ec1c800 redefined class name=java.lang.Throwable, count=1

Internal exceptions (10 events):
Event: 16.601 Thread 0x0000020a21573800 Exception <a 'java/lang/NoSuchMethodError'{0x0000000085d7b3b0}: java.lang.invoke.DirectMethodHandle$Holder.invokeStatic(Ljava/lang/Object;ILjava/lang/Object;)Ljava/lang/Object;> (0x0000000085d7b3b0) thrown at [./open/src/hotspot/share/interpreter/linkReso
Event: 16.618 Thread 0x0000020a21573800 Exception <a 'java/lang/NoSuchMethodError'{0x0000000085da0308}: java.lang.invoke.DirectMethodHandle$Holder.invokeStatic(Ljava/lang/Object;Ljava/lang/Object;J)Ljava/lang/Object;> (0x0000000085da0308) thrown at [./open/src/hotspot/share/interpreter/linkReso
Event: 16.621 Thread 0x0000020a21573800 Exception <a 'java/lang/NoSuchMethodError'{0x0000000085da99a0}: java.lang.invoke.DirectMethodHandle$Holder.newInvokeSpecial(Ljava/lang/Object;Ljava/lang/Object;Ljava/lang/Object;)Ljava/lang/Object;> (0x0000000085da99a0) thrown at [./open/src/hotspot/share
Event: 16.633 Thread 0x0000020a21573800 Exception <a 'java/lang/NoSuchMethodError'{0x0000000085dcdf88}: java.lang.invoke.DirectMethodHandle$Holder.invokeStatic(Ljava/lang/Object;Ljava/lang/Object;Ljava/lang/Object;ILjava/lang/Object;Ljava/lang/Object;)Ljava/lang/Object;> (0x0000000085dcdf88) th
Event: 16.637 Thread 0x0000020a21573800 Exception <a 'java/lang/NoSuchMethodError'{0x0000000085dd5a28}: java.lang.invoke.DirectMethodHandle$Holder.invokeStatic(Ljava/lang/Object;Ljava/lang/Object;Ljava/lang/Object;ILjava/lang/Object;)Ljava/lang/Object;> (0x0000000085dd5a28) thrown at [./open/sr
Event: 16.642 Thread 0x0000020a21573800 Exception <a 'java/lang/NoSuchMethodError'{0x0000000085ddc348}: java.lang.invoke.Invokers$Holder.linkToTargetMethod(Ljava/lang/Object;Ljava/lang/Object;ILjava/lang/Object;Ljava/lang/Object;)Ljava/lang/Object;> (0x0000000085ddc348) thrown at [./open/src/ho
Event: 16.740 Thread 0x0000020a21573800 Exception <a 'java/lang/IncompatibleClassChangeError'{0x0000000085a24070}: Found class java.lang.Object, but interface was expected> (0x0000000085a24070) thrown at [./open/src/hotspot/share/interpreter/linkResolver.cpp, line 838]
Event: 16.742 Thread 0x0000020a21573800 Exception <a 'java/lang/IncompatibleClassChangeError'{0x0000000085a2a7c8}: Found class java.lang.Object, but interface was expected> (0x0000000085a2a7c8) thrown at [./open/src/hotspot/share/interpreter/linkResolver.cpp, line 838]
Event: 16.838 Thread 0x0000020a21573800 Exception <a 'java/lang/NoSuchMethodError'{0x0000000085ad1eb8}: java.lang.invoke.DirectMethodHandle$Holder.invokeSpecial(Ljava/lang/Object;Ljava/lang/Object;IILjava/lang/Object;ILjava/lang/Object;Ljava/lang/Object;)Ljava/lang/Object;> (0x0000000085ad1eb8)
Event: 16.838 Thread 0x0000020a21573800 Exception <a 'java/lang/NoSuchMethodError'{0x0000000085ad5508}: java.lang.invoke.DelegatingMethodHandle$Holder.reinvoke_L(Ljava/lang/Object;IILjava/lang/Object;ILjava/lang/Object;Ljava/lang/Object;)Ljava/lang/Object;> (0x0000000085ad5508) thrown at [./ope

Events (10 events):
Event: 16.744 loading class org/testng/IConfigurationListener done
Event: 16.744 loading class org/testng/TestRunner
Event: 16.744 loading class org/testng/TestRunner done
Event: 16.788 loading class org/testng/ITestNGListener
Event: 16.788 loading class org/testng/ITestNGListener done
Event: 16.788 loading class org/testng/IExecutionVisualiser
Event: 16.788 loading class org/testng/IExecutionVisualiser done
Event: 16.788 loading class org/testng/TestRunner
Event: 16.788 loading class org/testng/TestRunner done
Event: 16.843 Executing VM operation: G1CollectForAllocation


Dynamic libraries:
0x00007ff72f3d0000 - 0x00007ff72f3df000 	C:\Program Files\Java\jdk-11.0.14\bin\java.exe
0x00007ffe11190000 - 0x00007ffe11388000 	C:\WINDOWS\SYSTEM32\ntdll.dll
0x00007ffe10d60000 - 0x00007ffe10e22000 	C:\WINDOWS\System32\KERNEL32.DLL
0x00007ffe0e830000 - 0x00007ffe0eb2e000 	C:\WINDOWS\System32\KERNELBASE.dll
0x00007ffe0ef30000 - 0x00007ffe0f030000 	C:\WINDOWS\System32\ucrtbase.dll
0x00007ffe0c800000 - 0x00007ffe0c818000 	C:\Program Files\Java\jdk-11.0.14\bin\jli.dll
0x00007ffe10ad0000 - 0x00007ffe10b81000 	C:\WINDOWS\System32\ADVAPI32.dll
0x00007ffe10e30000 - 0x00007ffe10ece000 	C:\WINDOWS\System32\msvcrt.dll
0x00007ffe0f760000 - 0x00007ffe0f7ff000 	C:\WINDOWS\System32\sechost.dll
0x00007ffe10f40000 - 0x00007ffe11063000 	C:\WINDOWS\System32\RPCRT4.dll
0x00007ffe041f0000 - 0x00007ffe04205000 	C:\Program Files\Java\jdk-11.0.14\bin\VCRUNTIME140.dll
0x00007ffe0f180000 - 0x00007ffe0f1a7000 	C:\WINDOWS\System32\bcrypt.dll
0x00007ffe0f890000 - 0x00007ffe0fa2d000 	C:\WINDOWS\System32\USER32.dll
0x00007ffe0ebd0000 - 0x00007ffe0ebf2000 	C:\WINDOWS\System32\win32u.dll
0x00007ffe11080000 - 0x00007ffe110ab000 	C:\WINDOWS\System32\GDI32.dll
0x00007ffe0ecb0000 - 0x00007ffe0edc7000 	C:\WINDOWS\System32\gdi32full.dll
0x00007ffe0eb30000 - 0x00007ffe0ebcd000 	C:\WINDOWS\System32\msvcp_win.dll
0x00007ffe0da30000 - 0x00007ffe0dcca000 	C:\WINDOWS\WinSxS\amd64_microsoft.windows.common-controls_6595b64144ccf1df_6.0.19041.4355_none_60b8b9eb71f62e16\COMCTL32.dll
0x00007ffe0e080000 - 0x00007ffe0e08a000 	C:\WINDOWS\SYSTEM32\VERSION.dll
0x00007ffe110c0000 - 0x00007ffe110ef000 	C:\WINDOWS\System32\IMM32.DLL
0x0000000077d00000 - 0x0000000077d0c000 	C:\Program Files (x86)\360\Total Security\safemon\SafeWrapper.dll
0x00007ffdc05c0000 - 0x00007ffdc066c000 	C:\Program Files (x86)\360\Total Security\safemon\libzdtp64.dll
0x00007ffe0fbe0000 - 0x00007ffe1034d000 	C:\WINDOWS\System32\SHELL32.dll
0x00007ffe0f1b0000 - 0x00007ffe0f205000 	C:\WINDOWS\System32\SHLWAPI.dll
0x00007ffdde590000 - 0x00007ffdde62b000 	C:\Program Files\Java\jdk-11.0.14\bin\msvcp140.dll
0x00007ffdae470000 - 0x00007ffdaef86000 	C:\Program Files\Java\jdk-11.0.14\bin\server\jvm.dll
0x00007ffe11070000 - 0x00007ffe11078000 	C:\WINDOWS\System32\PSAPI.DLL
0x00007ffe04390000 - 0x00007ffe043b7000 	C:\WINDOWS\SYSTEM32\WINMM.dll
0x00007ffdff660000 - 0x00007ffdff669000 	C:\WINDOWS\SYSTEM32\WSOCK32.dll
0x00007ffe10ed0000 - 0x00007ffe10f3b000 	C:\WINDOWS\System32\WS2_32.dll
0x00007ffe0b7f0000 - 0x00007ffe0b802000 	C:\WINDOWS\SYSTEM32\kernel.appcore.dll
0x00007ffe0e3f0000 - 0x00007ffe0e400000 	C:\Program Files\Java\jdk-11.0.14\bin\verify.dll
0x00007ffe0e1b0000 - 0x00007ffe0e394000 	C:\WINDOWS\SYSTEM32\DBGHELP.DLL
0x00007ffe0ddf0000 - 0x00007ffe0de24000 	C:\WINDOWS\SYSTEM32\dbgcore.DLL
0x00007ffe0f0f0000 - 0x00007ffe0f172000 	C:\WINDOWS\System32\bcryptPrimitives.dll
0x00007ffe01e30000 - 0x00007ffe01e58000 	C:\Program Files\Java\jdk-11.0.14\bin\java.dll
0x00007ffe0c7b0000 - 0x00007ffe0c7ba000 	C:\Program Files\Java\jdk-11.0.14\bin\jimage.dll
0x00007ffe01de0000 - 0x00007ffe01dee000 	C:\Program Files\Java\jdk-11.0.14\bin\instrument.dll
0x00007ffe00650000 - 0x00007ffe00666000 	C:\Program Files\Java\jdk-11.0.14\bin\zip.dll
0x00007ffe0b9f0000 - 0x00007ffe0c194000 	C:\WINDOWS\SYSTEM32\windows.storage.dll
0x00007ffe10690000 - 0x00007ffe109e3000 	C:\WINDOWS\System32\combase.dll
0x00007ffe0d9c0000 - 0x00007ffe0d9ee000 	C:\WINDOWS\SYSTEM32\Wldp.dll
0x00007ffe10a00000 - 0x00007ffe10acd000 	C:\WINDOWS\System32\OLEAUT32.dll
0x00007ffe10b90000 - 0x00007ffe10c3d000 	C:\WINDOWS\System32\SHCORE.dll
0x00007ffe0e760000 - 0x00007ffe0e784000 	C:\WINDOWS\SYSTEM32\profapi.dll
0x00007ffdfc450000 - 0x00007ffdfc469000 	C:\Program Files\Java\jdk-11.0.14\bin\net.dll
0x00007ffe06e20000 - 0x00007ffe06f2d000 	C:\WINDOWS\SYSTEM32\WINHTTP.dll
0x00007ffe0d900000 - 0x00007ffe0d96a000 	C:\WINDOWS\system32\mswsock.dll
0x00007ffdf1270000 - 0x00007ffdf1282000 	C:\Program Files\Java\jdk-11.0.14\bin\nio.dll
0x00007ffdf0810000 - 0x00007ffdf082a000 	C:\Program Files\JetBrains\IntelliJ IDEA Community Edition 2024.3.1.1\bin\breakgen64.dll
0x00007ffe0e520000 - 0x00007ffe0e538000 	C:\WINDOWS\SYSTEM32\CRYPTSP.dll
0x00007ffe0d120000 - 0x00007ffe0d154000 	C:\WINDOWS\system32\rsaenh.dll
0x00007ffe0e6e0000 - 0x00007ffe0e70e000 	C:\WINDOWS\SYSTEM32\USERENV.dll
0x00007ffe0d7f0000 - 0x00007ffe0d7fc000 	C:\WINDOWS\SYSTEM32\CRYPTBASE.dll
0x00007ffe0d480000 - 0x00007ffe0d4bb000 	C:\WINDOWS\SYSTEM32\IPHLPAPI.DLL
0x00007ffe110b0000 - 0x00007ffe110b8000 	C:\WINDOWS\System32\NSI.dll
0x00007ffe05fe0000 - 0x00007ffe05ff7000 	C:\WINDOWS\SYSTEM32\dhcpcsvc6.DLL
0x00007ffe05fc0000 - 0x00007ffe05fdd000 	C:\WINDOWS\SYSTEM32\dhcpcsvc.DLL
0x00007ffe0d510000 - 0x00007ffe0d5da000 	C:\WINDOWS\SYSTEM32\DNSAPI.dll

dbghelp: loaded successfully - version: 4.0.5 - missing functions: none
symbol engine: initialized successfully - sym options: 0x614 - pdb path: .;C:\Program Files\Java\jdk-11.0.14\bin;C:\WINDOWS\SYSTEM32;C:\WINDOWS\WinSxS\amd64_microsoft.windows.common-controls_6595b64144ccf1df_6.0.19041.4355_none_60b8b9eb71f62e16;C:\Program Files (x86)\360\Total Security\safemon;C:\Program Files\Java\jdk-11.0.14\bin\server;C:\Program Files\JetBrains\IntelliJ IDEA Community Edition 2024.3.1.1\bin

VM Arguments:
jvm_args: -ea -javaagent:C:\Users\amit\.m2\repository/org/aspectj/aspectjweaver/1.9.20.1/aspectjweaver-1.9.20.1.jar -Didea.test.cyclic.buffer.size=1048576 -javaagent:C:\Program Files\JetBrains\IntelliJ IDEA Community Edition 2024.3.1.1\lib\idea_rt.jar=18771:C:\Program Files\JetBrains\IntelliJ IDEA Community Edition 2024.3.1.1\bin -javaagent:C:\Users\amit\AppData\Local\JetBrains\IdeaIC2024.3\captureAgent\debugger-agent.jar -Dkotlinx.coroutines.debug.enable.creation.stack.trace=false -Ddebugger.agent.enable.coroutines=true -Dkotlinx.coroutines.debug.enable.flows.stack.trace=true -Dkotlinx.coroutines.debug.enable.mutable.state.flows.stack.trace=true -Dfile.encoding=UTF-8 
java_command: com.intellij.rt.testng.RemoteTestNGStarter -usedefaultlisteners false -socket18770 @w@C:\Users\amit\AppData\Local\Temp\idea_working_dirs_testng.tmp -temp C:\Users\amit\AppData\Local\Temp\idea_testng.tmp
java_class_path (initial): C:\Program Files\JetBrains\IntelliJ IDEA Community Edition 2024.3.1.1\lib\idea_rt.jar;C:\Program Files\JetBrains\IntelliJ IDEA Community Edition 2024.3.1.1\plugins\testng\lib\testng-rt.jar;J:\3. automation testing testing acadmey\day41--selenium -UI elements\AssignmentAnswers\Appolo-Tools\target\test-classes;J:\3. automation testing testing acadmey\day41--selenium -UI elements\AssignmentAnswers\Appolo-Tools\target\classes;C:\Users\amit\.m2\repository\org\seleniumhq\selenium\selenium-java\4.9.1\selenium-java-4.9.1.jar;C:\Users\amit\.m2\repository\org\seleniumhq\selenium\selenium-api\4.9.1\selenium-api-4.9.1.jar;C:\Users\amit\.m2\repository\org\seleniumhq\selenium\selenium-devtools-v111\4.9.1\selenium-devtools-v111-4.9.1.jar;C:\Users\amit\.m2\repository\org\seleniumhq\selenium\selenium-devtools-v112\4.9.1\selenium-devtools-v112-4.9.1.jar;C:\Users\amit\.m2\repository\org\seleniumhq\selenium\selenium-devtools-v113\4.9.1\selenium-devtools-v113-4.9.1.jar;C:\Users\amit\.m2\repository\org\seleniumhq\selenium\selenium-devtools-v85\4.9.1\selenium-devtools-v85-4.9.1.jar;C:\Users\amit\.m2\repository\org\seleniumhq\selenium\selenium-edge-driver\4.9.1\selenium-edge-driver-4.9.1.jar;C:\Users\amit\.m2\repository\org\seleniumhq\selenium\selenium-firefox-driver\4.9.1\selenium-firefox-driver-4.9.1.jar;C:\Users\amit\.m2\repository\org\seleniumhq\selenium\selenium-http\4.9.1\selenium-http-4.9.1.jar;C:\Users\amit\.m2\repository\dev\failsafe\failsafe\3.3.1\failsafe-3.3.1.jar;C:\Users\amit\.m2\repository\org\seleniumhq\selenium\selenium-ie-driver\4.9.1\selenium-ie-driver-4.9.1.jar;C:\Users\amit\.m2\repository\org\seleniumhq\selenium\selenium-remote-driver\4.9.1\selenium-remote-driver-4.9.1.jar;C:\Users\amit\.m2\repository\io\netty\netty-buffer\4.1.91.Final\netty-buffer-4.1.91.Final.jar;C:\Users\amit\.m2\repository\io\netty\netty-codec-http\4.1.91.Final\netty-codec-http-4.1.91.Final.jar;C:\Users\amit\.m2\repository\io\netty\netty-codec\4.1.91.Final\netty-codec-4
Launcher Type: SUN_STANDARD

[Global flags]
     intx CICompilerCount                          = 3                                         {product} {ergonomic}
     uint ConcGCThreads                            = 1                                         {product} {ergonomic}
     uint G1ConcRefinementThreads                  = 4                                         {product} {ergonomic}
   size_t G1HeapRegionSize                         = 1048576                                   {product} {ergonomic}
    uintx GCDrainStackTargetSize                   = 64                                        {product} {ergonomic}
   size_t InitialHeapSize                          = 134217728                                 {product} {ergonomic}
   size_t MarkStackSize                            = 4194304                                   {product} {ergonomic}
   size_t MaxHeapSize                              = 2122317824                                {product} {ergonomic}
   size_t MaxNewSize                               = 1272971264                                {product} {ergonomic}
   size_t MinHeapDeltaBytes                        = 1048576                                   {product} {ergonomic}
    uintx NonNMethodCodeHeapSize                   = 5830732                                {pd product} {ergonomic}
    uintx NonProfiledCodeHeapSize                  = 122913754                              {pd product} {ergonomic}
    uintx ProfiledCodeHeapSize                     = 122913754                              {pd product} {ergonomic}
    uintx ReservedCodeCacheSize                    = 251658240                              {pd product} {ergonomic}
     bool SegmentedCodeCache                       = true                                      {product} {ergonomic}
     bool UseCompressedClassPointers               = true                                 {lp64_product} {ergonomic}
     bool UseCompressedOops                        = true                                 {lp64_product} {ergonomic}
     bool UseG1GC                                  = true                                      {product} {ergonomic}
     bool UseLargePagesIndividualAllocation        = false                                  {pd product} {ergonomic}

Logging:
Log output configuration:
 #0: stdout all=warning uptime,level,tags
 #1: stderr all=off uptime,level,tags

Environment Variables:
JAVA_HOME=C:\Program Files\Java\jdk-11.0.14
CLASSPATH=E:\cdac pune\6.core java\day2\assignment 2\bin;E:\cdac pune\6.core java\day1\day1 (assignment)\q4\bin
PATH=C:\Program Files\Java\jdk-11.0.14\bin;C:\Users\amit\AppData\Local\Android\Sdk\platform-tools;C:\Users\amit\AppData\Local\Android\Sdk\tools;C:\TDM-GCC-64\bin;C:\Program Files\Common Files\Oracle\Java\javapath;C:\Program Files (x86)\Common Files\Oracle\Java\javapath;C:\PROGRAMDATA\ORACLE\JAVA\JAVAPATH;C:\PROGRAM FILES (X86)\INTEL\ICLS CLIENT\;C:\PROGRAM FILES\INTEL\ICLS CLIENT\;C:\WINDOWS\SYSTEM32;C:\WINDOWS;C:\WINDOWS\SYSTEM32\WBEM;C:\WINDOWS\SYSTEM32\WINDOWSPOWERSHELL\V1.0\;C:\PROGRAM FILES\INTEL\INTEL(R) MANAGEMENT ENGINE COMPONENTS\DAL;C:\PROGRAM FILES\INTEL\INTEL(R) MANAGEMENT ENGINE COMPONENTS\IPT;C:\PROGRAM FILES (X86)\INTEL\INTEL(R) MANAGEMENT ENGINE COMPONENTS\DAL;C:\PROGRAM FILES (X86)\INTEL\INTEL(R) MANAGEMENT ENGINE COMPONENTS\IPT;C:\PROGRAM FILES (X86)\COMMON FILES\LENOVO\EASYPLUSSDK\BIN;C:\Program Files\WIDCOMM\Bluetooth Software\;C:\Program Files\WIDCOMM\Bluetooth Software\syswow64;C:\WINDOWS\system32;C:\WINDOWS\System32\Wbem;C:\WINDOWS\System32\WindowsPowerShell\v1.0\;C:\Program Files (x86)\NVIDIA Corporation\PhysX\Common;C:\Users\amit\AppData\Local\Microsoft\WindowsApps;C:\Users\amit\AppData\Roaming\Dashl;C:\WINDOWS\System32\OpenSSH\;C:\Program Files (x86)\Microsoft VS Code\bin;C:\Program Files\MySQL\MySQL Server 8.0\bin;C:\Program Files\Microsoft SQL Server\130\Tools\Binn\;C:\Program Files\nodejs\;C:\Users\amit\Desktop\curl-8.0.1_7-win64-mingw;C:\apache-maven-3.9.3\bin;C:\allure-2.10.0\bin;C:\Windows\System32\wsl.exe;C:\Program Files\Go\bin;C:\sqlite-tools-win32-x86-3430100;C:\Program Files\PuTTY\;C:\Program Files\Amazon\AWSCLIV2\;C:\Program Files\Git\cmd;C:\Program Files\Git LFS;C:\Users\amit\AppData\Local\Android\Sdk\tools\bin;C:\Users\amit\AppData\Local\Android\Sdk\build-tools\35.0.0-rc4;C:\WINDOWS\system32;C:\WINDOWS;C:\WINDOWS\System32\Wbem;C:\WINDOWS\System32\WindowsPowerShell\v1.0\;C:\WINDOWS\System32\OpenSSH\;C:\ngrok;;C:\Program Files\Docker\Docker\resources\bin;C:\Users\amit\AppData\Local\Programs\Python\Python311\Scripts\;C:\Users\amit\A
USERNAME=sumit
OS=Windows_NT
PROCESSOR_IDENTIFIER=Intel64 Family 6 Model 69 Stepping 1, GenuineIntel



---------------  S Y S T E M  ---------------

OS: Windows 10 , 64 bit Build 19041 (10.0.19041.5198)
Hyper-V role detected

CPU:total 4 (initial active 4) (2 cores per cpu, 2 threads per core) family 6 model 69 stepping 1 microcode 0x25, cmov, cx8, fxsr, mmx, sse, sse2, sse3, ssse3, sse4.1, sse4.2, popcnt, avx, avx2, aes, clmul, erms, lzcnt, ht, tsc, tscinvbit, bmi1, bmi2, fma

Memory: 4k page, system-wide physical 8095M (892M free)
TotalPageFile size 11538M (AvailPageFile size 10M)
current process WorkingSet (physical memory assigned to process): 252M, peak: 257M
current process commit charge ("private bytes"): 299M, peak: 321M

vm_info: Java HotSpot(TM) 64-Bit Server VM (11.0.14+8-LTS-263) for windows-amd64 JRE (11.0.14+8-LTS-263), built on Dec  7 2021 21:53:57 by "mach5one" with MS VC++ 15.9 (VS2017)

END.
