#
# There is insufficient memory for the Java Runtime Environment to continue.
# Native memory allocation (malloc) failed to allocate 24429 bytes for unable to allocate cached copy of original class bytes
# Possible reasons:
#   The system is out of physical RAM or swap space
#   The process is running with CompressedOops enabled, and the Java Heap may be blocking the growth of the native heap
# Possible solutions:
#   Reduce memory load on the system
#   Increase physical memory or swap space
#   Check if swap backing store is full
#   Decrease Java heap size (-Xmx/-Xms)
#   Decrease number of Java threads
#   Decrease Java thread stack sizes (-Xss)
#   Set larger code cache with -XX:ReservedCodeCacheSize=
#   JVM is running with Unscaled Compressed Oops mode in which the Java heap is
#     placed in the first 4GB address space. The Java Heap base address is the
#     maximum limit for the native heap growth. Please use -XX:HeapBaseMinAddress
#     to set the Java Heap base and to place the Java Heap above 4GB virtual address.
# This output file may be truncated or incomplete.
#
#  Out of Memory Error (./open/src/hotspot/share/prims/jvmtiExport.cpp:962), pid=42196, tid=20572
#
# JRE version: Java(TM) SE Runtime Environment 18.9 (11.0.14+8) (build 11.0.14+8-LTS-263)
# Java VM: Java HotSpot(TM) 64-Bit Server VM 18.9 (11.0.14+8-LTS-263, mixed mode, tiered, compressed oops, g1 gc, windows-amd64)
# No core dump will be written. Minidumps are not enabled by default on client versions of Windows
#

---------------  S U M M A R Y ------------

Command Line: -ea -javaagent:C:\Users\amit\.m2\repository/org/aspectj/aspectjweaver/1.9.20.1/aspectjweaver-1.9.20.1.jar -Didea.test.cyclic.buffer.size=1048576 -javaagent:C:\Program Files\JetBrains\IntelliJ IDEA Community Edition 2024.3.1.1\lib\idea_rt.jar=44034:C:\Program Files\JetBrains\IntelliJ IDEA Community Edition 2024.3.1.1\bin -javaagent:C:\Users\amit\AppData\Local\JetBrains\IdeaIC2024.3\captureAgent\debugger-agent.jar -Dkotlinx.coroutines.debug.enable.creation.stack.trace=false -Ddebugger.agent.enable.coroutines=true -Dkotlinx.coroutines.debug.enable.flows.stack.trace=true -Dkotlinx.coroutines.debug.enable.mutable.state.flows.stack.trace=true -Dfile.encoding=UTF-8 com.intellij.rt.testng.RemoteTestNGStarter -usedefaultlisteners false -socket44033 @w@C:\Users\amit\AppData\Local\Temp\idea_working_dirs_testng.tmp -temp C:\Users\amit\AppData\Local\Temp\idea_testng.tmp

Host: Intel(R) Core(TM) i3-4005U CPU @ 1.70GHz, 4 cores, 7G,  Windows 10 , 64 bit Build 19041 (10.0.19041.5198)
Time: Wed Feb 12 01:39:16 2025 India Standard Time elapsed time: 24.678837 seconds (0d 0h 0m 24s)

---------------  T H R E A D  ---------------

Current thread (0x0000024e68584000):  JavaThread "main" [_thread_in_native, id=20572, stack(0x000000e720600000,0x000000e720700000)]

Stack: [0x000000e720600000,0x000000e720700000]
Native frames: (J=compiled Java code, j=interpreted, Vv=VM code, C=native code)
V  [jvm.dll+0x6296da]
V  [jvm.dll+0x76323f]
V  [jvm.dll+0x7648e9]
V  [jvm.dll+0x764f73]
V  [jvm.dll+0x23d7c8]
V  [jvm.dll+0x4eafff]
V  [jvm.dll+0x4e240a]
V  [jvm.dll+0x4e2506]
V  [jvm.dll+0x502f3b]
V  [jvm.dll+0x6fee99]
V  [jvm.dll+0x3dc51f]
V  [jvm.dll+0x3e278b]
C  [java.dll+0x19bc]

Java frames: (J=compiled Java code, j=interpreted, Vv=VM code)
J 1688  java.lang.ClassLoader.defineClass1(Ljava/lang/ClassLoader;Ljava/lang/String;[BIILjava/security/ProtectionDomain;Ljava/lang/String;)Ljava/lang/Class; java.base@11.0.14 (0 bytes) @ 0x0000024e7774317b [0x0000024e777430c0+0x00000000000000bb]
J 1083 c1 java.lang.ClassLoader.defineClass(Ljava/lang/String;[BIILjava/security/ProtectionDomain;)Ljava/lang/Class; java.base@11.0.14 (43 bytes) @ 0x0000024e70358dc4 [0x0000024e70358a80+0x0000000000000344]
J 932 c1 jdk.internal.loader.BuiltinClassLoader.defineClass(Ljava/lang/String;Ljdk/internal/loader/Resource;)Ljava/lang/Class; java.base@11.0.14 (121 bytes) @ 0x0000024e702fcecc [0x0000024e702fbe40+0x000000000000108c]
J 899 c1 jdk.internal.loader.BuiltinClassLoader.findClassOnClassPathOrNull(Ljava/lang/String;)Ljava/lang/Class; java.base@11.0.14 (64 bytes) @ 0x0000024e702e400c [0x0000024e702e3e20+0x00000000000001ec]
J 829 c1 jdk.internal.loader.BuiltinClassLoader.loadClassOrNull(Ljava/lang/String;Z)Ljava/lang/Class; java.base@11.0.14 (143 bytes) @ 0x0000024e702b72fc [0x0000024e702b61e0+0x000000000000111c]
J 877 c1 jdk.internal.loader.ClassLoaders$AppClassLoader.loadClass(Ljava/lang/String;Z)Ljava/lang/Class; java.base@11.0.14 (40 bytes) @ 0x0000024e702d4304 [0x0000024e702d3d60+0x00000000000005a4]
J 875 c1 java.lang.ClassLoader.loadClass(Ljava/lang/String;)Ljava/lang/Class; java.base@11.0.14 (7 bytes) @ 0x0000024e702d343c [0x0000024e702d3340+0x00000000000000fc]
v  ~StubRoutines::call_stub
J 1688  java.lang.ClassLoader.defineClass1(Ljava/lang/ClassLoader;Ljava/lang/String;[BIILjava/security/ProtectionDomain;Ljava/lang/String;)Ljava/lang/Class; java.base@11.0.14 (0 bytes) @ 0x0000024e7774317b [0x0000024e777430c0+0x00000000000000bb]
J 1083 c1 java.lang.ClassLoader.defineClass(Ljava/lang/String;[BIILjava/security/ProtectionDomain;)Ljava/lang/Class; java.base@11.0.14 (43 bytes) @ 0x0000024e70358dc4 [0x0000024e70358a80+0x0000000000000344]
J 932 c1 jdk.internal.loader.BuiltinClassLoader.defineClass(Ljava/lang/String;Ljdk/internal/loader/Resource;)Ljava/lang/Class; java.base@11.0.14 (121 bytes) @ 0x0000024e702fcecc [0x0000024e702fbe40+0x000000000000108c]
J 899 c1 jdk.internal.loader.BuiltinClassLoader.findClassOnClassPathOrNull(Ljava/lang/String;)Ljava/lang/Class; java.base@11.0.14 (64 bytes) @ 0x0000024e702e400c [0x0000024e702e3e20+0x00000000000001ec]
J 829 c1 jdk.internal.loader.BuiltinClassLoader.loadClassOrNull(Ljava/lang/String;Z)Ljava/lang/Class; java.base@11.0.14 (143 bytes) @ 0x0000024e702b72fc [0x0000024e702b61e0+0x000000000000111c]
J 877 c1 jdk.internal.loader.ClassLoaders$AppClassLoader.loadClass(Ljava/lang/String;Z)Ljava/lang/Class; java.base@11.0.14 (40 bytes) @ 0x0000024e702d4304 [0x0000024e702d3d60+0x00000000000005a4]
J 875 c1 java.lang.ClassLoader.loadClass(Ljava/lang/String;)Ljava/lang/Class; java.base@11.0.14 (7 bytes) @ 0x0000024e702d343c [0x0000024e702d3340+0x00000000000000fc]
v  ~StubRoutines::call_stub
j  io.qameta.allure.FileSystemResultsWriter.<init>(Ljava/nio/file/Path;)V+10
j  io.qameta.allure.AllureLifecycle.getDefaultWriter()Lio/qameta/allure/FileSystemResultsWriter;+27
j  io.qameta.allure.AllureLifecycle.<init>()V+1
j  io.qameta.allure.Allure.getLifecycle()Lio/qameta/allure/AllureLifecycle;+13
j  io.qameta.allure.testng.AllureTestNg.<init>()V+1
v  ~StubRoutines::call_stub
j  jdk.internal.reflect.NativeConstructorAccessorImpl.newInstance0(Ljava/lang/reflect/Constructor;[Ljava/lang/Object;)Ljava/lang/Object;+0 java.base@11.0.14
j  jdk.internal.reflect.NativeConstructorAccessorImpl.newInstance([Ljava/lang/Object;)Ljava/lang/Object;+85 java.base@11.0.14
j  jdk.internal.reflect.DelegatingConstructorAccessorImpl.newInstance([Ljava/lang/Object;)Ljava/lang/Object;+5 java.base@11.0.14
j  java.lang.reflect.Constructor.newInstance([Ljava/lang/Object;)Ljava/lang/Object;+68 java.base@11.0.14
j  java.util.ServiceLoader$ProviderImpl.newInstance()Ljava/lang/Object;+19 java.base@11.0.14
j  java.util.ServiceLoader$ProviderImpl.get()Ljava/lang/Object;+13 java.base@11.0.14
j  java.util.ServiceLoader$3.next()Ljava/lang/Object;+58 java.base@11.0.14
j  org.testng.TestNG.addServiceLoaderListeners()V+42
j  org.testng.TestNG.initializeConfiguration()V+6
j  org.testng.TestNG.initializeEverything()V+13
j  org.testng.TestNG.run()V+1
j  com.intellij.rt.testng.IDEARemoteTestNG.run()V+270
j  com.intellij.rt.testng.RemoteTestNGStarter.main([Ljava/lang/String;)V+548
v  ~StubRoutines::call_stub

---------------  P R O C E S S  ---------------

Threads class SMR info:
_java_thread_list=0x0000024e074046e0, length=11, elements={
0x0000024e68584000, 0x0000024e7fccf000, 0x0000024e7fcda000, 0x0000024e7fce6800,
0x0000024e7fce9800, 0x0000024e7fceb000, 0x0000024e7fced000, 0x0000024e067b7000,
0x0000024e067c8000, 0x0000024e7fc85800, 0x0000024e07613800
}

Java Threads: ( => current thread )
=>0x0000024e68584000 JavaThread "main" [_thread_in_native, id=20572, stack(0x000000e720600000,0x000000e720700000)]
  0x0000024e7fccf000 JavaThread "Reference Handler" daemon [_thread_blocked, id=40852, stack(0x000000e720d00000,0x000000e720e00000)]
  0x0000024e7fcda000 JavaThread "Finalizer" daemon [_thread_blocked, id=23092, stack(0x000000e720e00000,0x000000e720f00000)]
  0x0000024e7fce6800 JavaThread "Signal Dispatcher" daemon [_thread_blocked, id=22228, stack(0x000000e720f00000,0x000000e721000000)]
  0x0000024e7fce9800 JavaThread "Attach Listener" daemon [_thread_blocked, id=40240, stack(0x000000e721000000,0x000000e721100000)]
  0x0000024e7fceb000 JavaThread "Service Thread" daemon [_thread_blocked, id=16504, stack(0x000000e721100000,0x000000e721200000)]
  0x0000024e7fced000 JavaThread "C2 CompilerThread0" daemon [_thread_blocked, id=14780, stack(0x000000e721200000,0x000000e721300000)]
  0x0000024e067b7000 JavaThread "C1 CompilerThread0" daemon [_thread_blocked, id=32564, stack(0x000000e721300000,0x000000e721400000)]
  0x0000024e067c8000 JavaThread "Sweeper thread" daemon [_thread_blocked, id=22488, stack(0x000000e721400000,0x000000e721500000)]
  0x0000024e7fc85800 JavaThread "Common-Cleaner" daemon [_thread_blocked, id=7552, stack(0x000000e721500000,0x000000e721600000)]
  0x0000024e07613800 JavaThread "Monitor Ctrl-Break" daemon [_thread_in_native, id=37516, stack(0x000000e721800000,0x000000e721900000)]

Other Threads:
  0x0000024e06761800 VMThread "VM Thread" [stack: 0x000000e720c00000,0x000000e720d00000] [id=7372]
  0x0000024e0767f000 WatcherThread [stack: 0x000000e721900000,0x000000e721a00000] [id=16404]
  0x0000024e6859a800 GCTaskThread "GC Thread#0" [stack: 0x000000e720700000,0x000000e720800000] [id=15808]
  0x0000024e070ec000 GCTaskThread "GC Thread#1" [stack: 0x000000e721600000,0x000000e721700000] [id=34568]
  0x0000024e070ec800 GCTaskThread "GC Thread#2" [stack: 0x000000e721700000,0x000000e721800000] [id=41276]
  0x0000024e685cd000 ConcurrentGCThread "G1 Main Marker" [stack: 0x000000e720800000,0x000000e720900000] [id=40052]
  0x0000024e685ce000 ConcurrentGCThread "G1 Conc#0" [stack: 0x000000e720900000,0x000000e720a00000] [id=41380]
  0x0000024e7fb31800 ConcurrentGCThread "G1 Refine#0" [stack: 0x000000e720a00000,0x000000e720b00000] [id=33348]
  0x0000024e7fb32000 ConcurrentGCThread "G1 Young RemSet Sampling" [stack: 0x000000e720b00000,0x000000e720c00000] [id=33332]

Threads with active compile tasks:

VM state:not at safepoint (normal execution)

VM Mutex/Monitor currently owned by a thread: None

Heap address: 0x0000000081800000, size: 2024 MB, Compressed Oops mode: 32-bit
Narrow klass base: 0x0000000000000000, Narrow klass shift: 3
Compressed class space size: 1073741824 Address: 0x0000000100000000

Heap:
 garbage-first heap   total 131072K, used 19223K [0x0000000081800000, 0x0000000100000000)
  region size 1024K, 11 young (11264K), 8 survivors (8192K)
 Metaspace       used 17981K, capacity 18239K, committed 18432K, reserved 1067008K
  class space    used 1660K, capacity 1762K, committed 1792K, reserved 1048576K
Heap Regions: E=young(eden), S=young(survivor), O=old, HS=humongous(starts), HC=humongous(continues), CS=collection set, F=free, A=archive, TAMS=top-at-mark-start (previous, next)
|   0|0x0000000081800000, 0x0000000081900000, 0x0000000081900000|100%|HS|  |TAMS 0x0000000081800000, 0x0000000081800000| Complete 
|   1|0x0000000081900000, 0x0000000081a00000, 0x0000000081a00000|100%| O|  |TAMS 0x0000000081900000, 0x0000000081900000| Untracked 
|   2|0x0000000081a00000, 0x0000000081b00000, 0x0000000081b00000|100%| O|  |TAMS 0x0000000081a00000, 0x0000000081a00000| Untracked 
|   3|0x0000000081b00000, 0x0000000081c00000, 0x0000000081c00000|100%| O|  |TAMS 0x0000000081b00000, 0x0000000081b00000| Untracked 
|   4|0x0000000081c00000, 0x0000000081d00000, 0x0000000081d00000|100%| O|  |TAMS 0x0000000081c00000, 0x0000000081c00000| Untracked 
|   5|0x0000000081d00000, 0x0000000081e00000, 0x0000000081e00000|100%| O|  |TAMS 0x0000000081d00000, 0x0000000081d00000| Untracked 
|   6|0x0000000081e00000, 0x0000000081f00000, 0x0000000081f00000|100%| O|  |TAMS 0x0000000081e00000, 0x0000000081e00000| Untracked 
|   7|0x0000000081f00000, 0x0000000082000000, 0x0000000082000000|100%| O|  |TAMS 0x0000000081f00000, 0x0000000081f00000| Untracked 
|   8|0x0000000082000000, 0x0000000082100000, 0x0000000082100000|100%| O|  |TAMS 0x0000000082000000, 0x0000000082000000| Untracked 
|   9|0x0000000082100000, 0x000000008215fa00, 0x0000000082200000| 37%| O|  |TAMS 0x0000000082100000, 0x0000000082100000| Untracked 
|  10|0x0000000082200000, 0x0000000082200000, 0x0000000082300000|  0%| F|  |TAMS 0x0000000082200000, 0x0000000082200000| Untracked 
|  11|0x0000000082300000, 0x0000000082300000, 0x0000000082400000|  0%| F|  |TAMS 0x0000000082300000, 0x0000000082300000| Untracked 
|  12|0x0000000082400000, 0x0000000082400000, 0x0000000082500000|  0%| F|  |TAMS 0x0000000082400000, 0x0000000082400000| Untracked 
|  13|0x0000000082500000, 0x0000000082500000, 0x0000000082600000|  0%| F|  |TAMS 0x0000000082500000, 0x0000000082500000| Untracked 
|  14|0x0000000082600000, 0x0000000082600000, 0x0000000082700000|  0%| F|  |TAMS 0x0000000082600000, 0x0000000082600000| Untracked 
|  15|0x0000000082700000, 0x0000000082700000, 0x0000000082800000|  0%| F|  |TAMS 0x0000000082700000, 0x0000000082700000| Untracked 
|  16|0x0000000082800000, 0x0000000082800000, 0x0000000082900000|  0%| F|  |TAMS 0x0000000082800000, 0x0000000082800000| Untracked 
|  17|0x0000000082900000, 0x0000000082900000, 0x0000000082a00000|  0%| F|  |TAMS 0x0000000082900000, 0x0000000082900000| Untracked 
|  18|0x0000000082a00000, 0x0000000082a00000, 0x0000000082b00000|  0%| F|  |TAMS 0x0000000082a00000, 0x0000000082a00000| Untracked 
|  19|0x0000000082b00000, 0x0000000082b00000, 0x0000000082c00000|  0%| F|  |TAMS 0x0000000082b00000, 0x0000000082b00000| Untracked 
|  20|0x0000000082c00000, 0x0000000082c00000, 0x0000000082d00000|  0%| F|  |TAMS 0x0000000082c00000, 0x0000000082c00000| Untracked 
|  21|0x0000000082d00000, 0x0000000082d00000, 0x0000000082e00000|  0%| F|  |TAMS 0x0000000082d00000, 0x0000000082d00000| Untracked 
|  22|0x0000000082e00000, 0x0000000082e00000, 0x0000000082f00000|  0%| F|  |TAMS 0x0000000082e00000, 0x0000000082e00000| Untracked 
|  23|0x0000000082f00000, 0x0000000082f00000, 0x0000000083000000|  0%| F|  |TAMS 0x0000000082f00000, 0x0000000082f00000| Untracked 
|  24|0x0000000083000000, 0x0000000083000000, 0x0000000083100000|  0%| F|  |TAMS 0x0000000083000000, 0x0000000083000000| Untracked 
|  25|0x0000000083100000, 0x0000000083100000, 0x0000000083200000|  0%| F|  |TAMS 0x0000000083100000, 0x0000000083100000| Untracked 
|  26|0x0000000083200000, 0x0000000083200000, 0x0000000083300000|  0%| F|  |TAMS 0x0000000083200000, 0x0000000083200000| Untracked 
|  27|0x0000000083300000, 0x0000000083300000, 0x0000000083400000|  0%| F|  |TAMS 0x0000000083300000, 0x0000000083300000| Untracked 
|  28|0x0000000083400000, 0x0000000083400000, 0x0000000083500000|  0%| F|  |TAMS 0x0000000083400000, 0x0000000083400000| Untracked 
|  29|0x0000000083500000, 0x0000000083500000, 0x0000000083600000|  0%| F|  |TAMS 0x0000000083500000, 0x0000000083500000| Untracked 
|  30|0x0000000083600000, 0x0000000083600000, 0x0000000083700000|  0%| F|  |TAMS 0x0000000083600000, 0x0000000083600000| Untracked 
|  31|0x0000000083700000, 0x0000000083700000, 0x0000000083800000|  0%| F|  |TAMS 0x0000000083700000, 0x0000000083700000| Untracked 
|  32|0x0000000083800000, 0x0000000083800000, 0x0000000083900000|  0%| F|  |TAMS 0x0000000083800000, 0x0000000083800000| Untracked 
|  33|0x0000000083900000, 0x0000000083900000, 0x0000000083a00000|  0%| F|  |TAMS 0x0000000083900000, 0x0000000083900000| Untracked 
|  34|0x0000000083a00000, 0x0000000083a00000, 0x0000000083b00000|  0%| F|  |TAMS 0x0000000083a00000, 0x0000000083a00000| Untracked 
|  35|0x0000000083b00000, 0x0000000083b00000, 0x0000000083c00000|  0%| F|  |TAMS 0x0000000083b00000, 0x0000000083b00000| Untracked 
|  36|0x0000000083c00000, 0x0000000083c00000, 0x0000000083d00000|  0%| F|  |TAMS 0x0000000083c00000, 0x0000000083c00000| Untracked 
|  37|0x0000000083d00000, 0x0000000083d00000, 0x0000000083e00000|  0%| F|  |TAMS 0x0000000083d00000, 0x0000000083d00000| Untracked 
|  38|0x0000000083e00000, 0x0000000083e00000, 0x0000000083f00000|  0%| F|  |TAMS 0x0000000083e00000, 0x0000000083e00000| Untracked 
|  39|0x0000000083f00000, 0x0000000083f00000, 0x0000000084000000|  0%| F|  |TAMS 0x0000000083f00000, 0x0000000083f00000| Untracked 
|  40|0x0000000084000000, 0x0000000084000000, 0x0000000084100000|  0%| F|  |TAMS 0x0000000084000000, 0x0000000084000000| Untracked 
|  41|0x0000000084100000, 0x0000000084100000, 0x0000000084200000|  0%| F|  |TAMS 0x0000000084100000, 0x0000000084100000| Untracked 
|  42|0x0000000084200000, 0x0000000084200000, 0x0000000084300000|  0%| F|  |TAMS 0x0000000084200000, 0x0000000084200000| Untracked 
|  43|0x0000000084300000, 0x0000000084300000, 0x0000000084400000|  0%| F|  |TAMS 0x0000000084300000, 0x0000000084300000| Untracked 
|  44|0x0000000084400000, 0x0000000084400000, 0x0000000084500000|  0%| F|  |TAMS 0x0000000084400000, 0x0000000084400000| Untracked 
|  45|0x0000000084500000, 0x0000000084500000, 0x0000000084600000|  0%| F|  |TAMS 0x0000000084500000, 0x0000000084500000| Untracked 
|  46|0x0000000084600000, 0x0000000084600000, 0x0000000084700000|  0%| F|  |TAMS 0x0000000084600000, 0x0000000084600000| Untracked 
|  47|0x0000000084700000, 0x0000000084700000, 0x0000000084800000|  0%| F|  |TAMS 0x0000000084700000, 0x0000000084700000| Untracked 
|  48|0x0000000084800000, 0x0000000084800000, 0x0000000084900000|  0%| F|  |TAMS 0x0000000084800000, 0x0000000084800000| Untracked 
|  49|0x0000000084900000, 0x0000000084900000, 0x0000000084a00000|  0%| F|  |TAMS 0x0000000084900000, 0x0000000084900000| Untracked 
|  50|0x0000000084a00000, 0x0000000084a00000, 0x0000000084b00000|  0%| F|  |TAMS 0x0000000084a00000, 0x0000000084a00000| Untracked 
|  51|0x0000000084b00000, 0x0000000084b664e0, 0x0000000084c00000| 39%| S|CS|TAMS 0x0000000084b00000, 0x0000000084b00000| Complete 
|  52|0x0000000084c00000, 0x0000000084d00000, 0x0000000084d00000|100%| S|CS|TAMS 0x0000000084c00000, 0x0000000084c00000| Complete 
|  53|0x0000000084d00000, 0x0000000084e00000, 0x0000000084e00000|100%| S|CS|TAMS 0x0000000084d00000, 0x0000000084d00000| Complete 
|  54|0x0000000084e00000, 0x0000000084f00000, 0x0000000084f00000|100%| S|CS|TAMS 0x0000000084e00000, 0x0000000084e00000| Complete 
|  55|0x0000000084f00000, 0x0000000085000000, 0x0000000085000000|100%| S|CS|TAMS 0x0000000084f00000, 0x0000000084f00000| Complete 
|  56|0x0000000085000000, 0x0000000085100000, 0x0000000085100000|100%| S|CS|TAMS 0x0000000085000000, 0x0000000085000000| Complete 
|  57|0x0000000085100000, 0x0000000085200000, 0x0000000085200000|100%| S|CS|TAMS 0x0000000085100000, 0x0000000085100000| Complete 
|  58|0x0000000085200000, 0x0000000085300000, 0x0000000085300000|100%| S|CS|TAMS 0x0000000085200000, 0x0000000085200000| Complete 
|  59|0x0000000085300000, 0x0000000085300000, 0x0000000085400000|  0%| F|  |TAMS 0x0000000085300000, 0x0000000085300000| Untracked 
|  60|0x0000000085400000, 0x0000000085400000, 0x0000000085500000|  0%| F|  |TAMS 0x0000000085400000, 0x0000000085400000| Untracked 
|  61|0x0000000085500000, 0x0000000085500000, 0x0000000085600000|  0%| F|  |TAMS 0x0000000085500000, 0x0000000085500000| Untracked 
|  62|0x0000000085600000, 0x0000000085600000, 0x0000000085700000|  0%| F|  |TAMS 0x0000000085600000, 0x0000000085600000| Untracked 
|  63|0x0000000085700000, 0x0000000085700000, 0x0000000085800000|  0%| F|  |TAMS 0x0000000085700000, 0x0000000085700000| Untracked 
|  64|0x0000000085800000, 0x0000000085800000, 0x0000000085900000|  0%| F|  |TAMS 0x0000000085800000, 0x0000000085800000| Untracked 
|  65|0x0000000085900000, 0x0000000085900000, 0x0000000085a00000|  0%| F|  |TAMS 0x0000000085900000, 0x0000000085900000| Untracked 
|  66|0x0000000085a00000, 0x0000000085a00000, 0x0000000085b00000|  0%| F|  |TAMS 0x0000000085a00000, 0x0000000085a00000| Untracked 
|  67|0x0000000085b00000, 0x0000000085b00000, 0x0000000085c00000|  0%| F|  |TAMS 0x0000000085b00000, 0x0000000085b00000| Untracked 
|  68|0x0000000085c00000, 0x0000000085c00000, 0x0000000085d00000|  0%| F|  |TAMS 0x0000000085c00000, 0x0000000085c00000| Untracked 
|  69|0x0000000085d00000, 0x0000000085d00000, 0x0000000085e00000|  0%| F|  |TAMS 0x0000000085d00000, 0x0000000085d00000| Untracked 
|  70|0x0000000085e00000, 0x0000000085e00000, 0x0000000085f00000|  0%| F|  |TAMS 0x0000000085e00000, 0x0000000085e00000| Untracked 
|  71|0x0000000085f00000, 0x0000000085f00000, 0x0000000086000000|  0%| F|  |TAMS 0x0000000085f00000, 0x0000000085f00000| Untracked 
|  72|0x0000000086000000, 0x0000000086000000, 0x0000000086100000|  0%| F|  |TAMS 0x0000000086000000, 0x0000000086000000| Untracked 
|  73|0x0000000086100000, 0x0000000086100000, 0x0000000086200000|  0%| F|  |TAMS 0x0000000086100000, 0x0000000086100000| Untracked 
|  74|0x0000000086200000, 0x0000000086200000, 0x0000000086300000|  0%| F|  |TAMS 0x0000000086200000, 0x0000000086200000| Untracked 
|  75|0x0000000086300000, 0x0000000086300000, 0x0000000086400000|  0%| F|  |TAMS 0x0000000086300000, 0x0000000086300000| Untracked 
|  76|0x0000000086400000, 0x0000000086400000, 0x0000000086500000|  0%| F|  |TAMS 0x0000000086400000, 0x0000000086400000| Untracked 
|  77|0x0000000086500000, 0x0000000086500000, 0x0000000086600000|  0%| F|  |TAMS 0x0000000086500000, 0x0000000086500000| Untracked 
|  78|0x0000000086600000, 0x0000000086600000, 0x0000000086700000|  0%| F|  |TAMS 0x0000000086600000, 0x0000000086600000| Untracked 
|  79|0x0000000086700000, 0x0000000086700000, 0x0000000086800000|  0%| F|  |TAMS 0x0000000086700000, 0x0000000086700000| Untracked 
|  80|0x0000000086800000, 0x0000000086800000, 0x0000000086900000|  0%| F|  |TAMS 0x0000000086800000, 0x0000000086800000| Untracked 
|  81|0x0000000086900000, 0x0000000086900000, 0x0000000086a00000|  0%| F|  |TAMS 0x0000000086900000, 0x0000000086900000| Untracked 
|  82|0x0000000086a00000, 0x0000000086a00000, 0x0000000086b00000|  0%| F|  |TAMS 0x0000000086a00000, 0x0000000086a00000| Untracked 
|  83|0x0000000086b00000, 0x0000000086b00000, 0x0000000086c00000|  0%| F|  |TAMS 0x0000000086b00000, 0x0000000086b00000| Untracked 
|  84|0x0000000086c00000, 0x0000000086c00000, 0x0000000086d00000|  0%| F|  |TAMS 0x0000000086c00000, 0x0000000086c00000| Untracked 
|  85|0x0000000086d00000, 0x0000000086d00000, 0x0000000086e00000|  0%| F|  |TAMS 0x0000000086d00000, 0x0000000086d00000| Untracked 
|  86|0x0000000086e00000, 0x0000000086e00000, 0x0000000086f00000|  0%| F|  |TAMS 0x0000000086e00000, 0x0000000086e00000| Untracked 
|  87|0x0000000086f00000, 0x0000000086f00000, 0x0000000087000000|  0%| F|  |TAMS 0x0000000086f00000, 0x0000000086f00000| Untracked 
|  88|0x0000000087000000, 0x0000000087000000, 0x0000000087100000|  0%| F|  |TAMS 0x0000000087000000, 0x0000000087000000| Untracked 
|  89|0x0000000087100000, 0x0000000087100000, 0x0000000087200000|  0%| F|  |TAMS 0x0000000087100000, 0x0000000087100000| Untracked 
|  90|0x0000000087200000, 0x0000000087200000, 0x0000000087300000|  0%| F|  |TAMS 0x0000000087200000, 0x0000000087200000| Untracked 
|  91|0x0000000087300000, 0x0000000087300000, 0x0000000087400000|  0%| F|  |TAMS 0x0000000087300000, 0x0000000087300000| Untracked 
|  92|0x0000000087400000, 0x0000000087400000, 0x0000000087500000|  0%| F|  |TAMS 0x0000000087400000, 0x0000000087400000| Untracked 
|  93|0x0000000087500000, 0x0000000087500000, 0x0000000087600000|  0%| F|  |TAMS 0x0000000087500000, 0x0000000087500000| Untracked 
|  94|0x0000000087600000, 0x0000000087600000, 0x0000000087700000|  0%| F|  |TAMS 0x0000000087600000, 0x0000000087600000| Untracked 
|  95|0x0000000087700000, 0x0000000087700000, 0x0000000087800000|  0%| F|  |TAMS 0x0000000087700000, 0x0000000087700000| Untracked 
|  96|0x0000000087800000, 0x0000000087800000, 0x0000000087900000|  0%| F|  |TAMS 0x0000000087800000, 0x0000000087800000| Untracked 
|  97|0x0000000087900000, 0x0000000087900000, 0x0000000087a00000|  0%| F|  |TAMS 0x0000000087900000, 0x0000000087900000| Untracked 
|  98|0x0000000087a00000, 0x0000000087a00000, 0x0000000087b00000|  0%| F|  |TAMS 0x0000000087a00000, 0x0000000087a00000| Untracked 
|  99|0x0000000087b00000, 0x0000000087b00000, 0x0000000087c00000|  0%| F|  |TAMS 0x0000000087b00000, 0x0000000087b00000| Untracked 
| 100|0x0000000087c00000, 0x0000000087c00000, 0x0000000087d00000|  0%| F|  |TAMS 0x0000000087c00000, 0x0000000087c00000| Untracked 
| 101|0x0000000087d00000, 0x0000000087d00000, 0x0000000087e00000|  0%| F|  |TAMS 0x0000000087d00000, 0x0000000087d00000| Untracked 
| 102|0x0000000087e00000, 0x0000000087e00000, 0x0000000087f00000|  0%| F|  |TAMS 0x0000000087e00000, 0x0000000087e00000| Untracked 
| 103|0x0000000087f00000, 0x0000000087f00000, 0x0000000088000000|  0%| F|  |TAMS 0x0000000087f00000, 0x0000000087f00000| Untracked 
| 104|0x0000000088000000, 0x0000000088000000, 0x0000000088100000|  0%| F|  |TAMS 0x0000000088000000, 0x0000000088000000| Untracked 
| 105|0x0000000088100000, 0x0000000088100000, 0x0000000088200000|  0%| F|  |TAMS 0x0000000088100000, 0x0000000088100000| Untracked 
| 106|0x0000000088200000, 0x0000000088200000, 0x0000000088300000|  0%| F|  |TAMS 0x0000000088200000, 0x0000000088200000| Untracked 
| 107|0x0000000088300000, 0x0000000088300000, 0x0000000088400000|  0%| F|  |TAMS 0x0000000088300000, 0x0000000088300000| Untracked 
| 108|0x0000000088400000, 0x0000000088400000, 0x0000000088500000|  0%| F|  |TAMS 0x0000000088400000, 0x0000000088400000| Untracked 
| 109|0x0000000088500000, 0x0000000088500000, 0x0000000088600000|  0%| F|  |TAMS 0x0000000088500000, 0x0000000088500000| Untracked 
| 110|0x0000000088600000, 0x0000000088600000, 0x0000000088700000|  0%| F|  |TAMS 0x0000000088600000, 0x0000000088600000| Untracked 
| 111|0x0000000088700000, 0x0000000088700000, 0x0000000088800000|  0%| F|  |TAMS 0x0000000088700000, 0x0000000088700000| Untracked 
| 112|0x0000000088800000, 0x0000000088800000, 0x0000000088900000|  0%| F|  |TAMS 0x0000000088800000, 0x0000000088800000| Untracked 
| 113|0x0000000088900000, 0x0000000088900000, 0x0000000088a00000|  0%| F|  |TAMS 0x0000000088900000, 0x0000000088900000| Untracked 
| 114|0x0000000088a00000, 0x0000000088a00000, 0x0000000088b00000|  0%| F|  |TAMS 0x0000000088a00000, 0x0000000088a00000| Untracked 
| 115|0x0000000088b00000, 0x0000000088b00000, 0x0000000088c00000|  0%| F|  |TAMS 0x0000000088b00000, 0x0000000088b00000| Untracked 
| 116|0x0000000088c00000, 0x0000000088c00000, 0x0000000088d00000|  0%| F|  |TAMS 0x0000000088c00000, 0x0000000088c00000| Untracked 
| 117|0x0000000088d00000, 0x0000000088d00000, 0x0000000088e00000|  0%| F|  |TAMS 0x0000000088d00000, 0x0000000088d00000| Untracked 
| 118|0x0000000088e00000, 0x0000000088e00000, 0x0000000088f00000|  0%| F|  |TAMS 0x0000000088e00000, 0x0000000088e00000| Untracked 
| 119|0x0000000088f00000, 0x0000000088f00000, 0x0000000089000000|  0%| F|  |TAMS 0x0000000088f00000, 0x0000000088f00000| Untracked 
| 120|0x0000000089000000, 0x0000000089000000, 0x0000000089100000|  0%| F|  |TAMS 0x0000000089000000, 0x0000000089000000| Untracked 
| 121|0x0000000089100000, 0x0000000089100000, 0x0000000089200000|  0%| F|  |TAMS 0x0000000089100000, 0x0000000089100000| Untracked 
| 122|0x0000000089200000, 0x0000000089200000, 0x0000000089300000|  0%| F|  |TAMS 0x0000000089200000, 0x0000000089200000| Untracked 
| 123|0x0000000089300000, 0x0000000089300000, 0x0000000089400000|  0%| F|  |TAMS 0x0000000089300000, 0x0000000089300000| Untracked 
| 124|0x0000000089400000, 0x0000000089400000, 0x0000000089500000|  0%| F|  |TAMS 0x0000000089400000, 0x0000000089400000| Untracked 
| 125|0x0000000089500000, 0x0000000089600000, 0x0000000089600000|100%| E|  |TAMS 0x0000000089500000, 0x0000000089500000| Complete 
| 126|0x0000000089600000, 0x0000000089700000, 0x0000000089700000|100%| E|CS|TAMS 0x0000000089600000, 0x0000000089600000| Complete 
| 127|0x0000000089700000, 0x0000000089800000, 0x0000000089800000|100%| E|CS|TAMS 0x0000000089700000, 0x0000000089700000| Complete 

Card table byte_map: [0x0000024e7efc0000,0x0000024e7f3c0000] _byte_map_base: 0x0000024e7ebb4000

Marking Bits (Prev, Next): (CMBitMap*) 0x0000024e685c4608, (CMBitMap*) 0x0000024e685c4640
 Prev Bits: [0x0000024e00000000, 0x0000024e01fa0000)
 Next Bits: [0x0000024e01fa0000, 0x0000024e03f40000)

Polling page: 0x0000024e66490000

Metaspace:

Usage:
  Non-class:     16.09 MB capacity,    15.94 MB (>99%) used,   128.37 KB ( <1%) free+waste,    27.44 KB ( <1%) overhead. 
      Class:      1.72 MB capacity,     1.62 MB ( 94%) used,    89.48 KB (  5%) free+waste,    12.00 KB ( <1%) overhead. 
       Both:     17.81 MB capacity,    17.56 MB ( 99%) used,   217.85 KB (  1%) free+waste,    39.44 KB ( <1%) overhead. 

Virtual space:
  Non-class space:       18.00 MB reserved,      16.25 MB ( 90%) committed 
      Class space:        1.00 GB reserved,       1.75 MB ( <1%) committed 
             Both:        1.02 GB reserved,      18.00 MB (  2%) committed 

Chunk freelists:
   Non-Class:  4.38 KB
       Class:  3.75 KB
        Both:  8.13 KB

CodeHeap 'non-profiled nmethods': size=120064Kb used=1036Kb max_used=1036Kb free=119027Kb
 bounds [0x0000024e77680000, 0x0000024e778f0000, 0x0000024e7ebc0000]
CodeHeap 'profiled nmethods': size=120000Kb used=4737Kb max_used=4737Kb free=115262Kb
 bounds [0x0000024e70150000, 0x0000024e70600000, 0x0000024e77680000]
CodeHeap 'non-nmethods': size=5696Kb used=1108Kb max_used=1152Kb free=4587Kb
 bounds [0x0000024e6fbc0000, 0x0000024e6fe30000, 0x0000024e70150000]
 total_blobs=2459 nmethods=2030 adapters=340
 compilation: enabled
              stopped_count=0, restarted_count=0
 full_count=0

Compilation events (10 events):
Event: 24.522 Thread 0x0000024e067b7000 nmethod 2035 0x0000024e705ef690 code [0x0000024e705ef820, 0x0000024e705ef998]
Event: 24.522 Thread 0x0000024e067b7000 2036       3       org.aspectj.weaver.ltw.LTWWorld::resolveDelegate (18 bytes)
Event: 24.522 Thread 0x0000024e067b7000 nmethod 2036 0x0000024e705efa10 code [0x0000024e705efbc0, 0x0000024e705efd68]
Event: 24.522 Thread 0x0000024e067b7000 2037       3       java.io.BufferedInputStream::<init> (32 bytes)
Event: 24.523 Thread 0x0000024e067b7000 nmethod 2037 0x0000024e705efe90 code [0x0000024e705f0060, 0x0000024e705f04e8]
Event: 24.554 Thread 0x0000024e7fced000 nmethod 2026% 0x0000024e77780210 code [0x0000024e77780480, 0x0000024e777819c8]
Event: 24.554 Thread 0x0000024e7fced000 2028 %     4       org.aspectj.apache.bcel.classfile.ConstantPool::<init> @ 58 (107 bytes)
Event: 24.560 Thread 0x0000024e7fced000 nmethod 2028% 0x0000024e77782610 code [0x0000024e777827c0, 0x0000024e77782ae8]
Event: 24.560 Thread 0x0000024e7fced000 2027       4       org.aspectj.weaver.UnresolvedType::<init> (32 bytes)
Event: 24.564 Thread 0x0000024e7fced000 nmethod 2027 0x0000024e77782d10 code [0x0000024e77782e80, 0x0000024e77783138]

GC Heap History (8 events):
Event: 11.711 GC heap before
{Heap before GC invocations=0 (full 0):
 garbage-first heap   total 131072K, used 15360K [0x0000000081800000, 0x0000000100000000)
  region size 1024K, 14 young (14336K), 0 survivors (0K)
 Metaspace       used 7232K, capacity 7372K, committed 7680K, reserved 1056768K
  class space    used 645K, capacity 691K, committed 768K, reserved 1048576K
}
Event: 11.720 GC heap after
{Heap after GC invocations=1 (full 0):
 garbage-first heap   total 131072K, used 9678K [0x0000000081800000, 0x0000000100000000)
  region size 1024K, 2 young (2048K), 2 survivors (2048K)
 Metaspace       used 7232K, capacity 7372K, committed 7680K, reserved 1056768K
  class space    used 645K, capacity 691K, committed 768K, reserved 1048576K
}
Event: 12.239 GC heap before
{Heap before GC invocations=1 (full 0):
 garbage-first heap   total 131072K, used 15822K [0x0000000081800000, 0x0000000100000000)
  region size 1024K, 8 young (8192K), 2 survivors (2048K)
 Metaspace       used 7930K, capacity 8027K, committed 8192K, reserved 1056768K
  class space    used 704K, capacity 759K, committed 768K, reserved 1048576K
}
Event: 12.244 GC heap after
{Heap after GC invocations=2 (full 0):
 garbage-first heap   total 131072K, used 9739K [0x0000000081800000, 0x0000000100000000)
  region size 1024K, 1 young (1024K), 1 survivors (1024K)
 Metaspace       used 7930K, capacity 8027K, committed 8192K, reserved 1056768K
  class space    used 704K, capacity 759K, committed 768K, reserved 1048576K
}
Event: 14.923 GC heap before
{Heap before GC invocations=2 (full 0):
 garbage-first heap   total 131072K, used 31243K [0x0000000081800000, 0x0000000100000000)
  region size 1024K, 22 young (22528K), 1 survivors (1024K)
 Metaspace       used 10965K, capacity 11147K, committed 11392K, reserved 1058816K
  class space    used 1045K, capacity 1121K, committed 1152K, reserved 1048576K
}
Event: 14.926 GC heap after
{Heap after GC invocations=3 (full 0):
 garbage-first heap   total 131072K, used 10260K [0x0000000081800000, 0x0000000100000000)
  region size 1024K, 1 young (1024K), 1 survivors (1024K)
 Metaspace       used 10965K, capacity 11147K, committed 11392K, reserved 1058816K
  class space    used 1045K, capacity 1121K, committed 1152K, reserved 1048576K
}
Event: 24.347 GC heap before
{Heap before GC invocations=3 (full 0):
 garbage-first heap   total 131072K, used 79892K [0x0000000081800000, 0x0000000100000000)
  region size 1024K, 69 young (70656K), 1 survivors (1024K)
 Metaspace       used 17963K, capacity 18239K, committed 18432K, reserved 1067008K
  class space    used 1659K, capacity 1762K, committed 1792K, reserved 1048576K
}
Event: 24.381 GC heap after
{Heap after GC invocations=4 (full 0):
 garbage-first heap   total 131072K, used 17175K [0x0000000081800000, 0x0000000100000000)
  region size 1024K, 8 young (8192K), 8 survivors (8192K)
 Metaspace       used 17963K, capacity 18239K, committed 18432K, reserved 1067008K
  class space    used 1659K, capacity 1762K, committed 1792K, reserved 1048576K
}

Deoptimization events (10 events):
Event: 19.450 Thread 0x0000024e68584000 Uncommon trap: reason=unstable_if action=reinterpret pc=0x0000024e776d6fd8 method=jdk.internal.util.jar.JarIndex.get(Ljava/lang/String;)Ljava/util/LinkedList; @ 27 c2
Event: 22.635 Thread 0x0000024e68584000 Uncommon trap: reason=unstable_if action=reinterpret pc=0x0000024e776a47bc method=java.io.WinNTFileSystem.normalize(Ljava/lang/String;)Ljava/lang/String; @ 128 c2
Event: 22.741 Thread 0x0000024e68584000 Uncommon trap: reason=unloaded action=reinterpret pc=0x0000024e776e1720 method=jdk.internal.loader.URLClassPath$FileLoader.getResource(Ljava/lang/String;Z)Ljdk/internal/loader/Resource; @ 142 c2
Event: 23.270 Thread 0x0000024e68584000 Uncommon trap: reason=unstable_if action=reinterpret pc=0x0000024e77695e4c method=java.lang.StringLatin1.canEncode(I)Z @ 4 c2
Event: 23.270 Thread 0x0000024e68584000 Uncommon trap: reason=unstable_if action=reinterpret pc=0x0000024e7769a8ac method=java.lang.AbstractStringBuilder.isLatin1()Z @ 10 c2
Event: 23.270 Thread 0x0000024e68584000 Uncommon trap: reason=unstable_if action=reinterpret pc=0x0000024e77714258 method=java.lang.AbstractStringBuilder.isLatin1()Z @ 10 c2
Event: 23.277 Thread 0x0000024e68584000 Uncommon trap: reason=unstable_if action=reinterpret pc=0x0000024e77691fb4 method=java.lang.StringLatin1.canEncode(I)Z @ 4 c2
Event: 23.638 Thread 0x0000024e68584000 Uncommon trap: reason=unstable_if action=reinterpret pc=0x0000024e77766e34 method=org.aspectj.weaver.TypeFactory.createTypeFromSignature(Ljava/lang/String;)Lorg/aspectj/weaver/UnresolvedType; @ 527 c2
Event: 23.784 Thread 0x0000024e68584000 Uncommon trap: reason=unstable_if action=reinterpret pc=0x0000024e77741cd0 method=org.aspectj.weaver.UnresolvedType.forSignature(Ljava/lang/String;)Lorg/aspectj/weaver/UnresolvedType; @ 37 c2
Event: 23.852 Thread 0x0000024e68584000 Uncommon trap: reason=class_check action=maybe_recompile pc=0x0000024e77753768 method=org.aspectj.weaver.World$TypeMap.get(Ljava/lang/String;)Lorg/aspectj/weaver/ResolvedType; @ 52 c2

Classes redefined (1 events):
Event: 16.271 Thread 0x0000024e06761800 redefined class name=java.lang.Throwable, count=1

Internal exceptions (10 events):
Event: 15.259 Thread 0x0000024e68584000 Exception <a 'java/lang/ArrayIndexOutOfBoundsException'{0x0000000088fcdef0}: Index 9 out of bounds for length 9> (0x0000000088fcdef0) thrown at [./open/src/hotspot/share/interpreter/interpreterRuntime.cpp, line 444]
Event: 15.259 Thread 0x0000024e68584000 Exception <a 'java/lang/ArrayIndexOutOfBoundsException'{0x0000000088fce4b8}: Index 9 out of bounds for length 9> (0x0000000088fce4b8) thrown at [./open/src/hotspot/share/interpreter/interpreterRuntime.cpp, line 444]
Event: 15.260 Thread 0x0000024e68584000 Exception <a 'java/lang/ArrayIndexOutOfBoundsException'{0x0000000088fd4ac0}: Index 7 out of bounds for length 7> (0x0000000088fd4ac0) thrown at [./open/src/hotspot/share/interpreter/interpreterRuntime.cpp, line 444]
Event: 15.260 Thread 0x0000024e68584000 Exception <a 'java/lang/ArrayIndexOutOfBoundsException'{0x0000000088fd5088}: Index 7 out of bounds for length 7> (0x0000000088fd5088) thrown at [./open/src/hotspot/share/interpreter/interpreterRuntime.cpp, line 444]
Event: 15.260 Thread 0x0000024e68584000 Exception <a 'java/lang/ArrayIndexOutOfBoundsException'{0x0000000088fd5650}: Index 7 out of bounds for length 7> (0x0000000088fd5650) thrown at [./open/src/hotspot/share/interpreter/interpreterRuntime.cpp, line 444]
Event: 18.214 Thread 0x0000024e68584000 Exception <a 'java/lang/NoSuchMethodError'{0x000000008746c990}: java.lang.invoke.DirectMethodHandle$Holder.invokeStaticInit(Ljava/lang/Object;Ljava/lang/Object;)I> (0x000000008746c990) thrown at [./open/src/hotspot/share/interpreter/linkResolver.cpp, line
Event: 18.771 Thread 0x0000024e68584000 Exception <a 'java/lang/NoSuchMethodError'{0x00000000865e6198}: java.lang.invoke.DirectMethodHandle$Holder.invokeVirtual(Ljava/lang/Object;Ljava/lang/Object;I)V> (0x00000000865e6198) thrown at [./open/src/hotspot/share/interpreter/linkResolver.cpp, line 7
Event: 19.107 Thread 0x0000024e68584000 Exception <a 'java/lang/ClassNotFoundException'{0x00000000863fc840}: com/sun/org/apache/xerces/internal/impl/msg/spi/SAXMessagesProvider> (0x00000000863fc840) thrown at [./open/src/hotspot/share/classfile/systemDictionary.cpp, line 226]
Event: 19.666 Thread 0x0000024e68584000 Exception <a 'java/lang/NoSuchMethodError'{0x00000000861f17e0}: java.lang.invoke.DirectMethodHandle$Holder.invokeStaticInit(Ljava/lang/Object;IIII)Ljava/lang/Object;> (0x00000000861f17e0) thrown at [./open/src/hotspot/share/interpreter/linkResolver.cpp, l
Event: 22.684 Thread 0x0000024e68584000 Exception <a 'java/lang/NoSuchMethodError'{0x0000000086046da8}: java.lang.invoke.DirectMethodHandle$Holder.invokeStaticInit(Ljava/lang/Object;Ljava/lang/Object;IIII)Ljava/lang/Object;> (0x0000000086046da8) thrown at [./open/src/hotspot/share/interpreter/l

Events (10 events):
Event: 24.343 loading class org/aspectj/util/IStructureModel
Event: 24.343 loading class org/aspectj/util/IStructureModel done
Event: 24.347 Executing VM operation: G1CollectForAllocation
Event: 24.381 Executing VM operation: G1CollectForAllocation done
Event: 24.485 loading class io/qameta/allure/internal/shadowed/jackson/databind/jsonFormatVisitors/JsonFormatVisitable
Event: 24.485 loading class io/qameta/allure/internal/shadowed/jackson/databind/jsonFormatVisitors/JsonFormatVisitable done
Event: 24.486 loading class io/qameta/allure/internal/Allure2ModelJackson$StatusSerializer
Event: 24.486 loading class io/qameta/allure/internal/Allure2ModelJackson$StatusSerializer done
Event: 24.495 loading class io/qameta/allure/internal/shadowed/jackson/databind/ser/std/StdSerializer
Event: 24.495 loading class io/qameta/allure/internal/shadowed/jackson/databind/ser/std/StdSerializer done


Dynamic libraries:
0x00007ff760190000 - 0x00007ff76019f000 	C:\Program Files\Java\jdk-11.0.14\bin\java.exe
0x00007ffae6990000 - 0x00007ffae6b88000 	C:\WINDOWS\SYSTEM32\ntdll.dll
0x00007ffae5c70000 - 0x00007ffae5d32000 	C:\WINDOWS\System32\KERNEL32.DLL
0x00007ffae42f0000 - 0x00007ffae45ef000 	C:\WINDOWS\System32\KERNELBASE.dll
0x00007ffae45f0000 - 0x00007ffae46f0000 	C:\WINDOWS\System32\ucrtbase.dll
0x00007ffada7d0000 - 0x00007ffada7e8000 	C:\Program Files\Java\jdk-11.0.14\bin\jli.dll
0x00007ffae4b50000 - 0x00007ffae4c01000 	C:\WINDOWS\System32\ADVAPI32.dll
0x00007ffae5410000 - 0x00007ffae54ae000 	C:\WINDOWS\System32\msvcrt.dll
0x00007ffae6420000 - 0x00007ffae64bf000 	C:\WINDOWS\System32\sechost.dll
0x00007ffae55a0000 - 0x00007ffae56c3000 	C:\WINDOWS\System32\RPCRT4.dll
0x00007ffada7b0000 - 0x00007ffada7c5000 	C:\Program Files\Java\jdk-11.0.14\bin\VCRUNTIME140.dll
0x00007ffae4970000 - 0x00007ffae4997000 	C:\WINDOWS\System32\bcrypt.dll
0x00007ffae64d0000 - 0x00007ffae666d000 	C:\WINDOWS\System32\USER32.dll
0x00007ffae42c0000 - 0x00007ffae42e2000 	C:\WINDOWS\System32\win32u.dll
0x00007ffae53e0000 - 0x00007ffae540b000 	C:\WINDOWS\System32\GDI32.dll
0x00007ffae46f0000 - 0x00007ffae4807000 	C:\WINDOWS\System32\gdi32full.dll
0x00007ffae4120000 - 0x00007ffae41bd000 	C:\WINDOWS\System32\msvcp_win.dll
0x00007ffad9e60000 - 0x00007ffada0fa000 	C:\WINDOWS\WinSxS\amd64_microsoft.windows.common-controls_6595b64144ccf1df_6.0.19041.4355_none_60b8b9eb71f62e16\COMCTL32.dll
0x00007ffae3aa0000 - 0x00007ffae3aaa000 	C:\WINDOWS\SYSTEM32\VERSION.dll
0x00007ffae5540000 - 0x00007ffae556f000 	C:\WINDOWS\System32\IMM32.DLL
0x0000000058180000 - 0x000000005818c000 	C:\Program Files (x86)\360\Total Security\safemon\SafeWrapper.dll
0x00007ffad3980000 - 0x00007ffad3a2c000 	C:\Program Files (x86)\360\Total Security\safemon\libzdtp64.dll
0x00007ffae4c10000 - 0x00007ffae537e000 	C:\WINDOWS\System32\SHELL32.dll
0x00007ffae5380000 - 0x00007ffae53d5000 	C:\WINDOWS\System32\SHLWAPI.dll
0x00007ffabe3a0000 - 0x00007ffabe43b000 	C:\Program Files\Java\jdk-11.0.14\bin\msvcp140.dll
0x00007ffaa74a0000 - 0x00007ffaa7fb6000 	C:\Program Files\Java\jdk-11.0.14\bin\server\jvm.dll
0x00007ffae64c0000 - 0x00007ffae64c8000 	C:\WINDOWS\System32\PSAPI.DLL
0x00007ffad8600000 - 0x00007ffad8609000 	C:\WINDOWS\SYSTEM32\WSOCK32.dll
0x00007ffae66f0000 - 0x00007ffae675b000 	C:\WINDOWS\System32\WS2_32.dll
0x00007ffad9b80000 - 0x00007ffad9ba7000 	C:\WINDOWS\SYSTEM32\WINMM.dll
0x00007ffae1df0000 - 0x00007ffae1e02000 	C:\WINDOWS\SYSTEM32\kernel.appcore.dll
0x00007ffad7a80000 - 0x00007ffad7a90000 	C:\Program Files\Java\jdk-11.0.14\bin\verify.dll
0x00007ffac64b0000 - 0x00007ffac6694000 	C:\WINDOWS\SYSTEM32\DBGHELP.DLL
0x00007ffac6470000 - 0x00007ffac64a4000 	C:\WINDOWS\SYSTEM32\dbgcore.DLL
0x00007ffae4020000 - 0x00007ffae40a2000 	C:\WINDOWS\System32\bcryptPrimitives.dll
0x00007ffad7a50000 - 0x00007ffad7a78000 	C:\Program Files\Java\jdk-11.0.14\bin\java.dll
0x00007ffad7a40000 - 0x00007ffad7a4a000 	C:\Program Files\Java\jdk-11.0.14\bin\jimage.dll
0x00007ffad3930000 - 0x00007ffad393e000 	C:\Program Files\Java\jdk-11.0.14\bin\instrument.dll
0x00007ffad38d0000 - 0x00007ffad38e6000 	C:\Program Files\Java\jdk-11.0.14\bin\zip.dll
0x00007ffae1ff0000 - 0x00007ffae2794000 	C:\WINDOWS\SYSTEM32\windows.storage.dll
0x00007ffae56d0000 - 0x00007ffae5a25000 	C:\WINDOWS\System32\combase.dll
0x00007ffae3900000 - 0x00007ffae392f000 	C:\WINDOWS\SYSTEM32\Wldp.dll
0x00007ffae6350000 - 0x00007ffae641d000 	C:\WINDOWS\System32\OLEAUT32.dll
0x00007ffae5bc0000 - 0x00007ffae5c6d000 	C:\WINDOWS\System32\SHCORE.dll
0x00007ffae3f50000 - 0x00007ffae3f74000 	C:\WINDOWS\SYSTEM32\profapi.dll
0x00007ffad28f0000 - 0x00007ffad2909000 	C:\Program Files\Java\jdk-11.0.14\bin\net.dll
0x00007ffadc4c0000 - 0x00007ffadc5cd000 	C:\WINDOWS\SYSTEM32\WINHTTP.dll
0x00007ffae36e0000 - 0x00007ffae374a000 	C:\WINDOWS\system32\mswsock.dll
0x00007ffad2700000 - 0x00007ffad2712000 	C:\Program Files\Java\jdk-11.0.14\bin\nio.dll
0x00007ffacf4c0000 - 0x00007ffacf4da000 	C:\Program Files\JetBrains\IntelliJ IDEA Community Edition 2024.3.1.1\bin\breakgen64.dll
0x00007ffae3d00000 - 0x00007ffae3d18000 	C:\WINDOWS\SYSTEM32\CRYPTSP.dll
0x00007ffae2fb0000 - 0x00007ffae2fe4000 	C:\WINDOWS\system32\rsaenh.dll
0x00007ffae3f10000 - 0x00007ffae3f3e000 	C:\WINDOWS\SYSTEM32\USERENV.dll
0x00007ffae3870000 - 0x00007ffae387c000 	C:\WINDOWS\SYSTEM32\CRYPTBASE.dll
0x00007ffae3390000 - 0x00007ffae33cb000 	C:\WINDOWS\SYSTEM32\IPHLPAPI.DLL
0x00007ffae6760000 - 0x00007ffae6768000 	C:\WINDOWS\System32\NSI.dll
0x00007ffadc4a0000 - 0x00007ffadc4b7000 	C:\WINDOWS\SYSTEM32\dhcpcsvc6.DLL
0x00007ffadc480000 - 0x00007ffadc49d000 	C:\WINDOWS\SYSTEM32\dhcpcsvc.DLL
0x00007ffae3420000 - 0x00007ffae34ea000 	C:\WINDOWS\SYSTEM32\DNSAPI.dll

dbghelp: loaded successfully - version: 4.0.5 - missing functions: none
symbol engine: initialized successfully - sym options: 0x614 - pdb path: .;C:\Program Files\Java\jdk-11.0.14\bin;C:\WINDOWS\SYSTEM32;C:\WINDOWS\WinSxS\amd64_microsoft.windows.common-controls_6595b64144ccf1df_6.0.19041.4355_none_60b8b9eb71f62e16;C:\Program Files (x86)\360\Total Security\safemon;C:\Program Files\Java\jdk-11.0.14\bin\server;C:\Program Files\JetBrains\IntelliJ IDEA Community Edition 2024.3.1.1\bin

VM Arguments:
jvm_args: -ea -javaagent:C:\Users\amit\.m2\repository/org/aspectj/aspectjweaver/1.9.20.1/aspectjweaver-1.9.20.1.jar -Didea.test.cyclic.buffer.size=1048576 -javaagent:C:\Program Files\JetBrains\IntelliJ IDEA Community Edition 2024.3.1.1\lib\idea_rt.jar=44034:C:\Program Files\JetBrains\IntelliJ IDEA Community Edition 2024.3.1.1\bin -javaagent:C:\Users\amit\AppData\Local\JetBrains\IdeaIC2024.3\captureAgent\debugger-agent.jar -Dkotlinx.coroutines.debug.enable.creation.stack.trace=false -Ddebugger.agent.enable.coroutines=true -Dkotlinx.coroutines.debug.enable.flows.stack.trace=true -Dkotlinx.coroutines.debug.enable.mutable.state.flows.stack.trace=true -Dfile.encoding=UTF-8 
java_command: com.intellij.rt.testng.RemoteTestNGStarter -usedefaultlisteners false -socket44033 @w@C:\Users\amit\AppData\Local\Temp\idea_working_dirs_testng.tmp -temp C:\Users\amit\AppData\Local\Temp\idea_testng.tmp
java_class_path (initial): C:\Program Files\JetBrains\IntelliJ IDEA Community Edition 2024.3.1.1\lib\idea_rt.jar;C:\Program Files\JetBrains\IntelliJ IDEA Community Edition 2024.3.1.1\plugins\testng\lib\testng-rt.jar;J:\3. automation testing testing acadmey\day41--selenium -UI elements\AssignmentAnswers\Appolo-Tools\target\test-classes;J:\3. automation testing testing acadmey\day41--selenium -UI elements\AssignmentAnswers\Appolo-Tools\target\classes;C:\Users\amit\.m2\repository\org\seleniumhq\selenium\selenium-java\4.9.1\selenium-java-4.9.1.jar;C:\Users\amit\.m2\repository\org\seleniumhq\selenium\selenium-api\4.9.1\selenium-api-4.9.1.jar;C:\Users\amit\.m2\repository\org\seleniumhq\selenium\selenium-devtools-v111\4.9.1\selenium-devtools-v111-4.9.1.jar;C:\Users\amit\.m2\repository\org\seleniumhq\selenium\selenium-devtools-v112\4.9.1\selenium-devtools-v112-4.9.1.jar;C:\Users\amit\.m2\repository\org\seleniumhq\selenium\selenium-devtools-v113\4.9.1\selenium-devtools-v113-4.9.1.jar;C:\Users\amit\.m2\repository\org\seleniumhq\selenium\selenium-devtools-v85\4.9.1\selenium-devtools-v85-4.9.1.jar;C:\Users\amit\.m2\repository\org\seleniumhq\selenium\selenium-edge-driver\4.9.1\selenium-edge-driver-4.9.1.jar;C:\Users\amit\.m2\repository\org\seleniumhq\selenium\selenium-firefox-driver\4.9.1\selenium-firefox-driver-4.9.1.jar;C:\Users\amit\.m2\repository\org\seleniumhq\selenium\selenium-http\4.9.1\selenium-http-4.9.1.jar;C:\Users\amit\.m2\repository\dev\failsafe\failsafe\3.3.1\failsafe-3.3.1.jar;C:\Users\amit\.m2\repository\org\seleniumhq\selenium\selenium-ie-driver\4.9.1\selenium-ie-driver-4.9.1.jar;C:\Users\amit\.m2\repository\org\seleniumhq\selenium\selenium-remote-driver\4.9.1\selenium-remote-driver-4.9.1.jar;C:\Users\amit\.m2\repository\io\netty\netty-buffer\4.1.91.Final\netty-buffer-4.1.91.Final.jar;C:\Users\amit\.m2\repository\io\netty\netty-codec-http\4.1.91.Final\netty-codec-http-4.1.91.Final.jar;C:\Users\amit\.m2\repository\io\netty\netty-codec\4.1.91.Final\netty-codec-4
Launcher Type: SUN_STANDARD

[Global flags]
     intx CICompilerCount                          = 3                                         {product} {ergonomic}
     uint ConcGCThreads                            = 1                                         {product} {ergonomic}
     uint G1ConcRefinementThreads                  = 4                                         {product} {ergonomic}
   size_t G1HeapRegionSize                         = 1048576                                   {product} {ergonomic}
    uintx GCDrainStackTargetSize                   = 64                                        {product} {ergonomic}
   size_t InitialHeapSize                          = 134217728                                 {product} {ergonomic}
   size_t MarkStackSize                            = 4194304                                   {product} {ergonomic}
   size_t MaxHeapSize                              = 2122317824                                {product} {ergonomic}
   size_t MaxNewSize                               = 1272971264                                {product} {ergonomic}
   size_t MinHeapDeltaBytes                        = 1048576                                   {product} {ergonomic}
    uintx NonNMethodCodeHeapSize                   = 5830732                                {pd product} {ergonomic}
    uintx NonProfiledCodeHeapSize                  = 122913754                              {pd product} {ergonomic}
    uintx ProfiledCodeHeapSize                     = 122913754                              {pd product} {ergonomic}
    uintx ReservedCodeCacheSize                    = 251658240                              {pd product} {ergonomic}
     bool SegmentedCodeCache                       = true                                      {product} {ergonomic}
     bool UseCompressedClassPointers               = true                                 {lp64_product} {ergonomic}
     bool UseCompressedOops                        = true                                 {lp64_product} {ergonomic}
     bool UseG1GC                                  = true                                      {product} {ergonomic}
     bool UseLargePagesIndividualAllocation        = false                                  {pd product} {ergonomic}

Logging:
Log output configuration:
 #0: stdout all=warning uptime,level,tags
 #1: stderr all=off uptime,level,tags

Environment Variables:
JAVA_HOME=C:\Program Files\Java\jdk-11.0.14
CLASSPATH=E:\cdac pune\6.core java\day2\assignment 2\bin;E:\cdac pune\6.core java\day1\day1 (assignment)\q4\bin
PATH=C:\Program Files\Java\jdk-11.0.14\bin;C:\Users\amit\AppData\Local\Android\Sdk\platform-tools;C:\Users\amit\AppData\Local\Android\Sdk\tools;C:\TDM-GCC-64\bin;C:\Program Files\Common Files\Oracle\Java\javapath;C:\Program Files (x86)\Common Files\Oracle\Java\javapath;C:\PROGRAMDATA\ORACLE\JAVA\JAVAPATH;C:\PROGRAM FILES (X86)\INTEL\ICLS CLIENT\;C:\PROGRAM FILES\INTEL\ICLS CLIENT\;C:\WINDOWS\SYSTEM32;C:\WINDOWS;C:\WINDOWS\SYSTEM32\WBEM;C:\WINDOWS\SYSTEM32\WINDOWSPOWERSHELL\V1.0\;C:\PROGRAM FILES\INTEL\INTEL(R) MANAGEMENT ENGINE COMPONENTS\DAL;C:\PROGRAM FILES\INTEL\INTEL(R) MANAGEMENT ENGINE COMPONENTS\IPT;C:\PROGRAM FILES (X86)\INTEL\INTEL(R) MANAGEMENT ENGINE COMPONENTS\DAL;C:\PROGRAM FILES (X86)\INTEL\INTEL(R) MANAGEMENT ENGINE COMPONENTS\IPT;C:\PROGRAM FILES (X86)\COMMON FILES\LENOVO\EASYPLUSSDK\BIN;C:\Program Files\WIDCOMM\Bluetooth Software\;C:\Program Files\WIDCOMM\Bluetooth Software\syswow64;C:\WINDOWS\system32;C:\WINDOWS\System32\Wbem;C:\WINDOWS\System32\WindowsPowerShell\v1.0\;C:\Program Files (x86)\NVIDIA Corporation\PhysX\Common;C:\Users\amit\AppData\Local\Microsoft\WindowsApps;C:\Users\amit\AppData\Roaming\Dashl;C:\WINDOWS\System32\OpenSSH\;C:\Program Files (x86)\Microsoft VS Code\bin;C:\Program Files\MySQL\MySQL Server 8.0\bin;C:\Program Files\Microsoft SQL Server\130\Tools\Binn\;C:\Program Files\nodejs\;C:\Users\amit\Desktop\curl-8.0.1_7-win64-mingw;C:\apache-maven-3.9.3\bin;C:\allure-2.10.0\bin;C:\Windows\System32\wsl.exe;C:\Program Files\Go\bin;C:\sqlite-tools-win32-x86-3430100;C:\Program Files\PuTTY\;C:\Program Files\Amazon\AWSCLIV2\;C:\Program Files\Git\cmd;C:\Program Files\Git LFS;C:\Users\amit\AppData\Local\Android\Sdk\tools\bin;C:\Users\amit\AppData\Local\Android\Sdk\build-tools\35.0.0-rc4;C:\WINDOWS\system32;C:\WINDOWS;C:\WINDOWS\System32\Wbem;C:\WINDOWS\System32\WindowsPowerShell\v1.0\;C:\WINDOWS\System32\OpenSSH\;C:\ngrok;;C:\Program Files\Docker\Docker\resources\bin;C:\Users\amit\AppData\Local\Programs\Python\Python311\Scripts\;C:\Users\amit\A
USERNAME=sumit
OS=Windows_NT
PROCESSOR_IDENTIFIER=Intel64 Family 6 Model 69 Stepping 1, GenuineIntel



---------------  S Y S T E M  ---------------

OS: Windows 10 , 64 bit Build 19041 (10.0.19041.5198)
Hyper-V role detected

CPU:total 4 (initial active 4) (2 cores per cpu, 2 threads per core) family 6 model 69 stepping 1 microcode 0x25, cmov, cx8, fxsr, mmx, sse, sse2, sse3, ssse3, sse4.1, sse4.2, popcnt, avx, avx2, aes, clmul, erms, lzcnt, ht, tsc, tscinvbit, bmi1, bmi2, fma

Memory: 4k page, system-wide physical 8095M (226M free)
TotalPageFile size 11538M (AvailPageFile size 13M)
current process WorkingSet (physical memory assigned to process): 161M, peak: 161M
current process commit charge ("private bytes"): 236M, peak: 251M

vm_info: Java HotSpot(TM) 64-Bit Server VM (11.0.14+8-LTS-263) for windows-amd64 JRE (11.0.14+8-LTS-263), built on Dec  7 2021 21:53:57 by "mach5one" with MS VC++ 15.9 (VS2017)

END.
