#
# There is insufficient memory for the Java Runtime Environment to continue.
# Native memory allocation (malloc) failed to allocate 32744 bytes for ChunkPool::allocate
# Possible reasons:
#   The system is out of physical RAM or swap space
#   The process is running with CompressedOops enabled, and the Java Heap may be blocking the growth of the native heap
# Possible solutions:
#   Reduce memory load on the system
#   Increase physical memory or swap space
#   Check if swap backing store is full
#   Decrease Java heap size (-Xmx/-Xms)
#   Decrease number of Java threads
#   Decrease Java thread stack sizes (-Xss)
#   Set larger code cache with -XX:ReservedCodeCacheSize=
#   JVM is running with Unscaled Compressed Oops mode in which the Java heap is
#     placed in the first 4GB address space. The Java Heap base address is the
#     maximum limit for the native heap growth. Please use -XX:HeapBaseMinAddress
#     to set the Java Heap base and to place the Java Heap above 4GB virtual address.
# This output file may be truncated or incomplete.
#
#  Out of Memory Error (./open/src/hotspot/share/memory/arena.cpp:81), pid=20676, tid=25152
#
# JRE version: Java(TM) SE Runtime Environment 18.9 (11.0.14+8) (build 11.0.14+8-LTS-263)
# Java VM: Java HotSpot(TM) 64-Bit Server VM 18.9 (11.0.14+8-LTS-263, mixed mode, tiered, compressed oops, g1 gc, windows-amd64)
# No core dump will be written. Minidumps are not enabled by default on client versions of Windows
#

---------------  S U M M A R Y ------------

Command Line: -ea -Didea.test.cyclic.buffer.size=1048576 -javaagent:C:\Program Files\JetBrains\IntelliJ IDEA Community Edition 2023.1.5\lib\idea_rt.jar=60819:C:\Program Files\JetBrains\IntelliJ IDEA Community Edition 2023.1.5\bin -Dfile.encoding=UTF-8 com.intellij.rt.testng.RemoteTestNGStarter -usedefaultlisteners false -socket60818 @w@C:\Users\amit\AppData\Local\Temp\idea_working_dirs_testng.tmp -temp C:\Users\amit\AppData\Local\Temp\idea_testng.tmp

Host: Intel(R) Core(TM) i3-4005U CPU @ 1.70GHz, 4 cores, 7G,  Windows 10 , 64 bit Build 19041 (10.0.19041.5072)
Time: Mon Dec  2 12:27:22 2024 India Standard Time elapsed time: 396.542441 seconds (0d 0h 6m 36s)

---------------  T H R E A D  ---------------

Current thread (0x000001cfec4d4800):  VMThread "VM Thread" [stack: 0x00000010db200000,0x00000010db300000] [id=25152] _threads_hazard_ptr=0x000001cfef7176d0

Stack: [0x00000010db200000,0x00000010db300000]
[error occurred during error reporting (printing stack bounds), id 0xc0000005, EXCEPTION_ACCESS_VIOLATION (0xc0000005) at pc=0x000001cfd6490f2d]

Native frames: (J=compiled Java code, j=interpreted, Vv=VM code, C=native code)
V  [jvm.dll+0x6296da]
V  [jvm.dll+0x76323f]
V  [jvm.dll+0x7648e9]
V  [jvm.dll+0x764ed5]
V  [jvm.dll+0x764e8b]
V  [jvm.dll+0x628c23]
V  [jvm.dll+0x6292d8]
C  [ntdll.dll+0xa28bf]
C  [ntdll.dll+0x52554]
C  [ntdll.dll+0xa13ce]
C  0x000001cfd6490f2d

VM_Operation (0x00000010df3fcd60): BulkRevokeBias, mode: safepoint, requested by thread 0x000001cfed933000


---------------  P R O C E S S  ---------------

Threads class SMR info:
_java_thread_list=0x000001cfef7176d0, length=75, elements={
0x000001cfcee4f800, 0x000001cfec4da000, 0x000001cfecd08800, 0x000001cfecd5b000,
0x000001cfecd5c000, 0x000001cfecd5d800, 0x000001cfecd65000, 0x000001cfecd6e800,
0x000001cfecd74800, 0x000001cfec493800, 0x000001cfed206800, 0x000001cfeda40800,
0x000001cfefec2800, 0x000001cfee8e2800, 0x000001cff0747800, 0x000001cfef594000,
0x000001cff090f800, 0x000001cff090e000, 0x000001cff090f000, 0x000001cff0911000,
0x000001cff0910800, 0x000001cff090b800, 0x000001cff090c800, 0x000001cfef97a000,
0x000001cfef979000, 0x000001cfef97f800, 0x000001cfef97c800, 0x000001cfef97d800,
0x000001cfef980800, 0x000001cfef97e000, 0x000001cfef97b000, 0x000001cfef984000,
0x000001cfef982000, 0x000001cfef987000, 0x000001cfef985800, 0x000001cfef984800,
0x000001cfef983000, 0x000001cfef986800, 0x000001cfef981800, 0x000001cfee893800,
0x000001cfee896000, 0x000001cfee892800, 0x000001cfee891800, 0x000001cfee89c800,
0x000001cfee89a000, 0x000001cfee89a800, 0x000001cfee896800, 0x000001cfee89b800,
0x000001cfee89d000, 0x000001cfee899000, 0x000001cfee897800, 0x000001cfee89e000,
0x000001cfee898800, 0x000001cfee89f000, 0x000001cfee89f800, 0x000001cfee8a0800,
0x000001cfef97b800, 0x000001cfef988000, 0x000001cff090a800, 0x000001cff090d000,
0x000001cfed935800, 0x000001cfed930800, 0x000001cfed933000, 0x000001cfed934000,
0x000001cfed935000, 0x000001cfed931800, 0x000001cfed930000, 0x000001cfed936800,
0x000001cfed938000, 0x000001cfed937000, 0x000001cfed932800, 0x000001cfed93c000,
0x000001cfed939000, 0x000001cfed93e800, 0x000001cfed93d000
}

Java Threads: ( => current thread )
  0x000001cfcee4f800 JavaThread "main" [_thread_blocked, id=2828, stack(0x00000010dac00000,0x00000010dad00000)]
  0x000001cfec4da000 JavaThread "Reference Handler" daemon [_thread_blocked, id=19848, stack(0x00000010db300000,0x00000010db400000)]
  0x000001cfecd08800 JavaThread "Finalizer" daemon [_thread_blocked, id=2176, stack(0x00000010db400000,0x00000010db500000)]
  0x000001cfecd5b000 JavaThread "Signal Dispatcher" daemon [_thread_blocked, id=20396, stack(0x00000010db500000,0x00000010db600000)]
  0x000001cfecd5c000 JavaThread "Attach Listener" daemon [_thread_blocked, id=12532, stack(0x00000010db600000,0x00000010db700000)]
  0x000001cfecd5d800 JavaThread "Service Thread" daemon [_thread_blocked, id=7800, stack(0x00000010db700000,0x00000010db800000)]
  0x000001cfecd65000 JavaThread "C2 CompilerThread0" daemon [_thread_blocked, id=1580, stack(0x00000010db800000,0x00000010db900000)]
  0x000001cfecd6e800 JavaThread "C1 CompilerThread0" daemon [_thread_blocked, id=18496, stack(0x00000010db900000,0x00000010dba00000)]
  0x000001cfecd74800 JavaThread "Sweeper thread" daemon [_thread_blocked, id=22776, stack(0x00000010dba00000,0x00000010dbb00000)]
  0x000001cfec493800 JavaThread "Common-Cleaner" daemon [_thread_blocked, id=23368, stack(0x00000010dbb00000,0x00000010dbc00000)]
  0x000001cfed206800 JavaThread "Monitor Ctrl-Break" daemon [_thread_in_native, id=24728, stack(0x00000010dbc00000,0x00000010dbd00000)]
  0x000001cfeda40800 JavaThread "ForkJoinPool.commonPool-worker-3" daemon [_thread_blocked, id=23528, stack(0x00000010dc100000,0x00000010dc200000)]
  0x000001cfefec2800 JavaThread "AsyncHttpClient-1-1" daemon [_thread_blocked, id=18532, stack(0x00000010dc700000,0x00000010dc800000)]
  0x000001cfee8e2800 JavaThread "Exec Default Executor" daemon [_thread_in_native, id=11804, stack(0x00000010dc800000,0x00000010dc900000)]
  0x000001cff0747800 JavaThread "Exec Default Executor" daemon [_thread_in_native, id=11840, stack(0x00000010dc900000,0x00000010dca00000)]
  0x000001cfef594000 JavaThread "Exec Stream Pumper" daemon [_thread_in_native, id=13304, stack(0x00000010dca00000,0x00000010dcb00000)]
  0x000001cff090f800 JavaThread "Exec Stream Pumper" daemon [_thread_in_native, id=23404, stack(0x00000010dcb00000,0x00000010dcc00000)]
  0x000001cff090e000 JavaThread "Driver Service Executor" daemon [_thread_blocked, id=11484, stack(0x00000010dcc00000,0x00000010dcd00000)]
  0x000001cff090f000 JavaThread "Driver Service Executor" daemon [_thread_blocked, id=24052, stack(0x00000010dcd00000,0x00000010dce00000)]
  0x000001cff0911000 JavaThread "Exec Stream Pumper" daemon [_thread_in_native, id=21244, stack(0x00000010dcf00000,0x00000010dd000000)]
  0x000001cff0910800 JavaThread "Exec Stream Pumper" daemon [_thread_in_native, id=17396, stack(0x00000010dd000000,0x00000010dd100000)]
  0x000001cff090b800 JavaThread "Driver Service Executor" daemon [_thread_blocked, id=21784, stack(0x00000010dd100000,0x00000010dd200000)]
  0x000001cff090c800 JavaThread "Driver Service Executor" daemon [_thread_blocked, id=5700, stack(0x00000010dd200000,0x00000010dd300000)]
  0x000001cfef97a000 JavaThread "AsyncHttpClient-1-2" daemon [_thread_in_native, id=9056, stack(0x00000010dd400000,0x00000010dd500000)]
  0x000001cfef979000 JavaThread "AsyncHttpClient-1-3" daemon [_thread_in_native, id=25352, stack(0x00000010dd700000,0x00000010dd800000)]
  0x000001cfef97f800 JavaThread "AsyncHttpClient-1-4" daemon [_thread_in_native, id=7124, stack(0x00000010dd800000,0x00000010dd900000)]
  0x000001cfef97c800 JavaThread "AsyncHttpClient-1-5" daemon [_thread_in_native, id=24504, stack(0x00000010dd900000,0x00000010dda00000)]
  0x000001cfef97d800 JavaThread "AsyncHttpClient-1-6" daemon [_thread_in_native, id=16232, stack(0x00000010dda00000,0x00000010ddb00000)]
  0x000001cfef980800 JavaThread "AsyncHttpClient-1-7" daemon [_thread_in_native, id=11888, stack(0x00000010ddb00000,0x00000010ddc00000)]
  0x000001cfef97e000 JavaThread "Exec Default Executor" daemon [_thread_in_native, id=23004, stack(0x00000010dab00000,0x00000010dac00000)]
  0x000001cfef97b000 JavaThread "Exec Stream Pumper" daemon [_thread_in_native, id=6220, stack(0x00000010dc500000,0x00000010dc600000)]
  0x000001cfef984000 JavaThread "Exec Stream Pumper" daemon [_thread_in_native, id=11976, stack(0x00000010ddc00000,0x00000010ddd00000)]
  0x000001cfef982000 JavaThread "Driver Service Executor" daemon [_thread_blocked, id=24152, stack(0x00000010ddd00000,0x00000010dde00000)]
  0x000001cfef987000 JavaThread "Driver Service Executor" daemon [_thread_blocked, id=18964, stack(0x00000010dde00000,0x00000010ddf00000)]
  0x000001cfef985800 JavaThread "Exec Default Executor" daemon [_thread_in_native, id=15316, stack(0x00000010dc400000,0x00000010dc500000)]
  0x000001cfef984800 JavaThread "Exec Stream Pumper" daemon [_thread_in_native, id=25572, stack(0x00000010ddf00000,0x00000010de000000)]
  0x000001cfef983000 JavaThread "Exec Stream Pumper" daemon [_thread_in_native, id=24044, stack(0x00000010de000000,0x00000010de100000)]
  0x000001cfef986800 JavaThread "Driver Service Executor" daemon [_thread_blocked, id=19016, stack(0x00000010de100000,0x00000010de200000)]
  0x000001cfef981800 JavaThread "Driver Service Executor" daemon [_thread_blocked, id=6816, stack(0x00000010de200000,0x00000010de300000)]
  0x000001cfee893800 JavaThread "AsyncHttpClient-1-8" daemon [_thread_in_native, id=15908, stack(0x00000010de400000,0x00000010de500000)]
  0x000001cfee896000 JavaThread "AsyncHttpClient-1-9" daemon [_thread_in_native, id=25248, stack(0x00000010de500000,0x00000010de600000)]
  0x000001cfee892800 JavaThread "Exec Default Executor" daemon [_thread_in_native, id=25680, stack(0x00000010de600000,0x00000010de700000)]
  0x000001cfee891800 JavaThread "Exec Default Executor" daemon [_thread_in_native, id=25924, stack(0x00000010de700000,0x00000010de800000)]
  0x000001cfee89c800 JavaThread "Exec Stream Pumper" daemon [_thread_in_native, id=23048, stack(0x00000010de800000,0x00000010de900000)]
  0x000001cfee89a000 JavaThread "Exec Stream Pumper" daemon [_thread_in_native, id=8296, stack(0x00000010de900000,0x00000010dea00000)]
  0x000001cfee89a800 JavaThread "Driver Service Executor" daemon [_thread_blocked, id=25324, stack(0x00000010daa00000,0x00000010dab00000)]
  0x000001cfee896800 JavaThread "Driver Service Executor" daemon [_thread_blocked, id=11616, stack(0x00000010dea00000,0x00000010deb00000)]
  0x000001cfee89b800 JavaThread "Exec Stream Pumper" daemon [_thread_in_native, id=22304, stack(0x00000010deb00000,0x00000010dec00000)]
  0x000001cfee89d000 JavaThread "Exec Stream Pumper" daemon [_thread_in_native, id=19724, stack(0x00000010dec00000,0x00000010ded00000)]
  0x000001cfee899000 JavaThread "Driver Service Executor" daemon [_thread_blocked, id=13128, stack(0x00000010ded00000,0x00000010dee00000)]
  0x000001cfee897800 JavaThread "Driver Service Executor" daemon [_thread_blocked, id=4272, stack(0x00000010dee00000,0x00000010def00000)]
  0x000001cfee89e000 JavaThread "Exec Default Executor" daemon [_thread_in_native, id=10016, stack(0x00000010dc300000,0x00000010dc400000)]
  0x000001cfee898800 JavaThread "Exec Default Executor" daemon [_thread_in_native, id=28368, stack(0x00000010dce00000,0x00000010dcf00000)]
  0x000001cfee89f000 JavaThread "Exec Stream Pumper" daemon [_thread_in_native, id=27756, stack(0x00000010dd300000,0x00000010dd400000)]
  0x000001cfee89f800 JavaThread "Exec Stream Pumper" daemon [_thread_in_native, id=25820, stack(0x00000010def00000,0x00000010df000000)]
  0x000001cfee8a0800 JavaThread "Driver Service Executor" daemon [_thread_blocked, id=27676, stack(0x00000010df100000,0x00000010df200000)]
  0x000001cfef97b800 JavaThread "Driver Service Executor" daemon [_thread_blocked, id=27348, stack(0x00000010df200000,0x00000010df300000)]
  0x000001cfef988000 JavaThread "Exec Stream Pumper" daemon [_thread_in_native, id=26372, stack(0x00000010df000000,0x00000010df100000)]
  0x000001cff090a800 JavaThread "Exec Stream Pumper" daemon [_thread_in_native, id=27352, stack(0x00000010df400000,0x00000010df500000)]
  0x000001cff090d000 JavaThread "Driver Service Executor" daemon [_thread_blocked, id=28348, stack(0x00000010df500000,0x00000010df600000)]
  0x000001cfed935800 JavaThread "Driver Service Executor" daemon [_thread_blocked, id=25620, stack(0x00000010df600000,0x00000010df700000)]
  0x000001cfed930800 JavaThread "Forwarding get on session 1cf83083084776605f55d40ea4605abc to remote" [_thread_blocked, id=6228, stack(0x00000010da900000,0x00000010daa00000)]
  0x000001cfed933000 JavaThread "TestNG-PoolService-1" [_thread_blocked, id=4772, stack(0x00000010df300000,0x00000010df400000)]
  0x000001cfed934000 JavaThread "Exec Default Executor" daemon [_thread_in_native, id=20776, stack(0x00000010dc200000,0x00000010dc300000)]
  0x000001cfed935000 JavaThread "Exec Default Executor" daemon [_thread_in_native, id=22952, stack(0x00000010de300000,0x00000010de400000)]
  0x000001cfed931800 JavaThread "Exec Stream Pumper" daemon [_thread_in_native, id=30388, stack(0x00000010df700000,0x00000010df800000)]
  0x000001cfed930000 JavaThread "Exec Stream Pumper" daemon [_thread_in_native, id=27196, stack(0x00000010df800000,0x00000010df900000)]
  0x000001cfed936800 JavaThread "Driver Service Executor" daemon [_thread_blocked, id=30424, stack(0x00000010df900000,0x00000010dfa00000)]
  0x000001cfed938000 JavaThread "Driver Service Executor" daemon [_thread_blocked, id=30416, stack(0x00000010dfa00000,0x00000010dfb00000)]
  0x000001cfed937000 JavaThread "UrlChecker-6" daemon [_thread_blocked, id=20496, stack(0x00000010dfb00000,0x00000010dfc00000)]
  0x000001cfed932800 JavaThread "Exec Stream Pumper" daemon [_thread_in_native, id=30420, stack(0x00000010dfc00000,0x00000010dfd00000)]
  0x000001cfed93c000 JavaThread "Exec Stream Pumper" daemon [_thread_in_native, id=26388, stack(0x00000010dfd00000,0x00000010dfe00000)]
  0x000001cfed939000 JavaThread "Driver Service Executor" daemon [_thread_blocked, id=28856, stack(0x00000010dfe00000,0x00000010dff00000)]
  0x000001cfed93e800 JavaThread "Driver Service Executor" daemon [_thread_blocked, id=30216, stack(0x00000010dff00000,0x00000010e0000000)]
  0x000001cfed93d000 JavaThread "UrlChecker-7" daemon [_thread_blocked, id=30164, stack(0x00000010e0000000,0x00000010e0100000)]

Other Threads:
=>0x000001cfec4d4800 VMThread "VM Thread" [stack: 0x00000010db200000,0x00000010db300000] [id=25152] _threads_hazard_ptr=0x000001cfef7176d0
  0x000001cfed20c800 WatcherThread [stack: 0x00000010dbd00000,0x00000010dbe00000] [id=16744]
  0x000001cfcee66800 GCTaskThread "GC Thread#0" [stack: 0x00000010dad00000,0x00000010dae00000] [id=13960]
  0x000001cfed8a6000 GCTaskThread "GC Thread#1" [stack: 0x00000010dbe00000,0x00000010dbf00000] [id=24956]
  0x000001cfedac2000 GCTaskThread "GC Thread#2" [stack: 0x00000010dc000000,0x00000010dc100000] [id=16504]
  0x000001cff00de800 GCTaskThread "GC Thread#3" [stack: 0x00000010dc600000,0x00000010dc700000] [id=14520]
  0x000001cfcee98000 ConcurrentGCThread "G1 Main Marker" [stack: 0x00000010dae00000,0x00000010daf00000] [id=10212]
  0x000001cfcee99800 ConcurrentGCThread "G1 Conc#0" [stack: 0x00000010daf00000,0x00000010db000000] [id=21960]
  0x000001cfceeee800 ConcurrentGCThread "G1 Refine#0" [stack: 0x00000010db000000,0x00000010db100000] [id=23568]
  0x000001cfec33c800 ConcurrentGCThread "G1 Young RemSet Sampling" [stack: 0x00000010db100000,0x00000010db200000] [id=23112]

Threads with active compile tasks:

VM state:at safepoint (normal execution)

VM Mutex/Monitor currently owned by a thread:  ([mutex/lock_event])
[0x000001cfcee4b760] Threads_lock - owner thread: 0x000001cfec4d4800

Heap address: 0x0000000081800000, size: 2024 MB, Compressed Oops mode: 32-bit
Narrow klass base: 0x0000000000000000, Narrow klass shift: 3
Compressed class space size: 1073741824 Address: 0x0000000100000000

Heap:
 garbage-first heap   total 131072K, used 98410K [0x0000000081800000, 0x0000000100000000)
  region size 1024K, 14 young (14336K), 2 survivors (2048K)
 Metaspace       used 54438K, capacity 55938K, committed 56064K, reserved 1097728K
  class space    used 6433K, capacity 7105K, committed 7168K, reserved 1048576K
Heap Regions: E=young(eden), S=young(survivor), O=old, HS=humongous(starts), HC=humongous(continues), CS=collection set, F=free, A=archive, TAMS=top-at-mark-start (previous, next)
|   0|0x0000000081800000, 0x0000000081900000, 0x0000000081900000|100%|HS|  |TAMS 0x0000000081900000, 0x0000000081800000| Complete 
|   1|0x0000000081900000, 0x0000000081a00000, 0x0000000081a00000|100%| O|  |TAMS 0x0000000081a00000, 0x0000000081900000| Untracked 
|   2|0x0000000081a00000, 0x0000000081b00000, 0x0000000081b00000|100%| O|  |TAMS 0x0000000081b00000, 0x0000000081a00000| Untracked 
|   3|0x0000000081b00000, 0x0000000081c00000, 0x0000000081c00000|100%| O|  |TAMS 0x0000000081c00000, 0x0000000081b00000| Untracked 
|   4|0x0000000081c00000, 0x0000000081d00000, 0x0000000081d00000|100%| O|  |TAMS 0x0000000081d00000, 0x0000000081c00000| Untracked 
|   5|0x0000000081d00000, 0x0000000081e00000, 0x0000000081e00000|100%| O|  |TAMS 0x0000000081e00000, 0x0000000081d00000| Untracked 
|   6|0x0000000081e00000, 0x0000000081f00000, 0x0000000081f00000|100%| O|  |TAMS 0x0000000081f00000, 0x0000000081e00000| Untracked 
|   7|0x0000000081f00000, 0x0000000082000000, 0x0000000082000000|100%| O|  |TAMS 0x0000000082000000, 0x0000000081f00000| Untracked 
|   8|0x0000000082000000, 0x0000000082100000, 0x0000000082100000|100%| O|  |TAMS 0x0000000082100000, 0x0000000082000000| Untracked 
|   9|0x0000000082100000, 0x0000000082200000, 0x0000000082200000|100%| O|  |TAMS 0x0000000082200000, 0x0000000082100000| Untracked 
|  10|0x0000000082200000, 0x0000000082300000, 0x0000000082300000|100%| O|  |TAMS 0x0000000082300000, 0x0000000082200000| Untracked 
|  11|0x0000000082300000, 0x0000000082400000, 0x0000000082400000|100%| O|  |TAMS 0x0000000082400000, 0x0000000082300000| Untracked 
|  12|0x0000000082400000, 0x0000000082500000, 0x0000000082500000|100%|HS|  |TAMS 0x0000000082500000, 0x0000000082400000| Complete 
|  13|0x0000000082500000, 0x0000000082600000, 0x0000000082600000|100%|HC|  |TAMS 0x0000000082600000, 0x0000000082500000| Complete 
|  14|0x0000000082600000, 0x0000000082700000, 0x0000000082700000|100%|HC|  |TAMS 0x0000000082700000, 0x0000000082600000| Complete 
|  15|0x0000000082700000, 0x0000000082800000, 0x0000000082800000|100%|HC|  |TAMS 0x0000000082800000, 0x0000000082700000| Complete 
|  16|0x0000000082800000, 0x0000000082900000, 0x0000000082900000|100%|HC|  |TAMS 0x0000000082900000, 0x0000000082800000| Complete 
|  17|0x0000000082900000, 0x0000000082a00000, 0x0000000082a00000|100%|HS|  |TAMS 0x0000000082a00000, 0x0000000082900000| Complete 
|  18|0x0000000082a00000, 0x0000000082b00000, 0x0000000082b00000|100%|HC|  |TAMS 0x0000000082b00000, 0x0000000082a00000| Complete 
|  19|0x0000000082b00000, 0x0000000082c00000, 0x0000000082c00000|100%|HC|  |TAMS 0x0000000082c00000, 0x0000000082b00000| Complete 
|  20|0x0000000082c00000, 0x0000000082d00000, 0x0000000082d00000|100%|HC|  |TAMS 0x0000000082d00000, 0x0000000082c00000| Complete 
|  21|0x0000000082d00000, 0x0000000082e00000, 0x0000000082e00000|100%|HC|  |TAMS 0x0000000082e00000, 0x0000000082d00000| Complete 
|  22|0x0000000082e00000, 0x0000000082f00000, 0x0000000082f00000|100%| O|  |TAMS 0x0000000082f00000, 0x0000000082e00000| Untracked 
|  23|0x0000000082f00000, 0x0000000083000000, 0x0000000083000000|100%| O|  |TAMS 0x0000000083000000, 0x0000000082f00000| Untracked 
|  24|0x0000000083000000, 0x0000000083100000, 0x0000000083100000|100%| O|  |TAMS 0x0000000083100000, 0x0000000083000000| Untracked 
|  25|0x0000000083100000, 0x0000000083200000, 0x0000000083200000|100%|HS|  |TAMS 0x0000000083200000, 0x0000000083100000| Complete 
|  26|0x0000000083200000, 0x0000000083300000, 0x0000000083300000|100%|HC|  |TAMS 0x0000000083300000, 0x0000000083200000| Complete 
|  27|0x0000000083300000, 0x0000000083400000, 0x0000000083400000|100%|HC|  |TAMS 0x0000000083400000, 0x0000000083300000| Complete 
|  28|0x0000000083400000, 0x0000000083500000, 0x0000000083500000|100%|HC|  |TAMS 0x0000000083500000, 0x0000000083400000| Complete 
|  29|0x0000000083500000, 0x0000000083600000, 0x0000000083600000|100%|HC|  |TAMS 0x0000000083600000, 0x0000000083500000| Complete 
|  30|0x0000000083600000, 0x0000000083700000, 0x0000000083700000|100%|HS|  |TAMS 0x0000000083600000, 0x0000000083600000| Complete 
|  31|0x0000000083700000, 0x0000000083800000, 0x0000000083800000|100%| O|  |TAMS 0x0000000083800000, 0x0000000083700000| Untracked 
|  32|0x0000000083800000, 0x0000000083900000, 0x0000000083900000|100%| O|  |TAMS 0x0000000083900000, 0x0000000083800000| Untracked 
|  33|0x0000000083900000, 0x0000000083a00000, 0x0000000083a00000|100%| O|  |TAMS 0x0000000083a00000, 0x0000000083900000| Untracked 
|  34|0x0000000083a00000, 0x0000000083b00000, 0x0000000083b00000|100%| O|  |TAMS 0x0000000083b00000, 0x0000000083a00000| Untracked 
|  35|0x0000000083b00000, 0x0000000083c00000, 0x0000000083c00000|100%| O|  |TAMS 0x0000000083c00000, 0x0000000083b00000| Untracked 
|  36|0x0000000083c00000, 0x0000000083d00000, 0x0000000083d00000|100%|HS|  |TAMS 0x0000000083c00000, 0x0000000083c00000| Complete 
|  37|0x0000000083d00000, 0x0000000083e00000, 0x0000000083e00000|100%|HC|  |TAMS 0x0000000083d00000, 0x0000000083d00000| Complete 
|  38|0x0000000083e00000, 0x0000000083f00000, 0x0000000083f00000|100%| O|  |TAMS 0x0000000083f00000, 0x0000000083e00000| Untracked 
|  39|0x0000000083f00000, 0x0000000084000000, 0x0000000084000000|100%|HS|  |TAMS 0x0000000084000000, 0x0000000083f00000| Complete 
|  40|0x0000000084000000, 0x0000000084100000, 0x0000000084100000|100%|HC|  |TAMS 0x0000000084100000, 0x0000000084000000| Complete 
|  41|0x0000000084100000, 0x0000000084200000, 0x0000000084200000|100%|HC|  |TAMS 0x0000000084200000, 0x0000000084100000| Complete 
|  42|0x0000000084200000, 0x0000000084300000, 0x0000000084300000|100%|HC|  |TAMS 0x0000000084300000, 0x0000000084200000| Complete 
|  43|0x0000000084300000, 0x0000000084400000, 0x0000000084400000|100%|HC|  |TAMS 0x0000000084400000, 0x0000000084300000| Complete 
|  44|0x0000000084400000, 0x0000000084500000, 0x0000000084500000|100%|HS|  |TAMS 0x0000000084500000, 0x0000000084400000| Complete 
|  45|0x0000000084500000, 0x0000000084600000, 0x0000000084600000|100%|HC|  |TAMS 0x0000000084600000, 0x0000000084500000| Complete 
|  46|0x0000000084600000, 0x0000000084700000, 0x0000000084700000|100%|HC|  |TAMS 0x0000000084700000, 0x0000000084600000| Complete 
|  47|0x0000000084700000, 0x0000000084800000, 0x0000000084800000|100%|HC|  |TAMS 0x0000000084800000, 0x0000000084700000| Complete 
|  48|0x0000000084800000, 0x0000000084900000, 0x0000000084900000|100%|HC|  |TAMS 0x0000000084900000, 0x0000000084800000| Complete 
|  49|0x0000000084900000, 0x0000000084a00000, 0x0000000084a00000|100%| O|  |TAMS 0x0000000084a00000, 0x0000000084900000| Untracked 
|  50|0x0000000084a00000, 0x0000000084b00000, 0x0000000084b00000|100%|HS|  |TAMS 0x0000000084b00000, 0x0000000084a00000| Complete 
|  51|0x0000000084b00000, 0x0000000084c00000, 0x0000000084c00000|100%|HC|  |TAMS 0x0000000084c00000, 0x0000000084b00000| Complete 
|  52|0x0000000084c00000, 0x0000000084d00000, 0x0000000084d00000|100%|HC|  |TAMS 0x0000000084d00000, 0x0000000084c00000| Complete 
|  53|0x0000000084d00000, 0x0000000084e00000, 0x0000000084e00000|100%|HC|  |TAMS 0x0000000084e00000, 0x0000000084d00000| Complete 
|  54|0x0000000084e00000, 0x0000000084f00000, 0x0000000084f00000|100%|HC|  |TAMS 0x0000000084f00000, 0x0000000084e00000| Complete 
|  55|0x0000000084f00000, 0x0000000085000000, 0x0000000085000000|100%|HS|  |TAMS 0x0000000084f00000, 0x0000000084f00000| Complete 
|  56|0x0000000085000000, 0x0000000085100000, 0x0000000085100000|100%|HC|  |TAMS 0x0000000085000000, 0x0000000085000000| Complete 
|  57|0x0000000085100000, 0x0000000085200000, 0x0000000085200000|100%|HC|  |TAMS 0x0000000085100000, 0x0000000085100000| Complete 
|  58|0x0000000085200000, 0x0000000085300000, 0x0000000085300000|100%| O|  |TAMS 0x0000000085300000, 0x0000000085200000| Untracked 
|  59|0x0000000085300000, 0x0000000085400000, 0x0000000085400000|100%|HS|  |TAMS 0x0000000085400000, 0x0000000085300000| Complete 
|  60|0x0000000085400000, 0x0000000085500000, 0x0000000085500000|100%|HC|  |TAMS 0x0000000085500000, 0x0000000085400000| Complete 
|  61|0x0000000085500000, 0x0000000085600000, 0x0000000085600000|100%|HC|  |TAMS 0x0000000085600000, 0x0000000085500000| Complete 
|  62|0x0000000085600000, 0x0000000085700000, 0x0000000085700000|100%|HC|  |TAMS 0x0000000085700000, 0x0000000085600000| Complete 
|  63|0x0000000085700000, 0x0000000085800000, 0x0000000085800000|100%|HC|  |TAMS 0x0000000085800000, 0x0000000085700000| Complete 
|  64|0x0000000085800000, 0x0000000085900000, 0x0000000085900000|100%|HS|  |TAMS 0x0000000085900000, 0x0000000085800000| Complete 
|  65|0x0000000085900000, 0x0000000085a00000, 0x0000000085a00000|100%|HC|  |TAMS 0x0000000085a00000, 0x0000000085900000| Complete 
|  66|0x0000000085a00000, 0x0000000085b00000, 0x0000000085b00000|100%|HC|  |TAMS 0x0000000085b00000, 0x0000000085a00000| Complete 
|  67|0x0000000085b00000, 0x0000000085c00000, 0x0000000085c00000|100%|HC|  |TAMS 0x0000000085c00000, 0x0000000085b00000| Complete 
|  68|0x0000000085c00000, 0x0000000085d00000, 0x0000000085d00000|100%|HC|  |TAMS 0x0000000085d00000, 0x0000000085c00000| Complete 
|  69|0x0000000085d00000, 0x0000000085e00000, 0x0000000085e00000|100%|HS|  |TAMS 0x0000000085d00000, 0x0000000085d00000| Complete 
|  70|0x0000000085e00000, 0x0000000085f00000, 0x0000000085f00000|100%|HC|  |TAMS 0x0000000085e00000, 0x0000000085e00000| Complete 
|  71|0x0000000085f00000, 0x0000000086000000, 0x0000000086000000|100%|HC|  |TAMS 0x0000000085f00000, 0x0000000085f00000| Complete 
|  72|0x0000000086000000, 0x0000000086000000, 0x0000000086100000|  0%| F|  |TAMS 0x0000000086000000, 0x0000000086000000| Untracked 
|  73|0x0000000086100000, 0x0000000086128a00, 0x0000000086200000| 15%| O|  |TAMS 0x0000000086128a00, 0x0000000086100000| Untracked 
|  74|0x0000000086200000, 0x0000000086300000, 0x0000000086300000|100%|HS|  |TAMS 0x0000000086200000, 0x0000000086200000| Complete 
|  75|0x0000000086300000, 0x0000000086400000, 0x0000000086400000|100%|HC|  |TAMS 0x0000000086300000, 0x0000000086300000| Complete 
|  76|0x0000000086400000, 0x0000000086500000, 0x0000000086500000|100%|HC|  |TAMS 0x0000000086400000, 0x0000000086400000| Complete 
|  77|0x0000000086500000, 0x0000000086600000, 0x0000000086600000|100%|HC|  |TAMS 0x0000000086500000, 0x0000000086500000| Complete 
|  78|0x0000000086600000, 0x0000000086700000, 0x0000000086700000|100%|HC|  |TAMS 0x0000000086600000, 0x0000000086600000| Complete 
|  79|0x0000000086700000, 0x0000000086800000, 0x0000000086800000|100%|HS|  |TAMS 0x0000000086700000, 0x0000000086700000| Complete 
|  80|0x0000000086800000, 0x0000000086900000, 0x0000000086900000|100%|HC|  |TAMS 0x0000000086800000, 0x0000000086800000| Complete 
|  81|0x0000000086900000, 0x0000000086a00000, 0x0000000086a00000|100%|HC|  |TAMS 0x0000000086900000, 0x0000000086900000| Complete 
|  82|0x0000000086a00000, 0x0000000086b00000, 0x0000000086b00000|100%|HS|  |TAMS 0x0000000086a00000, 0x0000000086a00000| Complete 
|  83|0x0000000086b00000, 0x0000000086c00000, 0x0000000086c00000|100%|HC|  |TAMS 0x0000000086b00000, 0x0000000086b00000| Complete 
|  84|0x0000000086c00000, 0x0000000086d00000, 0x0000000086d00000|100%|HC|  |TAMS 0x0000000086c00000, 0x0000000086c00000| Complete 
|  85|0x0000000086d00000, 0x0000000086d00000, 0x0000000086e00000|  0%| F|  |TAMS 0x0000000086d00000, 0x0000000086d00000| Untracked 
|  86|0x0000000086e00000, 0x0000000086e00000, 0x0000000086f00000|  0%| F|  |TAMS 0x0000000086e00000, 0x0000000086e00000| Untracked 
|  87|0x0000000086f00000, 0x0000000086f00000, 0x0000000087000000|  0%| F|  |TAMS 0x0000000086f00000, 0x0000000086f00000| Untracked 
|  88|0x0000000087000000, 0x0000000087000000, 0x0000000087100000|  0%| F|  |TAMS 0x0000000087000000, 0x0000000087000000| Untracked 
|  89|0x0000000087100000, 0x0000000087100000, 0x0000000087200000|  0%| F|  |TAMS 0x0000000087100000, 0x0000000087100000| Untracked 
|  90|0x0000000087200000, 0x0000000087200000, 0x0000000087300000|  0%| F|  |TAMS 0x0000000087200000, 0x0000000087200000| Untracked 
|  91|0x0000000087300000, 0x0000000087300000, 0x0000000087400000|  0%| F|  |TAMS 0x0000000087300000, 0x0000000087300000| Untracked 
|  92|0x0000000087400000, 0x0000000087400000, 0x0000000087500000|  0%| F|  |TAMS 0x0000000087400000, 0x0000000087400000| Untracked 
|  93|0x0000000087500000, 0x0000000087500000, 0x0000000087600000|  0%| F|  |TAMS 0x0000000087500000, 0x0000000087500000| Untracked 
|  94|0x0000000087600000, 0x0000000087600000, 0x0000000087700000|  0%| F|  |TAMS 0x0000000087600000, 0x0000000087600000| Untracked 
|  95|0x0000000087700000, 0x0000000087700000, 0x0000000087800000|  0%| F|  |TAMS 0x0000000087700000, 0x0000000087700000| Untracked 
|  96|0x0000000087800000, 0x0000000087800000, 0x0000000087900000|  0%| F|  |TAMS 0x0000000087800000, 0x0000000087800000| Untracked 
|  97|0x0000000087900000, 0x0000000087900000, 0x0000000087a00000|  0%| F|  |TAMS 0x0000000087900000, 0x0000000087900000| Untracked 
|  98|0x0000000087a00000, 0x0000000087a00000, 0x0000000087b00000|  0%| F|  |TAMS 0x0000000087a00000, 0x0000000087a00000| Untracked 
|  99|0x0000000087b00000, 0x0000000087b00000, 0x0000000087c00000|  0%| F|  |TAMS 0x0000000087b00000, 0x0000000087b00000| Untracked 
| 100|0x0000000087c00000, 0x0000000087c00000, 0x0000000087d00000|  0%| F|  |TAMS 0x0000000087c00000, 0x0000000087c00000| Untracked 
| 101|0x0000000087d00000, 0x0000000087d00000, 0x0000000087e00000|  0%| F|  |TAMS 0x0000000087d00000, 0x0000000087d00000| Untracked 
| 102|0x0000000087e00000, 0x0000000087e00000, 0x0000000087f00000|  0%| F|  |TAMS 0x0000000087e00000, 0x0000000087e00000| Untracked 
| 103|0x0000000087f00000, 0x0000000087f00000, 0x0000000088000000|  0%| F|  |TAMS 0x0000000087f00000, 0x0000000087f00000| Untracked 
| 104|0x0000000088000000, 0x00000000880f20a0, 0x0000000088100000| 94%| S|CS|TAMS 0x0000000088000000, 0x0000000088000000| Complete 
| 105|0x0000000088100000, 0x0000000088200000, 0x0000000088200000|100%| S|CS|TAMS 0x0000000088100000, 0x0000000088100000| Complete 
| 106|0x0000000088200000, 0x0000000088200000, 0x0000000088300000|  0%| F|  |TAMS 0x0000000088200000, 0x0000000088200000| Untracked 
| 107|0x0000000088300000, 0x0000000088300000, 0x0000000088400000|  0%| F|  |TAMS 0x0000000088300000, 0x0000000088300000| Untracked 
| 108|0x0000000088400000, 0x0000000088400000, 0x0000000088500000|  0%| F|  |TAMS 0x0000000088400000, 0x0000000088400000| Untracked 
| 109|0x0000000088500000, 0x0000000088500000, 0x0000000088600000|  0%| F|  |TAMS 0x0000000088500000, 0x0000000088500000| Untracked 
| 110|0x0000000088600000, 0x0000000088600000, 0x0000000088700000|  0%| F|  |TAMS 0x0000000088600000, 0x0000000088600000| Untracked 
| 111|0x0000000088700000, 0x0000000088700000, 0x0000000088800000|  0%| F|  |TAMS 0x0000000088700000, 0x0000000088700000| Untracked 
| 112|0x0000000088800000, 0x0000000088800000, 0x0000000088900000|  0%| F|  |TAMS 0x0000000088800000, 0x0000000088800000| Untracked 
| 113|0x0000000088900000, 0x0000000088900000, 0x0000000088a00000|  0%| F|  |TAMS 0x0000000088900000, 0x0000000088900000| Untracked 
| 114|0x0000000088a00000, 0x0000000088a00000, 0x0000000088b00000|  0%| F|  |TAMS 0x0000000088a00000, 0x0000000088a00000| Untracked 
| 115|0x0000000088b00000, 0x0000000088b00000, 0x0000000088c00000|  0%| F|  |TAMS 0x0000000088b00000, 0x0000000088b00000| Untracked 
| 116|0x0000000088c00000, 0x0000000088c60a78, 0x0000000088d00000| 37%| E|  |TAMS 0x0000000088c00000, 0x0000000088c00000| Complete 
| 117|0x0000000088d00000, 0x0000000088e00000, 0x0000000088e00000|100%| E|CS|TAMS 0x0000000088d00000, 0x0000000088d00000| Complete 
| 118|0x0000000088e00000, 0x0000000088f00000, 0x0000000088f00000|100%| E|CS|TAMS 0x0000000088e00000, 0x0000000088e00000| Complete 
| 119|0x0000000088f00000, 0x0000000089000000, 0x0000000089000000|100%| E|CS|TAMS 0x0000000088f00000, 0x0000000088f00000| Complete 
| 120|0x0000000089000000, 0x0000000089100000, 0x0000000089100000|100%| E|CS|TAMS 0x0000000089000000, 0x0000000089000000| Complete 
| 121|0x0000000089100000, 0x0000000089200000, 0x0000000089200000|100%| E|CS|TAMS 0x0000000089100000, 0x0000000089100000| Complete 
| 122|0x0000000089200000, 0x0000000089300000, 0x0000000089300000|100%| E|CS|TAMS 0x0000000089200000, 0x0000000089200000| Complete 
| 123|0x0000000089300000, 0x0000000089400000, 0x0000000089400000|100%| E|CS|TAMS 0x0000000089300000, 0x0000000089300000| Complete 
| 124|0x0000000089400000, 0x0000000089500000, 0x0000000089500000|100%| E|CS|TAMS 0x0000000089400000, 0x0000000089400000| Complete 
| 125|0x0000000089500000, 0x0000000089600000, 0x0000000089600000|100%| E|CS|TAMS 0x0000000089500000, 0x0000000089500000| Complete 
| 126|0x0000000089600000, 0x0000000089700000, 0x0000000089700000|100%| E|CS|TAMS 0x0000000089600000, 0x0000000089600000| Complete 
| 127|0x0000000089700000, 0x0000000089800000, 0x0000000089800000|100%| E|CS|TAMS 0x0000000089700000, 0x0000000089700000| Complete 

Card table byte_map: [0x000001cfe5890000,0x000001cfe5c90000] _byte_map_base: 0x000001cfe5484000

Marking Bits (Prev, Next): (CMBitMap*) 0x000001cfcee8f448, (CMBitMap*) 0x000001cfcee8f480
 Prev Bits: [0x000001cfe6090000, 0x000001cfe8030000)
 Next Bits: [0x000001cfe8030000, 0x000001cfe9fd0000)

Polling page: 0x000001cfcce20000

Metaspace:

Usage:
  Non-class:     47.69 MB capacity,    46.88 MB ( 98%) used,   646.24 KB (  1%) free+waste,   181.63 KB ( <1%) overhead. 
      Class:      6.94 MB capacity,     6.28 MB ( 91%) used,   577.91 KB (  8%) free+waste,    93.88 KB (  1%) overhead. 
       Both:     54.63 MB capacity,    53.16 MB ( 97%) used,     1.20 MB (  2%) free+waste,   275.50 KB ( <1%) overhead. 

Virtual space:
  Non-class space:       48.00 MB reserved,      47.75 MB (>99%) committed 
      Class space:        1.00 GB reserved,       7.00 MB ( <1%) committed 
             Both:        1.05 GB reserved,      54.75 MB (  5%) committed 

Chunk freelists:
   Non-Class:  7.88 KB
       Class:  3.88 KB
        Both:  11.75 KB

CodeHeap 'non-profiled nmethods': size=120064Kb used=2869Kb max_used=2869Kb free=117194Kb
 bounds [0x000001cfddf50000, 0x000001cfde220000, 0x000001cfe5490000]
CodeHeap 'profiled nmethods': size=120000Kb used=11014Kb max_used=11014Kb free=108985Kb
 bounds [0x000001cfd6a20000, 0x000001cfd74f0000, 0x000001cfddf50000]
CodeHeap 'non-nmethods': size=5696Kb used=1263Kb max_used=1307Kb free=4432Kb
 bounds [0x000001cfd6490000, 0x000001cfd6700000, 0x000001cfd6a20000]
 total_blobs=5910 nmethods=5259 adapters=561
 compilation: enabled
              stopped_count=0, restarted_count=0
 full_count=0

Compilation events (10 events):
Event: 394.633 Thread 0x000001cfecd6e800 nmethod 5293 0x000001cfd74dc910 code [0x000001cfd74dcda0, 0x000001cfd74df048]
Event: 394.633 Thread 0x000001cfecd6e800 5294   !   3       io.netty.util.concurrent.DefaultPromise::notifyListenersNow (151 bytes)
Event: 394.634 Thread 0x000001cfecd65000 nmethod 5295 0x000001cfde21d390 code [0x000001cfde21d500, 0x000001cfde21d5b8]
Event: 394.635 Thread 0x000001cfecd6e800 nmethod 5294 0x000001cfd74dfa90 code [0x000001cfd74dfca0, 0x000001cfd74e06d8]
Event: 394.635 Thread 0x000001cfecd6e800 5296       3       java.util.Spliterators::spliteratorUnknownSize (16 bytes)
Event: 394.636 Thread 0x000001cfecd6e800 nmethod 5296 0x000001cfd74e0910 code [0x000001cfd74e0ae0, 0x000001cfd74e0fe8]
Event: 394.636 Thread 0x000001cfecd6e800 5297       3       java.util.Spliterators$IteratorSpliterator::<init> (31 bytes)
Event: 394.636 Thread 0x000001cfecd6e800 nmethod 5297 0x000001cfd74e1190 code [0x000001cfd74e1340, 0x000001cfd74e1538]
Event: 394.636 Thread 0x000001cfecd6e800 5298       3       java.nio.charset.CharsetDecoder::implReplaceWith (1 bytes)
Event: 394.636 Thread 0x000001cfecd6e800 nmethod 5298 0x000001cfd74e1610 code [0x000001cfd74e17a0, 0x000001cfd74e1898]

GC Heap History (10 events):
Event: 143.368 GC heap before
{Heap before GC invocations=14 (full 0):
 garbage-first heap   total 131072K, used 86633K [0x0000000081800000, 0x0000000100000000)
  region size 1024K, 31 young (31744K), 6 survivors (6144K)
 Metaspace       used 54013K, capacity 55501K, committed 55808K, reserved 1097728K
  class space    used 6426K, capacity 7093K, committed 7168K, reserved 1048576K
}
Event: 143.381 GC heap after
{Heap after GC invocations=15 (full 0):
 garbage-first heap   total 131072K, used 49001K [0x0000000081800000, 0x0000000100000000)
  region size 1024K, 4 young (4096K), 4 survivors (4096K)
 Metaspace       used 54013K, capacity 55501K, committed 55808K, reserved 1097728K
  class space    used 6426K, capacity 7093K, committed 7168K, reserved 1048576K
}
Event: 222.610 GC heap before
{Heap before GC invocations=16 (full 0):
 garbage-first heap   total 131072K, used 92009K [0x0000000081800000, 0x0000000100000000)
  region size 1024K, 34 young (34816K), 4 survivors (4096K)
 Metaspace       used 54165K, capacity 55706K, committed 56064K, reserved 1097728K
  class space    used 6428K, capacity 7095K, committed 7168K, reserved 1048576K
}
Event: 222.622 GC heap after
{Heap after GC invocations=17 (full 0):
 garbage-first heap   total 131072K, used 56424K [0x0000000081800000, 0x0000000100000000)
  region size 1024K, 4 young (4096K), 4 survivors (4096K)
 Metaspace       used 54165K, capacity 55706K, committed 56064K, reserved 1097728K
  class space    used 6428K, capacity 7095K, committed 7168K, reserved 1048576K
}
Event: 228.022 GC heap before
{Heap before GC invocations=18 (full 0):
 garbage-first heap   total 131072K, used 84072K [0x0000000081800000, 0x0000000100000000)
  region size 1024K, 12 young (12288K), 4 survivors (4096K)
 Metaspace       used 54169K, capacity 55677K, committed 56064K, reserved 1097728K
  class space    used 6421K, capacity 7084K, committed 7168K, reserved 1048576K
}
Event: 228.030 GC heap after
{Heap after GC invocations=19 (full 0):
 garbage-first heap   total 131072K, used 56401K [0x0000000081800000, 0x0000000100000000)
  region size 1024K, 2 young (2048K), 2 survivors (2048K)
 Metaspace       used 54169K, capacity 55677K, committed 56064K, reserved 1097728K
  class space    used 6421K, capacity 7084K, committed 7168K, reserved 1048576K
}
Event: 231.151 GC heap before
{Heap before GC invocations=20 (full 0):
 garbage-first heap   total 131072K, used 62545K [0x0000000081800000, 0x0000000100000000)
  region size 1024K, 4 young (4096K), 2 survivors (2048K)
 Metaspace       used 54177K, capacity 55677K, committed 56064K, reserved 1097728K
  class space    used 6421K, capacity 7084K, committed 7168K, reserved 1048576K
}
Event: 231.160 GC heap after
{Heap after GC invocations=21 (full 0):
 garbage-first heap   total 131072K, used 60971K [0x0000000081800000, 0x0000000100000000)
  region size 1024K, 2 young (2048K), 2 survivors (2048K)
 Metaspace       used 54177K, capacity 55677K, committed 56064K, reserved 1097728K
  class space    used 6421K, capacity 7084K, committed 7168K, reserved 1048576K
}
Event: 331.426 GC heap before
{Heap before GC invocations=22 (full 0):
 garbage-first heap   total 131072K, used 84523K [0x0000000081800000, 0x0000000100000000)
  region size 1024K, 22 young (22528K), 2 survivors (2048K)
 Metaspace       used 54369K, capacity 55872K, committed 56064K, reserved 1097728K
  class space    used 6433K, capacity 7105K, committed 7168K, reserved 1048576K
}
Event: 331.433 GC heap after
{Heap after GC invocations=23 (full 0):
 garbage-first heap   total 131072K, used 66666K [0x0000000081800000, 0x0000000100000000)
  region size 1024K, 2 young (2048K), 2 survivors (2048K)
 Metaspace       used 54369K, capacity 55872K, committed 56064K, reserved 1097728K
  class space    used 6433K, capacity 7105K, committed 7168K, reserved 1048576K
}

Deoptimization events (10 events):
Event: 82.825 Thread 0x000001cfef97b800 Uncommon trap: reason=bimorphic_or_optimized_type_check action=maybe_recompile pc=0x000001cfde16b4ec method=java.util.Properties$LineReader.readLine()I @ 70 c2
Event: 82.845 Thread 0x000001cfef97b800 Uncommon trap: reason=unstable_if action=reinterpret pc=0x000001cfde12ed40 method=java.util.WeakHashMap.remove(Ljava/lang/Object;)Ljava/lang/Object; @ 94 c2
Event: 87.281 Thread 0x000001cfef97f000 Uncommon trap: reason=unstable_if action=reinterpret pc=0x000001cfde0ed8f8 method=com.google.gson.stream.JsonReader.fillBuffer(I)Z @ 115 c2
Event: 87.286 Thread 0x000001cfef97f000 Uncommon trap: reason=class_check action=maybe_recompile pc=0x000001cfde0e9070 method=com.google.gson.internal.bind.ReflectiveTypeAdapterFactory$FieldReflectionAdapter.createAccumulator()Ljava/lang/Object; @ 4 c2
Event: 119.746 Thread 0x000001cfef97f000 Uncommon trap: reason=unstable_if action=reinterpret pc=0x000001cfde14d240 method=com.intellij.rt.execution.junit.MapSerializerUtil$1.escape(C)C @ 1 c2
Event: 128.265 Thread 0x000001cfee894000 Uncommon trap: reason=intrinsic_or_type_checked_inlining action=make_not_entrant pc=0x000001cfde1aa3d4 method=java.util.ArrayList.toArray([Ljava/lang/Object;)[Ljava/lang/Object; @ 36 c2
Event: 142.978 Thread 0x000001cfee895000 Uncommon trap: reason=intrinsic_or_type_checked_inlining action=make_not_entrant pc=0x000001cfde1b1618 method=java.util.ArrayList$SubList.toArray([Ljava/lang/Object;)[Ljava/lang/Object; @ 58 c2
Event: 143.517 Thread 0x000001cfee894000 Uncommon trap: reason=class_check action=maybe_recompile pc=0x000001cfde0e9070 method=com.google.gson.internal.bind.ReflectiveTypeAdapterFactory$FieldReflectionAdapter.createAccumulator()Ljava/lang/Object; @ 4 c2
Event: 222.682 Thread 0x000001cfee894000 Uncommon trap: reason=class_check action=maybe_recompile pc=0x000001cfde0e9070 method=com.google.gson.internal.bind.ReflectiveTypeAdapterFactory$FieldReflectionAdapter.createAccumulator()Ljava/lang/Object; @ 4 c2
Event: 331.527 Thread 0x000001cfed930800 Uncommon trap: reason=class_check action=maybe_recompile pc=0x000001cfde0e9070 method=com.google.gson.internal.bind.ReflectiveTypeAdapterFactory$FieldReflectionAdapter.createAccumulator()Ljava/lang/Object; @ 4 c2

Classes redefined (0 events):
No events

Internal exceptions (10 events):
Event: 344.575 Thread 0x000001cfed937000 Exception <a 'java/net/SocketTimeoutException'{0x00000000890cfd28}: connect timed out> (0x00000000890cfd28) thrown at [./open/src/hotspot/share/prims/jni.cpp, line 632]
Event: 345.418 Thread 0x000001cfed937000 Exception <a 'java/net/SocketTimeoutException'{0x00000000890d0ca0}: connect timed out> (0x00000000890d0ca0) thrown at [./open/src/hotspot/share/prims/jni.cpp, line 632]
Event: 346.249 Thread 0x000001cfed937000 Exception <a 'java/net/SocketTimeoutException'{0x00000000890d1c18}: connect timed out> (0x00000000890d1c18) thrown at [./open/src/hotspot/share/prims/jni.cpp, line 632]
Event: 347.091 Thread 0x000001cfed937000 Exception <a 'java/net/SocketTimeoutException'{0x0000000088fb7f30}: connect timed out> (0x0000000088fb7f30) thrown at [./open/src/hotspot/share/prims/jni.cpp, line 632]
Event: 347.932 Thread 0x000001cfed937000 Exception <a 'java/net/SocketTimeoutException'{0x0000000088fb8ea8}: connect timed out> (0x0000000088fb8ea8) thrown at [./open/src/hotspot/share/prims/jni.cpp, line 632]
Event: 348.777 Thread 0x000001cfed937000 Exception <a 'java/net/SocketTimeoutException'{0x0000000088fb9e20}: connect timed out> (0x0000000088fb9e20) thrown at [./open/src/hotspot/share/prims/jni.cpp, line 632]
Event: 349.616 Thread 0x000001cfed937000 Exception <a 'java/net/SocketTimeoutException'{0x0000000088fbad98}: connect timed out> (0x0000000088fbad98) thrown at [./open/src/hotspot/share/prims/jni.cpp, line 632]
Event: 350.462 Thread 0x000001cfed937000 Exception <a 'java/net/SocketTimeoutException'{0x0000000088fbbd10}: connect timed out> (0x0000000088fbbd10) thrown at [./open/src/hotspot/share/prims/jni.cpp, line 632]
Event: 351.293 Thread 0x000001cfed937000 Exception <a 'java/net/SocketTimeoutException'{0x0000000088fbcc88}: connect timed out> (0x0000000088fbcc88) thrown at [./open/src/hotspot/share/prims/jni.cpp, line 632]
Event: 352.141 Thread 0x000001cfed937000 Exception <a 'java/net/SocketTimeoutException'{0x0000000088fbdc00}: connect timed out> (0x0000000088fbdc00) thrown at [./open/src/hotspot/share/prims/jni.cpp, line 632]

Events (10 events):
Event: 394.610 Executing VM operation: RevokeBias done
Event: 394.614 Executing VM operation: RevokeBias
Event: 394.615 Executing VM operation: RevokeBias done
Event: 394.625 Executing VM operation: RevokeBias
Event: 394.625 Executing VM operation: RevokeBias done
Event: 394.626 Executing VM operation: RevokeBias
Event: 394.626 Executing VM operation: RevokeBias done
Event: 394.627 Executing VM operation: RevokeBias
Event: 394.628 Executing VM operation: RevokeBias done
Event: 394.638 Executing VM operation: BulkRevokeBias


Dynamic libraries:
0x00007ff71b4f0000 - 0x00007ff71b4ff000 	C:\Program Files\Java\jdk-11.0.14\bin\java.exe
0x00007ff90aed0000 - 0x00007ff90b0c8000 	C:\WINDOWS\SYSTEM32\ntdll.dll
0x00007ff909c90000 - 0x00007ff909d52000 	C:\WINDOWS\System32\KERNEL32.DLL
0x00007ff908570000 - 0x00007ff90886e000 	C:\WINDOWS\System32\KERNELBASE.dll
0x00007ff908ba0000 - 0x00007ff908ca0000 	C:\WINDOWS\System32\ucrtbase.dll
0x00007ff8fc210000 - 0x00007ff8fc228000 	C:\Program Files\Java\jdk-11.0.14\bin\jli.dll
0x00007ff90a560000 - 0x00007ff90a611000 	C:\WINDOWS\System32\ADVAPI32.dll
0x00007ff90ad90000 - 0x00007ff90ae2e000 	C:\WINDOWS\System32\msvcrt.dll
0x00007ff9096f0000 - 0x00007ff90978f000 	C:\WINDOWS\System32\sechost.dll
0x00007ff909790000 - 0x00007ff9098b3000 	C:\WINDOWS\System32\RPCRT4.dll
0x00007ff908ec0000 - 0x00007ff908ee7000 	C:\WINDOWS\System32\bcrypt.dll
0x00007ff90a800000 - 0x00007ff90a99d000 	C:\WINDOWS\System32\USER32.dll
0x00007ff908870000 - 0x00007ff908892000 	C:\WINDOWS\System32\win32u.dll
0x00007ff909d60000 - 0x00007ff909d8b000 	C:\WINDOWS\System32\GDI32.dll
0x00007ff9089d0000 - 0x00007ff908ae7000 	C:\WINDOWS\System32\gdi32full.dll
0x00007ff9088a0000 - 0x00007ff90893d000 	C:\WINDOWS\System32\msvcp_win.dll
0x00007ff8fb4b0000 - 0x00007ff8fb74a000 	C:\WINDOWS\WinSxS\amd64_microsoft.windows.common-controls_6595b64144ccf1df_6.0.19041.4355_none_60b8b9eb71f62e16\COMCTL32.dll
0x00007ff907e90000 - 0x00007ff907e9a000 	C:\WINDOWS\SYSTEM32\VERSION.dll
0x00007ff8fc040000 - 0x00007ff8fc055000 	C:\Program Files\Java\jdk-11.0.14\bin\VCRUNTIME140.dll
0x00007ff90aa80000 - 0x00007ff90aaaf000 	C:\WINDOWS\System32\IMM32.DLL
0x0000000072c00000 - 0x0000000072c0c000 	C:\Program Files (x86)\360\Total Security\safemon\SafeWrapper.dll
0x00007ff8ea690000 - 0x00007ff8ea73c000 	C:\Program Files (x86)\360\Total Security\safemon\libzdtp64.dll
0x00007ff909df0000 - 0x00007ff90a55d000 	C:\WINDOWS\System32\SHELL32.dll
0x00007ff90ae30000 - 0x00007ff90ae85000 	C:\WINDOWS\System32\SHLWAPI.dll
0x00007ff8cc340000 - 0x00007ff8cc3db000 	C:\Program Files\Java\jdk-11.0.14\bin\msvcp140.dll
0x00007ff8afd50000 - 0x00007ff8b0866000 	C:\Program Files\Java\jdk-11.0.14\bin\server\jvm.dll
0x00007ff90aab0000 - 0x00007ff90aab8000 	C:\WINDOWS\System32\PSAPI.DLL
0x00007ff8f3d40000 - 0x00007ff8f3d49000 	C:\WINDOWS\SYSTEM32\WSOCK32.dll
0x00007ff8fd010000 - 0x00007ff8fd037000 	C:\WINDOWS\SYSTEM32\WINMM.dll
0x00007ff90aac0000 - 0x00007ff90ab2b000 	C:\WINDOWS\System32\WS2_32.dll
0x00007ff906340000 - 0x00007ff906352000 	C:\WINDOWS\SYSTEM32\kernel.appcore.dll
0x00007ff9055e0000 - 0x00007ff9055f0000 	C:\Program Files\Java\jdk-11.0.14\bin\verify.dll
0x00007ff8eafa0000 - 0x00007ff8eb184000 	C:\WINDOWS\SYSTEM32\DBGHELP.DLL
0x00007ff8eaf60000 - 0x00007ff8eaf94000 	C:\WINDOWS\SYSTEM32\dbgcore.DLL
0x00007ff908940000 - 0x00007ff9089c2000 	C:\WINDOWS\System32\bcryptPrimitives.dll
0x00007ff8f58b0000 - 0x00007ff8f58d8000 	C:\Program Files\Java\jdk-11.0.14\bin\java.dll
0x00007ff904780000 - 0x00007ff90478a000 	C:\Program Files\Java\jdk-11.0.14\bin\jimage.dll
0x00007ff8fc400000 - 0x00007ff8fc40e000 	C:\Program Files\Java\jdk-11.0.14\bin\instrument.dll
0x00007ff8fa590000 - 0x00007ff8fa5a6000 	C:\Program Files\Java\jdk-11.0.14\bin\zip.dll
0x00007ff906540000 - 0x00007ff906ce4000 	C:\WINDOWS\SYSTEM32\windows.storage.dll
0x00007ff909930000 - 0x00007ff909c83000 	C:\WINDOWS\System32\combase.dll
0x00007ff907d80000 - 0x00007ff907dae000 	C:\WINDOWS\SYSTEM32\Wldp.dll
0x00007ff909620000 - 0x00007ff9096ed000 	C:\WINDOWS\System32\OLEAUT32.dll
0x00007ff90ace0000 - 0x00007ff90ad8d000 	C:\WINDOWS\System32\SHCORE.dll
0x00007ff9084a0000 - 0x00007ff9084c4000 	C:\WINDOWS\SYSTEM32\profapi.dll
0x00007ff8f52e0000 - 0x00007ff8f52f9000 	C:\Program Files\Java\jdk-11.0.14\bin\net.dll
0x00007ff902940000 - 0x00007ff902a4d000 	C:\WINDOWS\SYSTEM32\WINHTTP.dll
0x00007ff907b60000 - 0x00007ff907bca000 	C:\WINDOWS\system32\mswsock.dll
0x00007ff8f47a0000 - 0x00007ff8f47b2000 	C:\Program Files\Java\jdk-11.0.14\bin\nio.dll
0x00007ff8e3540000 - 0x00007ff8e355a000 	C:\Program Files\JetBrains\IntelliJ IDEA Community Edition 2023.1.5\bin\breakgen64.dll
0x00007ff908220000 - 0x00007ff908238000 	C:\WINDOWS\SYSTEM32\CRYPTSP.dll
0x00007ff9074a0000 - 0x00007ff9074d4000 	C:\WINDOWS\system32\rsaenh.dll
0x00007ff908460000 - 0x00007ff90848e000 	C:\WINDOWS\SYSTEM32\USERENV.dll
0x00007ff907cf0000 - 0x00007ff907cfc000 	C:\WINDOWS\SYSTEM32\CRYPTBASE.dll
0x00007ff907860000 - 0x00007ff90789b000 	C:\WINDOWS\SYSTEM32\IPHLPAPI.DLL
0x00007ff90ac70000 - 0x00007ff90ac78000 	C:\WINDOWS\System32\NSI.dll
0x00007ff8fea10000 - 0x00007ff8fea27000 	C:\WINDOWS\SYSTEM32\dhcpcsvc6.DLL
0x00007ff8fe8b0000 - 0x00007ff8fe8cd000 	C:\WINDOWS\SYSTEM32\dhcpcsvc.DLL
0x00007ff9078a0000 - 0x00007ff90796a000 	C:\WINDOWS\SYSTEM32\DNSAPI.dll
0x00007ff8dce50000 - 0x00007ff8dce75000 	C:\Program Files\Java\jdk-11.0.14\bin\sunec.dll
0x00007ff8fa7b0000 - 0x00007ff8fa7ba000 	C:\Windows\System32\rasadhlp.dll
0x00007ff901c60000 - 0x00007ff901ce0000 	C:\WINDOWS\System32\fwpuclnt.dll
0x00007ff8fa570000 - 0x00007ff8fa57d000 	C:\Program Files\Java\jdk-11.0.14\bin\sunmscapi.dll
0x00007ff908d60000 - 0x00007ff908ebc000 	C:\WINDOWS\System32\CRYPT32.dll
0x00007ff907e50000 - 0x00007ff907e77000 	C:\WINDOWS\SYSTEM32\ncrypt.dll
0x00007ff907e10000 - 0x00007ff907e4b000 	C:\WINDOWS\SYSTEM32\NTASN1.dll
0x00007ff8fc030000 - 0x00007ff8fc039000 	C:\Program Files\Java\jdk-11.0.14\bin\management.dll
0x00007ff8fabd0000 - 0x00007ff8fabdb000 	C:\Program Files\Java\jdk-11.0.14\bin\management_ext.dll
0x00007ff8f4080000 - 0x00007ff8f4097000 	C:\WINDOWS\system32\napinsp.dll
0x00007ff8e6e20000 - 0x00007ff8e6e3b000 	C:\WINDOWS\system32\pnrpnsp.dll
0x00007ff8fff00000 - 0x00007ff8fff15000 	C:\WINDOWS\system32\wshbth.dll
0x00007ff903d50000 - 0x00007ff903d6d000 	C:\WINDOWS\system32\NLAapi.dll
0x00007ff8e6e00000 - 0x00007ff8e6e12000 	C:\WINDOWS\System32\winrnr.dll

dbghelp: loaded successfully - version: 4.0.5 - missing functions: none
symbol engine: initialized successfully - sym options: 0x614 - pdb path: .;C:\Program Files\Java\jdk-11.0.14\bin;C:\WINDOWS\SYSTEM32;C:\WINDOWS\WinSxS\amd64_microsoft.windows.common-controls_6595b64144ccf1df_6.0.19041.4355_none_60b8b9eb71f62e16;C:\Program Files (x86)\360\Total Security\safemon;C:\Program Files\Java\jdk-11.0.14\bin\server;C:\Program Files\JetBrains\IntelliJ IDEA Community Edition 2023.1.5\bin

VM Arguments:
jvm_args: -ea -Didea.test.cyclic.buffer.size=1048576 -javaagent:C:\Program Files\JetBrains\IntelliJ IDEA Community Edition 2023.1.5\lib\idea_rt.jar=60819:C:\Program Files\JetBrains\IntelliJ IDEA Community Edition 2023.1.5\bin -Dfile.encoding=UTF-8 
java_command: com.intellij.rt.testng.RemoteTestNGStarter -usedefaultlisteners false -socket60818 @w@C:\Users\amit\AppData\Local\Temp\idea_working_dirs_testng.tmp -temp C:\Users\amit\AppData\Local\Temp\idea_testng.tmp
java_class_path (initial): C:\Program Files\JetBrains\IntelliJ IDEA Community Edition 2023.1.5\lib\idea_rt.jar;C:\Program Files\JetBrains\IntelliJ IDEA Community Edition 2023.1.5\plugins\testng\lib\testng-rt.jar;J:\3. automation testing testing acadmey\day41--selenium -UI elements\AssignmentAnswers\Appolo-Tools\target\test-classes;J:\3. automation testing testing acadmey\day41--selenium -UI elements\AssignmentAnswers\Appolo-Tools\target\classes;C:\Users\amit\.m2\repository\org\seleniumhq\selenium\selenium-java\4.9.1\selenium-java-4.9.1.jar;C:\Users\amit\.m2\repository\org\seleniumhq\selenium\selenium-api\4.9.1\selenium-api-4.9.1.jar;C:\Users\amit\.m2\repository\org\seleniumhq\selenium\selenium-devtools-v111\4.9.1\selenium-devtools-v111-4.9.1.jar;C:\Users\amit\.m2\repository\org\seleniumhq\selenium\selenium-devtools-v112\4.9.1\selenium-devtools-v112-4.9.1.jar;C:\Users\amit\.m2\repository\org\seleniumhq\selenium\selenium-devtools-v113\4.9.1\selenium-devtools-v113-4.9.1.jar;C:\Users\amit\.m2\repository\org\seleniumhq\selenium\selenium-devtools-v85\4.9.1\selenium-devtools-v85-4.9.1.jar;C:\Users\amit\.m2\repository\org\seleniumhq\selenium\selenium-edge-driver\4.9.1\selenium-edge-driver-4.9.1.jar;C:\Users\amit\.m2\repository\org\seleniumhq\selenium\selenium-firefox-driver\4.9.1\selenium-firefox-driver-4.9.1.jar;C:\Users\amit\.m2\repository\org\seleniumhq\selenium\selenium-http\4.9.1\selenium-http-4.9.1.jar;C:\Users\amit\.m2\repository\dev\failsafe\failsafe\3.3.1\failsafe-3.3.1.jar;C:\Users\amit\.m2\repository\org\seleniumhq\selenium\selenium-ie-driver\4.9.1\selenium-ie-driver-4.9.1.jar;C:\Users\amit\.m2\repository\org\seleniumhq\selenium\selenium-remote-driver\4.9.1\selenium-remote-driver-4.9.1.jar;C:\Users\amit\.m2\repository\io\netty\netty-buffer\4.1.91.Final\netty-buffer-4.1.91.Final.jar;C:\Users\amit\.m2\repository\io\netty\netty-codec-http\4.1.91.Final\netty-codec-http-4.1.91.Final.jar;C:\Users\amit\.m2\repository\io\netty\netty-codec\4.1.91.Final\netty-codec-4.1.9
Launcher Type: SUN_STANDARD

[Global flags]
     intx CICompilerCount                          = 3                                         {product} {ergonomic}
     uint ConcGCThreads                            = 1                                         {product} {ergonomic}
     uint G1ConcRefinementThreads                  = 4                                         {product} {ergonomic}
   size_t G1HeapRegionSize                         = 1048576                                   {product} {ergonomic}
    uintx GCDrainStackTargetSize                   = 64                                        {product} {ergonomic}
   size_t InitialHeapSize                          = 134217728                                 {product} {ergonomic}
   size_t MarkStackSize                            = 4194304                                   {product} {ergonomic}
   size_t MaxHeapSize                              = 2122317824                                {product} {ergonomic}
   size_t MaxNewSize                               = 1272971264                                {product} {ergonomic}
   size_t MinHeapDeltaBytes                        = 1048576                                   {product} {ergonomic}
    uintx NonNMethodCodeHeapSize                   = 5830732                                {pd product} {ergonomic}
    uintx NonProfiledCodeHeapSize                  = 122913754                              {pd product} {ergonomic}
    uintx ProfiledCodeHeapSize                     = 122913754                              {pd product} {ergonomic}
    uintx ReservedCodeCacheSize                    = 251658240                              {pd product} {ergonomic}
     bool SegmentedCodeCache                       = true                                      {product} {ergonomic}
     bool UseCompressedClassPointers               = true                                 {lp64_product} {ergonomic}
     bool UseCompressedOops                        = true                                 {lp64_product} {ergonomic}
     bool UseG1GC                                  = true                                      {product} {ergonomic}
     bool UseLargePagesIndividualAllocation        = false                                  {pd product} {ergonomic}

Logging:
Log output configuration:
 #0: stdout all=warning uptime,level,tags
 #1: stderr all=off uptime,level,tags

Environment Variables:
JAVA_HOME=C:\Program Files\Java\jdk-11.0.14
CLASSPATH=E:\cdac pune\6.core java\day2\assignment 2\bin;E:\cdac pune\6.core java\day1\day1 (assignment)\q4\bin
PATH=C:\Program Files\Java\jdk-11.0.14\bin;C:\Users\amit\AppData\Local\Android\Sdk\platform-tools;C:\Users\amit\AppData\Local\Android\Sdk\tools;C:\TDM-GCC-64\bin;C:\Program Files\Common Files\Oracle\Java\javapath;C:\Program Files (x86)\Common Files\Oracle\Java\javapath;C:\PROGRAMDATA\ORACLE\JAVA\JAVAPATH;C:\PROGRAM FILES (X86)\INTEL\ICLS CLIENT\;C:\PROGRAM FILES\INTEL\ICLS CLIENT\;C:\WINDOWS\SYSTEM32;C:\WINDOWS;C:\WINDOWS\SYSTEM32\WBEM;C:\WINDOWS\SYSTEM32\WINDOWSPOWERSHELL\V1.0\;C:\PROGRAM FILES\INTEL\INTEL(R) MANAGEMENT ENGINE COMPONENTS\DAL;C:\PROGRAM FILES\INTEL\INTEL(R) MANAGEMENT ENGINE COMPONENTS\IPT;C:\PROGRAM FILES (X86)\INTEL\INTEL(R) MANAGEMENT ENGINE COMPONENTS\DAL;C:\PROGRAM FILES (X86)\INTEL\INTEL(R) MANAGEMENT ENGINE COMPONENTS\IPT;C:\PROGRAM FILES (X86)\COMMON FILES\LENOVO\EASYPLUSSDK\BIN;C:\Program Files\WIDCOMM\Bluetooth Software\;C:\Program Files\WIDCOMM\Bluetooth Software\syswow64;C:\WINDOWS\system32;C:\WINDOWS\System32\Wbem;C:\WINDOWS\System32\WindowsPowerShell\v1.0\;C:\Program Files (x86)\NVIDIA Corporation\PhysX\Common;C:\Users\amit\AppData\Local\Microsoft\WindowsApps;C:\Users\amit\AppData\Roaming\Dashl;C:\WINDOWS\System32\OpenSSH\;C:\Program Files (x86)\Microsoft VS Code\bin;C:\Program Files\MySQL\MySQL Server 8.0\bin;C:\Program Files\Microsoft SQL Server\130\Tools\Binn\;C:\Program Files\nodejs\;C:\Users\amit\Desktop\curl-8.0.1_7-win64-mingw;C:\apache-maven-3.9.3\bin;C:\allure-2.10.0\bin;C:\Windows\System32\wsl.exe;C:\Program Files\Go\bin;C:\sqlite-tools-win32-x86-3430100;C:\Program Files\PuTTY\;C:\Program Files\Amazon\AWSCLIV2\;C:\Program Files\Git\cmd;C:\Program Files\Git LFS;C:\Users\amit\AppData\Local\Android\Sdk\tools\bin;C:\Users\amit\AppData\Local\Android\Sdk\build-tools\35.0.0-rc4;C:\WINDOWS\system32;C:\WINDOWS;C:\WINDOWS\System32\Wbem;C:\WINDOWS\System32\WindowsPowerShell\v1.0\;C:\WINDOWS\System32\OpenSSH\;C:\ngrok;;C:\Program Files\Docker\Docker\resources\bin;C:\Users\amit\AppData\Local\Programs\Python\Python311\Scripts\;C:\Users\amit\A
USERNAME=sumit
OS=Windows_NT
PROCESSOR_IDENTIFIER=Intel64 Family 6 Model 69 Stepping 1, GenuineIntel



---------------  S Y S T E M  ---------------

OS: Windows 10 , 64 bit Build 19041 (10.0.19041.5072)
Hyper-V role detected

CPU:total 4 (initial active 4) (2 cores per cpu, 2 threads per core) family 6 model 69 stepping 1 microcode 0x25, cmov, cx8, fxsr, mmx, sse, sse2, sse3, ssse3, sse4.1, sse4.2, popcnt, avx, avx2, aes, clmul, erms, lzcnt, ht, tsc, tscinvbit, bmi1, bmi2, fma

Memory: 4k page, system-wide physical 8095M (567M free)
TotalPageFile size 11538M (AvailPageFile size 104M)
current process WorkingSet (physical memory assigned to process): 290M, peak: 312M
current process commit charge ("private bytes"): 322M, peak: 346M

vm_info: Java HotSpot(TM) 64-Bit Server VM (11.0.14+8-LTS-263) for windows-amd64 JRE (11.0.14+8-LTS-263), built on Dec  7 2021 21:53:57 by "mach5one" with MS VC++ 15.9 (VS2017)

END.
