#
# There is insufficient memory for the Java Runtime Environment to continue.
# Native memory allocation (malloc) failed to allocate 487536 bytes for Chunk::new
# Possible reasons:
#   The system is out of physical RAM or swap space
#   The process is running with CompressedOops enabled, and the Java Heap may be blocking the growth of the native heap
# Possible solutions:
#   Reduce memory load on the system
#   Increase physical memory or swap space
#   Check if swap backing store is full
#   Decrease Java heap size (-Xmx/-Xms)
#   Decrease number of Java threads
#   Decrease Java thread stack sizes (-Xss)
#   Set larger code cache with -XX:ReservedCodeCacheSize=
#   JVM is running with Unscaled Compressed Oops mode in which the Java heap is
#     placed in the first 4GB address space. The Java Heap base address is the
#     maximum limit for the native heap growth. Please use -XX:HeapBaseMinAddress
#     to set the Java Heap base and to place the Java Heap above 4GB virtual address.
# This output file may be truncated or incomplete.
#
#  Out of Memory Error (./open/src/hotspot/share/memory/arena.cpp:197), pid=18792, tid=27808
#
# JRE version: Java(TM) SE Runtime Environment 18.9 (11.0.14+8) (build 11.0.14+8-LTS-263)
# Java VM: Java HotSpot(TM) 64-Bit Server VM 18.9 (11.0.14+8-LTS-263, mixed mode, tiered, compressed oops, g1 gc, windows-amd64)
# No core dump will be written. Minidumps are not enabled by default on client versions of Windows
#

---------------  S U M M A R Y ------------

Command Line: -ea -javaagent:C:\Users\amit\.m2\repository/org/aspectj/aspectjweaver/1.9.20.1/aspectjweaver-1.9.20.1.jar -Didea.test.cyclic.buffer.size=1048576 -javaagent:C:\Program Files\JetBrains\IntelliJ IDEA Community Edition 2024.3.1.1\lib\idea_rt.jar=3863:C:\Program Files\JetBrains\IntelliJ IDEA Community Edition 2024.3.1.1\bin -javaagent:C:\Users\amit\AppData\Local\JetBrains\IdeaIC2024.3\captureAgent\debugger-agent.jar -Dkotlinx.coroutines.debug.enable.creation.stack.trace=false -Ddebugger.agent.enable.coroutines=true -Dkotlinx.coroutines.debug.enable.flows.stack.trace=true -Dkotlinx.coroutines.debug.enable.mutable.state.flows.stack.trace=true -Dfile.encoding=UTF-8 com.intellij.rt.testng.RemoteTestNGStarter -usedefaultlisteners false -socket3862 @w@C:\Users\amit\AppData\Local\Temp\idea_working_dirs_testng.tmp -temp C:\Users\amit\AppData\Local\Temp\idea_testng.tmp

Host: Intel(R) Core(TM) i3-4005U CPU @ 1.70GHz, 4 cores, 7G,  Windows 10 , 64 bit Build 19041 (10.0.19041.5198)
Time: Tue Dec 24 21:11:41 2024 India Standard Time elapsed time: 128.891978 seconds (0d 0h 2m 8s)

---------------  T H R E A D  ---------------

Current thread (0x000001b3e6990000):  JavaThread "C2 CompilerThread0" daemon [_thread_in_native, id=27808, stack(0x00000041bf900000,0x00000041bfa00000)]


Current CompileTask:
C2: 128893 5976   !   4       freemarker.core.FMParserTokenManager::getNextToken (615 bytes)

Stack: [0x00000041bf900000,0x00000041bfa00000]
Native frames: (J=compiled Java code, j=interpreted, Vv=VM code, C=native code)
V  [jvm.dll+0x6296da]
V  [jvm.dll+0x76323f]
V  [jvm.dll+0x7648e9]
V  [jvm.dll+0x764f73]
V  [jvm.dll+0x23d7c8]
V  [jvm.dll+0xb297c]
V  [jvm.dll+0xb2f3c]
V  [jvm.dll+0x340e97]
V  [jvm.dll+0x18cb61]
V  [jvm.dll+0x1f8472]
V  [jvm.dll+0x1f754d]
V  [jvm.dll+0x177b21]
V  [jvm.dll+0x206e26]
V  [jvm.dll+0x204fbb]
V  [jvm.dll+0x729170]
V  [jvm.dll+0x721d44]
V  [jvm.dll+0x6285d6]
C  [ucrtbase.dll+0x21bb2]
C  [KERNEL32.DLL+0x17374]
C  [ntdll.dll+0x4cc91]


---------------  P R O C E S S  ---------------

Threads class SMR info:
_java_thread_list=0x000001b3e9ad1920, length=15, elements={
0x000001b3c8ac3000, 0x000001b3e69a2000, 0x000001b3e69a3800, 0x000001b3e6986800,
0x000001b3e698a000, 0x000001b3e698b000, 0x000001b3e6990000, 0x000001b3e6a00000,
0x000001b3e6a0c800, 0x000001b3e6112800, 0x000001b3e742c800, 0x000001b3e7d09000,
0x000001b3e7d09800, 0x000001b3ec53e800, 0x000001b3ec53f000
}

Java Threads: ( => current thread )
  0x000001b3c8ac3000 JavaThread "main" [_thread_in_vm, id=27416, stack(0x00000041bed00000,0x00000041bee00000)]
  0x000001b3e69a2000 JavaThread "Reference Handler" daemon [_thread_blocked, id=15564, stack(0x00000041bf400000,0x00000041bf500000)]
  0x000001b3e69a3800 JavaThread "Finalizer" daemon [_thread_blocked, id=23812, stack(0x00000041bf500000,0x00000041bf600000)]
  0x000001b3e6986800 JavaThread "Signal Dispatcher" daemon [_thread_blocked, id=15676, stack(0x00000041bf600000,0x00000041bf700000)]
  0x000001b3e698a000 JavaThread "Attach Listener" daemon [_thread_blocked, id=29536, stack(0x00000041bf700000,0x00000041bf800000)]
  0x000001b3e698b000 JavaThread "Service Thread" daemon [_thread_blocked, id=25868, stack(0x00000041bf800000,0x00000041bf900000)]
=>0x000001b3e6990000 JavaThread "C2 CompilerThread0" daemon [_thread_in_native, id=27808, stack(0x00000041bf900000,0x00000041bfa00000)]
  0x000001b3e6a00000 JavaThread "C1 CompilerThread0" daemon [_thread_blocked, id=20976, stack(0x00000041bfa00000,0x00000041bfb00000)]
  0x000001b3e6a0c800 JavaThread "Sweeper thread" daemon [_thread_blocked, id=24080, stack(0x00000041bfb00000,0x00000041bfc00000)]
  0x000001b3e6112800 JavaThread "Common-Cleaner" daemon [_thread_blocked, id=7844, stack(0x00000041bfc00000,0x00000041bfd00000)]
  0x000001b3e742c800 JavaThread "Monitor Ctrl-Break" daemon [_thread_in_native, id=8844, stack(0x00000041c0000000,0x00000041c0100000)]
  0x000001b3e7d09000 JavaThread "ForkJoinPool.commonPool-worker-5" daemon [_thread_blocked, id=1256, stack(0x00000041c0300000,0x00000041c0400000)]
  0x000001b3e7d09800 JavaThread "ForkJoinPool.commonPool-worker-7" daemon [_thread_blocked, id=22000, stack(0x00000041c0400000,0x00000041c0500000)]
  0x000001b3ec53e800 JavaThread "AsyncHttpClient-1-1" daemon [_thread_blocked, id=21588, stack(0x00000041c0500000,0x00000041c0600000)]
  0x000001b3ec53f000 JavaThread "AsyncHttpClient-1-2" daemon [_thread_in_native, id=30004, stack(0x00000041c0900000,0x00000041c0a00000)]

Other Threads:
  0x000001b3e6154800 VMThread "VM Thread" [stack: 0x00000041bf300000,0x00000041bf400000] [id=28524]
  0x000001b3e788e000 WatcherThread [stack: 0x00000041c0100000,0x00000041c0200000] [id=22244]
  0x000001b3c8ada800 GCTaskThread "GC Thread#0" [stack: 0x00000041bee00000,0x00000041bef00000] [id=22968]
  0x000001b3e7243800 GCTaskThread "GC Thread#1" [stack: 0x00000041bfd00000,0x00000041bfe00000] [id=8520]
  0x000001b3e7244800 GCTaskThread "GC Thread#2" [stack: 0x00000041bfe00000,0x00000041bff00000] [id=14340]
  0x000001b3ec558000 GCTaskThread "GC Thread#3" [stack: 0x00000041bff00000,0x00000041c0000000] [id=23224]
  0x000001b3c8b0b800 ConcurrentGCThread "G1 Main Marker" [stack: 0x00000041bef00000,0x00000041bf000000] [id=20136]
  0x000001b3c8b0c800 ConcurrentGCThread "G1 Conc#0" [stack: 0x00000041bf000000,0x00000041bf100000] [id=11320]
  0x000001b3c8b5e800 ConcurrentGCThread "G1 Refine#0" [stack: 0x00000041bf100000,0x00000041bf200000] [id=4156]
  0x000001b3e5fc3800 ConcurrentGCThread "G1 Young RemSet Sampling" [stack: 0x00000041bf200000,0x00000041bf300000] [id=22808]

Threads with active compile tasks:
C2 CompilerThread0 129930 5976   !   4       freemarker.core.FMParserTokenManager::getNextToken (615 bytes)

VM state:not at safepoint (normal execution)

VM Mutex/Monitor currently owned by a thread: None

Heap address: 0x0000000081800000, size: 2024 MB, Compressed Oops mode: 32-bit
Narrow klass base: 0x0000000000000000, Narrow klass shift: 3
Compressed class space size: 1073741824 Address: 0x0000000100000000

Heap:
 garbage-first heap   total 189440K, used 120989K [0x0000000081800000, 0x0000000100000000)
  region size 1024K, 12 young (12288K), 4 survivors (4096K)
 Metaspace       used 55438K, capacity 56932K, committed 57088K, reserved 1099776K
  class space    used 6492K, capacity 7141K, committed 7168K, reserved 1048576K
Heap Regions: E=young(eden), S=young(survivor), O=old, HS=humongous(starts), HC=humongous(continues), CS=collection set, F=free, A=archive, TAMS=top-at-mark-start (previous, next)
|   0|0x0000000081800000, 0x0000000081900000, 0x0000000081900000|100%|HS|  |TAMS 0x0000000081900000, 0x0000000081800000| Complete 
|   1|0x0000000081900000, 0x0000000081a00000, 0x0000000081a00000|100%| O|  |TAMS 0x0000000081a00000, 0x0000000081900000| Untracked 
|   2|0x0000000081a00000, 0x0000000081b00000, 0x0000000081b00000|100%| O|  |TAMS 0x0000000081b00000, 0x0000000081a00000| Untracked 
|   3|0x0000000081b00000, 0x0000000081c00000, 0x0000000081c00000|100%| O|  |TAMS 0x0000000081c00000, 0x0000000081b00000| Untracked 
|   4|0x0000000081c00000, 0x0000000081d00000, 0x0000000081d00000|100%| O|  |TAMS 0x0000000081d00000, 0x0000000081c00000| Untracked 
|   5|0x0000000081d00000, 0x0000000081e00000, 0x0000000081e00000|100%| O|  |TAMS 0x0000000081e00000, 0x0000000081d00000| Untracked 
|   6|0x0000000081e00000, 0x0000000081f00000, 0x0000000081f00000|100%| O|  |TAMS 0x0000000081f00000, 0x0000000081e00000| Untracked 
|   7|0x0000000081f00000, 0x0000000082000000, 0x0000000082000000|100%| O|  |TAMS 0x0000000082000000, 0x0000000081f00000| Untracked 
|   8|0x0000000082000000, 0x0000000082100000, 0x0000000082100000|100%| O|  |TAMS 0x0000000082100000, 0x0000000082000000| Untracked 
|   9|0x0000000082100000, 0x0000000082200000, 0x0000000082200000|100%| O|  |TAMS 0x0000000082200000, 0x0000000082100000| Untracked 
|  10|0x0000000082200000, 0x0000000082300000, 0x0000000082300000|100%| O|  |TAMS 0x0000000082300000, 0x0000000082200000| Untracked 
|  11|0x0000000082300000, 0x0000000082400000, 0x0000000082400000|100%| O|  |TAMS 0x0000000082400000, 0x0000000082300000| Untracked 
|  12|0x0000000082400000, 0x0000000082500000, 0x0000000082500000|100%| O|  |TAMS 0x0000000082500000, 0x0000000082400000| Untracked 
|  13|0x0000000082500000, 0x0000000082600000, 0x0000000082600000|100%| O|  |TAMS 0x0000000082600000, 0x0000000082500000| Untracked 
|  14|0x0000000082600000, 0x0000000082700000, 0x0000000082700000|100%| O|  |TAMS 0x0000000082700000, 0x0000000082600000| Untracked 
|  15|0x0000000082700000, 0x0000000082800000, 0x0000000082800000|100%| O|  |TAMS 0x0000000082800000, 0x0000000082700000| Untracked 
|  16|0x0000000082800000, 0x0000000082900000, 0x0000000082900000|100%| O|  |TAMS 0x0000000082900000, 0x0000000082800000| Untracked 
|  17|0x0000000082900000, 0x0000000082a00000, 0x0000000082a00000|100%| O|  |TAMS 0x0000000082a00000, 0x0000000082900000| Untracked 
|  18|0x0000000082a00000, 0x0000000082b00000, 0x0000000082b00000|100%| O|  |TAMS 0x0000000082b00000, 0x0000000082a00000| Untracked 
|  19|0x0000000082b00000, 0x0000000082c00000, 0x0000000082c00000|100%| O|  |TAMS 0x0000000082c00000, 0x0000000082b00000| Untracked 
|  20|0x0000000082c00000, 0x0000000082d00000, 0x0000000082d00000|100%| O|  |TAMS 0x0000000082d00000, 0x0000000082c00000| Untracked 
|  21|0x0000000082d00000, 0x0000000082e00000, 0x0000000082e00000|100%| O|  |TAMS 0x0000000082e00000, 0x0000000082d00000| Untracked 
|  22|0x0000000082e00000, 0x0000000082f00000, 0x0000000082f00000|100%| O|  |TAMS 0x0000000082f00000, 0x0000000082e00000| Untracked 
|  23|0x0000000082f00000, 0x0000000083000000, 0x0000000083000000|100%| O|  |TAMS 0x0000000083000000, 0x0000000082f00000| Untracked 
|  24|0x0000000083000000, 0x0000000083100000, 0x0000000083100000|100%| O|  |TAMS 0x0000000083100000, 0x0000000083000000| Untracked 
|  25|0x0000000083100000, 0x0000000083200000, 0x0000000083200000|100%| O|  |TAMS 0x0000000083200000, 0x0000000083100000| Untracked 
|  26|0x0000000083200000, 0x0000000083300000, 0x0000000083300000|100%| O|  |TAMS 0x0000000083300000, 0x0000000083200000| Untracked 
|  27|0x0000000083300000, 0x0000000083400000, 0x0000000083400000|100%| O|  |TAMS 0x0000000083400000, 0x0000000083300000| Untracked 
|  28|0x0000000083400000, 0x0000000083500000, 0x0000000083500000|100%| O|  |TAMS 0x0000000083500000, 0x0000000083400000| Untracked 
|  29|0x0000000083500000, 0x0000000083600000, 0x0000000083600000|100%| O|  |TAMS 0x0000000083600000, 0x0000000083500000| Untracked 
|  30|0x0000000083600000, 0x0000000083700000, 0x0000000083700000|100%| O|  |TAMS 0x0000000083700000, 0x0000000083600000| Untracked 
|  31|0x0000000083700000, 0x0000000083800000, 0x0000000083800000|100%| O|  |TAMS 0x0000000083800000, 0x0000000083700000| Untracked 
|  32|0x0000000083800000, 0x0000000083900000, 0x0000000083900000|100%| O|  |TAMS 0x0000000083900000, 0x0000000083800000| Untracked 
|  33|0x0000000083900000, 0x0000000083a00000, 0x0000000083a00000|100%| O|  |TAMS 0x0000000083a00000, 0x0000000083900000| Untracked 
|  34|0x0000000083a00000, 0x0000000083b00000, 0x0000000083b00000|100%| O|  |TAMS 0x0000000083b00000, 0x0000000083a00000| Untracked 
|  35|0x0000000083b00000, 0x0000000083c00000, 0x0000000083c00000|100%| O|  |TAMS 0x0000000083c00000, 0x0000000083b00000| Untracked 
|  36|0x0000000083c00000, 0x0000000083d00000, 0x0000000083d00000|100%| O|  |TAMS 0x0000000083d00000, 0x0000000083c00000| Untracked 
|  37|0x0000000083d00000, 0x0000000083e00000, 0x0000000083e00000|100%| O|  |TAMS 0x0000000083e00000, 0x0000000083d00000| Untracked 
|  38|0x0000000083e00000, 0x0000000083f00000, 0x0000000083f00000|100%| O|  |TAMS 0x0000000083f00000, 0x0000000083e00000| Untracked 
|  39|0x0000000083f00000, 0x0000000084000000, 0x0000000084000000|100%| O|  |TAMS 0x0000000084000000, 0x0000000083f00000| Untracked 
|  40|0x0000000084000000, 0x0000000084100000, 0x0000000084100000|100%| O|  |TAMS 0x0000000084100000, 0x0000000084000000| Untracked 
|  41|0x0000000084100000, 0x0000000084200000, 0x0000000084200000|100%| O|  |TAMS 0x0000000084200000, 0x0000000084100000| Untracked 
|  42|0x0000000084200000, 0x0000000084300000, 0x0000000084300000|100%| O|  |TAMS 0x0000000084300000, 0x0000000084200000| Untracked 
|  43|0x0000000084300000, 0x0000000084400000, 0x0000000084400000|100%| O|  |TAMS 0x0000000084400000, 0x0000000084300000| Untracked 
|  44|0x0000000084400000, 0x0000000084500000, 0x0000000084500000|100%| O|  |TAMS 0x0000000084500000, 0x0000000084400000| Untracked 
|  45|0x0000000084500000, 0x0000000084600000, 0x0000000084600000|100%| O|  |TAMS 0x0000000084600000, 0x0000000084500000| Untracked 
|  46|0x0000000084600000, 0x0000000084700000, 0x0000000084700000|100%| O|  |TAMS 0x0000000084700000, 0x0000000084600000| Untracked 
|  47|0x0000000084700000, 0x0000000084800000, 0x0000000084800000|100%| O|  |TAMS 0x0000000084800000, 0x0000000084700000| Untracked 
|  48|0x0000000084800000, 0x0000000084900000, 0x0000000084900000|100%| O|  |TAMS 0x0000000084900000, 0x0000000084800000| Untracked 
|  49|0x0000000084900000, 0x0000000084a00000, 0x0000000084a00000|100%| O|  |TAMS 0x0000000084a00000, 0x0000000084900000| Untracked 
|  50|0x0000000084a00000, 0x0000000084b00000, 0x0000000084b00000|100%| O|  |TAMS 0x0000000084b00000, 0x0000000084a00000| Untracked 
|  51|0x0000000084b00000, 0x0000000084c00000, 0x0000000084c00000|100%| O|  |TAMS 0x0000000084c00000, 0x0000000084b00000| Untracked 
|  52|0x0000000084c00000, 0x0000000084d00000, 0x0000000084d00000|100%| O|  |TAMS 0x0000000084d00000, 0x0000000084c00000| Untracked 
|  53|0x0000000084d00000, 0x0000000084e00000, 0x0000000084e00000|100%| O|  |TAMS 0x0000000084e00000, 0x0000000084d00000| Untracked 
|  54|0x0000000084e00000, 0x0000000084f00000, 0x0000000084f00000|100%| O|  |TAMS 0x0000000084f00000, 0x0000000084e00000| Untracked 
|  55|0x0000000084f00000, 0x0000000085000000, 0x0000000085000000|100%| O|  |TAMS 0x0000000085000000, 0x0000000084f00000| Untracked 
|  56|0x0000000085000000, 0x0000000085100000, 0x0000000085100000|100%| O|  |TAMS 0x0000000085100000, 0x0000000085000000| Untracked 
|  57|0x0000000085100000, 0x0000000085200000, 0x0000000085200000|100%| O|  |TAMS 0x0000000085200000, 0x0000000085100000| Untracked 
|  58|0x0000000085200000, 0x0000000085300000, 0x0000000085300000|100%| O|  |TAMS 0x0000000085300000, 0x0000000085200000| Untracked 
|  59|0x0000000085300000, 0x0000000085400000, 0x0000000085400000|100%| O|  |TAMS 0x0000000085400000, 0x0000000085300000| Untracked 
|  60|0x0000000085400000, 0x0000000085500000, 0x0000000085500000|100%| O|  |TAMS 0x0000000085500000, 0x0000000085400000| Untracked 
|  61|0x0000000085500000, 0x0000000085600000, 0x0000000085600000|100%| O|  |TAMS 0x0000000085600000, 0x0000000085500000| Untracked 
|  62|0x0000000085600000, 0x0000000085700000, 0x0000000085700000|100%| O|  |TAMS 0x0000000085700000, 0x0000000085600000| Untracked 
|  63|0x0000000085700000, 0x0000000085800000, 0x0000000085800000|100%| O|  |TAMS 0x0000000085800000, 0x0000000085700000| Untracked 
|  64|0x0000000085800000, 0x0000000085900000, 0x0000000085900000|100%| O|  |TAMS 0x0000000085900000, 0x0000000085800000| Untracked 
|  65|0x0000000085900000, 0x0000000085a00000, 0x0000000085a00000|100%| O|  |TAMS 0x0000000085a00000, 0x0000000085900000| Untracked 
|  66|0x0000000085a00000, 0x0000000085b00000, 0x0000000085b00000|100%| O|  |TAMS 0x0000000085b00000, 0x0000000085a00000| Untracked 
|  67|0x0000000085b00000, 0x0000000085c00000, 0x0000000085c00000|100%| O|  |TAMS 0x0000000085c00000, 0x0000000085b00000| Untracked 
|  68|0x0000000085c00000, 0x0000000085d00000, 0x0000000085d00000|100%| O|  |TAMS 0x0000000085d00000, 0x0000000085c00000| Untracked 
|  69|0x0000000085d00000, 0x0000000085e00000, 0x0000000085e00000|100%| O|  |TAMS 0x0000000085e00000, 0x0000000085d00000| Untracked 
|  70|0x0000000085e00000, 0x0000000085f00000, 0x0000000085f00000|100%| O|  |TAMS 0x0000000085f00000, 0x0000000085e00000| Untracked 
|  71|0x0000000085f00000, 0x0000000086000000, 0x0000000086000000|100%|HS|  |TAMS 0x0000000086000000, 0x0000000085f00000| Complete 
|  72|0x0000000086000000, 0x0000000086100000, 0x0000000086100000|100%|HC|  |TAMS 0x0000000086100000, 0x0000000086000000| Complete 
|  73|0x0000000086100000, 0x0000000086200000, 0x0000000086200000|100%|HC|  |TAMS 0x0000000086200000, 0x0000000086100000| Complete 
|  74|0x0000000086200000, 0x0000000086300000, 0x0000000086300000|100%|HC|  |TAMS 0x0000000086300000, 0x0000000086200000| Complete 
|  75|0x0000000086300000, 0x0000000086400000, 0x0000000086400000|100%|HC|  |TAMS 0x0000000086400000, 0x0000000086300000| Complete 
|  76|0x0000000086400000, 0x0000000086500000, 0x0000000086500000|100%| O|  |TAMS 0x0000000086500000, 0x0000000086400000| Untracked 
|  77|0x0000000086500000, 0x0000000086600000, 0x0000000086600000|100%| O|  |TAMS 0x0000000086600000, 0x0000000086500000| Untracked 
|  78|0x0000000086600000, 0x0000000086700000, 0x0000000086700000|100%| O|  |TAMS 0x0000000086700000, 0x0000000086600000| Untracked 
|  79|0x0000000086700000, 0x0000000086800000, 0x0000000086800000|100%| O|  |TAMS 0x0000000086800000, 0x0000000086700000| Untracked 
|  80|0x0000000086800000, 0x0000000086900000, 0x0000000086900000|100%| O|  |TAMS 0x0000000086900000, 0x0000000086800000| Untracked 
|  81|0x0000000086900000, 0x0000000086a00000, 0x0000000086a00000|100%| O|  |TAMS 0x0000000086a00000, 0x0000000086900000| Untracked 
|  82|0x0000000086a00000, 0x0000000086a48e00, 0x0000000086b00000| 28%| O|  |TAMS 0x0000000086a48e00, 0x0000000086a00000| Untracked 
|  83|0x0000000086b00000, 0x0000000086c00000, 0x0000000086c00000|100%|HS|  |TAMS 0x0000000086b00000, 0x0000000086b00000| Complete 
|  84|0x0000000086c00000, 0x0000000086c00000, 0x0000000086d00000|  0%| F|  |TAMS 0x0000000086c00000, 0x0000000086c00000| Untracked 
|  85|0x0000000086d00000, 0x0000000086e00000, 0x0000000086e00000|100%| O|  |TAMS 0x0000000086e00000, 0x0000000086d00000| Untracked 
|  86|0x0000000086e00000, 0x0000000086f00000, 0x0000000086f00000|100%| O|  |TAMS 0x0000000086f00000, 0x0000000086e00000| Untracked 
|  87|0x0000000086f00000, 0x0000000087000000, 0x0000000087000000|100%| O|  |TAMS 0x0000000087000000, 0x0000000086f00000| Untracked 
|  88|0x0000000087000000, 0x0000000087100000, 0x0000000087100000|100%| O|  |TAMS 0x0000000087100000, 0x0000000087000000| Untracked 
|  89|0x0000000087100000, 0x0000000087100000, 0x0000000087200000|  0%| F|  |TAMS 0x0000000087100000, 0x0000000087100000| Untracked 
|  90|0x0000000087200000, 0x0000000087300000, 0x0000000087300000|100%| O|  |TAMS 0x0000000087300000, 0x0000000087200000| Untracked 
|  91|0x0000000087300000, 0x0000000087400000, 0x0000000087400000|100%| O|  |TAMS 0x0000000087400000, 0x0000000087300000| Untracked 
|  92|0x0000000087400000, 0x0000000087500000, 0x0000000087500000|100%| O|  |TAMS 0x0000000087500000, 0x0000000087400000| Untracked 
|  93|0x0000000087500000, 0x0000000087600000, 0x0000000087600000|100%| O|  |TAMS 0x0000000087600000, 0x0000000087500000| Untracked 
|  94|0x0000000087600000, 0x0000000087700000, 0x0000000087700000|100%| O|  |TAMS 0x0000000087700000, 0x0000000087600000| Untracked 
|  95|0x0000000087700000, 0x0000000087800000, 0x0000000087800000|100%| O|  |TAMS 0x0000000087800000, 0x0000000087700000| Untracked 
|  96|0x0000000087800000, 0x0000000087900000, 0x0000000087900000|100%| O|  |TAMS 0x0000000087900000, 0x0000000087800000| Untracked 
|  97|0x0000000087900000, 0x0000000087a00000, 0x0000000087a00000|100%|HS|  |TAMS 0x0000000087900000, 0x0000000087900000| Complete 
|  98|0x0000000087a00000, 0x0000000087b00000, 0x0000000087b00000|100%|HC|  |TAMS 0x0000000087a00000, 0x0000000087a00000| Complete 
|  99|0x0000000087b00000, 0x0000000087c00000, 0x0000000087c00000|100%|HS|  |TAMS 0x0000000087b00000, 0x0000000087b00000| Complete 
| 100|0x0000000087c00000, 0x0000000087d00000, 0x0000000087d00000|100%|HC|  |TAMS 0x0000000087c00000, 0x0000000087c00000| Complete 
| 101|0x0000000087d00000, 0x0000000087e00000, 0x0000000087e00000|100%|HC|  |TAMS 0x0000000087d00000, 0x0000000087d00000| Complete 
| 102|0x0000000087e00000, 0x0000000087f00000, 0x0000000087f00000|100%|HC|  |TAMS 0x0000000087e00000, 0x0000000087e00000| Complete 
| 103|0x0000000087f00000, 0x0000000088000000, 0x0000000088000000|100%|HS|  |TAMS 0x0000000087f00000, 0x0000000087f00000| Complete 
| 104|0x0000000088000000, 0x0000000088100000, 0x0000000088100000|100%|HC|  |TAMS 0x0000000088000000, 0x0000000088000000| Complete 
| 105|0x0000000088100000, 0x0000000088200000, 0x0000000088200000|100%|HC|  |TAMS 0x0000000088100000, 0x0000000088100000| Complete 
| 106|0x0000000088200000, 0x0000000088300000, 0x0000000088300000|100%|HC|  |TAMS 0x0000000088200000, 0x0000000088200000| Complete 
| 107|0x0000000088300000, 0x0000000088300000, 0x0000000088400000|  0%| F|  |TAMS 0x0000000088300000, 0x0000000088300000| Untracked 
| 108|0x0000000088400000, 0x0000000088400000, 0x0000000088500000|  0%| F|  |TAMS 0x0000000088400000, 0x0000000088400000| Untracked 
| 109|0x0000000088500000, 0x0000000088500000, 0x0000000088600000|  0%| F|  |TAMS 0x0000000088500000, 0x0000000088500000| Untracked 
| 110|0x0000000088600000, 0x0000000088600000, 0x0000000088700000|  0%| F|  |TAMS 0x0000000088600000, 0x0000000088600000| Untracked 
| 111|0x0000000088700000, 0x0000000088800000, 0x0000000088800000|100%|HS|  |TAMS 0x0000000088800000, 0x0000000088700000| Complete 
| 112|0x0000000088800000, 0x0000000088900000, 0x0000000088900000|100%|HS|  |TAMS 0x0000000088900000, 0x0000000088800000| Complete 
| 113|0x0000000088900000, 0x0000000088a00000, 0x0000000088a00000|100%|HS|  |TAMS 0x0000000088a00000, 0x0000000088900000| Complete 
| 114|0x0000000088a00000, 0x0000000088a00000, 0x0000000088b00000|  0%| F|  |TAMS 0x0000000088a00000, 0x0000000088a00000| Untracked 
| 115|0x0000000088b00000, 0x0000000088b00000, 0x0000000088c00000|  0%| F|  |TAMS 0x0000000088b00000, 0x0000000088b00000| Untracked 
| 116|0x0000000088c00000, 0x0000000088c00000, 0x0000000088d00000|  0%| F|  |TAMS 0x0000000088c00000, 0x0000000088c00000| Untracked 
| 117|0x0000000088d00000, 0x0000000088d00000, 0x0000000088e00000|  0%| F|  |TAMS 0x0000000088d00000, 0x0000000088d00000| Untracked 
| 118|0x0000000088e00000, 0x0000000088e00000, 0x0000000088f00000|  0%| F|  |TAMS 0x0000000088e00000, 0x0000000088e00000| Untracked 
| 119|0x0000000088f00000, 0x0000000088f00000, 0x0000000089000000|  0%| F|  |TAMS 0x0000000088f00000, 0x0000000088f00000| Untracked 
| 120|0x0000000089000000, 0x0000000089000000, 0x0000000089100000|  0%| F|  |TAMS 0x0000000089000000, 0x0000000089000000| Untracked 
| 121|0x0000000089100000, 0x0000000089100000, 0x0000000089200000|  0%| F|  |TAMS 0x0000000089100000, 0x0000000089100000| Untracked 
| 122|0x0000000089200000, 0x0000000089200000, 0x0000000089300000|  0%| F|  |TAMS 0x0000000089200000, 0x0000000089200000| Untracked 
| 123|0x0000000089300000, 0x0000000089300000, 0x0000000089400000|  0%| F|  |TAMS 0x0000000089300000, 0x0000000089300000| Untracked 
| 124|0x0000000089400000, 0x0000000089400000, 0x0000000089500000|  0%| F|  |TAMS 0x0000000089400000, 0x0000000089400000| Untracked 
| 125|0x0000000089500000, 0x0000000089500000, 0x0000000089600000|  0%| F|  |TAMS 0x0000000089500000, 0x0000000089500000| Untracked 
| 126|0x0000000089600000, 0x0000000089600000, 0x0000000089700000|  0%| F|  |TAMS 0x0000000089600000, 0x0000000089600000| Untracked 
| 127|0x0000000089700000, 0x0000000089700000, 0x0000000089800000|  0%| F|  |TAMS 0x0000000089700000, 0x0000000089700000| Untracked 
| 128|0x0000000089800000, 0x0000000089800000, 0x0000000089900000|  0%| F|  |TAMS 0x0000000089800000, 0x0000000089800000| Untracked 
| 129|0x0000000089900000, 0x0000000089900000, 0x0000000089a00000|  0%| F|  |TAMS 0x0000000089900000, 0x0000000089900000| Untracked 
| 130|0x0000000089a00000, 0x0000000089a00000, 0x0000000089b00000|  0%| F|  |TAMS 0x0000000089a00000, 0x0000000089a00000| Untracked 
| 131|0x0000000089b00000, 0x0000000089b00000, 0x0000000089c00000|  0%| F|  |TAMS 0x0000000089b00000, 0x0000000089b00000| Untracked 
| 132|0x0000000089c00000, 0x0000000089c00000, 0x0000000089d00000|  0%| F|  |TAMS 0x0000000089c00000, 0x0000000089c00000| Untracked 
| 133|0x0000000089d00000, 0x0000000089d00000, 0x0000000089e00000|  0%| F|  |TAMS 0x0000000089d00000, 0x0000000089d00000| Untracked 
| 134|0x0000000089e00000, 0x0000000089ede6a8, 0x0000000089f00000| 86%| S|CS|TAMS 0x0000000089e00000, 0x0000000089e00000| Complete 
| 135|0x0000000089f00000, 0x000000008a000000, 0x000000008a000000|100%| S|CS|TAMS 0x0000000089f00000, 0x0000000089f00000| Complete 
| 136|0x000000008a000000, 0x000000008a100000, 0x000000008a100000|100%| S|CS|TAMS 0x000000008a000000, 0x000000008a000000| Complete 
| 137|0x000000008a100000, 0x000000008a100000, 0x000000008a200000|  0%| F|  |TAMS 0x000000008a100000, 0x000000008a100000| Untracked 
| 138|0x000000008a200000, 0x000000008a200000, 0x000000008a300000|  0%| F|  |TAMS 0x000000008a200000, 0x000000008a200000| Untracked 
| 139|0x000000008a300000, 0x000000008a300000, 0x000000008a400000|  0%| F|  |TAMS 0x000000008a300000, 0x000000008a300000| Untracked 
| 140|0x000000008a400000, 0x000000008a400000, 0x000000008a500000|  0%| F|  |TAMS 0x000000008a400000, 0x000000008a400000| Untracked 
| 141|0x000000008a500000, 0x000000008a600000, 0x000000008a600000|100%| S|CS|TAMS 0x000000008a500000, 0x000000008a500000| Complete 
| 142|0x000000008a600000, 0x000000008a600000, 0x000000008a700000|  0%| F|  |TAMS 0x000000008a600000, 0x000000008a600000| Untracked 
| 143|0x000000008a700000, 0x000000008a700000, 0x000000008a800000|  0%| F|  |TAMS 0x000000008a700000, 0x000000008a700000| Untracked 
| 144|0x000000008a800000, 0x000000008a800000, 0x000000008a900000|  0%| F|  |TAMS 0x000000008a800000, 0x000000008a800000| Untracked 
| 145|0x000000008a900000, 0x000000008a900000, 0x000000008aa00000|  0%| F|  |TAMS 0x000000008a900000, 0x000000008a900000| Untracked 
| 146|0x000000008aa00000, 0x000000008aa00000, 0x000000008ab00000|  0%| F|  |TAMS 0x000000008aa00000, 0x000000008aa00000| Untracked 
| 147|0x000000008ab00000, 0x000000008ab00000, 0x000000008ac00000|  0%| F|  |TAMS 0x000000008ab00000, 0x000000008ab00000| Untracked 
| 148|0x000000008ac00000, 0x000000008ac00000, 0x000000008ad00000|  0%| F|  |TAMS 0x000000008ac00000, 0x000000008ac00000| Untracked 
| 149|0x000000008ad00000, 0x000000008ad00000, 0x000000008ae00000|  0%| F|  |TAMS 0x000000008ad00000, 0x000000008ad00000| Untracked 
| 150|0x000000008ae00000, 0x000000008ae00000, 0x000000008af00000|  0%| F|  |TAMS 0x000000008ae00000, 0x000000008ae00000| Untracked 
| 151|0x000000008af00000, 0x000000008af00000, 0x000000008b000000|  0%| F|  |TAMS 0x000000008af00000, 0x000000008af00000| Untracked 
| 152|0x000000008b000000, 0x000000008b000000, 0x000000008b100000|  0%| F|  |TAMS 0x000000008b000000, 0x000000008b000000| Untracked 
| 153|0x000000008b100000, 0x000000008b100000, 0x000000008b200000|  0%| F|  |TAMS 0x000000008b100000, 0x000000008b100000| Untracked 
| 154|0x000000008b200000, 0x000000008b200000, 0x000000008b300000|  0%| F|  |TAMS 0x000000008b200000, 0x000000008b200000| Untracked 
| 155|0x000000008b300000, 0x000000008b300000, 0x000000008b400000|  0%| F|  |TAMS 0x000000008b300000, 0x000000008b300000| Untracked 
| 156|0x000000008b400000, 0x000000008b400000, 0x000000008b500000|  0%| F|  |TAMS 0x000000008b400000, 0x000000008b400000| Untracked 
| 157|0x000000008b500000, 0x000000008b500000, 0x000000008b600000|  0%| F|  |TAMS 0x000000008b500000, 0x000000008b500000| Untracked 
| 158|0x000000008b600000, 0x000000008b600000, 0x000000008b700000|  0%| F|  |TAMS 0x000000008b600000, 0x000000008b600000| Untracked 
| 159|0x000000008b700000, 0x000000008b700000, 0x000000008b800000|  0%| F|  |TAMS 0x000000008b700000, 0x000000008b700000| Untracked 
| 160|0x000000008b800000, 0x000000008b800000, 0x000000008b900000|  0%| F|  |TAMS 0x000000008b800000, 0x000000008b800000| Untracked 
| 161|0x000000008b900000, 0x000000008b900000, 0x000000008ba00000|  0%| F|  |TAMS 0x000000008b900000, 0x000000008b900000| Untracked 
| 162|0x000000008ba00000, 0x000000008ba00000, 0x000000008bb00000|  0%| F|  |TAMS 0x000000008ba00000, 0x000000008ba00000| Untracked 
| 163|0x000000008bb00000, 0x000000008bb00000, 0x000000008bc00000|  0%| F|  |TAMS 0x000000008bb00000, 0x000000008bb00000| Untracked 
| 164|0x000000008bc00000, 0x000000008bc00000, 0x000000008bd00000|  0%| F|  |TAMS 0x000000008bc00000, 0x000000008bc00000| Untracked 
| 165|0x000000008bd00000, 0x000000008bd00000, 0x000000008be00000|  0%| F|  |TAMS 0x000000008bd00000, 0x000000008bd00000| Untracked 
| 166|0x000000008be00000, 0x000000008be00000, 0x000000008bf00000|  0%| F|  |TAMS 0x000000008be00000, 0x000000008be00000| Untracked 
| 167|0x000000008bf00000, 0x000000008bf00000, 0x000000008c000000|  0%| F|  |TAMS 0x000000008bf00000, 0x000000008bf00000| Untracked 
| 168|0x000000008c000000, 0x000000008c000000, 0x000000008c100000|  0%| F|  |TAMS 0x000000008c000000, 0x000000008c000000| Untracked 
| 169|0x000000008c100000, 0x000000008c100000, 0x000000008c200000|  0%| F|  |TAMS 0x000000008c100000, 0x000000008c100000| Untracked 
| 170|0x000000008c200000, 0x000000008c200000, 0x000000008c300000|  0%| F|  |TAMS 0x000000008c200000, 0x000000008c200000| Untracked 
| 171|0x000000008c300000, 0x000000008c300000, 0x000000008c400000|  0%| F|  |TAMS 0x000000008c300000, 0x000000008c300000| Untracked 
| 172|0x000000008c400000, 0x000000008c400000, 0x000000008c500000|  0%| F|  |TAMS 0x000000008c400000, 0x000000008c400000| Untracked 
| 173|0x000000008c500000, 0x000000008c500000, 0x000000008c600000|  0%| F|  |TAMS 0x000000008c500000, 0x000000008c500000| Untracked 
| 174|0x000000008c600000, 0x000000008c600000, 0x000000008c700000|  0%| F|  |TAMS 0x000000008c600000, 0x000000008c600000| Untracked 
| 175|0x000000008c700000, 0x000000008c700000, 0x000000008c800000|  0%| F|  |TAMS 0x000000008c700000, 0x000000008c700000| Untracked 
| 176|0x000000008c800000, 0x000000008c800000, 0x000000008c900000|  0%| F|  |TAMS 0x000000008c800000, 0x000000008c800000| Untracked 
| 177|0x000000008c900000, 0x000000008c980800, 0x000000008ca00000| 50%| E|  |TAMS 0x000000008c900000, 0x000000008c900000| Complete 
| 178|0x000000008ca00000, 0x000000008cb00000, 0x000000008cb00000|100%| E|CS|TAMS 0x000000008ca00000, 0x000000008ca00000| Complete 
| 179|0x000000008cb00000, 0x000000008cc00000, 0x000000008cc00000|100%| E|CS|TAMS 0x000000008cb00000, 0x000000008cb00000| Complete 
| 180|0x000000008cc00000, 0x000000008cd00000, 0x000000008cd00000|100%| E|CS|TAMS 0x000000008cc00000, 0x000000008cc00000| Complete 
| 181|0x000000008cd00000, 0x000000008ce00000, 0x000000008ce00000|100%| E|CS|TAMS 0x000000008cd00000, 0x000000008cd00000| Complete 
| 182|0x000000008ce00000, 0x000000008cf00000, 0x000000008cf00000|100%| E|CS|TAMS 0x000000008ce00000, 0x000000008ce00000| Complete 
| 183|0x000000008cf00000, 0x000000008d000000, 0x000000008d000000|100%| E|CS|TAMS 0x000000008cf00000, 0x000000008cf00000| Complete 
| 184|0x000000008d000000, 0x000000008d100000, 0x000000008d100000|100%| E|CS|TAMS 0x000000008d000000, 0x000000008d000000| Complete 

Card table byte_map: [0x000001b3df500000,0x000001b3df900000] _byte_map_base: 0x000001b3df0f4000

Marking Bits (Prev, Next): (CMBitMap*) 0x000001b3c8b02990, (CMBitMap*) 0x000001b3c8b02958
 Prev Bits: [0x000001b3e1ca0000, 0x000001b3e3c40000)
 Next Bits: [0x000001b3dfd00000, 0x000001b3e1ca0000)

Polling page: 0x000001b3c6800000

Metaspace:

Usage:
  Non-class:     48.62 MB capacity,    47.80 MB ( 98%) used,   654.29 KB (  1%) free+waste,   186.56 KB ( <1%) overhead. 
      Class:      6.97 MB capacity,     6.34 MB ( 91%) used,   551.93 KB (  8%) free+waste,    96.13 KB (  1%) overhead. 
       Both:     55.60 MB capacity,    54.14 MB ( 97%) used,     1.18 MB (  2%) free+waste,   282.69 KB ( <1%) overhead. 

Virtual space:
  Non-class space:       50.00 MB reserved,      48.75 MB ( 98%) committed 
      Class space:        1.00 GB reserved,       7.00 MB ( <1%) committed 
             Both:        1.05 GB reserved,      55.75 MB (  5%) committed 

Chunk freelists:
   Non-Class:  128 bytes
       Class:  0 bytes
        Both:  128 bytes

CodeHeap 'non-profiled nmethods': size=120064Kb used=5147Kb max_used=5147Kb free=114916Kb
 bounds [0x000001b3d7bc0000, 0x000001b3d80d0000, 0x000001b3df100000]
CodeHeap 'profiled nmethods': size=120000Kb used=14084Kb max_used=14084Kb free=105915Kb
 bounds [0x000001b3d0690000, 0x000001b3d1460000, 0x000001b3d7bc0000]
CodeHeap 'non-nmethods': size=5696Kb used=1265Kb max_used=1298Kb free=4430Kb
 bounds [0x000001b3d0100000, 0x000001b3d0370000, 0x000001b3d0690000]
 total_blobs=6623 nmethods=5962 adapters=572
 compilation: enabled
              stopped_count=0, restarted_count=0
 full_count=0

Compilation events (10 events):
Event: 128.697 Thread 0x000001b3e6a00000 6027   !   3       freemarker.core.EvalUtil::coerceModelToStringOrMarkup (112 bytes)
Event: 128.699 Thread 0x000001b3e6a00000 nmethod 6027 0x000001b3d1437110 code [0x000001b3d1437400, 0x000001b3d14386e8]
Event: 128.700 Thread 0x000001b3e6a00000 6031       3       jdk.internal.reflect.ClassFileAssembler::getLength (11 bytes)
Event: 128.700 Thread 0x000001b3e6a00000 nmethod 6031 0x000001b3d1438e10 code [0x000001b3d1438fc0, 0x000001b3d1439178]
Event: 128.700 Thread 0x000001b3e6a00000 6032       3       freemarker.ext.beans.BeansWrapper::wrap (18 bytes)
Event: 128.700 Thread 0x000001b3e6a00000 nmethod 6032 0x000001b3d1439290 code [0x000001b3d1439440, 0x000001b3d1439648]
Event: 128.700 Thread 0x000001b3e6a00000 6029       3       freemarker.template.SimpleScalar::getAsString (17 bytes)
Event: 128.700 Thread 0x000001b3e6a00000 nmethod 6029 0x000001b3d1439710 code [0x000001b3d14398a0, 0x000001b3d14399f8]
Event: 128.701 Thread 0x000001b3e6a00000 6030       1       java.util.Collections$SingletonList::size (2 bytes)
Event: 128.701 Thread 0x000001b3e6a00000 nmethod 6030 0x000001b3d80c5d10 code [0x000001b3d80c5ea0, 0x000001b3d80c5f58]

GC Heap History (10 events):
Event: 122.247 GC heap before
{Heap before GC invocations=26 (full 0):
 garbage-first heap   total 189440K, used 112101K [0x0000000081800000, 0x0000000100000000)
  region size 1024K, 16 young (16384K), 4 survivors (4096K)
 Metaspace       used 52181K, capacity 53673K, committed 53888K, reserved 1095680K
  class space    used 6054K, capacity 6695K, committed 6784K, reserved 1048576K
}
Event: 122.252 GC heap after
{Heap after GC invocations=27 (full 0):
 garbage-first heap   total 189440K, used 99187K [0x0000000081800000, 0x0000000100000000)
  region size 1024K, 3 young (3072K), 3 survivors (3072K)
 Metaspace       used 52181K, capacity 53673K, committed 53888K, reserved 1095680K
  class space    used 6054K, capacity 6695K, committed 6784K, reserved 1048576K
}
Event: 123.343 GC heap before
{Heap before GC invocations=28 (full 0):
 garbage-first heap   total 189440K, used 116595K [0x0000000081800000, 0x0000000100000000)
  region size 1024K, 6 young (6144K), 3 survivors (3072K)
 Metaspace       used 52224K, capacity 53673K, committed 53888K, reserved 1095680K
  class space    used 6055K, capacity 6695K, committed 6784K, reserved 1048576K
}
Event: 123.348 GC heap after
{Heap after GC invocations=29 (full 0):
 garbage-first heap   total 189440K, used 100274K [0x0000000081800000, 0x0000000100000000)
  region size 1024K, 3 young (3072K), 3 survivors (3072K)
 Metaspace       used 52224K, capacity 53673K, committed 53888K, reserved 1095680K
  class space    used 6055K, capacity 6695K, committed 6784K, reserved 1048576K
}
Event: 124.667 GC heap before
{Heap before GC invocations=30 (full 0):
 garbage-first heap   total 189440K, used 119730K [0x0000000081800000, 0x0000000100000000)
  region size 1024K, 7 young (7168K), 3 survivors (3072K)
 Metaspace       used 52273K, capacity 53740K, committed 53888K, reserved 1095680K
  class space    used 6056K, capacity 6696K, committed 6784K, reserved 1048576K
}
Event: 124.672 GC heap after
{Heap after GC invocations=31 (full 0):
 garbage-first heap   total 189440K, used 100925K [0x0000000081800000, 0x0000000100000000)
  region size 1024K, 3 young (3072K), 3 survivors (3072K)
 Metaspace       used 52273K, capacity 53740K, committed 53888K, reserved 1095680K
  class space    used 6056K, capacity 6696K, committed 6784K, reserved 1048576K
}
Event: 126.576 GC heap before
{Heap before GC invocations=32 (full 0):
 garbage-first heap   total 189440K, used 159293K [0x0000000081800000, 0x0000000100000000)
  region size 1024K, 44 young (45056K), 3 survivors (3072K)
 Metaspace       used 53595K, capacity 55108K, committed 55296K, reserved 1097728K
  class space    used 6214K, capacity 6882K, committed 6912K, reserved 1048576K
}
Event: 126.589 GC heap after
{Heap after GC invocations=33 (full 0):
 garbage-first heap   total 189440K, used 103175K [0x0000000081800000, 0x0000000100000000)
  region size 1024K, 4 young (4096K), 4 survivors (4096K)
 Metaspace       used 53595K, capacity 55108K, committed 55296K, reserved 1097728K
  class space    used 6214K, capacity 6882K, committed 6912K, reserved 1048576K
}
Event: 128.358 GC heap before
{Heap before GC invocations=33 (full 0):
 garbage-first heap   total 189440K, used 147207K [0x0000000081800000, 0x0000000100000000)
  region size 1024K, 47 young (48128K), 4 survivors (4096K)
 Metaspace       used 54994K, capacity 56502K, committed 56832K, reserved 1099776K
  class space    used 6442K, capacity 7084K, committed 7168K, reserved 1048576K
}
Event: 128.369 GC heap after
{Heap after GC invocations=34 (full 0):
 garbage-first heap   total 189440K, used 102557K [0x0000000081800000, 0x0000000100000000)
  region size 1024K, 4 young (4096K), 4 survivors (4096K)
 Metaspace       used 54994K, capacity 56502K, committed 56832K, reserved 1099776K
  class space    used 6442K, capacity 7084K, committed 7168K, reserved 1048576K
}

Deoptimization events (10 events):
Event: 127.688 Thread 0x000001b3c8ac3000 Uncommon trap: reason=unstable_if action=reinterpret pc=0x000001b3d7be79ec method=java.lang.String.getBytes([BIB)V @ 5 c2
Event: 127.688 Thread 0x000001b3c8ac3000 Uncommon trap: reason=unstable_if action=reinterpret pc=0x000001b3d7c0a320 method=java.lang.AbstractStringBuilder.isLatin1()Z @ 10 c2
Event: 127.722 Thread 0x000001b3c8ac3000 Uncommon trap: reason=unstable_if action=reinterpret pc=0x000001b3d7db417c method=java.lang.String.codePointAt(I)I @ 4 c2
Event: 127.740 Thread 0x000001b3c8ac3000 Uncommon trap: reason=unstable_if action=reinterpret pc=0x000001b3d7c18dfc method=java.lang.String.substring(II)Ljava/lang/String; @ 31 c2
Event: 127.743 Thread 0x000001b3c8ac3000 Uncommon trap: reason=unstable_if action=reinterpret pc=0x000001b3d7bcb344 method=java.lang.String.isLatin1()Z @ 10 c2
Event: 128.130 Thread 0x000001b3c8ac3000 Uncommon trap: reason=class_check action=maybe_recompile pc=0x000001b3d7fa2c8c method=jdk.internal.loader.BuiltinClassLoader.loadClassOrNull(Ljava/lang/String;Z)Ljava/lang/Class; @ 66 c2
Event: 128.174 Thread 0x000001b3c8ac3000 Uncommon trap: reason=class_check action=maybe_recompile pc=0x000001b3d7fa2c8c method=jdk.internal.loader.BuiltinClassLoader.loadClassOrNull(Ljava/lang/String;Z)Ljava/lang/Class; @ 66 c2
Event: 128.176 Thread 0x000001b3c8ac3000 Uncommon trap: reason=class_check action=maybe_recompile pc=0x000001b3d7fa2c8c method=jdk.internal.loader.BuiltinClassLoader.loadClassOrNull(Ljava/lang/String;Z)Ljava/lang/Class; @ 66 c2
Event: 128.302 Thread 0x000001b3c8ac3000 Uncommon trap: reason=unstable_if action=reinterpret pc=0x000001b3d80b5b08 method=sun.nio.cs.UTF_8$Decoder.decodeArrayLoop(Ljava/nio/ByteBuffer;Ljava/nio/CharBuffer;)Ljava/nio/charset/CoderResult; @ 110 c2
Event: 128.459 Thread 0x000001b3c8ac3000 Uncommon trap: reason=unstable_if action=reinterpret pc=0x000001b3d80254dc method=sun.nio.cs.UTF_8$Decoder.decodeArrayLoop(Ljava/nio/ByteBuffer;Ljava/nio/CharBuffer;)Ljava/nio/charset/CoderResult; @ 110 c2

Classes redefined (1 events):
Event: 5.272 Thread 0x000001b3e6154800 redefined class name=java.lang.Throwable, count=1

Internal exceptions (10 events):
Event: 128.377 Thread 0x000001b3c8ac3000 Exception <a 'java/lang/ClassNotFoundException'{0x000000008d05f538}: com/aventstack/extentreports/model/LogBeanInfo> (0x000000008d05f538) thrown at [./open/src/hotspot/share/classfile/systemDictionary.cpp, line 226]
Event: 128.378 Thread 0x000001b3c8ac3000 Exception <a 'java/lang/ClassNotFoundException'{0x000000008d0827b8}: com/aventstack/extentreports/model/LogCustomizer> (0x000000008d0827b8) thrown at [./open/src/hotspot/share/classfile/systemDictionary.cpp, line 226]
Event: 128.387 Thread 0x000001b3c8ac3000 Exception <a 'java/lang/ClassNotFoundException'{0x000000008d0ba498}: com/aventstack/extentreports/model/ScreenCaptureBeanInfo> (0x000000008d0ba498) thrown at [./open/src/hotspot/share/classfile/systemDictionary.cpp, line 226]
Event: 128.388 Thread 0x000001b3c8ac3000 Exception <a 'java/lang/ClassNotFoundException'{0x000000008d0dd290}: com/aventstack/extentreports/model/MediaBeanInfo> (0x000000008d0dd290) thrown at [./open/src/hotspot/share/classfile/systemDictionary.cpp, line 226]
Event: 128.390 Thread 0x000001b3c8ac3000 Exception <a 'java/lang/ClassNotFoundException'{0x000000008cf00f70}: com/aventstack/extentreports/model/MediaCustomizer> (0x000000008cf00f70) thrown at [./open/src/hotspot/share/classfile/systemDictionary.cpp, line 226]
Event: 128.393 Thread 0x000001b3c8ac3000 Exception <a 'java/lang/ClassNotFoundException'{0x000000008cf2e9c0}: com/aventstack/extentreports/model/ScreenCaptureCustomizer> (0x000000008cf2e9c0) thrown at [./open/src/hotspot/share/classfile/systemDictionary.cpp, line 226]
Event: 128.583 Thread 0x000001b3c8ac3000 Exception <a 'java/lang/ClassNotFoundException'{0x000000008cc7fec0}: java/util/concurrent/ConcurrentHashMapBeanInfo> (0x000000008cc7fec0) thrown at [./open/src/hotspot/share/classfile/systemDictionary.cpp, line 226]
Event: 128.583 Thread 0x000001b3c8ac3000 Exception <a 'java/lang/ClassNotFoundException'{0x000000008cc81168}: java/util/AbstractMapBeanInfo> (0x000000008cc81168) thrown at [./open/src/hotspot/share/classfile/systemDictionary.cpp, line 226]
Event: 128.583 Thread 0x000001b3c8ac3000 Exception <a 'java/lang/ClassNotFoundException'{0x000000008cc82438}: java/util/AbstractMapCustomizer> (0x000000008cc82438) thrown at [./open/src/hotspot/share/classfile/systemDictionary.cpp, line 226]
Event: 128.585 Thread 0x000001b3c8ac3000 Exception <a 'java/lang/ClassNotFoundException'{0x000000008cc8da50}: java/util/concurrent/ConcurrentHashMapCustomizer> (0x000000008cc8da50) thrown at [./open/src/hotspot/share/classfile/systemDictionary.cpp, line 226]

Events (10 events):
Event: 128.685 loading class sun/reflect/generics/tree/DoubleSignature done
Event: 128.699 loading class freemarker/core/BuiltInsForStringsRegexp$replace_reBI$ReplaceMethod
Event: 128.699 loading class freemarker/core/BuiltInsForStringsRegexp$replace_reBI$ReplaceMethod done
Event: 128.702 loading class java/util/ArrayList$ListItr
Event: 128.714 loading class java/util/ArrayList$ListItr done
Event: 128.715 Executing VM operation: Deoptimize
Event: 128.715 Executing VM operation: Deoptimize done
Event: 128.716 loading class freemarker/core/RegexpHelper
Event: 128.716 loading class freemarker/core/RegexpHelper done
Event: 128.718 loading class java/util/regex/PatternSyntaxException


Dynamic libraries:
0x00007ff685150000 - 0x00007ff68515f000 	C:\Program Files\Java\jdk-11.0.14\bin\java.exe
0x00007ffe96930000 - 0x00007ffe96b28000 	C:\WINDOWS\SYSTEM32\ntdll.dll
0x00007ffe953d0000 - 0x00007ffe95492000 	C:\WINDOWS\System32\KERNEL32.DLL
0x00007ffe941f0000 - 0x00007ffe944ee000 	C:\WINDOWS\System32\KERNELBASE.dll
0x00007ffe940f0000 - 0x00007ffe941f0000 	C:\WINDOWS\System32\ucrtbase.dll
0x00007ffe8ec60000 - 0x00007ffe8ec78000 	C:\Program Files\Java\jdk-11.0.14\bin\jli.dll
0x00007ffe962d0000 - 0x00007ffe96381000 	C:\WINDOWS\System32\ADVAPI32.dll
0x00007ffe95a20000 - 0x00007ffe95abe000 	C:\WINDOWS\System32\msvcrt.dll
0x00007ffe95500000 - 0x00007ffe9559f000 	C:\WINDOWS\System32\sechost.dll
0x00007ffe96550000 - 0x00007ffe96673000 	C:\WINDOWS\System32\RPCRT4.dll
0x00007ffe945f0000 - 0x00007ffe94617000 	C:\WINDOWS\System32\bcrypt.dll
0x00007ffe96100000 - 0x00007ffe9629d000 	C:\WINDOWS\System32\USER32.dll
0x00007ffe94070000 - 0x00007ffe94092000 	C:\WINDOWS\System32\win32u.dll
0x00007ffe963f0000 - 0x00007ffe9641b000 	C:\WINDOWS\System32\GDI32.dll
0x00007ffe94620000 - 0x00007ffe94737000 	C:\WINDOWS\System32\gdi32full.dll
0x00007ffe93fd0000 - 0x00007ffe9406d000 	C:\WINDOWS\System32\msvcp_win.dll
0x00007ffe817d0000 - 0x00007ffe81a6a000 	C:\WINDOWS\WinSxS\amd64_microsoft.windows.common-controls_6595b64144ccf1df_6.0.19041.4355_none_60b8b9eb71f62e16\COMCTL32.dll
0x00007ffe93b40000 - 0x00007ffe93b4a000 	C:\WINDOWS\SYSTEM32\VERSION.dll
0x00007ffe8e370000 - 0x00007ffe8e385000 	C:\Program Files\Java\jdk-11.0.14\bin\VCRUNTIME140.dll
0x00007ffe962a0000 - 0x00007ffe962cf000 	C:\WINDOWS\System32\IMM32.DLL
0x0000000050100000 - 0x000000005010c000 	C:\Program Files (x86)\360\Total Security\safemon\SafeWrapper.dll
0x00007ffe5e060000 - 0x00007ffe5e10c000 	C:\Program Files (x86)\360\Total Security\safemon\libzdtp64.dll
0x00007ffe94c60000 - 0x00007ffe953cd000 	C:\WINDOWS\System32\SHELL32.dll
0x00007ffe954a0000 - 0x00007ffe954f5000 	C:\WINDOWS\System32\SHLWAPI.dll
0x00007ffe5cc40000 - 0x00007ffe5ccdb000 	C:\Program Files\Java\jdk-11.0.14\bin\msvcp140.dll
0x00007ffe21a20000 - 0x00007ffe22536000 	C:\Program Files\Java\jdk-11.0.14\bin\server\jvm.dll
0x00007ffe94a40000 - 0x00007ffe94a48000 	C:\WINDOWS\System32\PSAPI.DLL
0x00007ffe7fff0000 - 0x00007ffe7fff9000 	C:\WINDOWS\SYSTEM32\WSOCK32.dll
0x00007ffe96680000 - 0x00007ffe966eb000 	C:\WINDOWS\System32\WS2_32.dll
0x00007ffe82cd0000 - 0x00007ffe82cf7000 	C:\WINDOWS\SYSTEM32\WINMM.dll
0x00007ffe91da0000 - 0x00007ffe91db2000 	C:\WINDOWS\SYSTEM32\kernel.appcore.dll
0x00007ffe8d780000 - 0x00007ffe8d790000 	C:\Program Files\Java\jdk-11.0.14\bin\verify.dll
0x00007ffe77550000 - 0x00007ffe77734000 	C:\WINDOWS\SYSTEM32\DBGHELP.DLL
0x00007ffe7bd80000 - 0x00007ffe7bdb4000 	C:\WINDOWS\SYSTEM32\dbgcore.DLL
0x00007ffe944f0000 - 0x00007ffe94572000 	C:\WINDOWS\System32\bcryptPrimitives.dll
0x00007ffe8b360000 - 0x00007ffe8b388000 	C:\Program Files\Java\jdk-11.0.14\bin\java.dll
0x00007ffe8d770000 - 0x00007ffe8d77a000 	C:\Program Files\Java\jdk-11.0.14\bin\jimage.dll
0x00007ffe8b350000 - 0x00007ffe8b35e000 	C:\Program Files\Java\jdk-11.0.14\bin\instrument.dll
0x00007ffe8a300000 - 0x00007ffe8a316000 	C:\Program Files\Java\jdk-11.0.14\bin\zip.dll
0x00007ffe91fa0000 - 0x00007ffe92744000 	C:\WINDOWS\SYSTEM32\windows.storage.dll
0x00007ffe95660000 - 0x00007ffe959b3000 	C:\WINDOWS\System32\combase.dll
0x00007ffe937e0000 - 0x00007ffe9380e000 	C:\WINDOWS\SYSTEM32\Wldp.dll
0x00007ffe94b90000 - 0x00007ffe94c5d000 	C:\WINDOWS\System32\OLEAUT32.dll
0x00007ffe955a0000 - 0x00007ffe9564d000 	C:\WINDOWS\System32\SHCORE.dll
0x00007ffe93f00000 - 0x00007ffe93f24000 	C:\WINDOWS\SYSTEM32\profapi.dll
0x00007ffe8a2e0000 - 0x00007ffe8a2f9000 	C:\Program Files\Java\jdk-11.0.14\bin\net.dll
0x00007ffe8e670000 - 0x00007ffe8e77d000 	C:\WINDOWS\SYSTEM32\WINHTTP.dll
0x00007ffe935c0000 - 0x00007ffe9362a000 	C:\WINDOWS\system32\mswsock.dll
0x00007ffe8a270000 - 0x00007ffe8a282000 	C:\Program Files\Java\jdk-11.0.14\bin\nio.dll
0x00007ffe8a250000 - 0x00007ffe8a26a000 	C:\Program Files\JetBrains\IntelliJ IDEA Community Edition 2024.3.1.1\bin\breakgen64.dll
0x00007ffe93b90000 - 0x00007ffe93ba8000 	C:\WINDOWS\SYSTEM32\CRYPTSP.dll
0x00007ffe92f00000 - 0x00007ffe92f34000 	C:\WINDOWS\system32\rsaenh.dll
0x00007ffe93e80000 - 0x00007ffe93eae000 	C:\WINDOWS\SYSTEM32\USERENV.dll
0x00007ffe93750000 - 0x00007ffe9375c000 	C:\WINDOWS\SYSTEM32\CRYPTBASE.dll
0x00007ffe932c0000 - 0x00007ffe932fb000 	C:\WINDOWS\SYSTEM32\IPHLPAPI.DLL
0x00007ffe94b00000 - 0x00007ffe94b08000 	C:\WINDOWS\System32\NSI.dll
0x00007ffe8b820000 - 0x00007ffe8b837000 	C:\WINDOWS\SYSTEM32\dhcpcsvc6.DLL
0x00007ffe8b540000 - 0x00007ffe8b55d000 	C:\WINDOWS\SYSTEM32\dhcpcsvc.DLL
0x00007ffe93300000 - 0x00007ffe933ca000 	C:\WINDOWS\SYSTEM32\DNSAPI.dll
0x00007ffe8ee70000 - 0x00007ffe8ee87000 	C:\WINDOWS\system32\napinsp.dll
0x00007ffe8d850000 - 0x00007ffe8d86b000 	C:\WINDOWS\system32\pnrpnsp.dll
0x00007ffe8d5d0000 - 0x00007ffe8d5e5000 	C:\WINDOWS\system32\wshbth.dll
0x00007ffe90300000 - 0x00007ffe9031d000 	C:\WINDOWS\system32\NLAapi.dll
0x00007ffe8d830000 - 0x00007ffe8d842000 	C:\WINDOWS\System32\winrnr.dll
0x00007ffe86fd0000 - 0x00007ffe86fda000 	C:\Windows\System32\rasadhlp.dll
0x00007ffe86980000 - 0x00007ffe86a00000 	C:\WINDOWS\System32\fwpuclnt.dll
0x00007ffe8b0c0000 - 0x00007ffe8b0c9000 	C:\Program Files\Java\jdk-11.0.14\bin\management.dll
0x00007ffe8a240000 - 0x00007ffe8a24b000 	C:\Program Files\Java\jdk-11.0.14\bin\management_ext.dll
0x00007ffe8a090000 - 0x00007ffe8a0b5000 	C:\Program Files\Java\jdk-11.0.14\bin\sunec.dll
0x00007ffe4bd90000 - 0x00007ffe4bf2a000 	C:\Program Files\Java\jdk-11.0.14\bin\awt.dll
0x00007ffe91570000 - 0x00007ffe91604000 	C:\WINDOWS\SYSTEM32\apphelp.dll

dbghelp: loaded successfully - version: 4.0.5 - missing functions: none
symbol engine: initialized successfully - sym options: 0x614 - pdb path: .;C:\Program Files\Java\jdk-11.0.14\bin;C:\WINDOWS\SYSTEM32;C:\WINDOWS\WinSxS\amd64_microsoft.windows.common-controls_6595b64144ccf1df_6.0.19041.4355_none_60b8b9eb71f62e16;C:\Program Files (x86)\360\Total Security\safemon;C:\Program Files\Java\jdk-11.0.14\bin\server;C:\Program Files\JetBrains\IntelliJ IDEA Community Edition 2024.3.1.1\bin

VM Arguments:
jvm_args: -ea -javaagent:C:\Users\amit\.m2\repository/org/aspectj/aspectjweaver/1.9.20.1/aspectjweaver-1.9.20.1.jar -Didea.test.cyclic.buffer.size=1048576 -javaagent:C:\Program Files\JetBrains\IntelliJ IDEA Community Edition 2024.3.1.1\lib\idea_rt.jar=3863:C:\Program Files\JetBrains\IntelliJ IDEA Community Edition 2024.3.1.1\bin -javaagent:C:\Users\amit\AppData\Local\JetBrains\IdeaIC2024.3\captureAgent\debugger-agent.jar -Dkotlinx.coroutines.debug.enable.creation.stack.trace=false -Ddebugger.agent.enable.coroutines=true -Dkotlinx.coroutines.debug.enable.flows.stack.trace=true -Dkotlinx.coroutines.debug.enable.mutable.state.flows.stack.trace=true -Dfile.encoding=UTF-8 
java_command: com.intellij.rt.testng.RemoteTestNGStarter -usedefaultlisteners false -socket3862 @w@C:\Users\amit\AppData\Local\Temp\idea_working_dirs_testng.tmp -temp C:\Users\amit\AppData\Local\Temp\idea_testng.tmp
java_class_path (initial): C:\Program Files\JetBrains\IntelliJ IDEA Community Edition 2024.3.1.1\lib\idea_rt.jar;C:\Program Files\JetBrains\IntelliJ IDEA Community Edition 2024.3.1.1\plugins\testng\lib\testng-rt.jar;J:\3. automation testing testing acadmey\day41--selenium -UI elements\AssignmentAnswers\Appolo-Tools\target\test-classes;J:\3. automation testing testing acadmey\day41--selenium -UI elements\AssignmentAnswers\Appolo-Tools\target\classes;C:\Users\amit\.m2\repository\org\seleniumhq\selenium\selenium-java\4.9.1\selenium-java-4.9.1.jar;C:\Users\amit\.m2\repository\org\seleniumhq\selenium\selenium-api\4.9.1\selenium-api-4.9.1.jar;C:\Users\amit\.m2\repository\org\seleniumhq\selenium\selenium-devtools-v111\4.9.1\selenium-devtools-v111-4.9.1.jar;C:\Users\amit\.m2\repository\org\seleniumhq\selenium\selenium-devtools-v112\4.9.1\selenium-devtools-v112-4.9.1.jar;C:\Users\amit\.m2\repository\org\seleniumhq\selenium\selenium-devtools-v113\4.9.1\selenium-devtools-v113-4.9.1.jar;C:\Users\amit\.m2\repository\org\seleniumhq\selenium\selenium-devtools-v85\4.9.1\selenium-devtools-v85-4.9.1.jar;C:\Users\amit\.m2\repository\org\seleniumhq\selenium\selenium-edge-driver\4.9.1\selenium-edge-driver-4.9.1.jar;C:\Users\amit\.m2\repository\org\seleniumhq\selenium\selenium-firefox-driver\4.9.1\selenium-firefox-driver-4.9.1.jar;C:\Users\amit\.m2\repository\org\seleniumhq\selenium\selenium-http\4.9.1\selenium-http-4.9.1.jar;C:\Users\amit\.m2\repository\dev\failsafe\failsafe\3.3.1\failsafe-3.3.1.jar;C:\Users\amit\.m2\repository\org\seleniumhq\selenium\selenium-ie-driver\4.9.1\selenium-ie-driver-4.9.1.jar;C:\Users\amit\.m2\repository\org\seleniumhq\selenium\selenium-remote-driver\4.9.1\selenium-remote-driver-4.9.1.jar;C:\Users\amit\.m2\repository\io\netty\netty-buffer\4.1.91.Final\netty-buffer-4.1.91.Final.jar;C:\Users\amit\.m2\repository\io\netty\netty-codec-http\4.1.91.Final\netty-codec-http-4.1.91.Final.jar;C:\Users\amit\.m2\repository\io\netty\netty-codec\4.1.91.Final\netty-codec-4
Launcher Type: SUN_STANDARD

[Global flags]
     intx CICompilerCount                          = 3                                         {product} {ergonomic}
     uint ConcGCThreads                            = 1                                         {product} {ergonomic}
     uint G1ConcRefinementThreads                  = 4                                         {product} {ergonomic}
   size_t G1HeapRegionSize                         = 1048576                                   {product} {ergonomic}
    uintx GCDrainStackTargetSize                   = 64                                        {product} {ergonomic}
   size_t InitialHeapSize                          = 134217728                                 {product} {ergonomic}
   size_t MarkStackSize                            = 4194304                                   {product} {ergonomic}
   size_t MaxHeapSize                              = 2122317824                                {product} {ergonomic}
   size_t MaxNewSize                               = 1272971264                                {product} {ergonomic}
   size_t MinHeapDeltaBytes                        = 1048576                                   {product} {ergonomic}
    uintx NonNMethodCodeHeapSize                   = 5830732                                {pd product} {ergonomic}
    uintx NonProfiledCodeHeapSize                  = 122913754                              {pd product} {ergonomic}
    uintx ProfiledCodeHeapSize                     = 122913754                              {pd product} {ergonomic}
    uintx ReservedCodeCacheSize                    = 251658240                              {pd product} {ergonomic}
     bool SegmentedCodeCache                       = true                                      {product} {ergonomic}
     bool UseCompressedClassPointers               = true                                 {lp64_product} {ergonomic}
     bool UseCompressedOops                        = true                                 {lp64_product} {ergonomic}
     bool UseG1GC                                  = true                                      {product} {ergonomic}
     bool UseLargePagesIndividualAllocation        = false                                  {pd product} {ergonomic}

Logging:
Log output configuration:
 #0: stdout all=warning uptime,level,tags
 #1: stderr all=off uptime,level,tags

Environment Variables:
JAVA_HOME=C:\Program Files\Java\jdk-11.0.14
CLASSPATH=E:\cdac pune\6.core java\day2\assignment 2\bin;E:\cdac pune\6.core java\day1\day1 (assignment)\q4\bin
PATH=C:\Program Files\Java\jdk-11.0.14\bin;C:\Users\amit\AppData\Local\Android\Sdk\platform-tools;C:\Users\amit\AppData\Local\Android\Sdk\tools;C:\TDM-GCC-64\bin;C:\Program Files\Common Files\Oracle\Java\javapath;C:\Program Files (x86)\Common Files\Oracle\Java\javapath;C:\PROGRAMDATA\ORACLE\JAVA\JAVAPATH;C:\PROGRAM FILES (X86)\INTEL\ICLS CLIENT\;C:\PROGRAM FILES\INTEL\ICLS CLIENT\;C:\WINDOWS\SYSTEM32;C:\WINDOWS;C:\WINDOWS\SYSTEM32\WBEM;C:\WINDOWS\SYSTEM32\WINDOWSPOWERSHELL\V1.0\;C:\PROGRAM FILES\INTEL\INTEL(R) MANAGEMENT ENGINE COMPONENTS\DAL;C:\PROGRAM FILES\INTEL\INTEL(R) MANAGEMENT ENGINE COMPONENTS\IPT;C:\PROGRAM FILES (X86)\INTEL\INTEL(R) MANAGEMENT ENGINE COMPONENTS\DAL;C:\PROGRAM FILES (X86)\INTEL\INTEL(R) MANAGEMENT ENGINE COMPONENTS\IPT;C:\PROGRAM FILES (X86)\COMMON FILES\LENOVO\EASYPLUSSDK\BIN;C:\Program Files\WIDCOMM\Bluetooth Software\;C:\Program Files\WIDCOMM\Bluetooth Software\syswow64;C:\WINDOWS\system32;C:\WINDOWS\System32\Wbem;C:\WINDOWS\System32\WindowsPowerShell\v1.0\;C:\Program Files (x86)\NVIDIA Corporation\PhysX\Common;C:\Users\amit\AppData\Local\Microsoft\WindowsApps;C:\Users\amit\AppData\Roaming\Dashl;C:\WINDOWS\System32\OpenSSH\;C:\Program Files (x86)\Microsoft VS Code\bin;C:\Program Files\MySQL\MySQL Server 8.0\bin;C:\Program Files\Microsoft SQL Server\130\Tools\Binn\;C:\Program Files\nodejs\;C:\Users\amit\Desktop\curl-8.0.1_7-win64-mingw;C:\apache-maven-3.9.3\bin;C:\allure-2.10.0\bin;C:\Windows\System32\wsl.exe;C:\Program Files\Go\bin;C:\sqlite-tools-win32-x86-3430100;C:\Program Files\PuTTY\;C:\Program Files\Amazon\AWSCLIV2\;C:\Program Files\Git\cmd;C:\Program Files\Git LFS;C:\Users\amit\AppData\Local\Android\Sdk\tools\bin;C:\Users\amit\AppData\Local\Android\Sdk\build-tools\35.0.0-rc4;C:\WINDOWS\system32;C:\WINDOWS;C:\WINDOWS\System32\Wbem;C:\WINDOWS\System32\WindowsPowerShell\v1.0\;C:\WINDOWS\System32\OpenSSH\;C:\ngrok;;C:\Program Files\Docker\Docker\resources\bin;C:\Users\amit\AppData\Local\Programs\Python\Python311\Scripts\;C:\Users\amit\A
USERNAME=sumit
OS=Windows_NT
PROCESSOR_IDENTIFIER=Intel64 Family 6 Model 69 Stepping 1, GenuineIntel



---------------  S Y S T E M  ---------------

OS: Windows 10 , 64 bit Build 19041 (10.0.19041.5198)
Hyper-V role detected

CPU:total 4 (initial active 4) (2 cores per cpu, 2 threads per core) family 6 model 69 stepping 1 microcode 0x25, cmov, cx8, fxsr, mmx, sse, sse2, sse3, ssse3, sse4.1, sse4.2, popcnt, avx, avx2, aes, clmul, erms, lzcnt, ht, tsc, tscinvbit, bmi1, bmi2, fma

Memory: 4k page, system-wide physical 8095M (226M free)
TotalPageFile size 11538M (AvailPageFile size 2M)
current process WorkingSet (physical memory assigned to process): 383M, peak: 383M
current process commit charge ("private bytes"): 414M, peak: 414M

vm_info: Java HotSpot(TM) 64-Bit Server VM (11.0.14+8-LTS-263) for windows-amd64 JRE (11.0.14+8-LTS-263), built on Dec  7 2021 21:53:57 by "mach5one" with MS VC++ 15.9 (VS2017)

END.
